<?xml version="1.0" encoding="utf-8"?>
<TestRun id="5798fbc0-1328-43af-b4ed-f5bbdc491990" name="@044175cd3ad2 2023-10-27 20:11:08" xmlns="http://microsoft.com/schemas/VisualStudio/TeamTest/2010">
  <Times creation="2023-10-27T20:11:08.5730927+00:00" queuing="2023-10-27T20:11:08.5730928+00:00" start="2023-10-27T20:10:59.4880844+00:00" finish="2023-10-27T20:11:56.2529898+00:00" />
  <TestSettings name="default" id="bc516d93-b519-4d8a-a9ce-fd7ee2b65c89">
    <Deployment runDeploymentRoot="_044175cd3ad2_2023-10-27_20_11_08" />
  </TestSettings>
  <Results>
    <UnitTestResult executionId="49292513-baaa-44c4-9f89-d45b7893e244" testId="83f9595d-8f72-fa2c-94e6-8c8df460fac2" testName="Биржа: выставленный материал можно найти по названию" computerName="044175cd3ad2" duration="00:00:03.9529460" startTime="2023-10-27T20:11:05.5123391+00:00" endTime="2023-10-27T20:11:09.4652842+00:00" testType="13cdc9d9-ddb5-4fa4-a97d-d965ccfc6d4b" outcome="Failed" testListId="8c84fa94-04c1-424b-9868-57a2d4851a1d" relativeResultsDirectory="49292513-baaa-44c4-9f89-d45b7893e244">
      <Output>
        <StdOut>https://test11.odin.study/ru/Stock/?page=1&amp;order=1&amp;name=%D0%9F%D1%80%D0%B5%D0%B4%D0%B5%D0%BB%D1%8B+%D1%8D%D0%BB%D0%B5%D0%BC%D0%B5%D0%BD%D1%82%D0%B0%D1%80%D0%BD%D1%8B%D1%85+%D1%84%D1%83%D0%BD%D0%BA%D1%86%D0%B8%D0%B9&amp;types=null&amp;sellerIds=null&amp;knowledgeTags=null&amp;year=%22%22&amp;rating=null&amp;subjects=null</StdOut>
        <ErrorInfo>
          <Message>  Лот не найден
  Expected: True
  But was:  False
</Message>
          <StackTrace>   at OdinUiTests.Tests.StoсkMarket.StockMarketTests.CheckSearchInStock() in /azp/_work/1/s/Tests/StockMarket/StockMarketTests.cs:line 43

1)    at OdinUiTests.Tests.StoсkMarket.StockMarketTests.CheckSearchInStock() in /azp/_work/1/s/Tests/StockMarket/StockMarketTests.cs:line 43

</StackTrace>
        </ErrorInfo>
      </Output>
      <ResultFiles>
        <ResultFile path="044175cd3ad2/CheckSearchInStock.jpg" />
      </ResultFiles>
    </UnitTestResult>
    <UnitTestResult executionId="3ad39102-e36f-4081-b22c-72c8cba97af5" testId="a1b5e1ec-9318-fb17-5466-e8b76ecaf356" testName="Биржа: шаблон дисциплины можно найти по названию его активности" computerName="044175cd3ad2" duration="00:00:02.9346199" startTime="2023-10-27T20:11:09.4656281+00:00" endTime="2023-10-27T20:11:12.4002481+00:00" testType="13cdc9d9-ddb5-4fa4-a97d-d965ccfc6d4b" outcome="Passed" testListId="8c84fa94-04c1-424b-9868-57a2d4851a1d" relativeResultsDirectory="3ad39102-e36f-4081-b22c-72c8cba97af5" />
    <UnitTestResult executionId="e62f41e2-1769-4c30-86cf-ec1665b14bf3" testId="c9eead1a-19fc-0a05-4c10-5270d3ad1399" testName="Страница материала: преподаватель, разместивший материал на Бирже, может его убрать с Биржи" computerName="044175cd3ad2" duration="00:00:05.2708120" startTime="2023-10-27T20:11:12.0893315+00:00" endTime="2023-10-27T20:11:17.3601436+00:00" testType="13cdc9d9-ddb5-4fa4-a97d-d965ccfc6d4b" outcome="Passed" testListId="8c84fa94-04c1-424b-9868-57a2d4851a1d" relativeResultsDirectory="e62f41e2-1769-4c30-86cf-ec1665b14bf3" />
    <UnitTestResult executionId="89d0b1ef-807d-4b67-b017-7e03dde6529e" testId="574ef431-43a9-c0c4-02b7-7a6547e00414" testName="Страница лота: кнопка Страница материала работает для приобретённого лота" computerName="044175cd3ad2" duration="00:00:02.1052710" startTime="2023-10-27T20:11:06.1665967+00:00" endTime="2023-10-27T20:11:08.2717714+00:00" testType="13cdc9d9-ddb5-4fa4-a97d-d965ccfc6d4b" outcome="Passed" testListId="8c84fa94-04c1-424b-9868-57a2d4851a1d" relativeResultsDirectory="89d0b1ef-807d-4b67-b017-7e03dde6529e">
      <Output>
        <StdOut>Опасности животного мира|Опасности животного мира</StdOut>
      </Output>
    </UnitTestResult>
    <UnitTestResult executionId="882c2c82-35f4-4112-b538-a6de9b6227b6" testId="a8c30038-c94d-98c4-d761-41ac4caf7cf1" testName="Страница материала: преподаватель может выставить материал на Биржу" computerName="044175cd3ad2" duration="00:00:06.0977059" startTime="2023-10-27T20:11:05.9915087+00:00" endTime="2023-10-27T20:11:12.0892147+00:00" testType="13cdc9d9-ddb5-4fa4-a97d-d965ccfc6d4b" outcome="Failed" testListId="8c84fa94-04c1-424b-9868-57a2d4851a1d" relativeResultsDirectory="882c2c82-35f4-4112-b538-a6de9b6227b6">
      <Output>
        <StdOut>https://test11.odin.study/ru/Stock/?page=1&amp;order=1&amp;name=C440FB670A63B7A&amp;types=null&amp;sellerIds=null&amp;knowledgeTags=null&amp;year=%22%22&amp;rating=null&amp;subjects=null</StdOut>
        <ErrorInfo>
          <Message>  Лот не найден
  Expected: True
  But was:  False
</Message>
          <StackTrace>   at OdinUiTests.Tests.StoсkMarket.LotCreationTests.PostMaterialOnStock() in /azp/_work/1/s/Tests/StockMarket/StockMarketTests.cs:line 197

1)    at OdinUiTests.Tests.StoсkMarket.LotCreationTests.PostMaterialOnStock() in /azp/_work/1/s/Tests/StockMarket/StockMarketTests.cs:line 197

</StackTrace>
        </ErrorInfo>
      </Output>
      <ResultFiles>
        <ResultFile path="044175cd3ad2/PostMaterialOnStock.jpg" />
      </ResultFiles>
    </UnitTestResult>
    <UnitTestResult executionId="76aae434-2657-4f4c-b7bb-ee5728aabb57" testId="24243c94-1378-9bc2-89f8-60787fd8ecbb" testName="Страница лота: преподаватель, разместивший лот на Бирже, может редактировать его описание" computerName="044175cd3ad2" duration="00:00:30.6789450" startTime="2023-10-27T20:11:18.8169742+00:00" endTime="2023-10-27T20:11:49.4959191+00:00" testType="13cdc9d9-ddb5-4fa4-a97d-d965ccfc6d4b" outcome="Failed" testListId="8c84fa94-04c1-424b-9868-57a2d4851a1d" relativeResultsDirectory="76aae434-2657-4f4c-b7bb-ee5728aabb57">
      <Output>
        <StdOut>https://test11.odin.study/ru/Stock/Info/12</StdOut>
        <ErrorInfo>
          <Message>OpenQA.Selenium.WebDriverTimeoutException : Timed out after 30 seconds
  ----&gt; OpenQA.Selenium.NoSuchElementException : no such element: Unable to locate element: {"method":"xpath","selector":"//a[contains(text(),'Редактировать')]"}
  (Session info: headless chrome=115.0.5790.110); For documentation on this error, please visit: https://www.selenium.dev/documentation/webdriver/troubleshooting/errors#no-such-element-exception</Message>
          <StackTrace>   at OpenQA.Selenium.Support.UI.DefaultWait`1.ThrowTimeoutException(String exceptionMessage, Exception lastException)
   at OpenQA.Selenium.Support.UI.DefaultWait`1.Until[TResult](Func`2 condition, CancellationToken token)
   at OpenQA.Selenium.Support.UI.DefaultWait`1.Until[TResult](Func`2 condition)
   at OdinUiTests.Pages.StockMarketPage.&lt;ClickEditDescription&gt;b__22_0() in /azp/_work/1/s/Pages/StockMarketPage.cs:line 114
   at NUnit.Allure.Core.AllureExtensions.WrapInStep(AllureLifecycle lifecycle, Action action, String stepName, String callerName)
   at OdinUiTests.Pages.StockMarketPage.ClickEditDescription() in /azp/_work/1/s/Pages/StockMarketPage.cs:line 111
   at OdinUiTests.Tests.StoсkMarket.StockMarketLotTests.CheckEditMaterialDescription() in /azp/_work/1/s/Tests/StockMarket/StockMarketTests.cs:line 127
--NoSuchElementException
   at OpenQA.Selenium.WebDriver.UnpackAndThrowOnError(Response errorResponse, String commandToExecute)
   at OpenQA.Selenium.WebDriver.Execute(String driverCommandToExecute, Dictionary`2 parameters)
   at OpenQA.Selenium.WebDriver.FindElement(String mechanism, String value)
   at OpenQA.Selenium.By.&lt;.ctor&gt;b__11_0(ISearchContext context)
   at OpenQA.Selenium.By.FindElement(ISearchContext context)
   at OpenQA.Selenium.WebDriver.FindElement(By by)
   at SeleniumExtras.WaitHelpers.ExpectedConditions.&lt;&gt;c__DisplayClass19_0.&lt;ElementToBeClickable&gt;b__0(IWebDriver driver)
   at OpenQA.Selenium.Support.UI.DefaultWait`1.Until[TResult](Func`2 condition, CancellationToken token)
</StackTrace>
        </ErrorInfo>
      </Output>
      <ResultFiles>
        <ResultFile path="044175cd3ad2/CheckEditMaterialDescription.jpg" />
      </ResultFiles>
    </UnitTestResult>
    <UnitTestResult executionId="72dfc418-3eaf-47c4-8d2a-46fff4a273ed" testId="4f4df987-a8ae-04f4-38d9-38feb1f3bf1a" testName="Страница лота: кнопка Отмена работает при редактировании описания лота" computerName="044175cd3ad2" duration="00:00:06.5755310" startTime="2023-10-27T20:11:49.4960071+00:00" endTime="2023-10-27T20:11:56.0715378+00:00" testType="13cdc9d9-ddb5-4fa4-a97d-d965ccfc6d4b" outcome="Passed" testListId="8c84fa94-04c1-424b-9868-57a2d4851a1d" relativeResultsDirectory="72dfc418-3eaf-47c4-8d2a-46fff4a273ed" />
    <UnitTestResult executionId="df4c2b8e-ed3b-409d-9bee-8d8216c7e28f" testId="deda2896-a53f-4836-4862-6d66ca68b46e" testName="Страница лота: преподаватель может приобрести материал на Бирже" computerName="044175cd3ad2" duration="00:00:08.9313980" startTime="2023-10-27T20:11:08.2757646+00:00" endTime="2023-10-27T20:11:17.2071621+00:00" testType="13cdc9d9-ddb5-4fa4-a97d-d965ccfc6d4b" outcome="Passed" testListId="8c84fa94-04c1-424b-9868-57a2d4851a1d" relativeResultsDirectory="df4c2b8e-ed3b-409d-9bee-8d8216c7e28f" />
    <UnitTestResult executionId="d8cd8571-5d69-4691-a078-c51425e4ffd3" testId="dfacad0d-76a3-bcf8-0024-7976a6f39d28" testName="Страница лота: кнопка Страница материала работает для преподавателя, выставившего этот материал на Биржу" computerName="044175cd3ad2" duration="00:00:01.6096379" startTime="2023-10-27T20:11:17.2072488+00:00" endTime="2023-10-27T20:11:18.8168863+00:00" testType="13cdc9d9-ddb5-4fa4-a97d-d965ccfc6d4b" outcome="Passed" testListId="8c84fa94-04c1-424b-9868-57a2d4851a1d" relativeResultsDirectory="d8cd8571-5d69-4691-a078-c51425e4ffd3">
      <Output>
        <StdOut>Безопасность личности|Безопасность личности</StdOut>
      </Output>
    </UnitTestResult>
  </Results>
  <TestDefinitions>
    <UnitTest name="Страница лота: кнопка Страница материала работает для преподавателя, выставившего этот материал на Биржу" storage="/azp/_work/1/s/bin/debug/net6.0/odinuitests.dll" id="dfacad0d-76a3-bcf8-0024-7976a6f39d28">
      <Execution id="d8cd8571-5d69-4691-a078-c51425e4ffd3" />
      <TestMethod codeBase="/azp/_work/1/s/bin/Debug/net6.0/OdinUiTests.dll" adapterTypeName="executor://nunit3testexecutor/" className="OdinUiTests.Tests.StoсkMarket.StockMarketLotTests" name="Страница лота: кнопка Страница материала работает для преподавателя, выставившего этот материал на Биржу" />
    </UnitTest>
    <UnitTest name="Страница лота: преподаватель может приобрести материал на Бирже" storage="/azp/_work/1/s/bin/debug/net6.0/odinuitests.dll" id="deda2896-a53f-4836-4862-6d66ca68b46e">
      <Execution id="df4c2b8e-ed3b-409d-9bee-8d8216c7e28f" />
      <TestMethod codeBase="/azp/_work/1/s/bin/Debug/net6.0/OdinUiTests.dll" adapterTypeName="executor://nunit3testexecutor/" className="OdinUiTests.Tests.StoсkMarket.StockMarketLotTests" name="Страница лота: преподаватель может приобрести материал на Бирже" />
    </UnitTest>
    <UnitTest name="Страница лота: кнопка Отмена работает при редактировании описания лота" storage="/azp/_work/1/s/bin/debug/net6.0/odinuitests.dll" id="4f4df987-a8ae-04f4-38d9-38feb1f3bf1a">
      <Execution id="72dfc418-3eaf-47c4-8d2a-46fff4a273ed" />
      <TestMethod codeBase="/azp/_work/1/s/bin/Debug/net6.0/OdinUiTests.dll" adapterTypeName="executor://nunit3testexecutor/" className="OdinUiTests.Tests.StoсkMarket.StockMarketLotTests" name="Страница лота: кнопка Отмена работает при редактировании описания лота" />
    </UnitTest>
    <UnitTest name="Биржа: шаблон дисциплины можно найти по названию его активности" storage="/azp/_work/1/s/bin/debug/net6.0/odinuitests.dll" id="a1b5e1ec-9318-fb17-5466-e8b76ecaf356">
      <Execution id="3ad39102-e36f-4081-b22c-72c8cba97af5" />
      <TestMethod codeBase="/azp/_work/1/s/bin/Debug/net6.0/OdinUiTests.dll" adapterTypeName="executor://nunit3testexecutor/" className="OdinUiTests.Tests.StoсkMarket.StockMarketTests" name="Биржа: шаблон дисциплины можно найти по названию его активности" />
    </UnitTest>
    <UnitTest name="Страница лота: кнопка Страница материала работает для приобретённого лота" storage="/azp/_work/1/s/bin/debug/net6.0/odinuitests.dll" id="574ef431-43a9-c0c4-02b7-7a6547e00414">
      <Execution id="89d0b1ef-807d-4b67-b017-7e03dde6529e" />
      <TestMethod codeBase="/azp/_work/1/s/bin/Debug/net6.0/OdinUiTests.dll" adapterTypeName="executor://nunit3testexecutor/" className="OdinUiTests.Tests.StoсkMarket.StockMarketLotTests" name="Страница лота: кнопка Страница материала работает для приобретённого лота" />
    </UnitTest>
    <UnitTest name="Страница материала: преподаватель может выставить материал на Биржу" storage="/azp/_work/1/s/bin/debug/net6.0/odinuitests.dll" id="a8c30038-c94d-98c4-d761-41ac4caf7cf1">
      <Execution id="882c2c82-35f4-4112-b538-a6de9b6227b6" />
      <TestMethod codeBase="/azp/_work/1/s/bin/Debug/net6.0/OdinUiTests.dll" adapterTypeName="executor://nunit3testexecutor/" className="OdinUiTests.Tests.StoсkMarket.LotCreationTests" name="Страница материала: преподаватель может выставить материал на Биржу" />
    </UnitTest>
    <UnitTest name="Страница лота: преподаватель, разместивший лот на Бирже, может редактировать его описание" storage="/azp/_work/1/s/bin/debug/net6.0/odinuitests.dll" id="24243c94-1378-9bc2-89f8-60787fd8ecbb">
      <Execution id="76aae434-2657-4f4c-b7bb-ee5728aabb57" />
      <TestMethod codeBase="/azp/_work/1/s/bin/Debug/net6.0/OdinUiTests.dll" adapterTypeName="executor://nunit3testexecutor/" className="OdinUiTests.Tests.StoсkMarket.StockMarketLotTests" name="Страница лота: преподаватель, разместивший лот на Бирже, может редактировать его описание" />
    </UnitTest>
    <UnitTest name="Биржа: выставленный материал можно найти по названию" storage="/azp/_work/1/s/bin/debug/net6.0/odinuitests.dll" id="83f9595d-8f72-fa2c-94e6-8c8df460fac2">
      <Execution id="49292513-baaa-44c4-9f89-d45b7893e244" />
      <TestMethod codeBase="/azp/_work/1/s/bin/Debug/net6.0/OdinUiTests.dll" adapterTypeName="executor://nunit3testexecutor/" className="OdinUiTests.Tests.StoсkMarket.StockMarketTests" name="Биржа: выставленный материал можно найти по названию" />
    </UnitTest>
    <UnitTest name="Страница материала: преподаватель, разместивший материал на Бирже, может его убрать с Биржи" storage="/azp/_work/1/s/bin/debug/net6.0/odinuitests.dll" id="c9eead1a-19fc-0a05-4c10-5270d3ad1399">
      <Execution id="e62f41e2-1769-4c30-86cf-ec1665b14bf3" />
      <TestMethod codeBase="/azp/_work/1/s/bin/Debug/net6.0/OdinUiTests.dll" adapterTypeName="executor://nunit3testexecutor/" className="OdinUiTests.Tests.StoсkMarket.LotCreationTests" name="Страница материала: преподаватель, разместивший материал на Бирже, может его убрать с Биржи" />
    </UnitTest>
  </TestDefinitions>
  <TestEntries>
    <TestEntry testId="83f9595d-8f72-fa2c-94e6-8c8df460fac2" executionId="49292513-baaa-44c4-9f89-d45b7893e244" testListId="8c84fa94-04c1-424b-9868-57a2d4851a1d" />
    <TestEntry testId="a1b5e1ec-9318-fb17-5466-e8b76ecaf356" executionId="3ad39102-e36f-4081-b22c-72c8cba97af5" testListId="8c84fa94-04c1-424b-9868-57a2d4851a1d" />
    <TestEntry testId="c9eead1a-19fc-0a05-4c10-5270d3ad1399" executionId="e62f41e2-1769-4c30-86cf-ec1665b14bf3" testListId="8c84fa94-04c1-424b-9868-57a2d4851a1d" />
    <TestEntry testId="574ef431-43a9-c0c4-02b7-7a6547e00414" executionId="89d0b1ef-807d-4b67-b017-7e03dde6529e" testListId="8c84fa94-04c1-424b-9868-57a2d4851a1d" />
    <TestEntry testId="a8c30038-c94d-98c4-d761-41ac4caf7cf1" executionId="882c2c82-35f4-4112-b538-a6de9b6227b6" testListId="8c84fa94-04c1-424b-9868-57a2d4851a1d" />
    <TestEntry testId="24243c94-1378-9bc2-89f8-60787fd8ecbb" executionId="76aae434-2657-4f4c-b7bb-ee5728aabb57" testListId="8c84fa94-04c1-424b-9868-57a2d4851a1d" />
    <TestEntry testId="4f4df987-a8ae-04f4-38d9-38feb1f3bf1a" executionId="72dfc418-3eaf-47c4-8d2a-46fff4a273ed" testListId="8c84fa94-04c1-424b-9868-57a2d4851a1d" />
    <TestEntry testId="deda2896-a53f-4836-4862-6d66ca68b46e" executionId="df4c2b8e-ed3b-409d-9bee-8d8216c7e28f" testListId="8c84fa94-04c1-424b-9868-57a2d4851a1d" />
    <TestEntry testId="dfacad0d-76a3-bcf8-0024-7976a6f39d28" executionId="d8cd8571-5d69-4691-a078-c51425e4ffd3" testListId="8c84fa94-04c1-424b-9868-57a2d4851a1d" />
  </TestEntries>
  <TestLists>
    <TestList name="Results Not in a List" id="8c84fa94-04c1-424b-9868-57a2d4851a1d" />
    <TestList name="All Loaded Results" id="19431567-8539-422a-85d7-44ee4e166bda" />
  </TestLists>
  <ResultSummary outcome="Failed">
    <Counters total="9" executed="9" passed="6" failed="3" error="0" timeout="0" aborted="0" inconclusive="0" passedButRunAborted="0" notRunnable="0" notExecuted="0" disconnected="0" warning="0" completed="0" inProgress="0" pending="0" />
    <Output>
      <StdOut>NUnit Adapter 4.5.0.0: Test execution started
Running selected tests in /azp/_work/1/s/bin/Debug/net6.0/OdinUiTests.dll
   NUnit3TestExecutor discovered 9 of 9 NUnit test cases using Current Discovery mode, Non-Explicit run
NUnit Adapter 4.5.0.0: Test execution complete
</StdOut>
    </Output>
    <RunInfos>
      <RunInfo computerName="044175cd3ad2" outcome="Warning" timestamp="2023-10-27T20:11:08.2869312+00:00">
        <Text>Опасности животного мира|Опасности животного мира
</Text>
      </RunInfo>
      <RunInfo computerName="044175cd3ad2" outcome="Warning" timestamp="2023-10-27T20:11:09.4685459+00:00">
        <Text>https://test11.odin.study/ru/Stock/?page=1&amp;order=1&amp;name=%D0%9F%D1%80%D0%B5%D0%B4%D0%B5%D0%BB%D1%8B+%D1%8D%D0%BB%D0%B5%D0%BC%D0%B5%D0%BD%D1%82%D0%B0%D1%80%D0%BD%D1%8B%D1%85+%D1%84%D1%83%D0%BD%D0%BA%D1%86%D0%B8%D0%B9&amp;types=null&amp;sellerIds=null&amp;knowledgeTags=null&amp;year=%22%22&amp;rating=null&amp;subjects=null
</Text>
      </RunInfo>
      <RunInfo computerName="044175cd3ad2" outcome="Warning" timestamp="2023-10-27T20:11:12.0900535+00:00">
        <Text>https://test11.odin.study/ru/Stock/?page=1&amp;order=1&amp;name=C440FB670A63B7A&amp;types=null&amp;sellerIds=null&amp;knowledgeTags=null&amp;year=%22%22&amp;rating=null&amp;subjects=null
</Text>
      </RunInfo>
      <RunInfo computerName="044175cd3ad2" outcome="Warning" timestamp="2023-10-27T20:11:18.8175049+00:00">
        <Text>Безопасность личности|Безопасность личности
</Text>
      </RunInfo>
      <RunInfo computerName="044175cd3ad2" outcome="Warning" timestamp="2023-10-27T20:11:49.4968326+00:00">
        <Text>https://test11.odin.study/ru/Stock/Info/12
</Text>
      </RunInfo>
    </RunInfos>
  </ResultSummary>
</TestRun>