<?xml version="1.0" encoding="utf-8"?>
<TestRun id="c27c357d-ee09-4e60-b3d4-a831ef09952a" name="@4e384abe08b9 2023-12-26 10:13:12" xmlns="http://microsoft.com/schemas/VisualStudio/TeamTest/2010">
  <Times creation="2023-12-26T10:13:12.9861448+00:00" queuing="2023-12-26T10:13:12.9861449+00:00" start="2023-12-26T10:13:11.9585424+00:00" finish="2023-12-26T10:13:12.9939873+00:00" />
  <TestSettings name="default" id="eaea8273-37a2-4101-911d-bb5ba68996e0">
    <Deployment runDeploymentRoot="_4e384abe08b9_2023-12-26_10_13_12" />
  </TestSettings>
  <Results>
    <UnitTestResult executionId="1046b2ee-1f50-4da8-9e69-976cd23703b6" testId="25cee678-c497-127f-c659-e1179d4365f7" testName="Страница звонка: можно включить/отключить камеру в звонке" computerName="4e384abe08b9" duration="00:00:00.1644370" startTime="2023-12-26T10:13:12.6517371+00:00" endTime="2023-12-26T10:13:12.8161742+00:00" testType="13cdc9d9-ddb5-4fa4-a97d-d965ccfc6d4b" outcome="NotExecuted" testListId="8c84fa94-04c1-424b-9868-57a2d4851a1d" relativeResultsDirectory="1046b2ee-1f50-4da8-9e69-976cd23703b6">
      <Output>
        <StdOut>OneTimeSetUp: Сервис временно недоступен (503).</StdOut>
        <ErrorInfo>
          <Message>OneTimeSetUp: Сервис временно недоступен (503).</Message>
        </ErrorInfo>
      </Output>
    </UnitTestResult>
    <UnitTestResult executionId="c51bc5c6-f2ca-4275-8488-c924e4a12b16" testId="ddc15ccb-6106-6fd2-7ac2-0661b0223ef6" testName="Страница звонка: можно включить/отключить микрофон в звонке" computerName="4e384abe08b9" duration="00:00:00.1648000" startTime="2023-12-26T10:13:12.6517371+00:00" endTime="2023-12-26T10:13:12.8165376+00:00" testType="13cdc9d9-ddb5-4fa4-a97d-d965ccfc6d4b" outcome="NotExecuted" testListId="8c84fa94-04c1-424b-9868-57a2d4851a1d" relativeResultsDirectory="c51bc5c6-f2ca-4275-8488-c924e4a12b16">
      <Output>
        <StdOut>OneTimeSetUp: Сервис временно недоступен (503).</StdOut>
        <ErrorInfo>
          <Message>OneTimeSetUp: Сервис временно недоступен (503).</Message>
        </ErrorInfo>
      </Output>
    </UnitTestResult>
    <UnitTestResult executionId="ccacef4d-eaca-479b-af98-2646b5144836" testId="80e2209e-82e1-4ac0-a7ff-59d1e9266202" testName="Страница звонка: отображается зеленая рамка у карточки собеседника при разговоре" computerName="4e384abe08b9" duration="00:00:00.1648090" startTime="2023-12-26T10:13:12.6517371+00:00" endTime="2023-12-26T10:13:12.8165464+00:00" testType="13cdc9d9-ddb5-4fa4-a97d-d965ccfc6d4b" outcome="NotExecuted" testListId="8c84fa94-04c1-424b-9868-57a2d4851a1d" relativeResultsDirectory="ccacef4d-eaca-479b-af98-2646b5144836">
      <Output>
        <StdOut>OneTimeSetUp: Сервис временно недоступен (503).</StdOut>
        <ErrorInfo>
          <Message>OneTimeSetUp: Сервис временно недоступен (503).</Message>
        </ErrorInfo>
      </Output>
    </UnitTestResult>
  </Results>
  <TestDefinitions>
    <UnitTest name="Страница звонка: отображается зеленая рамка у карточки собеседника при разговоре" storage="/azp/_work/1/s/bin/debug/net7.0/odinuitests.dll" id="80e2209e-82e1-4ac0-a7ff-59d1e9266202">
      <Execution id="ccacef4d-eaca-479b-af98-2646b5144836" />
      <TestMethod codeBase="/azp/_work/1/s/bin/Debug/net7.0/OdinUiTests.dll" adapterTypeName="executor://nunit3testexecutor/" className="OdinUiTests.Tests.Call.CallTests" name="Страница звонка: отображается зеленая рамка у карточки собеседника при разговоре" />
    </UnitTest>
    <UnitTest name="Страница звонка: можно включить/отключить камеру в звонке" storage="/azp/_work/1/s/bin/debug/net7.0/odinuitests.dll" id="25cee678-c497-127f-c659-e1179d4365f7">
      <Execution id="1046b2ee-1f50-4da8-9e69-976cd23703b6" />
      <TestMethod codeBase="/azp/_work/1/s/bin/Debug/net7.0/OdinUiTests.dll" adapterTypeName="executor://nunit3testexecutor/" className="OdinUiTests.Tests.Call.CallTests" name="Страница звонка: можно включить/отключить камеру в звонке" />
    </UnitTest>
    <UnitTest name="Страница звонка: можно включить/отключить микрофон в звонке" storage="/azp/_work/1/s/bin/debug/net7.0/odinuitests.dll" id="ddc15ccb-6106-6fd2-7ac2-0661b0223ef6">
      <Execution id="c51bc5c6-f2ca-4275-8488-c924e4a12b16" />
      <TestMethod codeBase="/azp/_work/1/s/bin/Debug/net7.0/OdinUiTests.dll" adapterTypeName="executor://nunit3testexecutor/" className="OdinUiTests.Tests.Call.CallTests" name="Страница звонка: можно включить/отключить микрофон в звонке" />
    </UnitTest>
  </TestDefinitions>
  <TestEntries>
    <TestEntry testId="25cee678-c497-127f-c659-e1179d4365f7" executionId="1046b2ee-1f50-4da8-9e69-976cd23703b6" testListId="8c84fa94-04c1-424b-9868-57a2d4851a1d" />
    <TestEntry testId="ddc15ccb-6106-6fd2-7ac2-0661b0223ef6" executionId="c51bc5c6-f2ca-4275-8488-c924e4a12b16" testListId="8c84fa94-04c1-424b-9868-57a2d4851a1d" />
    <TestEntry testId="80e2209e-82e1-4ac0-a7ff-59d1e9266202" executionId="ccacef4d-eaca-479b-af98-2646b5144836" testListId="8c84fa94-04c1-424b-9868-57a2d4851a1d" />
  </TestEntries>
  <TestLists>
    <TestList name="Results Not in a List" id="8c84fa94-04c1-424b-9868-57a2d4851a1d" />
    <TestList name="All Loaded Results" id="19431567-8539-422a-85d7-44ee4e166bda" />
  </TestLists>
  <ResultSummary outcome="Completed">
    <Counters total="3" executed="0" passed="0" failed="0" error="0" timeout="0" aborted="0" inconclusive="0" passedButRunAborted="0" notRunnable="0" notExecuted="0" disconnected="0" warning="0" completed="0" inProgress="0" pending="0" />
    <Output>
      <StdOut>NUnit Adapter 4.5.0.0: Test execution started
Running selected tests in /azp/_work/1/s/bin/Debug/net7.0/OdinUiTests.dll
   NUnit3TestExecutor discovered 3 of 3 NUnit test cases using Current Discovery mode, Non-Explicit run
Страница звонка: можно включить/отключить камеру в звонке: OneTimeSetUp: Сервис временно недоступен (503).
Страница звонка: можно включить/отключить микрофон в звонке: OneTimeSetUp: Сервис временно недоступен (503).
Страница звонка: отображается зеленая рамка у карточки собеседника при разговоре: OneTimeSetUp: Сервис временно недоступен (503).
NUnit Adapter 4.5.0.0: Test execution complete
Test 'Страница звонка: можно включить/отключить камеру в звонке' was skipped in the test run.
Test 'Страница звонка: можно включить/отключить микрофон в звонке' was skipped in the test run.
Test 'Страница звонка: отображается зеленая рамка у карточки собеседника при разговоре' was skipped in the test run.
</StdOut>
    </Output>
  </ResultSummary>
</TestRun>