<?xml version="1.0" encoding="utf-8"?>
<TestRun id="58ce7d87-e2b9-4607-a472-6a1d563021e0" name="@bca962a69529 2023-10-27 20:44:17" xmlns="http://microsoft.com/schemas/VisualStudio/TeamTest/2010">
  <Times creation="2023-10-27T20:44:17.4948909+00:00" queuing="2023-10-27T20:44:17.4948910+00:00" start="2023-10-27T20:44:08.2875441+00:00" finish="2023-10-27T20:45:06.2997416+00:00" />
  <TestSettings name="default" id="1ec6ded4-cdcc-4b60-9175-02b9f355b498">
    <Deployment runDeploymentRoot="_bca962a69529_2023-10-27_20_44_17" />
  </TestSettings>
  <Results>
    <UnitTestResult executionId="f773ef0a-bc1a-4313-9b95-11a8776960bf" testId="24243c94-1378-9bc2-89f8-60787fd8ecbb" testName="Страница лота: преподаватель, разместивший лот на Бирже, может редактировать его описание" computerName="bca962a69529" duration="00:00:30.6813670" startTime="2023-10-27T20:44:28.8077986+00:00" endTime="2023-10-27T20:44:59.4891650+00:00" testType="13cdc9d9-ddb5-4fa4-a97d-d965ccfc6d4b" outcome="Failed" testListId="8c84fa94-04c1-424b-9868-57a2d4851a1d" relativeResultsDirectory="f773ef0a-bc1a-4313-9b95-11a8776960bf">
      <Output>
        <StdOut>https://test11.odin.study/ru/Stock/Info/12</StdOut>
        <ErrorInfo>
          <Message>OpenQA.Selenium.WebDriverTimeoutException : Timed out after 30 seconds
  ----&gt; OpenQA.Selenium.NoSuchElementException : no such element: Unable to locate element: {"method":"xpath","selector":"//a[contains(text(),'Редактировать')]"}
  (Session info: headless chrome=115.0.5790.110); For documentation on this error, please visit: https://www.selenium.dev/documentation/webdriver/troubleshooting/errors#no-such-element-exception</Message>
          <StackTrace>   at OpenQA.Selenium.Support.UI.DefaultWait`1.ThrowTimeoutException(String exceptionMessage, Exception lastException)
   at OpenQA.Selenium.Support.UI.DefaultWait`1.Until[TResult](Func`2 condition, CancellationToken token)
   at OpenQA.Selenium.Support.UI.DefaultWait`1.Until[TResult](Func`2 condition)
   at OdinUiTests.Pages.StockMarketPage.&lt;ClickEditDescription&gt;b__22_0() in /azp/_work/1/s/Pages/StockMarketPage.cs:line 114
   at NUnit.Allure.Core.AllureExtensions.WrapInStep(AllureLifecycle lifecycle, Action action, String stepName, String callerName)
   at OdinUiTests.Pages.StockMarketPage.ClickEditDescription() in /azp/_work/1/s/Pages/StockMarketPage.cs:line 111
   at OdinUiTests.Tests.StoсkMarket.StockMarketLotTests.CheckEditMaterialDescription() in /azp/_work/1/s/Tests/StockMarket/StockMarketTests.cs:line 127
--NoSuchElementException
   at OpenQA.Selenium.WebDriver.UnpackAndThrowOnError(Response errorResponse, String commandToExecute)
   at OpenQA.Selenium.WebDriver.Execute(String driverCommandToExecute, Dictionary`2 parameters)
   at OpenQA.Selenium.WebDriver.FindElement(String mechanism, String value)
   at OpenQA.Selenium.By.&lt;.ctor&gt;b__11_0(ISearchContext context)
   at OpenQA.Selenium.By.FindElement(ISearchContext context)
   at OpenQA.Selenium.WebDriver.FindElement(By by)
   at SeleniumExtras.WaitHelpers.ExpectedConditions.&lt;&gt;c__DisplayClass19_0.&lt;ElementToBeClickable&gt;b__0(IWebDriver driver)
   at OpenQA.Selenium.Support.UI.DefaultWait`1.Until[TResult](Func`2 condition, CancellationToken token)
</StackTrace>
        </ErrorInfo>
      </Output>
      <ResultFiles>
        <ResultFile path="bca962a69529/CheckEditMaterialDescription.jpg" />
      </ResultFiles>
    </UnitTestResult>
    <UnitTestResult executionId="6cd8aa49-d313-40d8-ab18-6fd8aaa5ab21" testId="574ef431-43a9-c0c4-02b7-7a6547e00414" testName="Страница лота: кнопка Страница материала работает для приобретённого лота" computerName="bca962a69529" duration="00:00:02.1975699" startTime="2023-10-27T20:44:15.2572398+00:00" endTime="2023-10-27T20:44:17.4547193+00:00" testType="13cdc9d9-ddb5-4fa4-a97d-d965ccfc6d4b" outcome="Passed" testListId="8c84fa94-04c1-424b-9868-57a2d4851a1d" relativeResultsDirectory="6cd8aa49-d313-40d8-ab18-6fd8aaa5ab21">
      <Output>
        <StdOut>Опасности животного мира|Опасности животного мира</StdOut>
      </Output>
    </UnitTestResult>
    <UnitTestResult executionId="d892175f-a889-4dad-9ce6-951e68740ce2" testId="dfacad0d-76a3-bcf8-0024-7976a6f39d28" testName="Страница лота: кнопка Страница материала работает для преподавателя, выставившего этот материал на Биржу" computerName="bca962a69529" duration="00:00:01.7786990" startTime="2023-10-27T20:44:27.0289797+00:00" endTime="2023-10-27T20:44:28.8076786+00:00" testType="13cdc9d9-ddb5-4fa4-a97d-d965ccfc6d4b" outcome="Passed" testListId="8c84fa94-04c1-424b-9868-57a2d4851a1d" relativeResultsDirectory="d892175f-a889-4dad-9ce6-951e68740ce2">
      <Output>
        <StdOut>Безопасность личности|Безопасность личности</StdOut>
      </Output>
    </UnitTestResult>
    <UnitTestResult executionId="ffad5a79-4e52-47b2-bdcb-3148267498fa" testId="a1b5e1ec-9318-fb17-5466-e8b76ecaf356" testName="Биржа: шаблон дисциплины можно найти по названию его активности" computerName="bca962a69529" duration="00:00:03.0345080" startTime="2023-10-27T20:44:18.2568112+00:00" endTime="2023-10-27T20:44:21.2913198+00:00" testType="13cdc9d9-ddb5-4fa4-a97d-d965ccfc6d4b" outcome="Passed" testListId="8c84fa94-04c1-424b-9868-57a2d4851a1d" relativeResultsDirectory="ffad5a79-4e52-47b2-bdcb-3148267498fa" />
    <UnitTestResult executionId="2baf9119-9f4d-4dba-b62b-3654dc3e25b1" testId="deda2896-a53f-4836-4862-6d66ca68b46e" testName="Страница лота: преподаватель может приобрести материал на Бирже" computerName="bca962a69529" duration="00:00:09.5710070" startTime="2023-10-27T20:44:17.4578797+00:00" endTime="2023-10-27T20:44:27.0288862+00:00" testType="13cdc9d9-ddb5-4fa4-a97d-d965ccfc6d4b" outcome="Passed" testListId="8c84fa94-04c1-424b-9868-57a2d4851a1d" relativeResultsDirectory="2baf9119-9f4d-4dba-b62b-3654dc3e25b1" />
    <UnitTestResult executionId="d0fb159d-dcaa-4e5e-839b-d6f39f25bdfb" testId="83f9595d-8f72-fa2c-94e6-8c8df460fac2" testName="Биржа: выставленный материал можно найти по названию" computerName="bca962a69529" duration="00:00:03.8788810" startTime="2023-10-27T20:44:14.3776339+00:00" endTime="2023-10-27T20:44:18.2565150+00:00" testType="13cdc9d9-ddb5-4fa4-a97d-d965ccfc6d4b" outcome="Failed" testListId="8c84fa94-04c1-424b-9868-57a2d4851a1d" relativeResultsDirectory="d0fb159d-dcaa-4e5e-839b-d6f39f25bdfb">
      <Output>
        <StdOut>https://test11.odin.study/ru/Stock/?page=1&amp;order=1&amp;name=%D0%9F%D1%80%D0%B5%D0%B4%D0%B5%D0%BB%D1%8B+%D1%8D%D0%BB%D0%B5%D0%BC%D0%B5%D0%BD%D1%82%D0%B0%D1%80%D0%BD%D1%8B%D1%85+%D1%84%D1%83%D0%BD%D0%BA%D1%86%D0%B8%D0%B9&amp;types=null&amp;sellerIds=null&amp;knowledgeTags=null&amp;year=%22%22&amp;rating=null&amp;subjects=null</StdOut>
        <ErrorInfo>
          <Message>  Лот не найден
  Expected: True
  But was:  False
</Message>
          <StackTrace>   at OdinUiTests.Tests.StoсkMarket.StockMarketTests.CheckSearchInStock() in /azp/_work/1/s/Tests/StockMarket/StockMarketTests.cs:line 43

1)    at OdinUiTests.Tests.StoсkMarket.StockMarketTests.CheckSearchInStock() in /azp/_work/1/s/Tests/StockMarket/StockMarketTests.cs:line 43

</StackTrace>
        </ErrorInfo>
      </Output>
      <ResultFiles>
        <ResultFile path="bca962a69529/CheckSearchInStock.jpg" />
      </ResultFiles>
    </UnitTestResult>
    <UnitTestResult executionId="9dfc0cea-ee59-47eb-af43-6a9c2365989c" testId="4f4df987-a8ae-04f4-38d9-38feb1f3bf1a" testName="Страница лота: кнопка Отмена работает при редактировании описания лота" computerName="bca962a69529" duration="00:00:06.5704350" startTime="2023-10-27T20:44:59.4892632+00:00" endTime="2023-10-27T20:45:06.0596984+00:00" testType="13cdc9d9-ddb5-4fa4-a97d-d965ccfc6d4b" outcome="Passed" testListId="8c84fa94-04c1-424b-9868-57a2d4851a1d" relativeResultsDirectory="9dfc0cea-ee59-47eb-af43-6a9c2365989c" />
    <UnitTestResult executionId="0fab8127-e979-40aa-8682-b895bde2db14" testId="a8c30038-c94d-98c4-d761-41ac4caf7cf1" testName="Страница материала: преподаватель может выставить материал на Биржу" computerName="bca962a69529" duration="00:00:06.7009820" startTime="2023-10-27T20:44:14.8177554+00:00" endTime="2023-10-27T20:44:21.5187374+00:00" testType="13cdc9d9-ddb5-4fa4-a97d-d965ccfc6d4b" outcome="Failed" testListId="8c84fa94-04c1-424b-9868-57a2d4851a1d" relativeResultsDirectory="0fab8127-e979-40aa-8682-b895bde2db14">
      <Output>
        <StdOut>https://test11.odin.study/ru/Stock/?page=1&amp;order=1&amp;name=5F29E011CC103CE&amp;types=null&amp;sellerIds=null&amp;knowledgeTags=null&amp;year=%22%22&amp;rating=null&amp;subjects=null</StdOut>
        <ErrorInfo>
          <Message>  Лот не найден
  Expected: True
  But was:  False
</Message>
          <StackTrace>   at OdinUiTests.Tests.StoсkMarket.LotCreationTests.PostMaterialOnStock() in /azp/_work/1/s/Tests/StockMarket/StockMarketTests.cs:line 197

1)    at OdinUiTests.Tests.StoсkMarket.LotCreationTests.PostMaterialOnStock() in /azp/_work/1/s/Tests/StockMarket/StockMarketTests.cs:line 197

</StackTrace>
        </ErrorInfo>
      </Output>
      <ResultFiles>
        <ResultFile path="bca962a69529/PostMaterialOnStock.jpg" />
      </ResultFiles>
    </UnitTestResult>
    <UnitTestResult executionId="29292db1-3a6e-4c97-8222-95b3c9ff8ba5" testId="c9eead1a-19fc-0a05-4c10-5270d3ad1399" testName="Страница материала: преподаватель, разместивший материал на Бирже, может его убрать с Биржи" computerName="bca962a69529" duration="00:00:05.4057170" startTime="2023-10-27T20:44:21.5188317+00:00" endTime="2023-10-27T20:44:26.9245488+00:00" testType="13cdc9d9-ddb5-4fa4-a97d-d965ccfc6d4b" outcome="Passed" testListId="8c84fa94-04c1-424b-9868-57a2d4851a1d" relativeResultsDirectory="29292db1-3a6e-4c97-8222-95b3c9ff8ba5" />
  </Results>
  <TestDefinitions>
    <UnitTest name="Страница лота: кнопка Страница материала работает для преподавателя, выставившего этот материал на Биржу" storage="/azp/_work/1/s/bin/debug/net6.0/odinuitests.dll" id="dfacad0d-76a3-bcf8-0024-7976a6f39d28">
      <Execution id="d892175f-a889-4dad-9ce6-951e68740ce2" />
      <TestMethod codeBase="/azp/_work/1/s/bin/Debug/net6.0/OdinUiTests.dll" adapterTypeName="executor://nunit3testexecutor/" className="OdinUiTests.Tests.StoсkMarket.StockMarketLotTests" name="Страница лота: кнопка Страница материала работает для преподавателя, выставившего этот материал на Биржу" />
    </UnitTest>
    <UnitTest name="Страница лота: преподаватель может приобрести материал на Бирже" storage="/azp/_work/1/s/bin/debug/net6.0/odinuitests.dll" id="deda2896-a53f-4836-4862-6d66ca68b46e">
      <Execution id="2baf9119-9f4d-4dba-b62b-3654dc3e25b1" />
      <TestMethod codeBase="/azp/_work/1/s/bin/Debug/net6.0/OdinUiTests.dll" adapterTypeName="executor://nunit3testexecutor/" className="OdinUiTests.Tests.StoсkMarket.StockMarketLotTests" name="Страница лота: преподаватель может приобрести материал на Бирже" />
    </UnitTest>
    <UnitTest name="Страница лота: кнопка Отмена работает при редактировании описания лота" storage="/azp/_work/1/s/bin/debug/net6.0/odinuitests.dll" id="4f4df987-a8ae-04f4-38d9-38feb1f3bf1a">
      <Execution id="9dfc0cea-ee59-47eb-af43-6a9c2365989c" />
      <TestMethod codeBase="/azp/_work/1/s/bin/Debug/net6.0/OdinUiTests.dll" adapterTypeName="executor://nunit3testexecutor/" className="OdinUiTests.Tests.StoсkMarket.StockMarketLotTests" name="Страница лота: кнопка Отмена работает при редактировании описания лота" />
    </UnitTest>
    <UnitTest name="Биржа: шаблон дисциплины можно найти по названию его активности" storage="/azp/_work/1/s/bin/debug/net6.0/odinuitests.dll" id="a1b5e1ec-9318-fb17-5466-e8b76ecaf356">
      <Execution id="ffad5a79-4e52-47b2-bdcb-3148267498fa" />
      <TestMethod codeBase="/azp/_work/1/s/bin/Debug/net6.0/OdinUiTests.dll" adapterTypeName="executor://nunit3testexecutor/" className="OdinUiTests.Tests.StoсkMarket.StockMarketTests" name="Биржа: шаблон дисциплины можно найти по названию его активности" />
    </UnitTest>
    <UnitTest name="Страница лота: кнопка Страница материала работает для приобретённого лота" storage="/azp/_work/1/s/bin/debug/net6.0/odinuitests.dll" id="574ef431-43a9-c0c4-02b7-7a6547e00414">
      <Execution id="6cd8aa49-d313-40d8-ab18-6fd8aaa5ab21" />
      <TestMethod codeBase="/azp/_work/1/s/bin/Debug/net6.0/OdinUiTests.dll" adapterTypeName="executor://nunit3testexecutor/" className="OdinUiTests.Tests.StoсkMarket.StockMarketLotTests" name="Страница лота: кнопка Страница материала работает для приобретённого лота" />
    </UnitTest>
    <UnitTest name="Страница материала: преподаватель может выставить материал на Биржу" storage="/azp/_work/1/s/bin/debug/net6.0/odinuitests.dll" id="a8c30038-c94d-98c4-d761-41ac4caf7cf1">
      <Execution id="0fab8127-e979-40aa-8682-b895bde2db14" />
      <TestMethod codeBase="/azp/_work/1/s/bin/Debug/net6.0/OdinUiTests.dll" adapterTypeName="executor://nunit3testexecutor/" className="OdinUiTests.Tests.StoсkMarket.LotCreationTests" name="Страница материала: преподаватель может выставить материал на Биржу" />
    </UnitTest>
    <UnitTest name="Страница лота: преподаватель, разместивший лот на Бирже, может редактировать его описание" storage="/azp/_work/1/s/bin/debug/net6.0/odinuitests.dll" id="24243c94-1378-9bc2-89f8-60787fd8ecbb">
      <Execution id="f773ef0a-bc1a-4313-9b95-11a8776960bf" />
      <TestMethod codeBase="/azp/_work/1/s/bin/Debug/net6.0/OdinUiTests.dll" adapterTypeName="executor://nunit3testexecutor/" className="OdinUiTests.Tests.StoсkMarket.StockMarketLotTests" name="Страница лота: преподаватель, разместивший лот на Бирже, может редактировать его описание" />
    </UnitTest>
    <UnitTest name="Биржа: выставленный материал можно найти по названию" storage="/azp/_work/1/s/bin/debug/net6.0/odinuitests.dll" id="83f9595d-8f72-fa2c-94e6-8c8df460fac2">
      <Execution id="d0fb159d-dcaa-4e5e-839b-d6f39f25bdfb" />
      <TestMethod codeBase="/azp/_work/1/s/bin/Debug/net6.0/OdinUiTests.dll" adapterTypeName="executor://nunit3testexecutor/" className="OdinUiTests.Tests.StoсkMarket.StockMarketTests" name="Биржа: выставленный материал можно найти по названию" />
    </UnitTest>
    <UnitTest name="Страница материала: преподаватель, разместивший материал на Бирже, может его убрать с Биржи" storage="/azp/_work/1/s/bin/debug/net6.0/odinuitests.dll" id="c9eead1a-19fc-0a05-4c10-5270d3ad1399">
      <Execution id="29292db1-3a6e-4c97-8222-95b3c9ff8ba5" />
      <TestMethod codeBase="/azp/_work/1/s/bin/Debug/net6.0/OdinUiTests.dll" adapterTypeName="executor://nunit3testexecutor/" className="OdinUiTests.Tests.StoсkMarket.LotCreationTests" name="Страница материала: преподаватель, разместивший материал на Бирже, может его убрать с Биржи" />
    </UnitTest>
  </TestDefinitions>
  <TestEntries>
    <TestEntry testId="24243c94-1378-9bc2-89f8-60787fd8ecbb" executionId="f773ef0a-bc1a-4313-9b95-11a8776960bf" testListId="8c84fa94-04c1-424b-9868-57a2d4851a1d" />
    <TestEntry testId="574ef431-43a9-c0c4-02b7-7a6547e00414" executionId="6cd8aa49-d313-40d8-ab18-6fd8aaa5ab21" testListId="8c84fa94-04c1-424b-9868-57a2d4851a1d" />
    <TestEntry testId="dfacad0d-76a3-bcf8-0024-7976a6f39d28" executionId="d892175f-a889-4dad-9ce6-951e68740ce2" testListId="8c84fa94-04c1-424b-9868-57a2d4851a1d" />
    <TestEntry testId="a1b5e1ec-9318-fb17-5466-e8b76ecaf356" executionId="ffad5a79-4e52-47b2-bdcb-3148267498fa" testListId="8c84fa94-04c1-424b-9868-57a2d4851a1d" />
    <TestEntry testId="deda2896-a53f-4836-4862-6d66ca68b46e" executionId="2baf9119-9f4d-4dba-b62b-3654dc3e25b1" testListId="8c84fa94-04c1-424b-9868-57a2d4851a1d" />
    <TestEntry testId="83f9595d-8f72-fa2c-94e6-8c8df460fac2" executionId="d0fb159d-dcaa-4e5e-839b-d6f39f25bdfb" testListId="8c84fa94-04c1-424b-9868-57a2d4851a1d" />
    <TestEntry testId="4f4df987-a8ae-04f4-38d9-38feb1f3bf1a" executionId="9dfc0cea-ee59-47eb-af43-6a9c2365989c" testListId="8c84fa94-04c1-424b-9868-57a2d4851a1d" />
    <TestEntry testId="a8c30038-c94d-98c4-d761-41ac4caf7cf1" executionId="0fab8127-e979-40aa-8682-b895bde2db14" testListId="8c84fa94-04c1-424b-9868-57a2d4851a1d" />
    <TestEntry testId="c9eead1a-19fc-0a05-4c10-5270d3ad1399" executionId="29292db1-3a6e-4c97-8222-95b3c9ff8ba5" testListId="8c84fa94-04c1-424b-9868-57a2d4851a1d" />
  </TestEntries>
  <TestLists>
    <TestList name="Results Not in a List" id="8c84fa94-04c1-424b-9868-57a2d4851a1d" />
    <TestList name="All Loaded Results" id="19431567-8539-422a-85d7-44ee4e166bda" />
  </TestLists>
  <ResultSummary outcome="Failed">
    <Counters total="9" executed="9" passed="6" failed="3" error="0" timeout="0" aborted="0" inconclusive="0" passedButRunAborted="0" notRunnable="0" notExecuted="0" disconnected="0" warning="0" completed="0" inProgress="0" pending="0" />
    <Output>
      <StdOut>NUnit Adapter 4.5.0.0: Test execution started
Running selected tests in /azp/_work/1/s/bin/Debug/net6.0/OdinUiTests.dll
   NUnit3TestExecutor discovered 9 of 9 NUnit test cases using Current Discovery mode, Non-Explicit run
NUnit Adapter 4.5.0.0: Test execution complete
</StdOut>
    </Output>
    <RunInfos>
      <RunInfo computerName="bca962a69529" outcome="Warning" timestamp="2023-10-27T20:44:17.4673352+00:00">
        <Text>Опасности животного мира|Опасности животного мира
</Text>
      </RunInfo>
      <RunInfo computerName="bca962a69529" outcome="Warning" timestamp="2023-10-27T20:44:18.2598348+00:00">
        <Text>https://test11.odin.study/ru/Stock/?page=1&amp;order=1&amp;name=%D0%9F%D1%80%D0%B5%D0%B4%D0%B5%D0%BB%D1%8B+%D1%8D%D0%BB%D0%B5%D0%BC%D0%B5%D0%BD%D1%82%D0%B0%D1%80%D0%BD%D1%8B%D1%85+%D1%84%D1%83%D0%BD%D0%BA%D1%86%D0%B8%D0%B9&amp;types=null&amp;sellerIds=null&amp;knowledgeTags=null&amp;year=%22%22&amp;rating=null&amp;subjects=null
</Text>
      </RunInfo>
      <RunInfo computerName="bca962a69529" outcome="Warning" timestamp="2023-10-27T20:44:21.5195314+00:00">
        <Text>https://test11.odin.study/ru/Stock/?page=1&amp;order=1&amp;name=5F29E011CC103CE&amp;types=null&amp;sellerIds=null&amp;knowledgeTags=null&amp;year=%22%22&amp;rating=null&amp;subjects=null
</Text>
      </RunInfo>
      <RunInfo computerName="bca962a69529" outcome="Warning" timestamp="2023-10-27T20:44:28.8083676+00:00">
        <Text>Безопасность личности|Безопасность личности
</Text>
      </RunInfo>
      <RunInfo computerName="bca962a69529" outcome="Warning" timestamp="2023-10-27T20:44:59.4902409+00:00">
        <Text>https://test11.odin.study/ru/Stock/Info/12
</Text>
      </RunInfo>
    </RunInfos>
  </ResultSummary>
</TestRun>