<?xml version="1.0" encoding="utf-8"?>
<TestRun id="46ac8baf-4362-4b44-8655-ba958c59720b" name="@df2fa4c7c641 2023-11-09 07:43:52" xmlns="http://microsoft.com/schemas/VisualStudio/TeamTest/2010">
  <Times creation="2023-11-09T07:43:52.3394765+00:00" queuing="2023-11-09T07:43:52.3394766+00:00" start="2023-11-09T07:43:39.4152899+00:00" finish="2023-11-09T07:54:32.1136082+00:00" />
  <TestSettings name="default" id="7bf0c335-0bf8-40bc-9cd3-ae9f205960fd">
    <Deployment runDeploymentRoot="_df2fa4c7c641_2023-11-09_07_43_52" />
  </TestSettings>
  <Results>
    <UnitTestResult executionId="8b88b46f-d5ea-445d-a82d-45b65987ce70" testId="5eff0c45-6b57-f7a1-5ea2-508cae1dc1d8" testName="Изменение текста кнопки после показа прошедших активностей в списке настроек" computerName="df2fa4c7c641" duration="00:00:08.5162060" startTime="2023-11-09T07:54:23.3640456+00:00" endTime="2023-11-09T07:54:31.8802513+00:00" testType="13cdc9d9-ddb5-4fa4-a97d-d965ccfc6d4b" outcome="Passed" testListId="8c84fa94-04c1-424b-9868-57a2d4851a1d" relativeResultsDirectory="8b88b46f-d5ea-445d-a82d-45b65987ce70" />
    <UnitTestResult executionId="0d63879e-748c-4340-a929-04b4ab8c9b58" testId="c1237e69-46d9-1c0e-8759-24f24b35616a" testName="Редактирование дисциплины: добавление преподавателя по email’у" computerName="df2fa4c7c641" duration="00:00:24.6866110" startTime="2023-11-09T07:50:00.9407917+00:00" endTime="2023-11-09T07:50:25.6274027+00:00" testType="13cdc9d9-ddb5-4fa4-a97d-d965ccfc6d4b" outcome="Passed" testListId="8c84fa94-04c1-424b-9868-57a2d4851a1d" relativeResultsDirectory="0d63879e-748c-4340-a929-04b4ab8c9b58" />
    <UnitTestResult executionId="0080ee9f-9e9b-4681-933b-89857c45a20d" testId="04774ceb-9321-8f75-0ed6-c43c973e3c1b" testName="Редактирование активности: работает кнопка 'Редактировать' для преподавателя" computerName="df2fa4c7c641" duration="00:00:04.8738230" startTime="2023-11-09T07:43:47.4109273+00:00" endTime="2023-11-09T07:43:52.2846339+00:00" testType="13cdc9d9-ddb5-4fa4-a97d-d965ccfc6d4b" outcome="Passed" testListId="8c84fa94-04c1-424b-9868-57a2d4851a1d" relativeResultsDirectory="0080ee9f-9e9b-4681-933b-89857c45a20d" />
    <UnitTestResult executionId="f1108a15-abec-4f31-8640-57a5152d3e7c" testId="2d41addb-b548-1192-2b83-046e857697d8" testName="Страница индивидуальной контрольной: результат тестирования из попытках зависеть от настройки 'За последнюю попытку'" computerName="df2fa4c7c641" duration="00:00:18.9614190" startTime="2023-11-09T07:46:19.7383866+00:00" endTime="2023-11-09T07:46:38.6998055+00:00" testType="13cdc9d9-ddb5-4fa4-a97d-d965ccfc6d4b" outcome="Passed" testListId="8c84fa94-04c1-424b-9868-57a2d4851a1d" relativeResultsDirectory="f1108a15-abec-4f31-8640-57a5152d3e7c" />
    <UnitTestResult executionId="bfeb6c9f-d0db-4a50-87ec-1dd5b470cbe5" testId="7a14693f-cda4-080d-051f-9aaaf0d3c408" testName="Проверка затемнения прошедших активностей" computerName="df2fa4c7c641" duration="00:00:13.7137240" startTime="2023-11-09T07:53:49.6477030+00:00" endTime="2023-11-09T07:54:03.3614268+00:00" testType="13cdc9d9-ddb5-4fa4-a97d-d965ccfc6d4b" outcome="Passed" testListId="8c84fa94-04c1-424b-9868-57a2d4851a1d" relativeResultsDirectory="bfeb6c9f-d0db-4a50-87ec-1dd5b470cbe5" />
    <UnitTestResult executionId="ebee576e-cd4d-4e54-bcda-8f926e2fa1a4" testId="07985ff4-e714-32d4-9806-7a3929f34176" testName="Редактирование программы ДО: можно удалить программу без потоков" computerName="df2fa4c7c641" duration="00:00:03.3126990" startTime="2023-11-09T07:53:15.4523977+00:00" endTime="2023-11-09T07:53:18.7650959+00:00" testType="13cdc9d9-ddb5-4fa4-a97d-d965ccfc6d4b" outcome="Passed" testListId="8c84fa94-04c1-424b-9868-57a2d4851a1d" relativeResultsDirectory="ebee576e-cd4d-4e54-bcda-8f926e2fa1a4" />
    <UnitTestResult executionId="a0d37121-bc63-4869-9f57-ae34bd23cfab" testId="688c74bd-1e7a-0c02-f36f-95ca834dca89" testName="Редактирование активности: успешное сохранение, если обе даты корректно заполнены" computerName="df2fa4c7c641" duration="00:00:12.8160420" startTime="2023-11-09T07:43:47.4059280+00:00" endTime="2023-11-09T07:44:00.2219694+00:00" testType="13cdc9d9-ddb5-4fa4-a97d-d965ccfc6d4b" outcome="Passed" testListId="8c84fa94-04c1-424b-9868-57a2d4851a1d" relativeResultsDirectory="a0d37121-bc63-4869-9f57-ae34bd23cfab" />
    <UnitTestResult executionId="d64a3b74-b031-4342-820e-8da73e5f6f39" testId="aa4d6e82-419b-2803-e601-2b1c979e341e" testName="Редактирование активности: можно переключать значения в поле 'Тип активности'" computerName="df2fa4c7c641" duration="00:00:05.3975440" startTime="2023-11-09T07:43:52.2890479+00:00" endTime="2023-11-09T07:43:57.6865922+00:00" testType="13cdc9d9-ddb5-4fa4-a97d-d965ccfc6d4b" outcome="Passed" testListId="8c84fa94-04c1-424b-9868-57a2d4851a1d" relativeResultsDirectory="d64a3b74-b031-4342-820e-8da73e5f6f39" />
    <UnitTestResult executionId="8ade3266-39ba-4a3f-bd34-2bfa5dfdd767" testId="9c0b6827-07bf-cd50-4e7d-6cd187bb0480" testName="Конструктор теста: можно удалить опцию из вопроса с типом ответа 'Сортировка'" computerName="df2fa4c7c641" duration="00:00:06.5789580" startTime="2023-11-09T07:52:30.7185270+00:00" endTime="2023-11-09T07:52:37.2974839+00:00" testType="13cdc9d9-ddb5-4fa4-a97d-d965ccfc6d4b" outcome="Passed" testListId="8c84fa94-04c1-424b-9868-57a2d4851a1d" relativeResultsDirectory="8ade3266-39ba-4a3f-bd34-2bfa5dfdd767" />
    <UnitTestResult executionId="ea381190-bd0d-483b-b056-3125cd84fd74" testId="c75bd7b0-c53f-900e-902b-e6589cc5971f" testName="Редактированиедисциплины: есть возможность сохранить дисциплину выбрав галку ‘Все студенты потока’" computerName="df2fa4c7c641" duration="00:00:07.5989340" startTime="2023-11-09T07:51:30.6814669+00:00" endTime="2023-11-09T07:51:38.2804006+00:00" testType="13cdc9d9-ddb5-4fa4-a97d-d965ccfc6d4b" outcome="Passed" testListId="8c84fa94-04c1-424b-9868-57a2d4851a1d" relativeResultsDirectory="ea381190-bd0d-483b-b056-3125cd84fd74" />
    <UnitTestResult executionId="37b4d4cd-576f-45ed-a7a4-3d5817787da2" testId="dbb6e3d3-9d9d-3f15-1294-550f0f6f06d3" testName="Можно задать значения критерия (заполнены поля значения и баллов)" computerName="df2fa4c7c641" duration="00:00:11.3543800" startTime="2023-11-09T07:44:34.4181636+00:00" endTime="2023-11-09T07:44:45.7725436+00:00" testType="13cdc9d9-ddb5-4fa4-a97d-d965ccfc6d4b" outcome="Passed" testListId="8c84fa94-04c1-424b-9868-57a2d4851a1d" relativeResultsDirectory="37b4d4cd-576f-45ed-a7a4-3d5817787da2" />
    <UnitTestResult executionId="aa5152c0-8e5b-4139-b000-7a93e3638143" testId="2d07909d-caa8-6ce5-0918-744aa3fa602c" testName="Редактирование профиля пользователя: можно изменить ФИО в транслитерации" computerName="df2fa4c7c641" duration="00:00:09.5341600" startTime="2023-11-09T07:53:39.0294215+00:00" endTime="2023-11-09T07:53:48.5635808+00:00" testType="13cdc9d9-ddb5-4fa4-a97d-d965ccfc6d4b" outcome="Passed" testListId="8c84fa94-04c1-424b-9868-57a2d4851a1d" relativeResultsDirectory="aa5152c0-8e5b-4139-b000-7a93e3638143" />
    <UnitTestResult executionId="b6e1ffe5-6a4f-4037-be2d-e067501049af" testId="9373291b-6ae0-9db6-a833-b3b87e402b73" testName="Список чатов - комната дисциплины: можно цитировать сообщению" computerName="df2fa4c7c641" duration="00:00:13.2203080" startTime="2023-11-09T07:47:01.1989949+00:00" endTime="2023-11-09T07:47:14.4193030+00:00" testType="13cdc9d9-ddb5-4fa4-a97d-d965ccfc6d4b" outcome="Passed" testListId="8c84fa94-04c1-424b-9868-57a2d4851a1d" relativeResultsDirectory="b6e1ffe5-6a4f-4037-be2d-e067501049af" />
    <UnitTestResult executionId="68c4d630-57d8-4376-93dd-df15f4f37104" testId="f733b0b5-068d-23f4-8207-6596c48f6bf5" testName="Страница потока: при архивации потока появляется модалка подтверждения действия" computerName="df2fa4c7c641" duration="00:00:03.0729840" startTime="2023-11-09T07:48:25.0400498+00:00" endTime="2023-11-09T07:48:28.1130338+00:00" testType="13cdc9d9-ddb5-4fa4-a97d-d965ccfc6d4b" outcome="Passed" testListId="8c84fa94-04c1-424b-9868-57a2d4851a1d" relativeResultsDirectory="68c4d630-57d8-4376-93dd-df15f4f37104" />
    <UnitTestResult executionId="0f0f6abf-4389-44ac-bfa9-bb8f0ff5284f" testId="4477a337-0c19-ab6e-aeb0-b0e1bd07a0d8" testName="Страница посещаемости дисциплины: отметки/снятия посещаемости преподавателем" computerName="df2fa4c7c641" duration="00:00:05.9739790" startTime="2023-11-09T07:50:20.4279141+00:00" endTime="2023-11-09T07:50:26.4018926+00:00" testType="13cdc9d9-ddb5-4fa4-a97d-d965ccfc6d4b" outcome="Passed" testListId="8c84fa94-04c1-424b-9868-57a2d4851a1d" relativeResultsDirectory="0f0f6abf-4389-44ac-bfa9-bb8f0ff5284f" />
    <UnitTestResult executionId="1ab5d36c-c009-4913-9127-05b193996ec6" testId="d339101f-2b45-9b8b-87f5-3e1c7050d092" testName="Создание дисциплины: добавление преподавателя по ссылке на профиль" computerName="df2fa4c7c641" duration="00:00:12.8947749" startTime="2023-11-09T07:50:22.3905474+00:00" endTime="2023-11-09T07:50:35.2853219+00:00" testType="13cdc9d9-ddb5-4fa4-a97d-d965ccfc6d4b" outcome="Passed" testListId="8c84fa94-04c1-424b-9868-57a2d4851a1d" relativeResultsDirectory="1ab5d36c-c009-4913-9127-05b193996ec6" />
    <UnitTestResult executionId="68a96998-031a-42ae-bba2-4ad9855d09f1" testId="d9fef17c-a951-1fd0-3045-be3ee7163a4a" testName="Редактирование дисциплины: в выпадающем списке поля Группы отображаются только группы потока" computerName="df2fa4c7c641" duration="00:00:08.5362040" startTime="2023-11-09T07:50:45.9013384+00:00" endTime="2023-11-09T07:50:54.4375420+00:00" testType="13cdc9d9-ddb5-4fa4-a97d-d965ccfc6d4b" outcome="Passed" testListId="8c84fa94-04c1-424b-9868-57a2d4851a1d" relativeResultsDirectory="68a96998-031a-42ae-bba2-4ad9855d09f1" />
    <UnitTestResult executionId="00019af4-5b56-49d6-95df-7071ed0b879d" testId="6d6cae07-c9e9-7641-21d6-0f454b1a1335" testName="Список чатов - комната дисциплины: можно удалить сообщение" computerName="df2fa4c7c641" duration="00:00:08.5481890" startTime="2023-11-09T07:48:47.0451435+00:00" endTime="2023-11-09T07:48:55.5933323+00:00" testType="13cdc9d9-ddb5-4fa4-a97d-d965ccfc6d4b" outcome="Passed" testListId="8c84fa94-04c1-424b-9868-57a2d4851a1d" relativeResultsDirectory="00019af4-5b56-49d6-95df-7071ed0b879d" />
    <UnitTestResult executionId="8f991cbe-464a-4b23-95cf-b6bfb9fc572c" testId="84e96ac4-1fe5-86b2-9375-337b2f68960e" testName="Список чатов - групповой чат: можно раскрывать изображения" computerName="df2fa4c7c641" duration="00:00:02.2913490" startTime="2023-11-09T07:47:51.0980423+00:00" endTime="2023-11-09T07:47:53.3893904+00:00" testType="13cdc9d9-ddb5-4fa4-a97d-d965ccfc6d4b" outcome="Passed" testListId="8c84fa94-04c1-424b-9868-57a2d4851a1d" relativeResultsDirectory="8f991cbe-464a-4b23-95cf-b6bfb9fc572c" />
    <UnitTestResult executionId="a7bf8dac-087b-417e-8da7-4111e57f5387" testId="8dcf0449-053b-ff4a-34ab-9712d9130fdb" testName="Редактирование профиля пользователя: можно изменить дату рождения" computerName="df2fa4c7c641" duration="00:00:06.9482190" startTime="2023-11-09T07:53:48.5636562+00:00" endTime="2023-11-09T07:53:55.5118745+00:00" testType="13cdc9d9-ddb5-4fa4-a97d-d965ccfc6d4b" outcome="Passed" testListId="8c84fa94-04c1-424b-9868-57a2d4851a1d" relativeResultsDirectory="a7bf8dac-087b-417e-8da7-4111e57f5387" />
    <UnitTestResult executionId="cd65321a-aa89-47ac-bb8f-4a6a8676636a" testId="31e6d50f-a1ff-a2d7-8308-7de1157476c2" testName="Можно оценить решения другого студента, если включена 'Взаимопроверка'" computerName="df2fa4c7c641" duration="00:00:07.7735840" startTime="2023-11-09T07:44:47.9412204+00:00" endTime="2023-11-09T07:44:55.7148037+00:00" testType="13cdc9d9-ddb5-4fa4-a97d-d965ccfc6d4b" outcome="Passed" testListId="8c84fa94-04c1-424b-9868-57a2d4851a1d" relativeResultsDirectory="cd65321a-aa89-47ac-bb8f-4a6a8676636a">
      <Output>
        <StdOut>Авторизоватся под студентом Иван Тестовый Иванович</StdOut>
      </Output>
    </UnitTestResult>
    <UnitTestResult executionId="aa95e1c3-578a-4177-bad4-c418b97f1d67" testId="ff45d043-a889-ddad-bd70-072d4cfa6216" testName="Редактирование дисциплины: можно изменить описание" computerName="df2fa4c7c641" duration="00:00:05.6715230" startTime="2023-11-09T07:49:48.8454908+00:00" endTime="2023-11-09T07:49:54.5170135+00:00" testType="13cdc9d9-ddb5-4fa4-a97d-d965ccfc6d4b" outcome="Passed" testListId="8c84fa94-04c1-424b-9868-57a2d4851a1d" relativeResultsDirectory="aa95e1c3-578a-4177-bad4-c418b97f1d67" />
    <UnitTestResult executionId="7009f894-80ee-4637-b1c0-4a02bd1a2982" testId="cac445db-eb07-3e29-19e0-2705da9f235b" testName="Страница оценок дисциплины: работает кнопка 'Итоговые оценки (ведомость)' у преподавателя" computerName="df2fa4c7c641" duration="00:00:07.3701020" startTime="2023-11-09T07:49:27.0826698+00:00" endTime="2023-11-09T07:49:34.4527719+00:00" testType="13cdc9d9-ddb5-4fa4-a97d-d965ccfc6d4b" outcome="Passed" testListId="8c84fa94-04c1-424b-9868-57a2d4851a1d" relativeResultsDirectory="7009f894-80ee-4637-b1c0-4a02bd1a2982" />
    <UnitTestResult executionId="31d7a701-a048-43a1-b520-2f7fffe9e2a8" testId="df9504f6-6b79-12a1-3bf1-11d0be6e361b" testName="Список чатов - личный чат: можно удалить сообщение" computerName="df2fa4c7c641" duration="00:00:07.5325060" startTime="2023-11-09T07:48:49.6741363+00:00" endTime="2023-11-09T07:48:57.2066418+00:00" testType="13cdc9d9-ddb5-4fa4-a97d-d965ccfc6d4b" outcome="Passed" testListId="8c84fa94-04c1-424b-9868-57a2d4851a1d" relativeResultsDirectory="31d7a701-a048-43a1-b520-2f7fffe9e2a8" />
    <UnitTestResult executionId="18dea9a4-fbe7-45a6-94e2-5d1f9c6728e3" testId="6a431132-d31c-9b86-b365-ce03e7cf8aa2" testName="Страница дисциплины: отмена создания темы" computerName="df2fa4c7c641" duration="00:00:04.5691179" startTime="2023-11-09T07:49:08.0779877+00:00" endTime="2023-11-09T07:49:12.6471051+00:00" testType="13cdc9d9-ddb5-4fa4-a97d-d965ccfc6d4b" outcome="Passed" testListId="8c84fa94-04c1-424b-9868-57a2d4851a1d" relativeResultsDirectory="18dea9a4-fbe7-45a6-94e2-5d1f9c6728e3" />
    <UnitTestResult executionId="84f691db-7d1d-46fa-a65b-982b425b1581" testId="5acf62e8-3d8f-735a-02bc-0fa8c134401d" testName="Редактирование дисциплины: есть возможность редактировать у суперадминистратора" computerName="df2fa4c7c641" duration="00:00:05.0947600" startTime="2023-11-09T07:49:28.4958279+00:00" endTime="2023-11-09T07:49:33.5905879+00:00" testType="13cdc9d9-ddb5-4fa4-a97d-d965ccfc6d4b" outcome="Passed" testListId="8c84fa94-04c1-424b-9868-57a2d4851a1d" relativeResultsDirectory="84f691db-7d1d-46fa-a65b-982b425b1581">
      <Output>
        <StdOut>Авторизоватся под суперадминистратором Алейсей Кутовой</StdOut>
      </Output>
    </UnitTestResult>
    <UnitTestResult executionId="f60f61f3-ab3c-4344-aa86-e5d3866e7764" testId="dcac3bc5-e484-1f7e-d009-6776ae737b23" testName="Создание шаблона контрольной: с режимом выполнения 'Командный'" computerName="df2fa4c7c641" duration="00:00:11.2374949" startTime="2023-11-09T07:46:18.6324232+00:00" endTime="2023-11-09T07:46:29.8699184+00:00" testType="13cdc9d9-ddb5-4fa4-a97d-d965ccfc6d4b" outcome="Passed" testListId="8c84fa94-04c1-424b-9868-57a2d4851a1d" relativeResultsDirectory="f60f61f3-ab3c-4344-aa86-e5d3866e7764" />
    <UnitTestResult executionId="1cd87c68-b1f1-47a1-994c-7d3a9f0d5197" testId="733551fb-e7ba-18f4-9f6d-493221dcb625" testName="Редактирование шаблона контрольной: успешное сохранение при положительных значениях в 'Минимальный порог баллов'" computerName="df2fa4c7c641" duration="00:00:07.4866930" startTime="2023-11-09T07:46:50.0819037+00:00" endTime="2023-11-09T07:46:57.5685967+00:00" testType="13cdc9d9-ddb5-4fa4-a97d-d965ccfc6d4b" outcome="Passed" testListId="8c84fa94-04c1-424b-9868-57a2d4851a1d" relativeResultsDirectory="1cd87c68-b1f1-47a1-994c-7d3a9f0d5197" />
    <UnitTestResult executionId="f308efd6-14cf-49f7-9a97-a4cc609e61aa" testId="884215b4-0444-93b9-03c7-e9768620aee2" testName="Результат прохождения: преподаватель может оставить комментарий к ответу, если включена опция подробная информация о результатах" computerName="df2fa4c7c641" duration="00:00:10.5228990" startTime="2023-11-09T07:45:37.0310072+00:00" endTime="2023-11-09T07:45:47.5539068+00:00" testType="13cdc9d9-ddb5-4fa4-a97d-d965ccfc6d4b" outcome="Passed" testListId="8c84fa94-04c1-424b-9868-57a2d4851a1d" relativeResultsDirectory="f308efd6-14cf-49f7-9a97-a4cc609e61aa" />
    <UnitTestResult executionId="148535b8-b122-43eb-93a4-d595e39486b6" testId="8a3016bc-dc5c-f318-332c-93c00a32625f" testName="Проверка отображение режима 3 дня в мобильной версии" computerName="df2fa4c7c641" duration="00:00:03.4278490" startTime="2023-11-09T07:54:03.0320574+00:00" endTime="2023-11-09T07:54:06.4599057+00:00" testType="13cdc9d9-ddb5-4fa4-a97d-d965ccfc6d4b" outcome="Passed" testListId="8c84fa94-04c1-424b-9868-57a2d4851a1d" relativeResultsDirectory="148535b8-b122-43eb-93a4-d595e39486b6" />
    <UnitTestResult executionId="df7cadca-2a22-45de-9a1a-b4005f993ce7" testId="3b795a3c-62c0-b63d-6440-d18a32dc23df" testName="Создание дисциплины ДО: можно создать дисциплину, если заполнены обязательные поля" computerName="df2fa4c7c641" duration="00:00:16.6188180" startTime="2023-11-09T07:49:01.4443101+00:00" endTime="2023-11-09T07:49:18.0631276+00:00" testType="13cdc9d9-ddb5-4fa4-a97d-d965ccfc6d4b" outcome="Passed" testListId="8c84fa94-04c1-424b-9868-57a2d4851a1d" relativeResultsDirectory="df7cadca-2a22-45de-9a1a-b4005f993ce7" />
    <UnitTestResult executionId="fc283060-8df4-4e1a-be3a-7d241d2680ea" testId="bb17a9fd-7898-9aba-aa70-6421975d8071" testName="Страница аналитика дисциплины: отображается заглушка, если в дисциплине нет студентов или активностей" computerName="df2fa4c7c641" duration="00:00:03.5637410" startTime="2023-11-09T07:50:25.8443128+00:00" endTime="2023-11-09T07:50:29.4080537+00:00" testType="13cdc9d9-ddb5-4fa4-a97d-d965ccfc6d4b" outcome="Passed" testListId="8c84fa94-04c1-424b-9868-57a2d4851a1d" relativeResultsDirectory="fc283060-8df4-4e1a-be3a-7d241d2680ea" />
    <UnitTestResult executionId="21acaded-842d-4a05-93a9-9bc569fd2371" testId="4c6018b6-a2d0-a2ea-3985-8139c247d4e7" testName="Редактирование контрольной: невозможно удалить контрольную при наличии оценок" computerName="df2fa4c7c641" duration="00:00:03.9408180" startTime="2023-11-09T07:46:03.8225485+00:00" endTime="2023-11-09T07:46:07.7633656+00:00" testType="13cdc9d9-ddb5-4fa4-a97d-d965ccfc6d4b" outcome="Passed" testListId="8c84fa94-04c1-424b-9868-57a2d4851a1d" relativeResultsDirectory="21acaded-842d-4a05-93a9-9bc569fd2371" />
    <UnitTestResult executionId="1a1860b6-6486-44b9-a29b-a7005b9140df" testId="118e9903-9130-2c33-d159-3c4519bc8fd8" testName="Конструктор теста: можно переименовать вариант" computerName="df2fa4c7c641" duration="00:00:08.2071070" startTime="2023-11-09T07:51:27.0160752+00:00" endTime="2023-11-09T07:51:35.2231817+00:00" testType="13cdc9d9-ddb5-4fa4-a97d-d965ccfc6d4b" outcome="Passed" testListId="8c84fa94-04c1-424b-9868-57a2d4851a1d" relativeResultsDirectory="1a1860b6-6486-44b9-a29b-a7005b9140df" />
    <UnitTestResult executionId="2f4d7686-13ac-49b0-b005-3a018b51eff6" testId="0322d7b9-8b1c-08c4-7a59-cce574dc9bc8" testName="Редактирование активности: можно загрузить материал типа файл с компьютера" computerName="df2fa4c7c641" duration="00:00:15.1968790" startTime="2023-11-09T07:43:48.1762309+00:00" endTime="2023-11-09T07:44:03.3731094+00:00" testType="13cdc9d9-ddb5-4fa4-a97d-d965ccfc6d4b" outcome="Passed" testListId="8c84fa94-04c1-424b-9868-57a2d4851a1d" relativeResultsDirectory="2f4d7686-13ac-49b0-b005-3a018b51eff6" />
    <UnitTestResult executionId="bf874f08-3988-48d9-b51d-f885dd2f3764" testId="eacba0aa-7293-a1da-3130-9015ff196f5a" testName="Список чатов - обсуждение решения: невозможно отправить пустое сообщение" computerName="df2fa4c7c641" duration="00:00:08.4053510" startTime="2023-11-09T07:47:12.7217709+00:00" endTime="2023-11-09T07:47:21.1271216+00:00" testType="13cdc9d9-ddb5-4fa4-a97d-d965ccfc6d4b" outcome="Passed" testListId="8c84fa94-04c1-424b-9868-57a2d4851a1d" relativeResultsDirectory="bf874f08-3988-48d9-b51d-f885dd2f3764" />
    <UnitTestResult executionId="8a5e6a7b-b2a3-4184-afc5-9c53ac8d9969" testId="f113974d-6196-5c99-3688-0cbfb47f7f73" testName="Можно оценить решения значением ниже минимального порога баллов" computerName="df2fa4c7c641" duration="00:00:09.5842240" startTime="2023-11-09T07:44:24.3201363+00:00" endTime="2023-11-09T07:44:33.9043599+00:00" testType="13cdc9d9-ddb5-4fa4-a97d-d965ccfc6d4b" outcome="Passed" testListId="8c84fa94-04c1-424b-9868-57a2d4851a1d" relativeResultsDirectory="8a5e6a7b-b2a3-4184-afc5-9c53ac8d9969" />
    <UnitTestResult executionId="8bd9e232-15aa-4656-a632-c30f89bb31f1" testId="e6698e3a-8089-9ea9-379a-4c111103df76" testName="Список чатов - обсуждение решения: можно раскрывать изображения" computerName="df2fa4c7c641" duration="00:00:02.3215840" startTime="2023-11-09T07:48:01.6920139+00:00" endTime="2023-11-09T07:48:04.0135978+00:00" testType="13cdc9d9-ddb5-4fa4-a97d-d965ccfc6d4b" outcome="Passed" testListId="8c84fa94-04c1-424b-9868-57a2d4851a1d" relativeResultsDirectory="8bd9e232-15aa-4656-a632-c30f89bb31f1" />
    <UnitTestResult executionId="e04c8a83-55e1-4b54-8bbb-2c88b33500a8" testId="d5532f31-dd55-50a2-0c75-ce189325a488" testName="Конструктор теста-тренажера: можно добавлять теги знаний" computerName="df2fa4c7c641" duration="00:00:06.1009240" startTime="2023-11-09T07:53:05.7621383+00:00" endTime="2023-11-09T07:53:11.8630620+00:00" testType="13cdc9d9-ddb5-4fa4-a97d-d965ccfc6d4b" outcome="Passed" testListId="8c84fa94-04c1-424b-9868-57a2d4851a1d" relativeResultsDirectory="e04c8a83-55e1-4b54-8bbb-2c88b33500a8" />
    <UnitTestResult executionId="13c5d3ed-7bc6-4cc6-ac0d-31dbc15518f9" testId="f3446903-7b41-79ae-13d2-c61d34cd7f11" testName="Переход со страницы завершения обучения на страницу потока" computerName="df2fa4c7c641" duration="00:00:01.6040920" startTime="2023-11-09T07:48:30.9073045+00:00" endTime="2023-11-09T07:48:32.5113963+00:00" testType="13cdc9d9-ddb5-4fa4-a97d-d965ccfc6d4b" outcome="Passed" testListId="8c84fa94-04c1-424b-9868-57a2d4851a1d" relativeResultsDirectory="13c5d3ed-7bc6-4cc6-ac0d-31dbc15518f9" />
    <UnitTestResult executionId="8e392537-3588-4ef7-a058-f0c07f5ff8cf" testId="9b7e6aca-8eb4-7698-f83c-0d4ac404e02b" testName="Конструктор теста: можно добавить автора" computerName="df2fa4c7c641" duration="00:00:08.0918220" startTime="2023-11-09T07:52:04.8308946+00:00" endTime="2023-11-09T07:52:12.9227162+00:00" testType="13cdc9d9-ddb5-4fa4-a97d-d965ccfc6d4b" outcome="Passed" testListId="8c84fa94-04c1-424b-9868-57a2d4851a1d" relativeResultsDirectory="8e392537-3588-4ef7-a058-f0c07f5ff8cf" />
    <UnitTestResult executionId="4f33daf6-602f-4859-9294-33476606f19f" testId="a239c67d-5c84-b792-4a4c-efade1c84cee" testName="Конструктор теста: можно добавить еще одну опцию в вопрос с типом ответа 'Сортировка'" computerName="df2fa4c7c641" duration="00:00:09.4952860" startTime="2023-11-09T07:51:49.6178017+00:00" endTime="2023-11-09T07:51:59.1130879+00:00" testType="13cdc9d9-ddb5-4fa4-a97d-d965ccfc6d4b" outcome="Passed" testListId="8c84fa94-04c1-424b-9868-57a2d4851a1d" relativeResultsDirectory="4f33daf6-602f-4859-9294-33476606f19f" />
    <UnitTestResult executionId="77847bdb-97ab-494a-819c-3d3ec7537a1c" testId="4ea828aa-4b25-b6aa-5678-2a0ebe1a61bb" testName="Страница потока: студенты не имеют доступа к активностям архивного потока" computerName="df2fa4c7c641" duration="00:00:07.3577480" startTime="2023-11-09T07:48:36.5759702+00:00" endTime="2023-11-09T07:48:43.9337174+00:00" testType="13cdc9d9-ddb5-4fa4-a97d-d965ccfc6d4b" outcome="Passed" testListId="8c84fa94-04c1-424b-9868-57a2d4851a1d" relativeResultsDirectory="77847bdb-97ab-494a-819c-3d3ec7537a1c">
      <Output>
        <StdOut>Авторизоватся под студентом Smith John</StdOut>
      </Output>
    </UnitTestResult>
    <UnitTestResult executionId="66489e5e-031c-4fec-90d1-d0517c42abdb" testId="6b4e95ab-9fc7-e72e-2f6b-a35ca163b7a3" testName="Редактирование дисциплины: блокировка чата дисциплины" computerName="df2fa4c7c641" duration="00:00:15.5335220" startTime="2023-11-09T07:48:55.4778560+00:00" endTime="2023-11-09T07:49:11.0113772+00:00" testType="13cdc9d9-ddb5-4fa4-a97d-d965ccfc6d4b" outcome="Passed" testListId="8c84fa94-04c1-424b-9868-57a2d4851a1d" relativeResultsDirectory="66489e5e-031c-4fec-90d1-d0517c42abdb">
      <Output>
        <StdOut>Авторизоватся под преподавателем Дарья Тестовая</StdOut>
      </Output>
    </UnitTestResult>
    <UnitTestResult executionId="26dd1c91-9902-4b3c-aea0-753e25c65683" testId="85180199-1e32-9f50-3b30-a55c4a00ff89" testName="Редактирование активности: можно добавлять теги знаний" computerName="df2fa4c7c641" duration="00:00:06.6317110" startTime="2023-11-09T07:44:09.0724608+00:00" endTime="2023-11-09T07:44:15.7041717+00:00" testType="13cdc9d9-ddb5-4fa4-a97d-d965ccfc6d4b" outcome="Passed" testListId="8c84fa94-04c1-424b-9868-57a2d4851a1d" relativeResultsDirectory="26dd1c91-9902-4b3c-aea0-753e25c65683" />
    <UnitTestResult executionId="676e32dc-3de7-41b4-9f48-5d24fc325e91" testId="cbbc8f11-2d37-c3ca-67e6-6463ba7ab911" testName="Конструктор теста-тренажера: можно изменить время изучения" computerName="df2fa4c7c641" duration="00:00:06.7488560" startTime="2023-11-09T07:53:29.4771522+00:00" endTime="2023-11-09T07:53:36.2260084+00:00" testType="13cdc9d9-ddb5-4fa4-a97d-d965ccfc6d4b" outcome="Passed" testListId="8c84fa94-04c1-424b-9868-57a2d4851a1d" relativeResultsDirectory="676e32dc-3de7-41b4-9f48-5d24fc325e91" />
    <UnitTestResult executionId="ac1b2857-8b1d-4ec5-b3cc-6f89bb8f00be" testId="0b757631-4497-ce16-b088-f4508a34eafa" testName="Нет возможности отправить решения за другого студента" computerName="df2fa4c7c641" duration="00:00:04.8469239" startTime="2023-11-09T07:44:25.7183718+00:00" endTime="2023-11-09T07:44:30.5652951+00:00" testType="13cdc9d9-ddb5-4fa4-a97d-d965ccfc6d4b" outcome="Passed" testListId="8c84fa94-04c1-424b-9868-57a2d4851a1d" relativeResultsDirectory="ac1b2857-8b1d-4ec5-b3cc-6f89bb8f00be" />
    <UnitTestResult executionId="593910aa-078b-40f2-8f50-b7000f1fc017" testId="47166a22-e9ee-f46f-4a3c-7d574c1f81ea" testName="Редактирование шаблона контрольной: отображение ошибки валидации для поля 'Количество попыток сдачи' с отрицательным значением" computerName="df2fa4c7c641" duration="00:00:05.4344140" startTime="2023-11-09T07:46:14.8407712+00:00" endTime="2023-11-09T07:46:20.2751853+00:00" testType="13cdc9d9-ddb5-4fa4-a97d-d965ccfc6d4b" outcome="Passed" testListId="8c84fa94-04c1-424b-9868-57a2d4851a1d" relativeResultsDirectory="593910aa-078b-40f2-8f50-b7000f1fc017" />
    <UnitTestResult executionId="08de6f05-85b7-4732-8b9c-997b5b603fa5" testId="9ecf621e-cfbc-f21c-8c35-869ec7749a1a" testName="Страница шаблона дисциплины: можно добавить шаблон активности выбрав его из библиотеки" computerName="df2fa4c7c641" duration="00:00:09.2773590" startTime="2023-11-09T07:50:35.4765007+00:00" endTime="2023-11-09T07:50:44.7538594+00:00" testType="13cdc9d9-ddb5-4fa4-a97d-d965ccfc6d4b" outcome="Passed" testListId="8c84fa94-04c1-424b-9868-57a2d4851a1d" relativeResultsDirectory="08de6f05-85b7-4732-8b9c-997b5b603fa5" />
    <UnitTestResult executionId="b7e567a9-3c83-45c2-9cbe-975037e91182" testId="fb3edcd3-829e-0e17-ce66-6b4e53e49a80" testName="Создание потока: ошибка валидации, если дата начала и окончания совпадают" computerName="df2fa4c7c641" duration="00:00:03.3091640" startTime="2023-11-09T07:47:42.3069613+00:00" endTime="2023-11-09T07:47:45.6161250+00:00" testType="13cdc9d9-ddb5-4fa4-a97d-d965ccfc6d4b" outcome="Passed" testListId="8c84fa94-04c1-424b-9868-57a2d4851a1d" relativeResultsDirectory="b7e567a9-3c83-45c2-9cbe-975037e91182" />
    <UnitTestResult executionId="bfff6748-4453-4817-881a-895e7823d1f9" testId="eb83f97b-9899-a203-b623-6e370654ab56" testName="Конструктор теста: можно дублировать вариант" computerName="df2fa4c7c641" duration="00:00:08.7283190" startTime="2023-11-09T07:51:35.2232843+00:00" endTime="2023-11-09T07:51:43.9516023+00:00" testType="13cdc9d9-ddb5-4fa4-a97d-d965ccfc6d4b" outcome="Passed" testListId="8c84fa94-04c1-424b-9868-57a2d4851a1d" relativeResultsDirectory="bfff6748-4453-4817-881a-895e7823d1f9" />
    <UnitTestResult executionId="a300c0ed-abbe-459b-b14a-19459068e01b" testId="9a1004e6-edbb-870f-2548-c2e023875b1e" testName="Библиотека, списочный вид: можно удалить материал" computerName="df2fa4c7c641" duration="00:00:14.7217240" startTime="2023-11-09T07:51:55.7855621+00:00" endTime="2023-11-09T07:52:10.5072861+00:00" testType="13cdc9d9-ddb5-4fa4-a97d-d965ccfc6d4b" outcome="Passed" testListId="8c84fa94-04c1-424b-9868-57a2d4851a1d" relativeResultsDirectory="a300c0ed-abbe-459b-b14a-19459068e01b" />
    <UnitTestResult executionId="c195347b-63b1-4043-9d3a-5b6edb2d4264" testId="b05a4d01-a809-8b77-7f9a-99e46d6f68e2" testName="Можно редактировать поставленную оценку к решении другого студента, если включена 'Взаимопроверка'" computerName="df2fa4c7c641" duration="00:00:08.7998970" startTime="2023-11-09T07:44:36.9492841+00:00" endTime="2023-11-09T07:44:45.7491805+00:00" testType="13cdc9d9-ddb5-4fa4-a97d-d965ccfc6d4b" outcome="Passed" testListId="8c84fa94-04c1-424b-9868-57a2d4851a1d" relativeResultsDirectory="c195347b-63b1-4043-9d3a-5b6edb2d4264" />
    <UnitTestResult executionId="72176c0b-0443-432a-93d6-37a11ee4bc66" testId="4d9f2789-87ed-41dd-9655-e679a1f14061" testName="Библиотека, плиточный вид: можно найти материал в поиске по названию" computerName="df2fa4c7c641" duration="00:00:06.9740060" startTime="2023-11-09T07:51:03.3711564+00:00" endTime="2023-11-09T07:51:10.3451619+00:00" testType="13cdc9d9-ddb5-4fa4-a97d-d965ccfc6d4b" outcome="Passed" testListId="8c84fa94-04c1-424b-9868-57a2d4851a1d" relativeResultsDirectory="72176c0b-0443-432a-93d6-37a11ee4bc66" />
    <UnitTestResult executionId="1f442540-cb2a-42ec-8c0d-99a434695b91" testId="fe2b3c98-a5cb-193a-4172-4755b80fd785" testName="Список чатов - чат для заметок: можно удалить сообщение" computerName="df2fa4c7c641" duration="00:00:07.6959150" startTime="2023-11-09T07:49:03.9340766+00:00" endTime="2023-11-09T07:49:11.6299913+00:00" testType="13cdc9d9-ddb5-4fa4-a97d-d965ccfc6d4b" outcome="Passed" testListId="8c84fa94-04c1-424b-9868-57a2d4851a1d" relativeResultsDirectory="1f442540-cb2a-42ec-8c0d-99a434695b91" />
    <UnitTestResult executionId="bf0ea6b2-96cf-45e8-9876-1a69fc30473f" testId="36da5d62-3f4b-95bf-ee5b-07de0fd8bc0b" testName="Редактирование шаблона контрольной: переключение чекбокса 'Отображать студентам подробную информацию о результатах'" computerName="df2fa4c7c641" duration="00:00:09.7148020" startTime="2023-11-09T07:46:57.5691202+00:00" endTime="2023-11-09T07:47:07.2839218+00:00" testType="13cdc9d9-ddb5-4fa4-a97d-d965ccfc6d4b" outcome="Passed" testListId="8c84fa94-04c1-424b-9868-57a2d4851a1d" relativeResultsDirectory="bf0ea6b2-96cf-45e8-9876-1a69fc30473f" />
    <UnitTestResult executionId="e97015ca-8f96-4df1-a67c-5110c5262741" testId="b6c9dd08-049f-6c8d-0458-68f33c88ad6d" testName="Редактирование шаблона контрольной: можно добавить материал типа тест из библиотеки" computerName="df2fa4c7c641" duration="00:00:13.6598870" startTime="2023-11-09T07:46:06.6157675+00:00" endTime="2023-11-09T07:46:20.2756547+00:00" testType="13cdc9d9-ddb5-4fa4-a97d-d965ccfc6d4b" outcome="Passed" testListId="8c84fa94-04c1-424b-9868-57a2d4851a1d" relativeResultsDirectory="e97015ca-8f96-4df1-a67c-5110c5262741" />
    <UnitTestResult executionId="46d9d955-d0ef-40d1-9ca5-a7e9cc40485e" testId="24bd7e98-d3ad-8127-b694-e17d37fd85e2" testName="Список чатов - групповой чат: можно редактировать сообщение в течение 4 часов после отправки" computerName="df2fa4c7c641" duration="00:00:16.9223700" startTime="2023-11-09T07:46:51.1466520+00:00" endTime="2023-11-09T07:47:08.0690221+00:00" testType="13cdc9d9-ddb5-4fa4-a97d-d965ccfc6d4b" outcome="Passed" testListId="8c84fa94-04c1-424b-9868-57a2d4851a1d" relativeResultsDirectory="46d9d955-d0ef-40d1-9ca5-a7e9cc40485e" />
    <UnitTestResult executionId="5301cc8d-c697-45a8-93c4-6a257dbeb986" testId="469e3971-d495-ccb7-1746-a81e8da9db4c" testName="Чекбокс многокритериальная проверка не отображается, если выбрана взаимопроверка" computerName="df2fa4c7c641" duration="00:00:05.1447210" startTime="2023-11-09T07:43:55.8015338+00:00" endTime="2023-11-09T07:44:00.9462547+00:00" testType="13cdc9d9-ddb5-4fa4-a97d-d965ccfc6d4b" outcome="Passed" testListId="8c84fa94-04c1-424b-9868-57a2d4851a1d" relativeResultsDirectory="5301cc8d-c697-45a8-93c4-6a257dbeb986" />
    <UnitTestResult executionId="53475117-515d-4e60-99f6-b93f10058ba4" testId="a25feced-02c4-174f-4cb7-4aaebd7c8e2e" testName="Редактирование дисциплины: есть возможность редактировать у администратора организации, к которому дисциплина относится" computerName="df2fa4c7c641" duration="00:00:06.9018820" startTime="2023-11-09T07:49:21.5931345+00:00" endTime="2023-11-09T07:49:28.4950165+00:00" testType="13cdc9d9-ddb5-4fa4-a97d-d965ccfc6d4b" outcome="Passed" testListId="8c84fa94-04c1-424b-9868-57a2d4851a1d" relativeResultsDirectory="53475117-515d-4e60-99f6-b93f10058ba4">
      <Output>
        <StdOut>Авторизоватся под администратором организации Василиса Васильева</StdOut>
      </Output>
    </UnitTestResult>
    <UnitTestResult executionId="82ef4590-ea1b-4929-b54f-92c187d3487d" testId="bf20a527-3c6a-42b7-f55d-0b5db4372e05" testName="Страница потока: отсутствие доступа студента к выгрузкам" computerName="df2fa4c7c641" duration="00:00:04.6604310" startTime="2023-11-09T07:48:31.9148153+00:00" endTime="2023-11-09T07:48:36.5752451+00:00" testType="13cdc9d9-ddb5-4fa4-a97d-d965ccfc6d4b" outcome="Passed" testListId="8c84fa94-04c1-424b-9868-57a2d4851a1d" relativeResultsDirectory="82ef4590-ea1b-4929-b54f-92c187d3487d">
      <Output>
        <StdOut>Авторизоватся под студентом Smith John</StdOut>
      </Output>
    </UnitTestResult>
    <UnitTestResult executionId="b9e5de00-486f-40c1-948a-03d0473ea278" testId="4ad99740-516c-32e4-a730-7bd1b81e48e9" testName="Редактирование потока: ошибка валидации, если даты начала и окончания не заполнены" computerName="df2fa4c7c641" duration="00:00:04.0076630" startTime="2023-11-09T07:48:38.2884017+00:00" endTime="2023-11-09T07:48:42.2960644+00:00" testType="13cdc9d9-ddb5-4fa4-a97d-d965ccfc6d4b" outcome="Passed" testListId="8c84fa94-04c1-424b-9868-57a2d4851a1d" relativeResultsDirectory="b9e5de00-486f-40c1-948a-03d0473ea278" />
    <UnitTestResult executionId="b75c413d-13f1-43fa-a809-282e0187212e" testId="27cb08c4-5264-0f56-2030-75eecc0db0f8" testName="Редактирование дисциплины: отображение ошибки валидации для поля 'Кредиты' с значением &gt; 15" computerName="df2fa4c7c641" duration="00:00:04.6505650" startTime="2023-11-09T07:49:48.7444330+00:00" endTime="2023-11-09T07:49:53.3949978+00:00" testType="13cdc9d9-ddb5-4fa4-a97d-d965ccfc6d4b" outcome="Passed" testListId="8c84fa94-04c1-424b-9868-57a2d4851a1d" relativeResultsDirectory="b75c413d-13f1-43fa-a809-282e0187212e" />
    <UnitTestResult executionId="ffaffab7-6566-4051-8e05-cd22202f9c91" testId="597466f3-f67f-05d2-1832-0fc509d6df4f" testName="Создание дисциплины: в выпадающем списке поля Группы отображаются только группы потока" computerName="df2fa4c7c641" duration="00:00:04.5420860" startTime="2023-11-09T07:50:16.1612181+00:00" endTime="2023-11-09T07:50:20.7033036+00:00" testType="13cdc9d9-ddb5-4fa4-a97d-d965ccfc6d4b" outcome="Passed" testListId="8c84fa94-04c1-424b-9868-57a2d4851a1d" relativeResultsDirectory="ffaffab7-6566-4051-8e05-cd22202f9c91" />
    <UnitTestResult executionId="324f5862-ac5d-486f-83f6-e57c116c2107" testId="f2e23a87-e9af-6449-2d22-3352d020cecb" testName="Страница оценок дисциплины: выставления оценки преподавателем" computerName="df2fa4c7c641" duration="00:00:17.2521610" startTime="2023-11-09T07:49:34.4534727+00:00" endTime="2023-11-09T07:49:51.7056336+00:00" testType="13cdc9d9-ddb5-4fa4-a97d-d965ccfc6d4b" outcome="Passed" testListId="8c84fa94-04c1-424b-9868-57a2d4851a1d" relativeResultsDirectory="324f5862-ac5d-486f-83f6-e57c116c2107" />
    <UnitTestResult executionId="b9c8dcb2-c184-40d3-8dbd-72651c3154d8" testId="b7ba1de5-d226-a3a1-a723-04f76af8dc1a" testName="Создание дисциплины: добавление преподавателя по email’у" computerName="df2fa4c7c641" duration="00:00:17.0745150" startTime="2023-11-09T07:49:51.0778268+00:00" endTime="2023-11-09T07:50:08.1523418+00:00" testType="13cdc9d9-ddb5-4fa4-a97d-d965ccfc6d4b" outcome="Passed" testListId="8c84fa94-04c1-424b-9868-57a2d4851a1d" relativeResultsDirectory="b9c8dcb2-c184-40d3-8dbd-72651c3154d8" />
    <UnitTestResult executionId="818afbf6-82a1-4956-973b-13006c14414d" testId="d1020b62-0221-c907-38c1-65f245862ef0" testName="Проверка кнопки Отмена синхронизации с Google календарем" computerName="df2fa4c7c641" duration="00:00:06.6869140" startTime="2023-11-09T07:53:42.9607089+00:00" endTime="2023-11-09T07:53:49.6476230+00:00" testType="13cdc9d9-ddb5-4fa4-a97d-d965ccfc6d4b" outcome="Passed" testListId="8c84fa94-04c1-424b-9868-57a2d4851a1d" relativeResultsDirectory="818afbf6-82a1-4956-973b-13006c14414d" />
    <UnitTestResult executionId="98512197-2d12-4f61-9aae-c19d8892cbc9" testId="34f50da9-ed00-6e35-9dd5-78869aba346b" testName="Редактирование контрольной: можно добавить материал типа тест-тренажёр из библиотеки" computerName="df2fa4c7c641" duration="00:00:14.6393600" startTime="2023-11-09T07:45:17.7140363+00:00" endTime="2023-11-09T07:45:32.3533964+00:00" testType="13cdc9d9-ddb5-4fa4-a97d-d965ccfc6d4b" outcome="Passed" testListId="8c84fa94-04c1-424b-9868-57a2d4851a1d" relativeResultsDirectory="98512197-2d12-4f61-9aae-c19d8892cbc9" />
    <UnitTestResult executionId="33e4c154-38e7-4569-a4d0-cda4f960276e" testId="5c761efb-3ab3-7c37-22f8-1afed1ef02df" testName="Список чатов - групповой чат: можно удалить сообщение" computerName="df2fa4c7c641" duration="00:00:07.9922350" startTime="2023-11-09T07:48:34.2376916+00:00" endTime="2023-11-09T07:48:42.2299262+00:00" testType="13cdc9d9-ddb5-4fa4-a97d-d965ccfc6d4b" outcome="Passed" testListId="8c84fa94-04c1-424b-9868-57a2d4851a1d" relativeResultsDirectory="33e4c154-38e7-4569-a4d0-cda4f960276e" />
    <UnitTestResult executionId="06302a64-326a-4186-88d1-452df5c69683" testId="cb9d0c98-e853-302e-ed02-acc18ba7a8cb" testName="Проверка некорректного подключения к синхронизации с Google календарем" computerName="df2fa4c7c641" duration="00:00:07.0443410" startTime="2023-11-09T07:53:35.9162761+00:00" endTime="2023-11-09T07:53:42.9606166+00:00" testType="13cdc9d9-ddb5-4fa4-a97d-d965ccfc6d4b" outcome="Passed" testListId="8c84fa94-04c1-424b-9868-57a2d4851a1d" relativeResultsDirectory="06302a64-326a-4186-88d1-452df5c69683" />
    <UnitTestResult executionId="1348904f-375a-4378-b13c-d03fcce55c4f" testId="20e09d9e-acc5-a742-b004-b0120052a188" testName="Библиотека, списочный вид: можно скопировать материал через actions-кнопки" computerName="df2fa4c7c641" duration="00:00:15.7098850" startTime="2023-11-09T07:52:35.1309175+00:00" endTime="2023-11-09T07:52:50.8408020+00:00" testType="13cdc9d9-ddb5-4fa4-a97d-d965ccfc6d4b" outcome="Passed" testListId="8c84fa94-04c1-424b-9868-57a2d4851a1d" relativeResultsDirectory="1348904f-375a-4378-b13c-d03fcce55c4f" />
    <UnitTestResult executionId="1db4d0d2-d455-4903-859d-422f02ea7d94" testId="775d70fe-590c-c205-0176-cd6623e45e44" testName="Страница Мой тариф: проверка закрытия таблицы активных пользователей" computerName="df2fa4c7c641" duration="00:00:03.2985930" startTime="2023-11-09T07:53:02.1533428+00:00" endTime="2023-11-09T07:53:05.4519354+00:00" testType="13cdc9d9-ddb5-4fa4-a97d-d965ccfc6d4b" outcome="Passed" testListId="8c84fa94-04c1-424b-9868-57a2d4851a1d" relativeResultsDirectory="1db4d0d2-d455-4903-859d-422f02ea7d94" />
    <UnitTestResult executionId="a9497da7-c907-435e-ad92-4a0342861d89" testId="f08e2940-03b5-962a-9157-b78053acc8bb" testName="Конструктор теста: можно удалить вариант ответа из вопроса с типом ответа 'Выбор из вариантов'" computerName="df2fa4c7c641" duration="00:00:06.1559090" startTime="2023-11-09T07:52:12.4184006+00:00" endTime="2023-11-09T07:52:18.5743091+00:00" testType="13cdc9d9-ddb5-4fa4-a97d-d965ccfc6d4b" outcome="Passed" testListId="8c84fa94-04c1-424b-9868-57a2d4851a1d" relativeResultsDirectory="a9497da7-c907-435e-ad92-4a0342861d89" />
    <UnitTestResult executionId="cc5c385d-52ea-47d0-b0a9-d4aadc39bcae" testId="aebdc582-32b9-e8ee-3afe-c780cf4e9767" testName="Редактирование потока: ошибка валидации, если название не заполнено" computerName="df2fa4c7c641" duration="00:00:05.2456889" startTime="2023-11-09T07:48:13.8916240+00:00" endTime="2023-11-09T07:48:19.1373129+00:00" testType="13cdc9d9-ddb5-4fa4-a97d-d965ccfc6d4b" outcome="Passed" testListId="8c84fa94-04c1-424b-9868-57a2d4851a1d" relativeResultsDirectory="cc5c385d-52ea-47d0-b0a9-d4aadc39bcae" />
    <UnitTestResult executionId="5be8c98d-341e-4937-b7b3-a8c5ae28b905" testId="3751798e-b752-1fe6-4a26-c4019048cb73" testName="Редактирование дисциплины: невозможно добавить группу из стороннего потока" computerName="df2fa4c7c641" duration="00:00:07.0814320" startTime="2023-11-09T07:50:03.1943399+00:00" endTime="2023-11-09T07:50:10.2757716+00:00" testType="13cdc9d9-ddb5-4fa4-a97d-d965ccfc6d4b" outcome="Passed" testListId="8c84fa94-04c1-424b-9868-57a2d4851a1d" relativeResultsDirectory="5be8c98d-341e-4937-b7b3-a8c5ae28b905" />
    <UnitTestResult executionId="70df1ebf-4e11-4fbc-83a5-27bf623aca9d" testId="09ad64c8-9c28-8c89-6c8b-698430956027" testName="Редактирование программы ДО: можно удалить платную программу без потоков" computerName="df2fa4c7c641" duration="00:00:02.6585270" startTime="2023-11-09T07:53:18.7652021+00:00" endTime="2023-11-09T07:53:21.4237285+00:00" testType="13cdc9d9-ddb5-4fa4-a97d-d965ccfc6d4b" outcome="Passed" testListId="8c84fa94-04c1-424b-9868-57a2d4851a1d" relativeResultsDirectory="70df1ebf-4e11-4fbc-83a5-27bf623aca9d" />
    <UnitTestResult executionId="39be78e8-363b-4306-9ab6-aaa7795a58e7" testId="14871b1e-fee8-8f64-d3ec-b37f2f42c405" testName="Редактирование потока: появление модалки, если продолжительность потока меньше часов программы" computerName="df2fa4c7c641" duration="00:00:07.6393770" startTime="2023-11-09T07:48:05.1724464+00:00" endTime="2023-11-09T07:48:12.8118230+00:00" testType="13cdc9d9-ddb5-4fa4-a97d-d965ccfc6d4b" outcome="Passed" testListId="8c84fa94-04c1-424b-9868-57a2d4851a1d" relativeResultsDirectory="39be78e8-363b-4306-9ab6-aaa7795a58e7" />
    <UnitTestResult executionId="e03027ca-4df9-4c87-883f-989cc686e702" testId="6420005d-0a7e-b76b-adf2-95281f84034a" testName="Редактирование потока ДО (СЗ): отсутствует кнопка ‘Удалить поток’, если в потоке есть слушатели" computerName="df2fa4c7c641" duration="00:00:02.9920810" startTime="2023-11-09T07:48:52.2613149+00:00" endTime="2023-11-09T07:48:55.2533949+00:00" testType="13cdc9d9-ddb5-4fa4-a97d-d965ccfc6d4b" outcome="Passed" testListId="8c84fa94-04c1-424b-9868-57a2d4851a1d" relativeResultsDirectory="e03027ca-4df9-4c87-883f-989cc686e702" />
    <UnitTestResult executionId="d7c3f13a-c6f4-4ce6-87b8-b79ad49444e9" testId="fd31f0e3-582e-68cd-1acc-f417bb79c414" testName="Страница аналитика дисциплины: отображается график действия студента" computerName="df2fa4c7c641" duration="00:00:04.1849660" startTime="2023-11-09T07:50:21.6592551+00:00" endTime="2023-11-09T07:50:25.8442212+00:00" testType="13cdc9d9-ddb5-4fa4-a97d-d965ccfc6d4b" outcome="Passed" testListId="8c84fa94-04c1-424b-9868-57a2d4851a1d" relativeResultsDirectory="d7c3f13a-c6f4-4ce6-87b8-b79ad49444e9" />
    <UnitTestResult executionId="c43bf08c-ce0f-433a-8e50-a6c345bb25d8" testId="dfe4bad9-e99d-71e6-5e58-444e8b8320a6" testName="Cоздание обр программы ДПО: если не заполнить одно обязательное поле" computerName="df2fa4c7c641" duration="00:00:03.3927640" startTime="2023-11-09T07:53:17.1190848+00:00" endTime="2023-11-09T07:53:20.5118486+00:00" testType="13cdc9d9-ddb5-4fa4-a97d-d965ccfc6d4b" outcome="Passed" testListId="8c84fa94-04c1-424b-9868-57a2d4851a1d" relativeResultsDirectory="c43bf08c-ce0f-433a-8e50-a6c345bb25d8" />
    <UnitTestResult executionId="ceeff0ed-24d8-4273-a8f8-bfca7f78a096" testId="9adf8e1d-5425-3af4-199c-670091b0e7f2" testName="Можно отправить решения на доработку" computerName="df2fa4c7c641" duration="00:00:03.1647800" startTime="2023-11-09T07:44:58.6775125+00:00" endTime="2023-11-09T07:45:01.8422926+00:00" testType="13cdc9d9-ddb5-4fa4-a97d-d965ccfc6d4b" outcome="Passed" testListId="8c84fa94-04c1-424b-9868-57a2d4851a1d" relativeResultsDirectory="ceeff0ed-24d8-4273-a8f8-bfca7f78a096" />
    <UnitTestResult executionId="256f8a50-4d7e-413b-a86d-520270aa5c6b" testId="04ec1356-2e14-2bc5-09d5-c0433536a590" testName="Редактирование дисциплины: есть возможность редактировать у администратора образовательной программы, к которой дисциплина относится" computerName="df2fa4c7c641" duration="00:00:04.5878270" startTime="2023-11-09T07:49:03.3406612+00:00" endTime="2023-11-09T07:49:07.9284873+00:00" testType="13cdc9d9-ddb5-4fa4-a97d-d965ccfc6d4b" outcome="Passed" testListId="8c84fa94-04c1-424b-9868-57a2d4851a1d" relativeResultsDirectory="256f8a50-4d7e-413b-a86d-520270aa5c6b">
      <Output>
        <StdOut>Авторизоватся под администратором программы Мария Сергеевна</StdOut>
      </Output>
    </UnitTestResult>
    <UnitTestResult executionId="1b389a68-9d80-481c-ad7a-dcafb9f8cb5c" testId="a9cce534-0fbd-9d63-9844-99fc62c44ac2" testName="Страница командной контрольной: результат тестирования из попытках зависеть от настройки 'За последнюю попытку'" computerName="df2fa4c7c641" duration="00:00:21.0356250" startTime="2023-11-09T07:46:38.6998464+00:00" endTime="2023-11-09T07:46:59.7354707+00:00" testType="13cdc9d9-ddb5-4fa4-a97d-d965ccfc6d4b" outcome="Passed" testListId="8c84fa94-04c1-424b-9868-57a2d4851a1d" relativeResultsDirectory="1b389a68-9d80-481c-ad7a-dcafb9f8cb5c" />
    <UnitTestResult executionId="8a89936e-edb5-4266-90aa-f1ecf6c811d5" testId="66cef1b6-df2b-6c73-abec-c819bbfc8fff" testName="Страница организации: работает переход к странице импорта сотрудников" computerName="df2fa4c7c641" duration="00:00:01.5791980" startTime="2023-11-09T07:53:11.7268257+00:00" endTime="2023-11-09T07:53:13.3060231+00:00" testType="13cdc9d9-ddb5-4fa4-a97d-d965ccfc6d4b" outcome="Passed" testListId="8c84fa94-04c1-424b-9868-57a2d4851a1d" relativeResultsDirectory="8a89936e-edb5-4266-90aa-f1ecf6c811d5" />
    <UnitTestResult executionId="b7ead91e-b3a5-4c7c-b574-fdaef3bf19ca" testId="46b67cd3-1f02-7287-a85d-d0b343ec63fe" testName="Страница материала: проверка отображения LaTeX материала" computerName="df2fa4c7c641" duration="00:00:00.5136650" startTime="2023-11-09T07:51:06.9479417+00:00" endTime="2023-11-09T07:51:07.4616062+00:00" testType="13cdc9d9-ddb5-4fa4-a97d-d965ccfc6d4b" outcome="NotExecuted" testListId="8c84fa94-04c1-424b-9868-57a2d4851a1d" relativeResultsDirectory="b7ead91e-b3a5-4c7c-b574-fdaef3bf19ca">
      <Output>
        <StdOut>https://test11.odin.study/ru/Content/Library/18927

Данный тест не запускается в режиме headless</StdOut>
        <ErrorInfo>
          <Message>Данный тест не запускается в режиме headless</Message>
        </ErrorInfo>
      </Output>
      <ResultFiles>
        <ResultFile path="df2fa4c7c641/CheckVisibilityOfLaTeXMaterialPage.jpg" />
      </ResultFiles>
    </UnitTestResult>
    <UnitTestResult executionId="f265924a-3d06-4890-bcb6-394e0350a0de" testId="f829df75-7b30-e6a8-2839-d3ef0a057631" testName="Создание потока: ошибка валидации, если даты начала и окончания не указаны" computerName="df2fa4c7c641" duration="00:00:05.7884500" startTime="2023-11-09T07:47:51.8241309+00:00" endTime="2023-11-09T07:47:57.6125802+00:00" testType="13cdc9d9-ddb5-4fa4-a97d-d965ccfc6d4b" outcome="Passed" testListId="8c84fa94-04c1-424b-9868-57a2d4851a1d" relativeResultsDirectory="f265924a-3d06-4890-bcb6-394e0350a0de" />
    <UnitTestResult executionId="3e86e758-cc7d-4b01-9cd0-4a8fe2bd17b1" testId="c46c26f2-8a04-0d52-ba47-dba5aa104132" testName="Можно закрыть/открыть подразделение под суперадминистратором" computerName="df2fa4c7c641" duration="00:00:09.4499560" startTime="2023-11-09T07:51:02.0712631+00:00" endTime="2023-11-09T07:51:11.5212190+00:00" testType="13cdc9d9-ddb5-4fa4-a97d-d965ccfc6d4b" outcome="Passed" testListId="8c84fa94-04c1-424b-9868-57a2d4851a1d" relativeResultsDirectory="3e86e758-cc7d-4b01-9cd0-4a8fe2bd17b1">
      <Output>
        <StdOut>Авторизоватся под суперадминистратором Алейсей Кутовой</StdOut>
      </Output>
    </UnitTestResult>
    <UnitTestResult executionId="331bcbea-5d3f-4ea3-ab03-6a180f974c0b" testId="f79cca05-0890-22c6-a7d9-f3b4a5aad9d4" testName="Редактирование дисциплины: можно включить/отключить ИОТ, если в дисциплине нет активностей" computerName="df2fa4c7c641" duration="00:00:06.6706870" startTime="2023-11-09T07:49:54.5180019+00:00" endTime="2023-11-09T07:50:01.1886884+00:00" testType="13cdc9d9-ddb5-4fa4-a97d-d965ccfc6d4b" outcome="Passed" testListId="8c84fa94-04c1-424b-9868-57a2d4851a1d" relativeResultsDirectory="331bcbea-5d3f-4ea3-ab03-6a180f974c0b" />
    <UnitTestResult executionId="c2c7c72a-49af-408f-ae59-7ac7e7a4ac1b" testId="d28a03eb-b85a-14a9-f631-d3105779f09a" testName="Редактирование контрольной: отображение ошибки валидации для поля 'Количество попыток сдачи' с значением '0'" computerName="df2fa4c7c641" duration="00:00:04.1507560" startTime="2023-11-09T07:45:00.9610527+00:00" endTime="2023-11-09T07:45:05.1118084+00:00" testType="13cdc9d9-ddb5-4fa4-a97d-d965ccfc6d4b" outcome="Passed" testListId="8c84fa94-04c1-424b-9868-57a2d4851a1d" relativeResultsDirectory="c2c7c72a-49af-408f-ae59-7ac7e7a4ac1b" />
    <UnitTestResult executionId="979268de-bf6f-4ed1-aa96-03d3589142c5" testId="9d6520d1-af7d-bea7-c7de-86d60ce16f98" testName="Отображение ошибки валидации для поля баллы с значением 'отлично'" computerName="df2fa4c7c641" duration="00:00:08.5218820" startTime="2023-11-09T07:44:50.1554850+00:00" endTime="2023-11-09T07:44:58.6773672+00:00" testType="13cdc9d9-ddb5-4fa4-a97d-d965ccfc6d4b" outcome="Passed" testListId="8c84fa94-04c1-424b-9868-57a2d4851a1d" relativeResultsDirectory="979268de-bf6f-4ed1-aa96-03d3589142c5" />
    <UnitTestResult executionId="43432f66-92ca-4524-81e2-8db80c47c24e" testId="756b69b6-d74d-d7ed-87d0-147bb1cde5d6" testName="Список чатов - чат для заметок: невозможно отправить пустое сообщение" computerName="df2fa4c7c641" duration="00:00:08.9537099" startTime="2023-11-09T07:47:05.9718615+00:00" endTime="2023-11-09T07:47:14.9255709+00:00" testType="13cdc9d9-ddb5-4fa4-a97d-d965ccfc6d4b" outcome="Passed" testListId="8c84fa94-04c1-424b-9868-57a2d4851a1d" relativeResultsDirectory="43432f66-92ca-4524-81e2-8db80c47c24e" />
    <UnitTestResult executionId="07136221-d655-45d7-9320-1f114633cce7" testId="666cda51-e005-db06-1d08-820838bbda64" testName="Страница организации: у закрытых подразделений отображается иконка и тултип" computerName="df2fa4c7c641" duration="00:00:02.3937390" startTime="2023-11-09T07:53:14.7693170+00:00" endTime="2023-11-09T07:53:17.1630552+00:00" testType="13cdc9d9-ddb5-4fa4-a97d-d965ccfc6d4b" outcome="Passed" testListId="8c84fa94-04c1-424b-9868-57a2d4851a1d" relativeResultsDirectory="07136221-d655-45d7-9320-1f114633cce7" />
    <UnitTestResult executionId="3ab3986d-af98-4dfa-ba7c-05fedb391906" testId="2d8a2b85-bd9b-e1cd-d9bf-89bfa72356e6" testName="Конструктор теста-тренажера: можно добавить вопрос с типом ответа “Выбор из вариантов”" computerName="df2fa4c7c641" duration="00:00:15.9744450" startTime="2023-11-09T07:51:55.9566393+00:00" endTime="2023-11-09T07:52:11.9310837+00:00" testType="13cdc9d9-ddb5-4fa4-a97d-d965ccfc6d4b" outcome="Passed" testListId="8c84fa94-04c1-424b-9868-57a2d4851a1d" relativeResultsDirectory="3ab3986d-af98-4dfa-ba7c-05fedb391906" />
    <UnitTestResult executionId="4a556c5a-0ee8-48d0-a899-9833ecbca292" testId="f5006b00-e4be-982d-0d4a-1ffaca12ed3b" testName="Результат прохождения: студент может просматривать подробную информацию о результатах, если включена соответственная опция" computerName="df2fa4c7c641" duration="00:00:10.1295080" startTime="2023-11-09T07:45:07.0422565+00:00" endTime="2023-11-09T07:45:17.1717648+00:00" testType="13cdc9d9-ddb5-4fa4-a97d-d965ccfc6d4b" outcome="Passed" testListId="8c84fa94-04c1-424b-9868-57a2d4851a1d" relativeResultsDirectory="4a556c5a-0ee8-48d0-a899-9833ecbca292" />
    <UnitTestResult executionId="702f9ced-fe21-4cf3-9414-d14cc5efa541" testId="f08de46c-ca20-d8e6-106b-5b2874ffe012" testName="Чат на странице решения: можно цитировать сообщению" computerName="df2fa4c7c641" duration="00:00:11.8717100" startTime="2023-11-09T07:47:42.9128574+00:00" endTime="2023-11-09T07:47:54.7845672+00:00" testType="13cdc9d9-ddb5-4fa4-a97d-d965ccfc6d4b" outcome="Passed" testListId="8c84fa94-04c1-424b-9868-57a2d4851a1d" relativeResultsDirectory="702f9ced-fe21-4cf3-9414-d14cc5efa541" />
    <UnitTestResult executionId="52d7cb8a-ae4a-4a63-a83a-d10a9914cd38" testId="a15d5ce4-ffd0-f53b-d593-b5bfcb8f92ce" testName="Редактирование активности: можно скрыть материал" computerName="df2fa4c7c641" duration="00:00:25.0047740" startTime="2023-11-09T07:44:08.0037499+00:00" endTime="2023-11-09T07:44:33.0085235+00:00" testType="13cdc9d9-ddb5-4fa4-a97d-d965ccfc6d4b" outcome="Passed" testListId="8c84fa94-04c1-424b-9868-57a2d4851a1d" relativeResultsDirectory="52d7cb8a-ae4a-4a63-a83a-d10a9914cd38">
      <Output>
        <StdOut>Авторизоватся под преподавателем Дарья Тестовая
Авторизоватся под студентом Smith John</StdOut>
      </Output>
    </UnitTestResult>
    <UnitTestResult executionId="db84572f-b5a1-443b-96d9-73f8cb60a9f7" testId="e3c788c4-9f38-f0d1-0f76-b0577fc9ebe1" testName="Редактирование потока: нет возможности удалить поток, если есть хотя бы одна дисциплина или семестр" computerName="df2fa4c7c641" duration="00:00:02.1973650" startTime="2023-11-09T07:48:59.3244319+00:00" endTime="2023-11-09T07:49:01.5217968+00:00" testType="13cdc9d9-ddb5-4fa4-a97d-d965ccfc6d4b" outcome="Passed" testListId="8c84fa94-04c1-424b-9868-57a2d4851a1d" relativeResultsDirectory="db84572f-b5a1-443b-96d9-73f8cb60a9f7" />
    <UnitTestResult executionId="a9431950-f2c7-468b-8b30-4906dd8fb077" testId="aeecf389-67af-3fd9-c8b0-27667e546e43" testName="Страница аналитика дисциплины: наличие тридот меню на вкладке “Аналитика”" computerName="df2fa4c7c641" duration="00:00:03.9732210" startTime="2023-11-09T07:48:49.2908013+00:00" endTime="2023-11-09T07:48:53.2640214+00:00" testType="13cdc9d9-ddb5-4fa4-a97d-d965ccfc6d4b" outcome="Passed" testListId="8c84fa94-04c1-424b-9868-57a2d4851a1d" relativeResultsDirectory="a9431950-f2c7-468b-8b30-4906dd8fb077" />
    <UnitTestResult executionId="e45cbc8c-c283-4d4c-ae27-64c4fe271072" testId="0c24c63b-3830-3301-a1e5-5fe7e0645615" testName="Превью материала: LaTeX отображается как PDF" computerName="df2fa4c7c641" duration="00:00:00.4918660" startTime="2023-11-09T07:51:06.4414603+00:00" endTime="2023-11-09T07:51:06.9333263+00:00" testType="13cdc9d9-ddb5-4fa4-a97d-d965ccfc6d4b" outcome="NotExecuted" testListId="8c84fa94-04c1-424b-9868-57a2d4851a1d" relativeResultsDirectory="e45cbc8c-c283-4d4c-ae27-64c4fe271072">
      <Output>
        <StdOut>https://test11.odin.study/ru/Content/Library/18927

Данный тест не запускается в режиме headless</StdOut>
        <ErrorInfo>
          <Message>Данный тест не запускается в режиме headless</Message>
        </ErrorInfo>
      </Output>
      <ResultFiles>
        <ResultFile path="df2fa4c7c641/CheckVisibilityOfLaTeXMaterialPreview.jpg" />
      </ResultFiles>
    </UnitTestResult>
    <UnitTestResult executionId="1de57140-3bf3-421f-9c5b-30e7986afc87" testId="d844a397-e552-f0d0-b83f-8bd4713378de" testName="Редактирование активности: проверка формата активности офлайн" computerName="df2fa4c7c641" duration="00:00:09.6460160" startTime="2023-11-09T07:43:49.2962773+00:00" endTime="2023-11-09T07:43:58.9422933+00:00" testType="13cdc9d9-ddb5-4fa4-a97d-d965ccfc6d4b" outcome="Passed" testListId="8c84fa94-04c1-424b-9868-57a2d4851a1d" relativeResultsDirectory="1de57140-3bf3-421f-9c5b-30e7986afc87" />
    <UnitTestResult executionId="96272ebc-cc68-4a93-9af2-ad687592194e" testId="52a66103-f7ac-c74a-4e36-db65831a08b9" testName="Список чатов - личный чат: можно добавить новый чат" computerName="df2fa4c7c641" duration="00:00:20.2716610" startTime="2023-11-09T07:48:57.2067431+00:00" endTime="2023-11-09T07:49:17.4784039+00:00" testType="13cdc9d9-ddb5-4fa4-a97d-d965ccfc6d4b" outcome="Passed" testListId="8c84fa94-04c1-424b-9868-57a2d4851a1d" relativeResultsDirectory="96272ebc-cc68-4a93-9af2-ad687592194e" />
    <UnitTestResult executionId="224bdc26-1cf4-4e9a-8b13-4182af9ed926" testId="17956988-fbb9-e1e1-7909-4be3b13a756c" testName="Редактирование шаблона контрольной: можно добавить материал типа текст из библиотеки" computerName="df2fa4c7c641" duration="00:00:13.0143810" startTime="2023-11-09T07:46:32.2138611+00:00" endTime="2023-11-09T07:46:45.2282421+00:00" testType="13cdc9d9-ddb5-4fa4-a97d-d965ccfc6d4b" outcome="Passed" testListId="8c84fa94-04c1-424b-9868-57a2d4851a1d" relativeResultsDirectory="224bdc26-1cf4-4e9a-8b13-4182af9ed926" />
    <UnitTestResult executionId="fe2d7938-7385-4f57-b9a3-66874297d947" testId="a9a908d2-3862-5343-289a-a4264e93defb" testName="Конструктор теста-тренажера: можно добавить вопрос с типом ответа “Сортировка”" computerName="df2fa4c7c641" duration="00:00:17.1426290" startTime="2023-11-09T07:53:05.9360400+00:00" endTime="2023-11-09T07:53:23.0786688+00:00" testType="13cdc9d9-ddb5-4fa4-a97d-d965ccfc6d4b" outcome="Passed" testListId="8c84fa94-04c1-424b-9868-57a2d4851a1d" relativeResultsDirectory="fe2d7938-7385-4f57-b9a3-66874297d947" />
    <UnitTestResult executionId="ba7e895a-e145-491d-b88f-1d6610d2bd5e" testId="693eff82-1c67-fdd6-eae1-9f510e5dbd34" testName="Редактирование дисциплины: успешное сохранение, если обе даты корректно заполнены" computerName="df2fa4c7c641" duration="00:00:11.0353630" startTime="2023-11-09T07:49:16.2701547+00:00" endTime="2023-11-09T07:49:27.3055173+00:00" testType="13cdc9d9-ddb5-4fa4-a97d-d965ccfc6d4b" outcome="Passed" testListId="8c84fa94-04c1-424b-9868-57a2d4851a1d" relativeResultsDirectory="ba7e895a-e145-491d-b88f-1d6610d2bd5e" />
    <UnitTestResult executionId="5483c4a9-2aa3-448e-8900-6615bc724f06" testId="831622b0-314b-7323-66a1-e3824518461f" testName="Редактирование контрольной: отображение ошибки валидации для поля 'Количество попыток сдачи' с значением &gt; 20" computerName="df2fa4c7c641" duration="00:00:04.6862470" startTime="2023-11-09T07:45:05.1121304+00:00" endTime="2023-11-09T07:45:09.7983772+00:00" testType="13cdc9d9-ddb5-4fa4-a97d-d965ccfc6d4b" outcome="Passed" testListId="8c84fa94-04c1-424b-9868-57a2d4851a1d" relativeResultsDirectory="5483c4a9-2aa3-448e-8900-6615bc724f06" />
    <UnitTestResult executionId="d338414a-58b3-4eed-bc44-f56b1bd36935" testId="2a7e10bc-b7aa-47a9-64ed-a953b3d8bd98" testName="Редактирование активности: отображение ошибки валидации для поля 'Объём' с значением &gt; 100" computerName="df2fa4c7c641" duration="00:00:04.7100370" startTime="2023-11-09T07:44:44.5568707+00:00" endTime="2023-11-09T07:44:49.2669075+00:00" testType="13cdc9d9-ddb5-4fa4-a97d-d965ccfc6d4b" outcome="Passed" testListId="8c84fa94-04c1-424b-9868-57a2d4851a1d" relativeResultsDirectory="d338414a-58b3-4eed-bc44-f56b1bd36935" />
    <UnitTestResult executionId="e17a34d3-c9ff-44a1-89e9-e076f6dfa129" testId="471cc151-731f-6811-8625-d435f887b64b" testName="Создание потока: нет предупреждения о несоответствии длительности потока для программ длительностью кроме 72, 144 и 256 часов" computerName="df2fa4c7c641" duration="00:00:06.6554460" startTime="2023-11-09T07:47:45.1235694+00:00" endTime="2023-11-09T07:47:51.7790155+00:00" testType="13cdc9d9-ddb5-4fa4-a97d-d965ccfc6d4b" outcome="Passed" testListId="8c84fa94-04c1-424b-9868-57a2d4851a1d" relativeResultsDirectory="e17a34d3-c9ff-44a1-89e9-e076f6dfa129" />
    <UnitTestResult executionId="248cc016-8e0d-4bb5-ac9e-a767c85754af" testId="57c26824-d037-9a67-ff0c-1a78bd86fa67" testName="Редактирование программы ДО: нет возможности удаления программы у его админа" computerName="df2fa4c7c641" duration="00:00:04.4703290" startTime="2023-11-09T07:53:26.2118513+00:00" endTime="2023-11-09T07:53:30.6821800+00:00" testType="13cdc9d9-ddb5-4fa4-a97d-d965ccfc6d4b" outcome="Passed" testListId="8c84fa94-04c1-424b-9868-57a2d4851a1d" relativeResultsDirectory="248cc016-8e0d-4bb5-ac9e-a767c85754af">
      <Output>
        <StdOut>Авторизоватся под администратором программы Мария Сергеевна</StdOut>
      </Output>
    </UnitTestResult>
    <UnitTestResult executionId="26dbf297-3a0a-4987-bf17-dce03da31970" testId="21891b69-8b52-3257-fb35-c3de556a2f53" testName="Страница материала: студенту недоступно выставление своего материала на Биржу" computerName="df2fa4c7c641" duration="00:00:02.4481670" startTime="2023-11-09T07:51:08.0443971+00:00" endTime="2023-11-09T07:51:10.4925636+00:00" testType="13cdc9d9-ddb5-4fa4-a97d-d965ccfc6d4b" outcome="Passed" testListId="8c84fa94-04c1-424b-9868-57a2d4851a1d" relativeResultsDirectory="26dbf297-3a0a-4987-bf17-dce03da31970" />
    <UnitTestResult executionId="e8ccd2f7-fc6d-474e-bad3-72d06e6df1fc" testId="ee2c155f-9f44-bf81-a741-c75b7733d35d" testName="Редактирование дисциплины: отображение ошибки валидации для поля 'Кредиты' с отрицательным значением" computerName="df2fa4c7c641" duration="00:00:05.4501270" startTime="2023-11-09T07:49:43.2941014+00:00" endTime="2023-11-09T07:49:48.7442279+00:00" testType="13cdc9d9-ddb5-4fa4-a97d-d965ccfc6d4b" outcome="Passed" testListId="8c84fa94-04c1-424b-9868-57a2d4851a1d" relativeResultsDirectory="e8ccd2f7-fc6d-474e-bad3-72d06e6df1fc" />
    <UnitTestResult executionId="e9503b52-3fbf-4617-a049-10e3fb11ed17" testId="c406669d-57b4-4913-dd09-68dc4162e40a" testName="Редактирование дисциплины: открепления преподавателя от дисциплины" computerName="df2fa4c7c641" duration="00:00:09.5375710" startTime="2023-11-09T07:50:47.4373171+00:00" endTime="2023-11-09T07:50:56.9748878+00:00" testType="13cdc9d9-ddb5-4fa4-a97d-d965ccfc6d4b" outcome="Passed" testListId="8c84fa94-04c1-424b-9868-57a2d4851a1d" relativeResultsDirectory="e9503b52-3fbf-4617-a049-10e3fb11ed17" />
    <UnitTestResult executionId="b951d26a-5aab-454c-a237-3da223c2448d" testId="4a1ed136-e236-4f66-48b3-0f2c02687ec1" testName="Библиотека: наличие пункта “Выбрать” в меню при правом клике на каталог или материал" computerName="df2fa4c7c641" duration="00:00:05.1117920" startTime="2023-11-09T07:50:31.5388668+00:00" endTime="2023-11-09T07:50:36.6506584+00:00" testType="13cdc9d9-ddb5-4fa4-a97d-d965ccfc6d4b" outcome="Passed" testListId="8c84fa94-04c1-424b-9868-57a2d4851a1d" relativeResultsDirectory="b951d26a-5aab-454c-a237-3da223c2448d" />
    <UnitTestResult executionId="7536fd30-2075-4cce-8a7b-d0291cf9ac5e" testId="47f1f8d9-e02d-e2a5-ffdf-d6fdd03bfe92" testName="Создание потока ДО: работает кнопка 'Отмена', если страница создание был открыть по прямой ссылке" computerName="df2fa4c7c641" duration="00:00:01.4667020" startTime="2023-11-09T07:47:28.5559969+00:00" endTime="2023-11-09T07:47:30.0226989+00:00" testType="13cdc9d9-ddb5-4fa4-a97d-d965ccfc6d4b" outcome="Passed" testListId="8c84fa94-04c1-424b-9868-57a2d4851a1d" relativeResultsDirectory="7536fd30-2075-4cce-8a7b-d0291cf9ac5e" />
    <UnitTestResult executionId="bcea10d0-28a5-40e5-9bda-b32eafc3b583" testId="884f31dd-1b05-e7e7-c13a-35d9e07a242a" testName="Редактирование активности: отображение ошибки валидации для поля 'Объём' с отрицательным значением" computerName="df2fa4c7c641" duration="00:00:04.5929760" startTime="2023-11-09T07:44:35.6224147+00:00" endTime="2023-11-09T07:44:40.2153903+00:00" testType="13cdc9d9-ddb5-4fa4-a97d-d965ccfc6d4b" outcome="Passed" testListId="8c84fa94-04c1-424b-9868-57a2d4851a1d" relativeResultsDirectory="bcea10d0-28a5-40e5-9bda-b32eafc3b583" />
    <UnitTestResult executionId="1778abf3-ff7c-4c4f-b3f7-376fa54fd274" testId="f0fd50cc-de21-cc73-10ee-ea0eb06682a7" testName="Редактирование активности: можно добавить материал типа тест-тренажёра из библиотеки не в контрольную" computerName="df2fa4c7c641" duration="00:00:13.3070920" startTime="2023-11-09T07:44:42.1232974+00:00" endTime="2023-11-09T07:44:55.4303888+00:00" testType="13cdc9d9-ddb5-4fa4-a97d-d965ccfc6d4b" outcome="Passed" testListId="8c84fa94-04c1-424b-9868-57a2d4851a1d" relativeResultsDirectory="1778abf3-ff7c-4c4f-b3f7-376fa54fd274" />
    <UnitTestResult executionId="c5c96bfb-a34e-4b5c-98a3-ccdcd5e242a3" testId="7d11ee05-8db2-3841-16d7-f2e15843dc7c" testName="Список чатов - личный чат: можно отправить текстовое сообщение" computerName="df2fa4c7c641" duration="00:00:10.6112730" startTime="2023-11-09T07:47:00.2723991+00:00" endTime="2023-11-09T07:47:10.8836723+00:00" testType="13cdc9d9-ddb5-4fa4-a97d-d965ccfc6d4b" outcome="Passed" testListId="8c84fa94-04c1-424b-9868-57a2d4851a1d" relativeResultsDirectory="c5c96bfb-a34e-4b5c-98a3-ccdcd5e242a3" />
    <UnitTestResult executionId="ae4ad6c6-f7c0-48d7-967b-dde42f301909" testId="1cafecf2-7632-839d-159c-41a7b90f05a8" testName="Конструктор теста-тренажера: можно удалить опцию из вопроса с типом ответа 'Сортировка'" computerName="df2fa4c7c641" duration="00:00:05.9128660" startTime="2023-11-09T07:53:26.8320784+00:00" endTime="2023-11-09T07:53:32.7449446+00:00" testType="13cdc9d9-ddb5-4fa4-a97d-d965ccfc6d4b" outcome="Passed" testListId="8c84fa94-04c1-424b-9868-57a2d4851a1d" relativeResultsDirectory="ae4ad6c6-f7c0-48d7-967b-dde42f301909" />
    <UnitTestResult executionId="03d04cc8-e2a2-40ab-8e4b-672bee43d3e7" testId="e5adaab7-d170-d4d5-56d3-cf9dbaa3cb5e" testName="Список чатов - обсуждение решения: можно отправить текстовое сообщение" computerName="df2fa4c7c641" duration="00:00:10.2651869" startTime="2023-11-09T07:47:02.4564692+00:00" endTime="2023-11-09T07:47:12.7216558+00:00" testType="13cdc9d9-ddb5-4fa4-a97d-d965ccfc6d4b" outcome="Passed" testListId="8c84fa94-04c1-424b-9868-57a2d4851a1d" relativeResultsDirectory="03d04cc8-e2a2-40ab-8e4b-672bee43d3e7" />
    <UnitTestResult executionId="07e23a1b-1d9a-49e8-8b8c-a6e8bf64c2fe" testId="95127249-c5fd-b1de-a206-395b9ac64940" testName="Страница оценок дисциплины: отсутствия кнопки 'Итоговые оценки (ведомость)' у студента" computerName="df2fa4c7c641" duration="00:00:02.7111930" startTime="2023-11-09T07:50:36.2763138+00:00" endTime="2023-11-09T07:50:38.9875066+00:00" testType="13cdc9d9-ddb5-4fa4-a97d-d965ccfc6d4b" outcome="Passed" testListId="8c84fa94-04c1-424b-9868-57a2d4851a1d" relativeResultsDirectory="07e23a1b-1d9a-49e8-8b8c-a6e8bf64c2fe" />
    <UnitTestResult executionId="6425fe0c-0192-4052-ab6e-2f2a5142dd5c" testId="6bfcb065-d346-3310-4502-68ebb980533d" testName="Создание дисциплины: невозможно добавить студента из стороннего потока" computerName="df2fa4c7c641" duration="00:00:08.1374000" startTime="2023-11-09T07:50:02.5111370+00:00" endTime="2023-11-09T07:50:10.6485363+00:00" testType="13cdc9d9-ddb5-4fa4-a97d-d965ccfc6d4b" outcome="Passed" testListId="8c84fa94-04c1-424b-9868-57a2d4851a1d" relativeResultsDirectory="6425fe0c-0192-4052-ab6e-2f2a5142dd5c" />
    <UnitTestResult executionId="e01fa26f-a3ab-4c2b-bea3-6157e03b0516" testId="2b6d4d06-2cb8-2fc5-8776-fd2cac4659bd" testName="Редактирование дисциплины: открепления от дисциплины групп и студентов" computerName="df2fa4c7c641" duration="00:00:13.6456210" startTime="2023-11-09T07:51:17.0357490+00:00" endTime="2023-11-09T07:51:30.6813700+00:00" testType="13cdc9d9-ddb5-4fa4-a97d-d965ccfc6d4b" outcome="Passed" testListId="8c84fa94-04c1-424b-9868-57a2d4851a1d" relativeResultsDirectory="e01fa26f-a3ab-4c2b-bea3-6157e03b0516" />
    <UnitTestResult executionId="c706d26d-bc29-452f-8d47-7a45ed84157f" testId="032c91e4-a6ac-2e32-ba0d-7ef820366194" testName="Создание потока ДО: можно создать поток из шаблона, если все обязательные поля корректно заполнены" computerName="df2fa4c7c641" duration="00:00:37.3291710" startTime="2023-11-09T07:47:41.5992606+00:00" endTime="2023-11-09T07:48:18.9284316+00:00" testType="13cdc9d9-ddb5-4fa4-a97d-d965ccfc6d4b" outcome="Passed" testListId="8c84fa94-04c1-424b-9868-57a2d4851a1d" relativeResultsDirectory="c706d26d-bc29-452f-8d47-7a45ed84157f" />
    <UnitTestResult executionId="88d003b3-05ef-458c-8fad-684a3c609304" testId="11be4daf-1a80-0684-b175-d9a40a58d597" testName="Список чатов - чат для заметок: можно отправить сообщения по нажатию на Enter" computerName="df2fa4c7c641" duration="00:00:06.8081950" startTime="2023-11-09T07:48:33.3070128+00:00" endTime="2023-11-09T07:48:40.1152074+00:00" testType="13cdc9d9-ddb5-4fa4-a97d-d965ccfc6d4b" outcome="Passed" testListId="8c84fa94-04c1-424b-9868-57a2d4851a1d" relativeResultsDirectory="88d003b3-05ef-458c-8fad-684a3c609304" />
    <UnitTestResult executionId="e272e825-3bd6-41d6-874d-925c8265932e" testId="c3a5f685-f450-0831-b72f-14c47e4ca1f6" testName="Список чатов - групповой чат: можно найти отправленное сообщение" computerName="df2fa4c7c641" duration="00:00:04.2368190" startTime="2023-11-09T07:47:33.1397445+00:00" endTime="2023-11-09T07:47:37.3765627+00:00" testType="13cdc9d9-ddb5-4fa4-a97d-d965ccfc6d4b" outcome="Passed" testListId="8c84fa94-04c1-424b-9868-57a2d4851a1d" relativeResultsDirectory="e272e825-3bd6-41d6-874d-925c8265932e" />
    <UnitTestResult executionId="879dab36-eef6-4566-bc42-9cb73428dfce" testId="03a2e946-36f6-61d3-34e0-8f7e7b0fa688" testName="Страница оценок дисциплины: добавления формулы промежуточного результата" computerName="df2fa4c7c641" duration="00:00:16.1862830" startTime="2023-11-09T07:49:51.7067501+00:00" endTime="2023-11-09T07:50:07.8930325+00:00" testType="13cdc9d9-ddb5-4fa4-a97d-d965ccfc6d4b" outcome="Passed" testListId="8c84fa94-04c1-424b-9868-57a2d4851a1d" relativeResultsDirectory="879dab36-eef6-4566-bc42-9cb73428dfce" />
    <UnitTestResult executionId="809623cf-8954-415f-b828-3701bd90f9c0" testId="bf0b0ed6-93e3-ee89-27a4-8510ec3c05b4" testName="Редактирование активности: отображение ошибки валидации для поля 'Объём' с значением '0'" computerName="df2fa4c7c641" duration="00:00:04.3413940" startTime="2023-11-09T07:44:40.2154292+00:00" endTime="2023-11-09T07:44:44.5568230+00:00" testType="13cdc9d9-ddb5-4fa4-a97d-d965ccfc6d4b" outcome="Passed" testListId="8c84fa94-04c1-424b-9868-57a2d4851a1d" relativeResultsDirectory="809623cf-8954-415f-b828-3701bd90f9c0" />
    <UnitTestResult executionId="d0dc5146-b120-4b5f-a798-73330111e1f6" testId="70f0bd13-6e85-9ee5-98a5-ca2589593021" testName="Библиотека: можно переключать текущий вид библиотеки со “Списка” на “Плитку”" computerName="df2fa4c7c641" duration="00:00:10.5965589" startTime="2023-11-09T07:51:37.7310992+00:00" endTime="2023-11-09T07:51:48.3276578+00:00" testType="13cdc9d9-ddb5-4fa4-a97d-d965ccfc6d4b" outcome="Passed" testListId="8c84fa94-04c1-424b-9868-57a2d4851a1d" relativeResultsDirectory="d0dc5146-b120-4b5f-a798-73330111e1f6" />
    <UnitTestResult executionId="413eddcb-85b9-4526-ade3-c1226cedfd25" testId="27a24bbb-5e8a-5815-b7d5-ec44b129227a" testName="Конструктор теста-тренажера: можно добавить комментарий к вопросу" computerName="df2fa4c7c641" duration="00:00:10.3070860" startTime="2023-11-09T07:52:34.9462956+00:00" endTime="2023-11-09T07:52:45.2533814+00:00" testType="13cdc9d9-ddb5-4fa4-a97d-d965ccfc6d4b" outcome="Passed" testListId="8c84fa94-04c1-424b-9868-57a2d4851a1d" relativeResultsDirectory="413eddcb-85b9-4526-ade3-c1226cedfd25" />
    <UnitTestResult executionId="9c6bb518-eabe-4b67-9829-d7f94e5d5466" testId="e5f1d9f5-c29f-f8fb-62ca-365477e39b3d" testName="Конструктор теста: возможность снять отметку “верный” у варианта ответа" computerName="df2fa4c7c641" duration="00:00:09.4448000" startTime="2023-11-09T07:52:21.5221162+00:00" endTime="2023-11-09T07:52:30.9669158+00:00" testType="13cdc9d9-ddb5-4fa4-a97d-d965ccfc6d4b" outcome="Passed" testListId="8c84fa94-04c1-424b-9868-57a2d4851a1d" relativeResultsDirectory="9c6bb518-eabe-4b67-9829-d7f94e5d5466" />
    <UnitTestResult executionId="da201c56-2b92-4aee-9d34-a0d78d2da0a1" testId="c3fe49f6-7162-5f8a-6a18-4f2a0146acea" testName="Редактирование потока: успешное сохранение, если все обязательные поля корректно заполнены" computerName="df2fa4c7c641" duration="00:00:11.7445200" startTime="2023-11-09T07:47:41.5286706+00:00" endTime="2023-11-09T07:47:53.2731901+00:00" testType="13cdc9d9-ddb5-4fa4-a97d-d965ccfc6d4b" outcome="Passed" testListId="8c84fa94-04c1-424b-9868-57a2d4851a1d" relativeResultsDirectory="da201c56-2b92-4aee-9d34-a0d78d2da0a1" />
    <UnitTestResult executionId="ddd9ca83-79d6-409e-b28c-d3b7e85eadf9" testId="3aa406a4-801b-40e4-fc5e-76a260e196d7" testName="Редактирование дисциплины: снятия блокировки чата дисциплины" computerName="df2fa4c7c641" duration="00:00:08.3308990" startTime="2023-11-09T07:49:11.0114245+00:00" endTime="2023-11-09T07:49:19.3423229+00:00" testType="13cdc9d9-ddb5-4fa4-a97d-d965ccfc6d4b" outcome="Passed" testListId="8c84fa94-04c1-424b-9868-57a2d4851a1d" relativeResultsDirectory="ddd9ca83-79d6-409e-b28c-d3b7e85eadf9">
      <Output>
        <StdOut>Авторизоватся под преподавателем Дарья Тестовая</StdOut>
      </Output>
    </UnitTestResult>
    <UnitTestResult executionId="0446a69e-e04f-4080-99ee-a4f5bc432272" testId="f4b29e79-b725-906a-8b9a-dd8edabb5bbc" testName="Результат прохождения: студент не может просматривать подробную информацию о результатах, если отключена соответственная опция" computerName="df2fa4c7c641" duration="00:00:09.5390890" startTime="2023-11-09T07:45:17.1718129+00:00" endTime="2023-11-09T07:45:26.7109012+00:00" testType="13cdc9d9-ddb5-4fa4-a97d-d965ccfc6d4b" outcome="Passed" testListId="8c84fa94-04c1-424b-9868-57a2d4851a1d" relativeResultsDirectory="0446a69e-e04f-4080-99ee-a4f5bc432272" />
    <UnitTestResult executionId="f6c1ab86-3e07-439f-ad5d-057bfe5e2d0b" testId="a7b3c0c7-0cb6-68bb-d534-ede8473da958" testName="Редактирование дисциплины: в выпадающем списке поля Студенты отображаются только студенты потока" computerName="df2fa4c7c641" duration="00:00:09.0572070" startTime="2023-11-09T07:50:54.4719613+00:00" endTime="2023-11-09T07:51:03.5291678+00:00" testType="13cdc9d9-ddb5-4fa4-a97d-d965ccfc6d4b" outcome="Passed" testListId="8c84fa94-04c1-424b-9868-57a2d4851a1d" relativeResultsDirectory="f6c1ab86-3e07-439f-ad5d-057bfe5e2d0b" />
    <UnitTestResult executionId="1fac13a7-de30-484e-a456-66936797b5a8" testId="9804c22f-ae29-ba3f-d667-333571664677" testName="Страница командной контрольной: можно редактировать команду" computerName="df2fa4c7c641" duration="00:00:19.1999950" startTime="2023-11-09T07:45:32.9672714+00:00" endTime="2023-11-09T07:45:52.1672663+00:00" testType="13cdc9d9-ddb5-4fa4-a97d-d965ccfc6d4b" outcome="Passed" testListId="8c84fa94-04c1-424b-9868-57a2d4851a1d" relativeResultsDirectory="1fac13a7-de30-484e-a456-66936797b5a8" />
    <UnitTestResult executionId="602f8c25-3365-489b-9702-d5994bd76d60" testId="e1813d35-5b77-82b8-8bd4-f49e34412e95" testName="Чат на странице решения: невозможно отправить пустое сообщение" computerName="df2fa4c7c641" duration="00:00:09.7613920" startTime="2023-11-09T07:47:17.1165181+00:00" endTime="2023-11-09T07:47:26.8779094+00:00" testType="13cdc9d9-ddb5-4fa4-a97d-d965ccfc6d4b" outcome="Passed" testListId="8c84fa94-04c1-424b-9868-57a2d4851a1d" relativeResultsDirectory="602f8c25-3365-489b-9702-d5994bd76d60" />
    <UnitTestResult executionId="bb941e99-23cc-4a02-9120-f26fc237a2d7" testId="74a9a422-fb97-fcda-9283-e89d3b4a540b" testName="Список чатов - групповой чат: можно изменить название чата" computerName="df2fa4c7c641" duration="00:00:07.0950840" startTime="2023-11-09T07:48:42.2300543+00:00" endTime="2023-11-09T07:48:49.3251382+00:00" testType="13cdc9d9-ddb5-4fa4-a97d-d965ccfc6d4b" outcome="Passed" testListId="8c84fa94-04c1-424b-9868-57a2d4851a1d" relativeResultsDirectory="bb941e99-23cc-4a02-9120-f26fc237a2d7" />
    <UnitTestResult executionId="a8c98d68-ca30-40f7-9f80-638239d8407a" testId="f12de5d8-e938-0034-8b71-4eb971ae04a8" testName="Результат прохождения: можно отметить 'Не верно' ответ вопроса с типом ответа свободный ответ или файл" computerName="df2fa4c7c641" duration="00:00:08.8486590" startTime="2023-11-09T07:46:33.0022786+00:00" endTime="2023-11-09T07:46:41.8509368+00:00" testType="13cdc9d9-ddb5-4fa4-a97d-d965ccfc6d4b" outcome="Passed" testListId="8c84fa94-04c1-424b-9868-57a2d4851a1d" relativeResultsDirectory="a8c98d68-ca30-40f7-9f80-638239d8407a" />
    <UnitTestResult executionId="68b15e96-98c1-4395-9709-81826f57e08c" testId="c9938d85-5f8c-1503-d2f8-93829f01fbeb" testName="Библиотека, списочный вид: можно удалить каталог через actions-кнопки" computerName="df2fa4c7c641" duration="00:00:11.9974969" startTime="2023-11-09T07:52:50.8409125+00:00" endTime="2023-11-09T07:53:02.8384089+00:00" testType="13cdc9d9-ddb5-4fa4-a97d-d965ccfc6d4b" outcome="Passed" testListId="8c84fa94-04c1-424b-9868-57a2d4851a1d" relativeResultsDirectory="68b15e96-98c1-4395-9709-81826f57e08c" />
    <UnitTestResult executionId="d54d3205-d0ca-42cb-9108-bd18af71f1f5" testId="292e0379-7da4-8ac4-9e3f-450370bb2b79" testName="Редактирование шаблона контрольной: можно переключать значения в поле 'Оценка по SCORM результату'" computerName="df2fa4c7c641" duration="00:00:11.0822369" startTime="2023-11-09T07:47:07.2840287+00:00" endTime="2023-11-09T07:47:18.3662654+00:00" testType="13cdc9d9-ddb5-4fa4-a97d-d965ccfc6d4b" outcome="Passed" testListId="8c84fa94-04c1-424b-9868-57a2d4851a1d" relativeResultsDirectory="d54d3205-d0ca-42cb-9108-bd18af71f1f5" />
    <UnitTestResult executionId="5450b253-bb13-4f50-9727-c3f0d84bf6f3" testId="2ef976bc-6c0a-b4c2-54d0-7da223bff2d1" testName="Редактирование дисциплины: нет возможности редактировать у администратора подразделения, к которому дисциплина НЕ относится" computerName="df2fa4c7c641" duration="00:00:03.7318000" startTime="2023-11-09T07:49:07.9286046+00:00" endTime="2023-11-09T07:49:11.6604040+00:00" testType="13cdc9d9-ddb5-4fa4-a97d-d965ccfc6d4b" outcome="Passed" testListId="8c84fa94-04c1-424b-9868-57a2d4851a1d" relativeResultsDirectory="5450b253-bb13-4f50-9727-c3f0d84bf6f3">
      <Output>
        <StdOut>Авторизоватся под администратором подразделении Лариса Семеновна</StdOut>
      </Output>
    </UnitTestResult>
    <UnitTestResult executionId="788b0120-041e-4897-933c-094d606dbc9c" testId="46f628a7-d311-645f-80fd-fd39d5356211" testName="Редактирование активности: можно изменить название" computerName="df2fa4c7c641" duration="00:00:04.8457440" startTime="2023-11-09T07:43:57.6867776+00:00" endTime="2023-11-09T07:44:02.5325209+00:00" testType="13cdc9d9-ddb5-4fa4-a97d-d965ccfc6d4b" outcome="Passed" testListId="8c84fa94-04c1-424b-9868-57a2d4851a1d" relativeResultsDirectory="788b0120-041e-4897-933c-094d606dbc9c" />
    <UnitTestResult executionId="71d5f7b8-ed66-4ae8-856e-05fde3df41d4" testId="cabf96a9-a1a7-bd87-f408-8dd3b9253bd7" testName="Миничат звонка - комната дисциплины: можно отправить текстовое сообщение" computerName="df2fa4c7c641" duration="00:00:32.8309520" startTime="2023-11-09T07:46:14.8569709+00:00" endTime="2023-11-09T07:46:47.6879227+00:00" testType="13cdc9d9-ddb5-4fa4-a97d-d965ccfc6d4b" outcome="Passed" testListId="8c84fa94-04c1-424b-9868-57a2d4851a1d" relativeResultsDirectory="71d5f7b8-ed66-4ae8-856e-05fde3df41d4">
      <ResultFiles>
        <ResultFile path="df2fa4c7c641/CheckSendTextMessageInDisciplineCallChat-FailsBeforeEndOfCall.jpg" />
      </ResultFiles>
    </UnitTestResult>
    <UnitTestResult executionId="c2be09a0-b596-466e-bdb4-b7c9e916d71f" testId="76c1bbb2-a2a1-178c-efcd-a072f54f3f04" testName="Список чатов - личный чат: можно сделать звонок" computerName="df2fa4c7c641" duration="00:00:10.9784430" startTime="2023-11-09T07:47:46.1854787+00:00" endTime="2023-11-09T07:47:57.1639213+00:00" testType="13cdc9d9-ddb5-4fa4-a97d-d965ccfc6d4b" outcome="Passed" testListId="8c84fa94-04c1-424b-9868-57a2d4851a1d" relativeResultsDirectory="c2be09a0-b596-466e-bdb4-b7c9e916d71f">
      <ResultFiles>
        <ResultFile path="df2fa4c7c641/CheckCallInPersonalChat-FailsBeforeEndOfCall.jpg" />
      </ResultFiles>
    </UnitTestResult>
    <UnitTestResult executionId="92ed8083-089c-46d2-9509-9ff5b31cef38" testId="249af250-94c8-37ea-37d3-9e90279adc97" testName="Редактирование дисциплины: наличия ошибки если дата окончания меньше даты начала" computerName="df2fa4c7c641" duration="00:00:08.4175270" startTime="2023-11-09T07:49:27.3057026+00:00" endTime="2023-11-09T07:49:35.7232293+00:00" testType="13cdc9d9-ddb5-4fa4-a97d-d965ccfc6d4b" outcome="Passed" testListId="8c84fa94-04c1-424b-9868-57a2d4851a1d" relativeResultsDirectory="92ed8083-089c-46d2-9509-9ff5b31cef38" />
    <UnitTestResult executionId="dd1191f6-345a-436b-a9d8-de4f53b428cb" testId="74031c7e-b6c0-77dd-ffdf-6ba418041ad5" testName="Редактирование активности: видимость материала во время проведения активности" computerName="df2fa4c7c641" duration="00:00:19.6435410" startTime="2023-11-09T07:43:48.3601113+00:00" endTime="2023-11-09T07:44:08.0036523+00:00" testType="13cdc9d9-ddb5-4fa4-a97d-d965ccfc6d4b" outcome="Passed" testListId="8c84fa94-04c1-424b-9868-57a2d4851a1d" relativeResultsDirectory="dd1191f6-345a-436b-a9d8-de4f53b428cb">
      <Output>
        <StdOut>Авторизоватся под студентом Smith John</StdOut>
      </Output>
    </UnitTestResult>
    <UnitTestResult executionId="55101a8a-5513-40c6-b681-88f8da0c813b" testId="348a55a5-0fcc-d6ff-5270-9d1230a9d465" testName="Редактирование дисциплины: можно очистить теги знаний" computerName="df2fa4c7c641" duration="00:00:07.2883950" startTime="2023-11-09T07:50:08.0838739+00:00" endTime="2023-11-09T07:50:15.3722687+00:00" testType="13cdc9d9-ddb5-4fa4-a97d-d965ccfc6d4b" outcome="Passed" testListId="8c84fa94-04c1-424b-9868-57a2d4851a1d" relativeResultsDirectory="55101a8a-5513-40c6-b681-88f8da0c813b" />
    <UnitTestResult executionId="0f2d4ec4-ee3a-4e7f-8a64-d15f442c154b" testId="07523d1f-e91c-effe-41f2-ada415cbdc4a" testName="Страница командной контрольной: статус и цвет у количества баллов в попытке различаются в зависимости от успешности" computerName="df2fa4c7c641" duration="00:00:08.3939270" startTime="2023-11-09T07:46:16.0694754+00:00" endTime="2023-11-09T07:46:24.4634015+00:00" testType="13cdc9d9-ddb5-4fa4-a97d-d965ccfc6d4b" outcome="Passed" testListId="8c84fa94-04c1-424b-9868-57a2d4851a1d" relativeResultsDirectory="0f2d4ec4-ee3a-4e7f-8a64-d15f442c154b" />
    <UnitTestResult executionId="1c33646c-ca53-4191-8f8b-943e7e1f6e47" testId="58abb4f2-9cc4-5246-7133-13980e77f7d7" testName="Страница командной контрольной: результат тестирования из попытках зависеть от настройки 'За лучшую попытку'" computerName="df2fa4c7c641" duration="00:00:20.7860970" startTime="2023-11-09T07:45:58.9522410+00:00" endTime="2023-11-09T07:46:19.7383380+00:00" testType="13cdc9d9-ddb5-4fa4-a97d-d965ccfc6d4b" outcome="Passed" testListId="8c84fa94-04c1-424b-9868-57a2d4851a1d" relativeResultsDirectory="1c33646c-ca53-4191-8f8b-943e7e1f6e47" />
    <UnitTestResult executionId="eacf68cf-c532-45b4-a8af-daf9f67dfd12" testId="c65d7e53-3983-c8a1-2316-5b1b9fc2f0f9" testName="Страница индивидуальной контрольной: отсутствует статус и иконка для одной незавершенной попыткой" computerName="df2fa4c7c641" duration="00:00:08.8824729" startTime="2023-11-09T07:45:08.4178809+00:00" endTime="2023-11-09T07:45:17.3003534+00:00" testType="13cdc9d9-ddb5-4fa4-a97d-d965ccfc6d4b" outcome="Passed" testListId="8c84fa94-04c1-424b-9868-57a2d4851a1d" relativeResultsDirectory="eacf68cf-c532-45b4-a8af-daf9f67dfd12" />
    <UnitTestResult executionId="bbe85f4a-72b6-4b45-b4fd-bd49009ba3e3" testId="361a7c21-7cb6-836c-7e6b-651eee133fc9" testName="Библиотека: можно отменить режим выбора, нажав на кнопку “Отмена” или сняв отметки с выбранных элементов" computerName="df2fa4c7c641" duration="00:00:08.0463480" startTime="2023-11-09T07:50:57.2959190+00:00" endTime="2023-11-09T07:51:05.3422665+00:00" testType="13cdc9d9-ddb5-4fa4-a97d-d965ccfc6d4b" outcome="Passed" testListId="8c84fa94-04c1-424b-9868-57a2d4851a1d" relativeResultsDirectory="bbe85f4a-72b6-4b45-b4fd-bd49009ba3e3" />
    <UnitTestResult executionId="5803c95c-9fc6-4415-a3eb-934536c07e72" testId="25cee678-c497-127f-c659-e1179d4365f7" testName="Страница звонка: можно включить/отключить камеру в звонке" computerName="df2fa4c7c641" duration="00:00:20.5801150" startTime="2023-11-09T07:46:14.7488291+00:00" endTime="2023-11-09T07:46:35.3289441+00:00" testType="13cdc9d9-ddb5-4fa4-a97d-d965ccfc6d4b" outcome="Passed" testListId="8c84fa94-04c1-424b-9868-57a2d4851a1d" relativeResultsDirectory="5803c95c-9fc6-4415-a3eb-934536c07e72" />
    <UnitTestResult executionId="a465b39a-2aa3-404c-873c-2ccfb6de83f2" testId="9442f3d6-90f3-240d-08eb-80f9526e488d" testName="Создание потока ДО: работает кнопка 'Отмена', если страница создание был открыть со страницы программы" computerName="df2fa4c7c641" duration="00:00:04.7271729" startTime="2023-11-09T07:47:23.8287437+00:00" endTime="2023-11-09T07:47:28.5559166+00:00" testType="13cdc9d9-ddb5-4fa4-a97d-d965ccfc6d4b" outcome="Passed" testListId="8c84fa94-04c1-424b-9868-57a2d4851a1d" relativeResultsDirectory="a465b39a-2aa3-404c-873c-2ccfb6de83f2" />
    <UnitTestResult executionId="209b26a7-9478-4369-a80f-f5417f21f1eb" testId="ae5cb392-ff0d-557e-5f2d-ad64330f62cf" testName="Список чатов - чат для заметок: можно отправить смайлики" computerName="df2fa4c7c641" duration="00:00:08.5507519" startTime="2023-11-09T07:48:15.8572664+00:00" endTime="2023-11-09T07:48:24.4080182+00:00" testType="13cdc9d9-ddb5-4fa4-a97d-d965ccfc6d4b" outcome="Passed" testListId="8c84fa94-04c1-424b-9868-57a2d4851a1d" relativeResultsDirectory="209b26a7-9478-4369-a80f-f5417f21f1eb" />
    <UnitTestResult executionId="d1ade284-40b9-43d0-afdb-6c762b12e94e" testId="8467a62a-55bb-1bb4-1183-a2ad9918beb1" testName="Чекбокс многокритериальная проверка отображается, если выбрана стандартная проверка" computerName="df2fa4c7c641" duration="00:00:06.4908510" startTime="2023-11-09T07:43:49.3106257+00:00" endTime="2023-11-09T07:43:55.8014756+00:00" testType="13cdc9d9-ddb5-4fa4-a97d-d965ccfc6d4b" outcome="Passed" testListId="8c84fa94-04c1-424b-9868-57a2d4851a1d" relativeResultsDirectory="d1ade284-40b9-43d0-afdb-6c762b12e94e" />
    <UnitTestResult executionId="d93e13a8-8892-4c1f-ae39-ea81bfc24bb7" testId="03cabd3a-f254-1e66-9b78-cf90588daa73" testName="Библиотека, списочный вид: можно переименовать материал" computerName="df2fa4c7c641" duration="00:00:12.5892450" startTime="2023-11-09T07:51:43.1957793+00:00" endTime="2023-11-09T07:51:55.7850241+00:00" testType="13cdc9d9-ddb5-4fa4-a97d-d965ccfc6d4b" outcome="Passed" testListId="8c84fa94-04c1-424b-9868-57a2d4851a1d" relativeResultsDirectory="d93e13a8-8892-4c1f-ae39-ea81bfc24bb7" />
    <UnitTestResult executionId="8a9f0b66-2194-4a74-ae47-a6a72bbdd9d6" testId="caab16fa-0336-e291-9f6e-a16befa87b37" testName="Редактирование потока: ошибка валидации, если дата начала не заполнена" computerName="df2fa4c7c641" duration="00:00:04.3884810" startTime="2023-11-09T07:48:19.1392551+00:00" endTime="2023-11-09T07:48:23.5277354+00:00" testType="13cdc9d9-ddb5-4fa4-a97d-d965ccfc6d4b" outcome="Passed" testListId="8c84fa94-04c1-424b-9868-57a2d4851a1d" relativeResultsDirectory="8a9f0b66-2194-4a74-ae47-a6a72bbdd9d6" />
    <UnitTestResult executionId="476724ea-76cb-44bd-97df-01dbd7866713" testId="a87843cf-16eb-d447-3184-a3e58b5a9220" testName="Создание дисциплины ДО: отображение ошибки валидации для поля 'Краткое название', если поле не заполнено" computerName="df2fa4c7c641" duration="00:00:07.8462470" startTime="2023-11-09T07:49:14.2274817+00:00" endTime="2023-11-09T07:49:22.0737285+00:00" testType="13cdc9d9-ddb5-4fa4-a97d-d965ccfc6d4b" outcome="Passed" testListId="8c84fa94-04c1-424b-9868-57a2d4851a1d" relativeResultsDirectory="476724ea-76cb-44bd-97df-01dbd7866713" />
    <UnitTestResult executionId="3628e993-8150-46d5-8eca-9f5445ffa396" testId="ea7678de-57e2-3b3f-01d1-0b35e1bd0bea" testName="Прохождение теста: невозможно пройти тест после окончания активности" computerName="df2fa4c7c641" duration="00:00:04.9081460" startTime="2023-11-09T07:46:03.3044925+00:00" endTime="2023-11-09T07:46:08.2126378+00:00" testType="13cdc9d9-ddb5-4fa4-a97d-d965ccfc6d4b" outcome="Passed" testListId="8c84fa94-04c1-424b-9868-57a2d4851a1d" relativeResultsDirectory="3628e993-8150-46d5-8eca-9f5445ffa396" />
    <UnitTestResult executionId="e67838c3-c78e-4f7a-935f-6de0e3d5cb82" testId="5c052b40-b637-57c8-be60-633e8de9a5d4" testName="Создание шаблона дисциплины: можно создать шаблон, если заполнены все поля" computerName="df2fa4c7c641" duration="00:00:08.1039490" startTime="2023-11-09T07:50:12.3361223+00:00" endTime="2023-11-09T07:50:20.4400707+00:00" testType="13cdc9d9-ddb5-4fa4-a97d-d965ccfc6d4b" outcome="Passed" testListId="8c84fa94-04c1-424b-9868-57a2d4851a1d" relativeResultsDirectory="e67838c3-c78e-4f7a-935f-6de0e3d5cb82" />
    <UnitTestResult executionId="fff95e87-c4fa-4143-a230-5f62edda6cbc" testId="629704bf-84e0-c230-a183-dfaf72f0925e" testName="Библиотека, плиточный вид: можно переименовать материал" computerName="df2fa4c7c641" duration="00:00:14.1876180" startTime="2023-11-09T07:51:10.5174739+00:00" endTime="2023-11-09T07:51:24.7050919+00:00" testType="13cdc9d9-ddb5-4fa4-a97d-d965ccfc6d4b" outcome="Passed" testListId="8c84fa94-04c1-424b-9868-57a2d4851a1d" relativeResultsDirectory="fff95e87-c4fa-4143-a230-5f62edda6cbc" />
    <UnitTestResult executionId="7b334faf-e495-4569-93f4-432ce85a745e" testId="66cd675e-9dc1-7f5b-859d-4ce48f2175e9" testName="Редактирование активности: проверка формата активности самостоятельное изучение" computerName="df2fa4c7c641" duration="00:00:06.1520650" startTime="2023-11-09T07:44:08.7061047+00:00" endTime="2023-11-09T07:44:14.8581691+00:00" testType="13cdc9d9-ddb5-4fa4-a97d-d965ccfc6d4b" outcome="Passed" testListId="8c84fa94-04c1-424b-9868-57a2d4851a1d" relativeResultsDirectory="7b334faf-e495-4569-93f4-432ce85a745e" />
    <UnitTestResult executionId="8787b1ea-f5a6-4e5d-920b-2c7da669082d" testId="2ed17502-9672-2f5d-9dec-047abc765e0d" testName="Библиотека, списочный вид: можно переместить материал в другой каталог" computerName="df2fa4c7c641" duration="00:00:23.0367740" startTime="2023-11-09T07:50:54.1865683+00:00" endTime="2023-11-09T07:51:17.2233418+00:00" testType="13cdc9d9-ddb5-4fa4-a97d-d965ccfc6d4b" outcome="Passed" testListId="8c84fa94-04c1-424b-9868-57a2d4851a1d" relativeResultsDirectory="8787b1ea-f5a6-4e5d-920b-2c7da669082d" />
    <UnitTestResult executionId="757e6739-d13d-4c8a-9e91-cafe9a92144a" testId="e63379fa-1278-efe2-726f-06fe3c693166" testName="Прохождение теста: можно продолжить выполнение незавершённой попытки" computerName="df2fa4c7c641" duration="00:00:12.1171900" startTime="2023-11-09T07:45:40.8721081+00:00" endTime="2023-11-09T07:45:52.9892983+00:00" testType="13cdc9d9-ddb5-4fa4-a97d-d965ccfc6d4b" outcome="Passed" testListId="8c84fa94-04c1-424b-9868-57a2d4851a1d" relativeResultsDirectory="757e6739-d13d-4c8a-9e91-cafe9a92144a" />
    <UnitTestResult executionId="a93c832a-ceb7-4e48-9820-bfffe7d298cf" testId="134dda9b-9265-22a5-a050-705108f3b467" testName="Создание дисциплины: есть возможность создать дисциплину выбрав галку ‘Все студенты потока’" computerName="df2fa4c7c641" duration="00:00:09.5059960" startTime="2023-11-09T07:50:35.2854133+00:00" endTime="2023-11-09T07:50:44.7914094+00:00" testType="13cdc9d9-ddb5-4fa4-a97d-d965ccfc6d4b" outcome="Passed" testListId="8c84fa94-04c1-424b-9868-57a2d4851a1d" relativeResultsDirectory="a93c832a-ceb7-4e48-9820-bfffe7d298cf" />
    <UnitTestResult executionId="6e1003cf-5a98-45fd-8fd1-dc1abc92c27c" testId="d1f7f9d4-a2d8-fd8c-989e-2d7a41c253ab" testName="Конструктор теста-тренажера: можно удалить вариант ответа из вопроса с типом ответа 'Свободный ответ' – 'Точное совпадение'" computerName="df2fa4c7c641" duration="00:00:06.0943520" startTime="2023-11-09T07:53:14.3837629+00:00" endTime="2023-11-09T07:53:20.4781147+00:00" testType="13cdc9d9-ddb5-4fa4-a97d-d965ccfc6d4b" outcome="Passed" testListId="8c84fa94-04c1-424b-9868-57a2d4851a1d" relativeResultsDirectory="6e1003cf-5a98-45fd-8fd1-dc1abc92c27c" />
    <UnitTestResult executionId="3db4c406-d895-4427-a6e4-388e9b21d2f3" testId="eab15f37-78b1-0106-06ff-ada5792ff1b1" testName="Список чатов - групповой чат: невозможно отправить пустое сообщение" computerName="df2fa4c7c641" duration="00:00:07.5465500" startTime="2023-11-09T07:46:43.5991564+00:00" endTime="2023-11-09T07:46:51.1457062+00:00" testType="13cdc9d9-ddb5-4fa4-a97d-d965ccfc6d4b" outcome="Passed" testListId="8c84fa94-04c1-424b-9868-57a2d4851a1d" relativeResultsDirectory="3db4c406-d895-4427-a6e4-388e9b21d2f3" />
    <UnitTestResult executionId="833c13d8-0baf-45da-9b89-678cb2791fc5" testId="de806d01-67f3-fb7f-c409-05e703183095" testName="Список чатов - комната дисциплины: можно редактировать сообщение в течение 4 часов после отправки" computerName="df2fa4c7c641" duration="00:00:16.7735200" startTime="2023-11-09T07:46:44.4253391+00:00" endTime="2023-11-09T07:47:01.1988591+00:00" testType="13cdc9d9-ddb5-4fa4-a97d-d965ccfc6d4b" outcome="Passed" testListId="8c84fa94-04c1-424b-9868-57a2d4851a1d" relativeResultsDirectory="833c13d8-0baf-45da-9b89-678cb2791fc5" />
    <UnitTestResult executionId="6d7d2b0d-8a79-4715-95d1-e12ff8d3a6e2" testId="930ec06f-701e-5570-6bd6-289faf85633b" testName="Список чатов - чат для заметок: можно отправить текстовое сообщение" computerName="df2fa4c7c641" duration="00:00:11.3324090" startTime="2023-11-09T07:46:54.6390326+00:00" endTime="2023-11-09T07:47:05.9714424+00:00" testType="13cdc9d9-ddb5-4fa4-a97d-d965ccfc6d4b" outcome="Passed" testListId="8c84fa94-04c1-424b-9868-57a2d4851a1d" relativeResultsDirectory="6d7d2b0d-8a79-4715-95d1-e12ff8d3a6e2" />
    <UnitTestResult executionId="1329938b-4915-4df6-a72c-97f4292f4238" testId="628e6413-ffb8-20ef-887e-10b4ecf77c18" testName="Лейбл образовательного проекта отображается под названием программы ДО" computerName="df2fa4c7c641" duration="00:00:02.5572440" startTime="2023-11-09T07:50:57.1525143+00:00" endTime="2023-11-09T07:50:59.7097579+00:00" testType="13cdc9d9-ddb5-4fa4-a97d-d965ccfc6d4b" outcome="Passed" testListId="8c84fa94-04c1-424b-9868-57a2d4851a1d" relativeResultsDirectory="1329938b-4915-4df6-a72c-97f4292f4238" />
    <UnitTestResult executionId="b3371548-6151-41aa-b0cb-74175a338661" testId="de32d5df-9189-92e3-6a8c-3d247ec71657" testName="Конструктор теста: можно добавить блок" computerName="df2fa4c7c641" duration="00:00:11.3441890" startTime="2023-11-09T07:52:26.6951204+00:00" endTime="2023-11-09T07:52:38.0393086+00:00" testType="13cdc9d9-ddb5-4fa4-a97d-d965ccfc6d4b" outcome="Passed" testListId="8c84fa94-04c1-424b-9868-57a2d4851a1d" relativeResultsDirectory="b3371548-6151-41aa-b0cb-74175a338661" />
    <UnitTestResult executionId="7c821f9f-9c72-4824-a885-cc0de2170c8c" testId="89a45def-634f-decc-b633-9e73b92781b0" testName="Конструктор теста-тренажера: возможность снять отметку “верный” у варианта ответа" computerName="df2fa4c7c641" duration="00:00:10.3016610" startTime="2023-11-09T07:53:12.4199571+00:00" endTime="2023-11-09T07:53:22.7216174+00:00" testType="13cdc9d9-ddb5-4fa4-a97d-d965ccfc6d4b" outcome="Passed" testListId="8c84fa94-04c1-424b-9868-57a2d4851a1d" relativeResultsDirectory="7c821f9f-9c72-4824-a885-cc0de2170c8c" />
    <UnitTestResult executionId="e716035c-45c2-4892-832d-ce6a4e77aa32" testId="1670871d-d292-208e-19d6-10cb9fd6a5e5" testName="Конструктор теста: можно добавить еще один вариант на сопоставление в вопрос с типом ответа 'Сопоставление'" computerName="df2fa4c7c641" duration="00:00:08.7172280" startTime="2023-11-09T07:51:40.8998364+00:00" endTime="2023-11-09T07:51:49.6170641+00:00" testType="13cdc9d9-ddb5-4fa4-a97d-d965ccfc6d4b" outcome="Passed" testListId="8c84fa94-04c1-424b-9868-57a2d4851a1d" relativeResultsDirectory="e716035c-45c2-4892-832d-ce6a4e77aa32" />
    <UnitTestResult executionId="e6544fd8-b3a2-4f23-9508-205e15855fbf" testId="89552b5d-ca08-1714-8f9f-6c8510c744bf" testName="Редактирование потока ДО (СЗ): нет возможности редактировать поток программы 2021 года, если в нем есть слушатели" computerName="df2fa4c7c641" duration="00:00:01.5257120" startTime="2023-11-09T07:48:42.2961721+00:00" endTime="2023-11-09T07:48:43.8218836+00:00" testType="13cdc9d9-ddb5-4fa4-a97d-d965ccfc6d4b" outcome="Passed" testListId="8c84fa94-04c1-424b-9868-57a2d4851a1d" relativeResultsDirectory="e6544fd8-b3a2-4f23-9508-205e15855fbf" />
    <UnitTestResult executionId="4c8c1008-bf1d-4882-8ca6-6775a3779eb1" testId="47fc73df-b6bd-a70f-e5d2-bc6c1b3a0cce" testName="Прохождение теста: можно отменить отправку для проверки ('Изменить ответы')" computerName="df2fa4c7c641" duration="00:00:10.3137470" startTime="2023-11-09T07:45:52.9897282+00:00" endTime="2023-11-09T07:46:03.3034742+00:00" testType="13cdc9d9-ddb5-4fa4-a97d-d965ccfc6d4b" outcome="Passed" testListId="8c84fa94-04c1-424b-9868-57a2d4851a1d" relativeResultsDirectory="4c8c1008-bf1d-4882-8ca6-6775a3779eb1" />
    <UnitTestResult executionId="60a4fd0b-1334-44d6-8bf1-b9d5c5c46521" testId="600fbf16-7497-dc66-1752-e29b89a4a85d" testName="Редактирование активности: можно очистить теги знаний" computerName="df2fa4c7c641" duration="00:00:08.8099139" startTime="2023-11-09T07:44:15.7050068+00:00" endTime="2023-11-09T07:44:24.5149205+00:00" testType="13cdc9d9-ddb5-4fa4-a97d-d965ccfc6d4b" outcome="Passed" testListId="8c84fa94-04c1-424b-9868-57a2d4851a1d" relativeResultsDirectory="60a4fd0b-1334-44d6-8bf1-b9d5c5c46521" />
    <UnitTestResult executionId="c3f55aa2-95d4-46d1-9061-7fb07da2b204" testId="9c26ed14-c131-0c2c-7151-6f13a5b07922" testName="Можно скачать аналитику активности студентов по потокам" computerName="df2fa4c7c641" duration="00:00:03.2649390" startTime="2023-11-09T07:50:51.3113485+00:00" endTime="2023-11-09T07:50:54.5762867+00:00" testType="13cdc9d9-ddb5-4fa4-a97d-d965ccfc6d4b" outcome="Passed" testListId="8c84fa94-04c1-424b-9868-57a2d4851a1d" relativeResultsDirectory="c3f55aa2-95d4-46d1-9061-7fb07da2b204" />
    <UnitTestResult executionId="9998141d-492c-4e42-ad42-4f4497f2714b" testId="a4986792-fbf3-74e1-9e23-e9afb21d48f8" testName="Библиотека, плиточный вид: можно переименовать каталог" computerName="df2fa4c7c641" duration="00:00:13.4639400" startTime="2023-11-09T07:50:57.0534249+00:00" endTime="2023-11-09T07:51:10.5173641+00:00" testType="13cdc9d9-ddb5-4fa4-a97d-d965ccfc6d4b" outcome="Passed" testListId="8c84fa94-04c1-424b-9868-57a2d4851a1d" relativeResultsDirectory="9998141d-492c-4e42-ad42-4f4497f2714b" />
    <UnitTestResult executionId="b921fac3-48c6-4f98-9a63-dea77056069c" testId="b7126675-d717-c811-4be5-d895b949d03e" testName="Редактирование шаблона активности: можно изменить название" computerName="df2fa4c7c641" duration="00:00:07.6756760" startTime="2023-11-09T07:46:17.2244155+00:00" endTime="2023-11-09T07:46:24.9000913+00:00" testType="13cdc9d9-ddb5-4fa4-a97d-d965ccfc6d4b" outcome="Passed" testListId="8c84fa94-04c1-424b-9868-57a2d4851a1d" relativeResultsDirectory="b921fac3-48c6-4f98-9a63-dea77056069c" />
    <UnitTestResult executionId="6b259483-2bb4-4807-af66-76bceefd848b" testId="cb5ae8f8-0206-01b1-8aaa-55ca4e09a16a" testName="Редактирование программы ДО: невозможно удалить программу с проектом СЗ" computerName="df2fa4c7c641" duration="00:00:01.9168610" startTime="2023-11-09T07:53:24.2948894+00:00" endTime="2023-11-09T07:53:26.2117500+00:00" testType="13cdc9d9-ddb5-4fa4-a97d-d965ccfc6d4b" outcome="Passed" testListId="8c84fa94-04c1-424b-9868-57a2d4851a1d" relativeResultsDirectory="6b259483-2bb4-4807-af66-76bceefd848b" />
    <UnitTestResult executionId="f918ddd4-d638-45e8-bf86-7c140666e9c3" testId="e46e354e-fbb8-714a-fbac-3ca7308b9753" testName="Редактирование дисциплины: галка ‘Все студенты потока’ дизаблена и невозможно его снять, если дисциплина относится к нацпроекту" computerName="df2fa4c7c641" duration="00:00:03.4583360" startTime="2023-11-09T07:50:38.1420074+00:00" endTime="2023-11-09T07:50:41.6003429+00:00" testType="13cdc9d9-ddb5-4fa4-a97d-d965ccfc6d4b" outcome="Passed" testListId="8c84fa94-04c1-424b-9868-57a2d4851a1d" relativeResultsDirectory="f918ddd4-d638-45e8-bf86-7c140666e9c3" />
    <UnitTestResult executionId="f87caa36-2947-4d20-b4da-0650c96b8993" testId="a14ca053-aae4-f91a-2c83-435378104530" testName="Ошибка валидации в обязательных полях, если они не заполнены" computerName="df2fa4c7c641" duration="00:00:02.8518320" startTime="2023-11-09T07:50:45.6382557+00:00" endTime="2023-11-09T07:50:48.4900875+00:00" testType="13cdc9d9-ddb5-4fa4-a97d-d965ccfc6d4b" outcome="Passed" testListId="8c84fa94-04c1-424b-9868-57a2d4851a1d" relativeResultsDirectory="f87caa36-2947-4d20-b4da-0650c96b8993" />
    <UnitTestResult executionId="82692c11-957b-45f3-a3b1-e9383bfcb48b" testId="8e68a4d0-ada4-e02b-757f-04caeb2912c7" testName="Редактирование потока ДО (СЗ): нет возможности удалить поток" computerName="df2fa4c7c641" duration="00:00:04.0707760" startTime="2023-11-09T07:48:55.2535367+00:00" endTime="2023-11-09T07:48:59.3243118+00:00" testType="13cdc9d9-ddb5-4fa4-a97d-d965ccfc6d4b" outcome="Passed" testListId="8c84fa94-04c1-424b-9868-57a2d4851a1d" relativeResultsDirectory="82692c11-957b-45f3-a3b1-e9383bfcb48b" />
    <UnitTestResult executionId="3e5db137-a078-42e0-8b51-7c64e8649348" testId="52db40dc-741b-a946-a7e3-4e3142923a03" testName="Нет возможности удалить значение в поле Тип" computerName="df2fa4c7c641" duration="00:00:01.5287450" startTime="2023-11-09T07:50:38.4917758+00:00" endTime="2023-11-09T07:50:40.0205208+00:00" testType="13cdc9d9-ddb5-4fa4-a97d-d965ccfc6d4b" outcome="Passed" testListId="8c84fa94-04c1-424b-9868-57a2d4851a1d" relativeResultsDirectory="3e5db137-a078-42e0-8b51-7c64e8649348" />
    <UnitTestResult executionId="6405f9e5-21e3-46de-8f73-86c874d1515a" testId="3bf8f421-70cc-ab89-c766-621c57ca2a57" testName="Конструктор теста: можно удалить комментария к вопросу" computerName="df2fa4c7c641" duration="00:00:06.6183290" startTime="2023-11-09T07:51:55.0072092+00:00" endTime="2023-11-09T07:52:01.6255380+00:00" testType="13cdc9d9-ddb5-4fa4-a97d-d965ccfc6d4b" outcome="Passed" testListId="8c84fa94-04c1-424b-9868-57a2d4851a1d" relativeResultsDirectory="6405f9e5-21e3-46de-8f73-86c874d1515a" />
    <UnitTestResult executionId="a12e49f6-a8c4-4874-b0e6-30ae689c6630" testId="58ebcbbb-f700-1b50-5bdc-ba2c8b1e9ad5" testName="Редактирование активности: проверка формата активности гибрид" computerName="df2fa4c7c641" duration="00:00:09.7634890" startTime="2023-11-09T07:43:58.9423943+00:00" endTime="2023-11-09T07:44:08.7058830+00:00" testType="13cdc9d9-ddb5-4fa4-a97d-d965ccfc6d4b" outcome="Passed" testListId="8c84fa94-04c1-424b-9868-57a2d4851a1d" relativeResultsDirectory="a12e49f6-a8c4-4874-b0e6-30ae689c6630" />
    <UnitTestResult executionId="2c361d0b-5ebe-42a8-8509-0c93d36982e1" testId="3e676587-930b-79ad-eab1-73552e8aff13" testName="Редактирование дисциплины: есть возможность сохранить дисциплину сняв галку ‘Все студенты потока’" computerName="df2fa4c7c641" duration="00:00:07.7263920" startTime="2023-11-09T07:51:38.2804831+00:00" endTime="2023-11-09T07:51:46.0068737+00:00" testType="13cdc9d9-ddb5-4fa4-a97d-d965ccfc6d4b" outcome="Passed" testListId="8c84fa94-04c1-424b-9868-57a2d4851a1d" relativeResultsDirectory="2c361d0b-5ebe-42a8-8509-0c93d36982e1" />
    <UnitTestResult executionId="eec81526-8ee9-452e-b18d-b5fac1f8caae" testId="50c29655-2dca-1e33-b531-83c89e4a1486" testName="Список чатов - личный чат: можно раскрывать изображения" computerName="df2fa4c7c641" duration="00:00:02.6307450" startTime="2023-11-09T07:48:16.6773713+00:00" endTime="2023-11-09T07:48:19.3081162+00:00" testType="13cdc9d9-ddb5-4fa4-a97d-d965ccfc6d4b" outcome="Passed" testListId="8c84fa94-04c1-424b-9868-57a2d4851a1d" relativeResultsDirectory="eec81526-8ee9-452e-b18d-b5fac1f8caae" />
    <UnitTestResult executionId="53d38f35-155e-4674-a10b-824909fb73cd" testId="9fbd8a23-3ddc-3b60-5663-257429bc9dea" testName="Страница обр программы: Студенты не имеют доступ к активностям архивной обр программы" computerName="df2fa4c7c641" duration="00:00:04.9560650" startTime="2023-11-09T07:53:29.5397930+00:00" endTime="2023-11-09T07:53:34.4958575+00:00" testType="13cdc9d9-ddb5-4fa4-a97d-d965ccfc6d4b" outcome="Passed" testListId="8c84fa94-04c1-424b-9868-57a2d4851a1d" relativeResultsDirectory="53d38f35-155e-4674-a10b-824909fb73cd">
      <Output>
        <StdOut>Авторизоватся под студентом Smith John</StdOut>
      </Output>
    </UnitTestResult>
    <UnitTestResult executionId="82534f98-b840-449e-8f91-8686f3ae7b47" testId="286a4ee9-1467-8b09-42dc-b1d9cdb71fef" testName="Редактирование шаблона активности: можно добавить материал типа SCORM из библиотеки" computerName="df2fa4c7c641" duration="00:00:12.3780110" startTime="2023-11-09T07:46:31.4401453+00:00" endTime="2023-11-09T07:46:43.8181562+00:00" testType="13cdc9d9-ddb5-4fa4-a97d-d965ccfc6d4b" outcome="Passed" testListId="8c84fa94-04c1-424b-9868-57a2d4851a1d" relativeResultsDirectory="82534f98-b840-449e-8f91-8686f3ae7b47" />
    <UnitTestResult executionId="92a23cab-a516-42bf-993b-cdb1350e90d9" testId="d2ee4913-764d-4b99-1fb8-f3cc3a0fa713" testName="Конструктор теста-тренажера: можно удалить теги знаний" computerName="df2fa4c7c641" duration="00:00:09.0739210" startTime="2023-11-09T07:53:20.4031491+00:00" endTime="2023-11-09T07:53:29.4770699+00:00" testType="13cdc9d9-ddb5-4fa4-a97d-d965ccfc6d4b" outcome="Passed" testListId="8c84fa94-04c1-424b-9868-57a2d4851a1d" relativeResultsDirectory="92a23cab-a516-42bf-993b-cdb1350e90d9" />
    <UnitTestResult executionId="dd9d41b6-b961-438b-8897-70e8ff710488" testId="03e53aee-5f7c-3c19-4449-b0a00503f668" testName="Редактирование дисциплины: наличия ошибки если поле дата начала пустое" computerName="df2fa4c7c641" duration="00:00:09.0283130" startTime="2023-11-09T07:49:44.7796397+00:00" endTime="2023-11-09T07:49:53.8079528+00:00" testType="13cdc9d9-ddb5-4fa4-a97d-d965ccfc6d4b" outcome="Passed" testListId="8c84fa94-04c1-424b-9868-57a2d4851a1d" relativeResultsDirectory="dd9d41b6-b961-438b-8897-70e8ff710488" />
    <UnitTestResult executionId="d372f80c-7feb-47cc-94fa-3878d3a87e26" testId="c2eb0682-ea06-9e1a-0778-74de4f584ac4" testName="Работает переход к библиотеке подразделения" computerName="df2fa4c7c641" duration="00:00:07.1941910" startTime="2023-11-09T07:50:36.8570921+00:00" endTime="2023-11-09T07:50:44.0512830+00:00" testType="13cdc9d9-ddb5-4fa4-a97d-d965ccfc6d4b" outcome="Passed" testListId="8c84fa94-04c1-424b-9868-57a2d4851a1d" relativeResultsDirectory="d372f80c-7feb-47cc-94fa-3878d3a87e26" />
    <UnitTestResult executionId="0e36761e-62e0-4d2e-a378-5b697641b5e1" testId="aadffcae-e212-5779-e982-5c2ab00351d0" testName="При отметке чекбокса 'Задать значения', у критерия не отображается поле 'Макс баллов'" computerName="df2fa4c7c641" duration="00:00:05.3460490" startTime="2023-11-09T07:44:29.0719891+00:00" endTime="2023-11-09T07:44:34.4180381+00:00" testType="13cdc9d9-ddb5-4fa4-a97d-d965ccfc6d4b" outcome="Passed" testListId="8c84fa94-04c1-424b-9868-57a2d4851a1d" relativeResultsDirectory="0e36761e-62e0-4d2e-a378-5b697641b5e1" />
    <UnitTestResult executionId="07e5c342-87ff-46e9-96ef-8239f46ba7ac" testId="72d9e34e-29ab-9417-1717-18b46ab05f17" testName="Страница профиля пользователя: студент не может посмотреть пройденные активности другого студента" computerName="df2fa4c7c641" duration="00:00:03.4411960" startTime="2023-11-09T07:53:59.5732635+00:00" endTime="2023-11-09T07:54:03.0144595+00:00" testType="13cdc9d9-ddb5-4fa4-a97d-d965ccfc6d4b" outcome="Passed" testListId="8c84fa94-04c1-424b-9868-57a2d4851a1d" relativeResultsDirectory="07e5c342-87ff-46e9-96ef-8239f46ba7ac" />
    <UnitTestResult executionId="79838c56-34eb-4bec-a9b0-2292f1d5b7b9" testId="5cf05b58-cf0c-1105-c446-5d289ecaf6a6" testName="Можно создать задание с открытыми решениями" computerName="df2fa4c7c641" duration="00:00:09.7529440" startTime="2023-11-09T07:43:58.5677614+00:00" endTime="2023-11-09T07:44:08.3207052+00:00" testType="13cdc9d9-ddb5-4fa4-a97d-d965ccfc6d4b" outcome="Passed" testListId="8c84fa94-04c1-424b-9868-57a2d4851a1d" relativeResultsDirectory="79838c56-34eb-4bec-a9b0-2292f1d5b7b9" />
    <UnitTestResult executionId="84321630-d688-41ae-a916-c0cff841f55a" testId="90046b91-a015-f65b-3117-d0987d8a474a" testName="Редактирование дисциплины: можно переключать значения в поле 'Язык'" computerName="df2fa4c7c641" duration="00:00:07.4455900" startTime="2023-11-09T07:49:31.9439429+00:00" endTime="2023-11-09T07:49:39.3895329+00:00" testType="13cdc9d9-ddb5-4fa4-a97d-d965ccfc6d4b" outcome="Passed" testListId="8c84fa94-04c1-424b-9868-57a2d4851a1d" relativeResultsDirectory="84321630-d688-41ae-a916-c0cff841f55a" />
    <UnitTestResult executionId="bb19e12f-a29f-426c-8530-33bebb2d9e0c" testId="747bc255-ea69-11a9-e918-bf0cb4ba68a9" testName="Страница аналитика дисциплины: работает экспорт аналитики дисциплины" computerName="df2fa4c7c641" duration="00:00:16.6465480" startTime="2023-11-09T07:48:53.2646158+00:00" endTime="2023-11-09T07:49:09.9111632+00:00" testType="13cdc9d9-ddb5-4fa4-a97d-d965ccfc6d4b" outcome="Passed" testListId="8c84fa94-04c1-424b-9868-57a2d4851a1d" relativeResultsDirectory="bb19e12f-a29f-426c-8530-33bebb2d9e0c" />
    <UnitTestResult executionId="668df535-2e35-4b96-890d-4085b75fd9fe" testId="c36ba2cc-b009-25c0-6514-287e5c64e217" testName="Создание контрольной: можно создать контрольную, если заполнены обязательные поля" computerName="df2fa4c7c641" duration="00:00:07.5255980" startTime="2023-11-09T07:44:53.6136546+00:00" endTime="2023-11-09T07:45:01.1392518+00:00" testType="13cdc9d9-ddb5-4fa4-a97d-d965ccfc6d4b" outcome="Passed" testListId="8c84fa94-04c1-424b-9868-57a2d4851a1d" relativeResultsDirectory="668df535-2e35-4b96-890d-4085b75fd9fe" />
    <UnitTestResult executionId="1141bcda-d3eb-4ca7-898e-b44710cfc364" testId="03ac1e37-393a-569a-469e-d8db204c3ba1" testName="Конструктор теста-тренажера: создание теста-тренажера" computerName="df2fa4c7c641" duration="00:00:07.8773570" startTime="2023-11-09T07:52:32.5435461+00:00" endTime="2023-11-09T07:52:40.4209030+00:00" testType="13cdc9d9-ddb5-4fa4-a97d-d965ccfc6d4b" outcome="Passed" testListId="8c84fa94-04c1-424b-9868-57a2d4851a1d" relativeResultsDirectory="1141bcda-d3eb-4ca7-898e-b44710cfc364" />
    <UnitTestResult executionId="adad243a-d3ab-492c-baa9-7cdbed3ec473" testId="d20ab570-8e7c-d996-c24d-e785e9625105" testName="Страница дисциплины: создание темы" computerName="df2fa4c7c641" duration="00:00:10.0095260" startTime="2023-11-09T07:48:58.0683667+00:00" endTime="2023-11-09T07:49:08.0778926+00:00" testType="13cdc9d9-ddb5-4fa4-a97d-d965ccfc6d4b" outcome="Passed" testListId="8c84fa94-04c1-424b-9868-57a2d4851a1d" relativeResultsDirectory="adad243a-d3ab-492c-baa9-7cdbed3ec473" />
    <UnitTestResult executionId="220a20c4-495d-4cd1-82d6-2a67c144feed" testId="92af0795-c79c-032a-0a0f-c19a34512038" testName="Можно оценить решения значением выше минимального порога баллов" computerName="df2fa4c7c641" duration="00:00:09.2038170" startTime="2023-11-09T07:44:15.1159334+00:00" endTime="2023-11-09T07:44:24.3197503+00:00" testType="13cdc9d9-ddb5-4fa4-a97d-d965ccfc6d4b" outcome="Passed" testListId="8c84fa94-04c1-424b-9868-57a2d4851a1d" relativeResultsDirectory="220a20c4-495d-4cd1-82d6-2a67c144feed" />
    <UnitTestResult executionId="bf03d433-d802-4b42-bf0e-006619b5cce0" testId="ae1a1826-a36e-5f8c-01dc-f55903a7558e" testName="Прохождение теста: после прохождения количество попыток уменьшилось на один" computerName="df2fa4c7c641" duration="00:00:15.7602840" startTime="2023-11-09T07:45:25.1116825+00:00" endTime="2023-11-09T07:45:40.8719661+00:00" testType="13cdc9d9-ddb5-4fa4-a97d-d965ccfc6d4b" outcome="Passed" testListId="8c84fa94-04c1-424b-9868-57a2d4851a1d" relativeResultsDirectory="bf03d433-d802-4b42-bf0e-006619b5cce0" />
    <UnitTestResult executionId="80140f5f-e64f-4255-a936-5df5fdfbfeab" testId="55af152c-2506-fd01-5d60-b35c168b6e27" testName="Наличие ошибки при отправки пустого решения" computerName="df2fa4c7c641" duration="00:00:03.1420740" startTime="2023-11-09T07:43:56.6079325+00:00" endTime="2023-11-09T07:43:59.7500066+00:00" testType="13cdc9d9-ddb5-4fa4-a97d-d965ccfc6d4b" outcome="Passed" testListId="8c84fa94-04c1-424b-9868-57a2d4851a1d" relativeResultsDirectory="80140f5f-e64f-4255-a936-5df5fdfbfeab" />
    <UnitTestResult executionId="618bb637-f7db-47ff-afb2-8b978092d37d" testId="372627ba-98be-3a65-1c16-1c0d00192966" testName="Проверка кликабельности кнопки Сегодня, если выбрана не сегодняшняя дата" computerName="df2fa4c7c641" duration="00:00:14.6296570" startTime="2023-11-09T07:53:37.8454479+00:00" endTime="2023-11-09T07:53:52.4751048+00:00" testType="13cdc9d9-ddb5-4fa4-a97d-d965ccfc6d4b" outcome="Passed" testListId="8c84fa94-04c1-424b-9868-57a2d4851a1d" relativeResultsDirectory="618bb637-f7db-47ff-afb2-8b978092d37d" />
    <UnitTestResult executionId="683aa2db-e70c-4334-a9fe-482bf543d9b7" testId="49d73172-71f6-834d-6ce1-f6fc898d25d6" testName="Библиотека: можно переключать текущий вид Библиотеки с “Плитка” на “Список”" computerName="df2fa4c7c641" duration="00:00:07.5248870" startTime="2023-11-09T07:51:30.2042495+00:00" endTime="2023-11-09T07:51:37.7291366+00:00" testType="13cdc9d9-ddb5-4fa4-a97d-d965ccfc6d4b" outcome="Passed" testListId="8c84fa94-04c1-424b-9868-57a2d4851a1d" relativeResultsDirectory="683aa2db-e70c-4334-a9fe-482bf543d9b7" />
    <UnitTestResult executionId="98e0fe64-afb3-4261-8f34-971caf268a5d" testId="8f8498a3-392f-8ab0-84d5-3d3cd45f2f4d" testName="В десктопе нет возможности выбрать режим 3 дня" computerName="df2fa4c7c641" duration="00:00:05.1053330" startTime="2023-11-09T07:53:52.4751804+00:00" endTime="2023-11-09T07:53:57.5805133+00:00" testType="13cdc9d9-ddb5-4fa4-a97d-d965ccfc6d4b" outcome="Passed" testListId="8c84fa94-04c1-424b-9868-57a2d4851a1d" relativeResultsDirectory="98e0fe64-afb3-4261-8f34-971caf268a5d" />
    <UnitTestResult executionId="e459775f-3698-4ea6-9b15-e46cf7416a82" testId="b13838e8-dc25-85d7-2868-ae9724efd601" testName="Список чатов - обсуждение решения: можно прикрепить и отправить файл с компьютера" computerName="df2fa4c7c641" duration="00:00:06.1755540" startTime="2023-11-09T07:47:55.5163815+00:00" endTime="2023-11-09T07:48:01.6919357+00:00" testType="13cdc9d9-ddb5-4fa4-a97d-d965ccfc6d4b" outcome="Passed" testListId="8c84fa94-04c1-424b-9868-57a2d4851a1d" relativeResultsDirectory="e459775f-3698-4ea6-9b15-e46cf7416a82" />
    <UnitTestResult executionId="b0327ca1-d435-4f86-b7ea-0be6c87fb575" testId="2f092469-c778-b068-65aa-686b85051585" testName="Создание дисциплины (СЗ): галка ‘Все студенты потока’ дизаблена и невозможно его снять" computerName="df2fa4c7c641" duration="00:00:02.5081889" startTime="2023-11-09T07:50:10.6488432+00:00" endTime="2023-11-09T07:50:13.1570321+00:00" testType="13cdc9d9-ddb5-4fa4-a97d-d965ccfc6d4b" outcome="Passed" testListId="8c84fa94-04c1-424b-9868-57a2d4851a1d" relativeResultsDirectory="b0327ca1-d435-4f86-b7ea-0be6c87fb575" />
    <UnitTestResult executionId="84f8e64f-57ca-4734-862e-d740a0492190" testId="5e251074-b1d3-8dd8-0947-f92a2661c4ab" testName="Конструктор теста: можно удалить комментарий к варианту ответа" computerName="df2fa4c7c641" duration="00:00:05.5283850" startTime="2023-11-09T07:52:06.8899335+00:00" endTime="2023-11-09T07:52:12.4183182+00:00" testType="13cdc9d9-ddb5-4fa4-a97d-d965ccfc6d4b" outcome="Passed" testListId="8c84fa94-04c1-424b-9868-57a2d4851a1d" relativeResultsDirectory="84f8e64f-57ca-4734-862e-d740a0492190" />
    <UnitTestResult executionId="6cc0b67e-30e4-41ad-97d4-3a4a4e249708" testId="0561b830-d5ca-b32f-f133-8b215c820d4a" testName="Создание дисциплины: в выпадающем списке поля Студенты отображаются только студенты потока" computerName="df2fa4c7c641" duration="00:00:05.6040110" startTime="2023-11-09T07:50:20.7034067+00:00" endTime="2023-11-09T07:50:26.3074179+00:00" testType="13cdc9d9-ddb5-4fa4-a97d-d965ccfc6d4b" outcome="Passed" testListId="8c84fa94-04c1-424b-9868-57a2d4851a1d" relativeResultsDirectory="6cc0b67e-30e4-41ad-97d4-3a4a4e249708" />
    <UnitTestResult executionId="c9108add-646c-4184-81fb-d23b0959867c" testId="f001e7ca-7dbf-ee1c-3ee5-02cdd60a9a05" testName="Редактирование контрольной: можно добавить материал типа тест из библиотеки" computerName="df2fa4c7c641" duration="00:00:13.9558650" startTime="2023-11-09T07:45:03.7575354+00:00" endTime="2023-11-09T07:45:17.7134004+00:00" testType="13cdc9d9-ddb5-4fa4-a97d-d965ccfc6d4b" outcome="Passed" testListId="8c84fa94-04c1-424b-9868-57a2d4851a1d" relativeResultsDirectory="c9108add-646c-4184-81fb-d23b0959867c" />
    <UnitTestResult executionId="cebd5147-afc1-475f-a449-038a665838b3" testId="868cbda8-7566-6f8e-7ec4-7fe544019745" testName="Редактирование потока ТГУ: успешное сохранение, с корректными значениями в поле ‘Администраторы потока’" computerName="df2fa4c7c641" duration="00:00:08.5116770" startTime="2023-11-09T07:48:12.8119218+00:00" endTime="2023-11-09T07:48:21.3235988+00:00" testType="13cdc9d9-ddb5-4fa4-a97d-d965ccfc6d4b" outcome="Passed" testListId="8c84fa94-04c1-424b-9868-57a2d4851a1d" relativeResultsDirectory="cebd5147-afc1-475f-a449-038a665838b3" />
    <UnitTestResult executionId="09008173-4b91-4747-af20-c348d2db9e16" testId="c55510f0-0e78-a526-4e2e-0d125599cb34" testName="Страница шаблона дисциплины: можно добавить тему" computerName="df2fa4c7c641" duration="00:00:05.1540160" startTime="2023-11-09T07:50:30.3223946+00:00" endTime="2023-11-09T07:50:35.4764099+00:00" testType="13cdc9d9-ddb5-4fa4-a97d-d965ccfc6d4b" outcome="Passed" testListId="8c84fa94-04c1-424b-9868-57a2d4851a1d" relativeResultsDirectory="09008173-4b91-4747-af20-c348d2db9e16" />
    <UnitTestResult executionId="2ab93a17-3066-4db4-ba5c-b4c2350587e1" testId="3eeb3b01-7bba-616f-964e-438dec86d25b" testName="Прохождение теста: можно пройти тест командной контрольной" computerName="df2fa4c7c641" duration="00:00:08.4781780" startTime="2023-11-09T07:45:16.6306999+00:00" endTime="2023-11-09T07:45:25.1088773+00:00" testType="13cdc9d9-ddb5-4fa4-a97d-d965ccfc6d4b" outcome="Passed" testListId="8c84fa94-04c1-424b-9868-57a2d4851a1d" relativeResultsDirectory="2ab93a17-3066-4db4-ba5c-b4c2350587e1" />
    <UnitTestResult executionId="186af667-3290-44b1-b53a-27ec91eddb01" testId="d25276ca-a3f2-976f-8c0e-0fc092b84445" testName="Редактирование дисциплины: можно переключать значения в поле 'Вид контроля'" computerName="df2fa4c7c641" duration="00:00:09.4551740" startTime="2023-11-09T07:49:39.3899979+00:00" endTime="2023-11-09T07:49:48.8451721+00:00" testType="13cdc9d9-ddb5-4fa4-a97d-d965ccfc6d4b" outcome="Passed" testListId="8c84fa94-04c1-424b-9868-57a2d4851a1d" relativeResultsDirectory="186af667-3290-44b1-b53a-27ec91eddb01" />
    <UnitTestResult executionId="7ed51347-d164-4d11-91ac-66cb42e89b4d" testId="568d5929-e1c7-5741-e788-2318268b1e5d" testName="Создание потока: предупреждение о несоответствии длительности потока для программ длительностью 144 часа" computerName="df2fa4c7c641" duration="00:00:05.8849440" startTime="2023-11-09T07:47:33.7766843+00:00" endTime="2023-11-09T07:47:39.6616284+00:00" testType="13cdc9d9-ddb5-4fa4-a97d-d965ccfc6d4b" outcome="Passed" testListId="8c84fa94-04c1-424b-9868-57a2d4851a1d" relativeResultsDirectory="7ed51347-d164-4d11-91ac-66cb42e89b4d" />
    <UnitTestResult executionId="44f99197-39b3-46bb-8d50-5561bc09f007" testId="dfc4dfbc-7269-6b28-e1f5-9f0b0d377671" testName="Конструктор теста: можно удалить один вариант на сопоставление из вопроса с типом ответа ‘Сопоставление’" computerName="df2fa4c7c641" duration="00:00:06.1163610" startTime="2023-11-09T07:52:24.6020851+00:00" endTime="2023-11-09T07:52:30.7184462+00:00" testType="13cdc9d9-ddb5-4fa4-a97d-d965ccfc6d4b" outcome="Passed" testListId="8c84fa94-04c1-424b-9868-57a2d4851a1d" relativeResultsDirectory="44f99197-39b3-46bb-8d50-5561bc09f007" />
    <UnitTestResult executionId="4812df1c-e0bb-45af-a675-992834e72717" testId="af9141b5-210f-61b7-923e-d267e81f195b" testName="Редактирование шаблона активности: можно очистить теги знаний" computerName="df2fa4c7c641" duration="00:00:09.7703880" startTime="2023-11-09T07:46:38.7106802+00:00" endTime="2023-11-09T07:46:48.4810676+00:00" testType="13cdc9d9-ddb5-4fa4-a97d-d965ccfc6d4b" outcome="Passed" testListId="8c84fa94-04c1-424b-9868-57a2d4851a1d" relativeResultsDirectory="4812df1c-e0bb-45af-a675-992834e72717" />
    <UnitTestResult executionId="06a47aca-212a-446b-a6e3-f876489437af" testId="6f87d73c-34cf-adc7-9aed-a6c3c6d2ee7c" testName="Список чатов - комната дисциплины: отображаются участники чата при клике на блок с аватарками" computerName="df2fa4c7c641" duration="00:00:08.9524930" startTime="2023-11-09T07:49:36.1284460+00:00" endTime="2023-11-09T07:49:45.0809386+00:00" testType="13cdc9d9-ddb5-4fa4-a97d-d965ccfc6d4b" outcome="Passed" testListId="8c84fa94-04c1-424b-9868-57a2d4851a1d" relativeResultsDirectory="06a47aca-212a-446b-a6e3-f876489437af" />
    <UnitTestResult executionId="d019d090-d64d-40dd-b120-54ce90836d25" testId="de31985c-2603-1141-3748-461729132b8e" testName="Редактирование активности: отсутствия поля оценка по SCORM результату, если не добавлен SCORM пакет" computerName="df2fa4c7c641" duration="00:00:01.4510200" startTime="2023-11-09T07:44:28.1184262+00:00" endTime="2023-11-09T07:44:29.5694459+00:00" testType="13cdc9d9-ddb5-4fa4-a97d-d965ccfc6d4b" outcome="Passed" testListId="8c84fa94-04c1-424b-9868-57a2d4851a1d" relativeResultsDirectory="d019d090-d64d-40dd-b120-54ce90836d25" />
    <UnitTestResult executionId="f95ed6cd-2dea-4f57-a84b-75999752973e" testId="4b51e0ad-84c6-bace-e957-e910a250537c" testName="Страница дисциплины: отмена создания модуля" computerName="df2fa4c7c641" duration="00:00:04.5389210" startTime="2023-11-09T07:48:53.5293038+00:00" endTime="2023-11-09T07:48:58.0682242+00:00" testType="13cdc9d9-ddb5-4fa4-a97d-d965ccfc6d4b" outcome="Passed" testListId="8c84fa94-04c1-424b-9868-57a2d4851a1d" relativeResultsDirectory="f95ed6cd-2dea-4f57-a84b-75999752973e" />
    <UnitTestResult executionId="efba638f-cc89-4624-a432-689695c6cf10" testId="e61bf97a-46d8-5aab-f282-75d35bde7e67" testName="Создание дисциплины: невозможно добавить группу из стороннего потока" computerName="df2fa4c7c641" duration="00:00:07.8636530" startTime="2023-11-09T07:49:54.6473247+00:00" endTime="2023-11-09T07:50:02.5109775+00:00" testType="13cdc9d9-ddb5-4fa4-a97d-d965ccfc6d4b" outcome="Passed" testListId="8c84fa94-04c1-424b-9868-57a2d4851a1d" relativeResultsDirectory="efba638f-cc89-4624-a432-689695c6cf10" />
    <UnitTestResult executionId="839f5871-4a6e-44a5-a316-e10512c3146e" testId="d29d2770-0cd4-cf07-d3b1-34c56bee6b22" testName="Страница шаблона дисциплины: можно добавить модуль" computerName="df2fa4c7c641" duration="00:00:07.2022080" startTime="2023-11-09T07:50:23.1201012+00:00" endTime="2023-11-09T07:50:30.3223091+00:00" testType="13cdc9d9-ddb5-4fa4-a97d-d965ccfc6d4b" outcome="Passed" testListId="8c84fa94-04c1-424b-9868-57a2d4851a1d" relativeResultsDirectory="839f5871-4a6e-44a5-a316-e10512c3146e" />
    <UnitTestResult executionId="87999fe1-d041-4633-999a-5cc3574ea3fb" testId="03ba1923-c55e-38be-1a10-a26a40017b0c" testName="Библиотека студента: недоступно создание материалов кроме добавления файла и создания текстового материала" computerName="df2fa4c7c641" duration="00:00:05.8056550" startTime="2023-11-09T07:51:02.2386627+00:00" endTime="2023-11-09T07:51:08.0443177+00:00" testType="13cdc9d9-ddb5-4fa4-a97d-d965ccfc6d4b" outcome="Passed" testListId="8c84fa94-04c1-424b-9868-57a2d4851a1d" relativeResultsDirectory="87999fe1-d041-4633-999a-5cc3574ea3fb" />
    <UnitTestResult executionId="baceda9c-a466-4bca-816c-9c06569d3102" testId="b3528947-3140-19b7-47c1-9186a491c24d" testName="Библиотека, плиточный вид: можно создать материал типа 'Текстовый материал'" computerName="df2fa4c7c641" duration="00:00:10.4234710" startTime="2023-11-09T07:50:42.5812561+00:00" endTime="2023-11-09T07:50:53.0047267+00:00" testType="13cdc9d9-ddb5-4fa4-a97d-d965ccfc6d4b" outcome="Passed" testListId="8c84fa94-04c1-424b-9868-57a2d4851a1d" relativeResultsDirectory="baceda9c-a466-4bca-816c-9c06569d3102" />
    <UnitTestResult executionId="0c0153db-9fc2-4db9-a0c8-eaab15a65ad6" testId="c2f5a41a-b201-fdbb-bb2a-458987fa1194" testName="Результат прохождения: отображается иконка часы, кнопки верно и неверно в вопросах с типом ответа свободный ответ или файл" computerName="df2fa4c7c641" duration="00:00:10.3129220" startTime="2023-11-09T07:45:26.7117179+00:00" endTime="2023-11-09T07:45:37.0246396+00:00" testType="13cdc9d9-ddb5-4fa4-a97d-d965ccfc6d4b" outcome="Passed" testListId="8c84fa94-04c1-424b-9868-57a2d4851a1d" relativeResultsDirectory="0c0153db-9fc2-4db9-a0c8-eaab15a65ad6">
      <Output>
        <StdOut>Авторизоватся под преподавателем Дарья Тестовая</StdOut>
      </Output>
    </UnitTestResult>
    <UnitTestResult executionId="655052aa-01ea-4a8c-80f8-2f6e0be2ed2f" testId="44f16558-e066-b202-692c-849b6408fdc7" testName="Страница шаблона дисциплины: можно добавить шаблон активности создав его" computerName="df2fa4c7c641" duration="00:00:13.0620049" startTime="2023-11-09T07:50:44.7539531+00:00" endTime="2023-11-09T07:50:57.8159580+00:00" testType="13cdc9d9-ddb5-4fa4-a97d-d965ccfc6d4b" outcome="Passed" testListId="8c84fa94-04c1-424b-9868-57a2d4851a1d" relativeResultsDirectory="655052aa-01ea-4a8c-80f8-2f6e0be2ed2f" />
    <UnitTestResult executionId="b270d8d4-77f7-43b4-8b19-560ca85d021b" testId="0e3f5a22-8956-eb9a-64b4-0d0f0c63a36e" testName="Конструктор теста-тренажера: можно переименовать блок" computerName="df2fa4c7c641" duration="00:00:07.1294180" startTime="2023-11-09T07:51:56.2410687+00:00" endTime="2023-11-09T07:52:03.3704869+00:00" testType="13cdc9d9-ddb5-4fa4-a97d-d965ccfc6d4b" outcome="Passed" testListId="8c84fa94-04c1-424b-9868-57a2d4851a1d" relativeResultsDirectory="b270d8d4-77f7-43b4-8b19-560ca85d021b" />
    <UnitTestResult executionId="c6375db9-1f75-4575-9bed-1ce3ddb9c834" testId="fd8b4f6c-3004-d98c-6139-f48508cfda01" testName="Список чатов - комната дисциплины: можно добавить реакцию на сообщение" computerName="df2fa4c7c641" duration="00:00:08.7741600" startTime="2023-11-09T07:48:22.6712603+00:00" endTime="2023-11-09T07:48:31.4454195+00:00" testType="13cdc9d9-ddb5-4fa4-a97d-d965ccfc6d4b" outcome="Passed" testListId="8c84fa94-04c1-424b-9868-57a2d4851a1d" relativeResultsDirectory="c6375db9-1f75-4575-9bed-1ce3ddb9c834" />
    <UnitTestResult executionId="ec454817-6ef5-4ec8-a70c-2eaa6e8c71cc" testId="2f0f48f1-ef9c-25da-5d77-e8495c46dfff" testName="Страница дисциплины: отображаются кредиты и объём дисциплины" computerName="df2fa4c7c641" duration="00:00:09.1330840" startTime="2023-11-09T07:50:16.3490476+00:00" endTime="2023-11-09T07:50:25.4821314+00:00" testType="13cdc9d9-ddb5-4fa4-a97d-d965ccfc6d4b" outcome="Passed" testListId="8c84fa94-04c1-424b-9868-57a2d4851a1d" relativeResultsDirectory="ec454817-6ef5-4ec8-a70c-2eaa6e8c71cc" />
    <UnitTestResult executionId="415b4512-bac7-4b82-a875-88fd43daef49" testId="00609bf9-3e29-0661-d8a1-a0581bc3b120" testName="Редактирование профиля пользователя: после ввода пароля можно разблокировать полей 'Контакты'" computerName="df2fa4c7c641" duration="00:00:04.8316739" startTime="2023-11-09T07:53:46.6013074+00:00" endTime="2023-11-09T07:53:51.4329810+00:00" testType="13cdc9d9-ddb5-4fa4-a97d-d965ccfc6d4b" outcome="Passed" testListId="8c84fa94-04c1-424b-9868-57a2d4851a1d" relativeResultsDirectory="415b4512-bac7-4b82-a875-88fd43daef49" />
    <UnitTestResult executionId="cdfcd9cb-a313-46e7-950d-2f57610b6c8a" testId="c6135017-3a41-e149-fb61-ebfc0d6e7b20" testName="Редактирование программы ДО: невозможно удалить программу с потоками" computerName="df2fa4c7c641" duration="00:00:02.8709970" startTime="2023-11-09T07:53:21.4238126+00:00" endTime="2023-11-09T07:53:24.2948098+00:00" testType="13cdc9d9-ddb5-4fa4-a97d-d965ccfc6d4b" outcome="Passed" testListId="8c84fa94-04c1-424b-9868-57a2d4851a1d" relativeResultsDirectory="cdfcd9cb-a313-46e7-950d-2f57610b6c8a" />
    <UnitTestResult executionId="5f7b1bfc-e319-4650-addc-640ff9617c7a" testId="042d583e-76a4-64df-f6da-63e861fca25a" testName="Страница организации: отображается тултип при наведении на иконку участника проекта" computerName="df2fa4c7c641" duration="00:00:02.1246390" startTime="2023-11-09T07:53:07.3416880+00:00" endTime="2023-11-09T07:53:09.4663272+00:00" testType="13cdc9d9-ddb5-4fa4-a97d-d965ccfc6d4b" outcome="Passed" testListId="8c84fa94-04c1-424b-9868-57a2d4851a1d" relativeResultsDirectory="5f7b1bfc-e319-4650-addc-640ff9617c7a" />
    <UnitTestResult executionId="c9d111e5-210f-4a86-8b4c-091b79cc80fb" testId="2def859d-cbfd-17d2-533b-0e240c54b2cc" testName="Конструктор теста: можно добавить комментария к вопросу" computerName="df2fa4c7c641" duration="00:00:11.9909970" startTime="2023-11-09T07:51:32.2845150+00:00" endTime="2023-11-09T07:51:44.2755111+00:00" testType="13cdc9d9-ddb5-4fa4-a97d-d965ccfc6d4b" outcome="Passed" testListId="8c84fa94-04c1-424b-9868-57a2d4851a1d" relativeResultsDirectory="c9d111e5-210f-4a86-8b4c-091b79cc80fb" />
    <UnitTestResult executionId="7c3e0c55-9a59-46c4-93ec-a7738c1bf310" testId="6b2f80c2-6587-4b6f-21e9-396068480691" testName="Страница Мой тариф: проверка перехода аудитора по прямой ссылке" computerName="df2fa4c7c641" duration="00:00:03.6062330" startTime="2023-11-09T07:53:08.4110747+00:00" endTime="2023-11-09T07:53:12.0173069+00:00" testType="13cdc9d9-ddb5-4fa4-a97d-d965ccfc6d4b" outcome="Passed" testListId="8c84fa94-04c1-424b-9868-57a2d4851a1d" relativeResultsDirectory="7c3e0c55-9a59-46c4-93ec-a7738c1bf310">
      <Output>
        <StdOut>Авторизоватся под пользователь с ролью аудитор</StdOut>
      </Output>
    </UnitTestResult>
    <UnitTestResult executionId="e8919377-60b2-4a36-8eda-98cfc515047d" testId="5e95de54-5256-4abf-9c1b-e5ebb33e49cb" testName="Редактирование активности: можно удалить активность без оценок" computerName="df2fa4c7c641" duration="00:00:16.7059000" startTime="2023-11-09T07:44:32.6074707+00:00" endTime="2023-11-09T07:44:49.3133706+00:00" testType="13cdc9d9-ddb5-4fa4-a97d-d965ccfc6d4b" outcome="Passed" testListId="8c84fa94-04c1-424b-9868-57a2d4851a1d" relativeResultsDirectory="e8919377-60b2-4a36-8eda-98cfc515047d" />
    <UnitTestResult executionId="eb706ab3-f02d-4802-a770-8665a820e90e" testId="dd3301a2-77d8-c5ed-b6d0-f67e48c5b7d7" testName="Редактирование контрольной: можно загрузить материал типа файл с компьютера" computerName="df2fa4c7c641" duration="00:00:10.7047130" startTime="2023-11-09T07:44:53.0522595+00:00" endTime="2023-11-09T07:45:03.7569716+00:00" testType="13cdc9d9-ddb5-4fa4-a97d-d965ccfc6d4b" outcome="Passed" testListId="8c84fa94-04c1-424b-9868-57a2d4851a1d" relativeResultsDirectory="eb706ab3-f02d-4802-a770-8665a820e90e" />
    <UnitTestResult executionId="b4925a7f-352a-4976-8302-3bc53ed78c4b" testId="6c75e26f-4585-a581-2610-3a7c062d019a" testName="Страница профиля пользователя: можно удалить фото" computerName="df2fa4c7c641" duration="00:00:05.5686310" startTime="2023-11-09T07:53:44.0831909+00:00" endTime="2023-11-09T07:53:49.6518217+00:00" testType="13cdc9d9-ddb5-4fa4-a97d-d965ccfc6d4b" outcome="Passed" testListId="8c84fa94-04c1-424b-9868-57a2d4851a1d" relativeResultsDirectory="b4925a7f-352a-4976-8302-3bc53ed78c4b" />
    <UnitTestResult executionId="a8c4a756-bae4-40a7-83c7-8b71b1c9cdc4" testId="7fd2317b-fcbb-eaf7-aa35-cbf51fbdf387" testName="Редактирование дисциплины: отображение ошибки валидации для поля 'Название', если поле не заполнено" computerName="df2fa4c7c641" duration="00:00:02.4909080" startTime="2023-11-09T07:49:23.9167104+00:00" endTime="2023-11-09T07:49:26.4076182+00:00" testType="13cdc9d9-ddb5-4fa4-a97d-d965ccfc6d4b" outcome="Passed" testListId="8c84fa94-04c1-424b-9868-57a2d4851a1d" relativeResultsDirectory="a8c4a756-bae4-40a7-83c7-8b71b1c9cdc4" />
    <UnitTestResult executionId="7f09ca9b-6d02-4c22-b701-7e2cc0f25a93" testId="7f3b5f50-58ee-a48a-8d1f-126281948d8c" testName="Нет возможности оценить решения другого студента, если не включена 'Взаимопроверка'" computerName="df2fa4c7c641" duration="00:00:02.1914590" startTime="2023-11-09T07:44:45.7496573+00:00" endTime="2023-11-09T07:44:47.9411162+00:00" testType="13cdc9d9-ddb5-4fa4-a97d-d965ccfc6d4b" outcome="Passed" testListId="8c84fa94-04c1-424b-9868-57a2d4851a1d" relativeResultsDirectory="7f09ca9b-6d02-4c22-b701-7e2cc0f25a93" />
    <UnitTestResult executionId="54d17a57-0d2e-4ea6-b042-92ca0affee35" testId="44ddd51e-4bea-842b-210d-e3a33d5fe5fe" testName="Результат прохождения: можно отметить 'Верно' ответ вопроса, который был отмечен как 'Не верно'" computerName="df2fa4c7c641" duration="00:00:06.8831700" startTime="2023-11-09T07:46:41.8519288+00:00" endTime="2023-11-09T07:46:48.7350986+00:00" testType="13cdc9d9-ddb5-4fa4-a97d-d965ccfc6d4b" outcome="Passed" testListId="8c84fa94-04c1-424b-9868-57a2d4851a1d" relativeResultsDirectory="54d17a57-0d2e-4ea6-b042-92ca0affee35" />
    <UnitTestResult executionId="f5dca395-0c29-478a-9679-bc1fa00bff73" testId="3e5511f8-d422-aa86-23dd-fc521938874b" testName="Редактирование дисциплины: невозможно включить ИОТ, если в дисциплине есть активности" computerName="df2fa4c7c641" duration="00:00:02.8528349" startTime="2023-11-09T07:49:31.6850847+00:00" endTime="2023-11-09T07:49:34.5379195+00:00" testType="13cdc9d9-ddb5-4fa4-a97d-d965ccfc6d4b" outcome="Passed" testListId="8c84fa94-04c1-424b-9868-57a2d4851a1d" relativeResultsDirectory="f5dca395-0c29-478a-9679-bc1fa00bff73" />
    <UnitTestResult executionId="fff692b3-a7be-4cf9-bba4-b17253a22a93" testId="3da838e8-0dad-1f40-978c-739bfd0f7ea3" testName="Редактирование контрольной: отображение ошибки валидации для поля 'Количество попыток сдачи' с отрицательным значением" computerName="df2fa4c7c641" duration="00:00:03.8472440" startTime="2023-11-09T07:44:57.1137568+00:00" endTime="2023-11-09T07:45:00.9610003+00:00" testType="13cdc9d9-ddb5-4fa4-a97d-d965ccfc6d4b" outcome="Passed" testListId="8c84fa94-04c1-424b-9868-57a2d4851a1d" relativeResultsDirectory="fff692b3-a7be-4cf9-bba4-b17253a22a93" />
    <UnitTestResult executionId="4eab4f6c-278b-4af8-9ac7-89912213b3c4" testId="f2b6a4f0-63d8-5c1f-3951-32d46e9d56be" testName="Конструктор теста: можно изменить время изучения" computerName="df2fa4c7c641" duration="00:00:06.8153550" startTime="2023-11-09T07:52:42.7475685+00:00" endTime="2023-11-09T07:52:49.5629235+00:00" testType="13cdc9d9-ddb5-4fa4-a97d-d965ccfc6d4b" outcome="Passed" testListId="8c84fa94-04c1-424b-9868-57a2d4851a1d" relativeResultsDirectory="4eab4f6c-278b-4af8-9ac7-89912213b3c4" />
    <UnitTestResult executionId="70273882-b91d-4c97-95f5-eb8e3deb3339" testId="4d8c25f0-d7bd-92ed-37ad-d86c2d55245a" testName="Результат прохождения: можно отметить 'Верно' ответ вопроса с типом ответа свободный ответ или файл" computerName="df2fa4c7c641" duration="00:00:05.8691590" startTime="2023-11-09T07:46:19.0459696+00:00" endTime="2023-11-09T07:46:24.9151279+00:00" testType="13cdc9d9-ddb5-4fa4-a97d-d965ccfc6d4b" outcome="Passed" testListId="8c84fa94-04c1-424b-9868-57a2d4851a1d" relativeResultsDirectory="70273882-b91d-4c97-95f5-eb8e3deb3339" />
    <UnitTestResult executionId="5eeadf06-f58d-48e3-a0ff-b96216e259c1" testId="6c61d271-6f48-a020-c9f2-12837d76e289" testName="Редактирование профиля пользователя: можно переключить свитч транслитерации" computerName="df2fa4c7c641" duration="00:00:02.8154320" startTime="2023-11-09T07:53:36.2139170+00:00" endTime="2023-11-09T07:53:39.0293484+00:00" testType="13cdc9d9-ddb5-4fa4-a97d-d965ccfc6d4b" outcome="Passed" testListId="8c84fa94-04c1-424b-9868-57a2d4851a1d" relativeResultsDirectory="5eeadf06-f58d-48e3-a0ff-b96216e259c1" />
    <UnitTestResult executionId="b0e6545a-c7b9-4a89-a97f-f8df04abc031" testId="b29cf85a-7ab1-f473-4921-adfc0d0bf4a3" testName="Редактирование шаблона контрольной: отображение ошибки валидации для поля 'Количество попыток сдачи' с значением &gt; 20" computerName="df2fa4c7c641" duration="00:00:05.3572240" startTime="2023-11-09T07:46:25.2592092+00:00" endTime="2023-11-09T07:46:30.6164323+00:00" testType="13cdc9d9-ddb5-4fa4-a97d-d965ccfc6d4b" outcome="Passed" testListId="8c84fa94-04c1-424b-9868-57a2d4851a1d" relativeResultsDirectory="b0e6545a-c7b9-4a89-a97f-f8df04abc031" />
    <UnitTestResult executionId="69913ff8-d392-4704-a87e-7593e9afcd61" testId="400fb931-55fb-694b-4838-1a9e2a23b8d6" testName="Конструктор теста: можно добавить вопрос с типом ответа “Свободный ответ” - “Ручная проверка”" computerName="df2fa4c7c641" duration="00:00:21.4841390" startTime="2023-11-09T07:51:34.5470496+00:00" endTime="2023-11-09T07:51:56.0311887+00:00" testType="13cdc9d9-ddb5-4fa4-a97d-d965ccfc6d4b" outcome="Passed" testListId="8c84fa94-04c1-424b-9868-57a2d4851a1d" relativeResultsDirectory="69913ff8-d392-4704-a87e-7593e9afcd61" />
    <UnitTestResult executionId="eb6c88d3-73b9-41bb-93e3-6ace875c3783" testId="66315720-2e8f-5e11-250b-d5028e9fa527" testName="Конструктор теста-тренажера: можно изменить комментарий к варианту ответа" computerName="df2fa4c7c641" duration="00:00:08.1579110" startTime="2023-11-09T07:53:32.7450302+00:00" endTime="2023-11-09T07:53:40.9029414+00:00" testType="13cdc9d9-ddb5-4fa4-a97d-d965ccfc6d4b" outcome="Passed" testListId="8c84fa94-04c1-424b-9868-57a2d4851a1d" relativeResultsDirectory="eb6c88d3-73b9-41bb-93e3-6ace875c3783" />
    <UnitTestResult executionId="9bbb808a-82b6-4d5c-a0d4-91d505a75d29" testId="fbd953d6-8a03-f489-0263-665f257b65e0" testName="Поиск студента по ФИО на странице завершения обучения потока" computerName="df2fa4c7c641" duration="00:00:02.2518940" startTime="2023-11-09T07:48:32.5116684+00:00" endTime="2023-11-09T07:48:34.7635618+00:00" testType="13cdc9d9-ddb5-4fa4-a97d-d965ccfc6d4b" outcome="Passed" testListId="8c84fa94-04c1-424b-9868-57a2d4851a1d" relativeResultsDirectory="9bbb808a-82b6-4d5c-a0d4-91d505a75d29" />
    <UnitTestResult executionId="0cbecb42-34a2-4a30-9649-832d88993c5f" testId="24b47269-5ed4-6bd3-cf4d-e3682162383e" testName="Редактирование организации: администратор организации может редактировать только поля ответственных лиц" computerName="df2fa4c7c641" duration="00:00:18.1205550" startTime="2023-11-09T07:52:58.2948801+00:00" endTime="2023-11-09T07:53:16.4154238+00:00" testType="13cdc9d9-ddb5-4fa4-a97d-d965ccfc6d4b" outcome="Passed" testListId="8c84fa94-04c1-424b-9868-57a2d4851a1d" relativeResultsDirectory="0cbecb42-34a2-4a30-9649-832d88993c5f">
      <Output>
        <StdOut>Авторизоватся под администратором организации Василиса Васильева</StdOut>
      </Output>
    </UnitTestResult>
    <UnitTestResult executionId="1af78593-9ba8-41a8-8b10-07d984f9025b" testId="12b0f6d9-0eb3-91d3-e3b7-29908f0a2122" testName="Список чатов - личный чат: можно найти отправленное сообщение" computerName="df2fa4c7c641" duration="00:00:03.4826070" startTime="2023-11-09T07:47:57.1640173+00:00" endTime="2023-11-09T07:48:00.6466239+00:00" testType="13cdc9d9-ddb5-4fa4-a97d-d965ccfc6d4b" outcome="Passed" testListId="8c84fa94-04c1-424b-9868-57a2d4851a1d" relativeResultsDirectory="1af78593-9ba8-41a8-8b10-07d984f9025b" />
    <UnitTestResult executionId="867b066c-df12-490c-8ddd-5d95a955e8d3" testId="0065a262-c7b0-4e8b-ded6-3060cc5f4c75" testName="Редактирование дисциплины: отображение ошибки валидации для поля 'Описание', если поле не заполнено" computerName="df2fa4c7c641" duration="00:00:02.8507470" startTime="2023-11-09T07:49:28.8342355+00:00" endTime="2023-11-09T07:49:31.6849820+00:00" testType="13cdc9d9-ddb5-4fa4-a97d-d965ccfc6d4b" outcome="Passed" testListId="8c84fa94-04c1-424b-9868-57a2d4851a1d" relativeResultsDirectory="867b066c-df12-490c-8ddd-5d95a955e8d3" />
    <UnitTestResult executionId="bb17b3c0-2485-47f8-841e-57cc7936a71d" testId="9eb492cb-e1ec-25f6-8960-2f1b3e979aa6" testName="Создание дисциплины ДО: можно создать дисциплину из шаблона дисциплины без активностей" computerName="df2fa4c7c641" duration="00:00:12.0659130" startTime="2023-11-09T07:49:22.7968197+00:00" endTime="2023-11-09T07:49:34.8627322+00:00" testType="13cdc9d9-ddb5-4fa4-a97d-d965ccfc6d4b" outcome="Passed" testListId="8c84fa94-04c1-424b-9868-57a2d4851a1d" relativeResultsDirectory="bb17b3c0-2485-47f8-841e-57cc7936a71d" />
    <UnitTestResult executionId="3703f6b1-0bdd-453d-9f46-921bc92ddb3e" testId="726480f8-adf1-223d-fd00-87f10c7a175e" testName="Редактирование потока: ошибка валидации, если даты начала и окончания совпадают" computerName="df2fa4c7c641" duration="00:00:05.3051530" startTime="2023-11-09T07:48:27.7176350+00:00" endTime="2023-11-09T07:48:33.0227876+00:00" testType="13cdc9d9-ddb5-4fa4-a97d-d965ccfc6d4b" outcome="Passed" testListId="8c84fa94-04c1-424b-9868-57a2d4851a1d" relativeResultsDirectory="3703f6b1-0bdd-453d-9f46-921bc92ddb3e" />
    <UnitTestResult executionId="b670dfcd-3ab4-4099-83d8-70babceaa4d4" testId="04f86fb8-e515-5a8c-fc4b-8bbd38e028aa" testName="Конструктор теста-тренажера: можно удалить один вариант на сопоставление из вопроса с типом ответа ‘Сопоставление’" computerName="df2fa4c7c641" duration="00:00:06.3537480" startTime="2023-11-09T07:53:20.4782245+00:00" endTime="2023-11-09T07:53:26.8319726+00:00" testType="13cdc9d9-ddb5-4fa4-a97d-d965ccfc6d4b" outcome="Passed" testListId="8c84fa94-04c1-424b-9868-57a2d4851a1d" relativeResultsDirectory="b670dfcd-3ab4-4099-83d8-70babceaa4d4" />
    <UnitTestResult executionId="1d2a13ba-a75b-48b7-9760-b74648a6c37f" testId="e671112e-7572-5c45-0052-da82f913330c" testName="Редактирование дисциплины: добавление преподавателя по ссылке на профиль" computerName="df2fa4c7c641" duration="00:00:10.9501940" startTime="2023-11-09T07:50:36.4869942+00:00" endTime="2023-11-09T07:50:47.4371873+00:00" testType="13cdc9d9-ddb5-4fa4-a97d-d965ccfc6d4b" outcome="Passed" testListId="8c84fa94-04c1-424b-9868-57a2d4851a1d" relativeResultsDirectory="1d2a13ba-a75b-48b7-9760-b74648a6c37f" />
    <UnitTestResult executionId="a4db85b7-96ee-4185-8189-dd15fd711555" testId="1bcb02af-6d43-6000-6ac9-0cbc50ca1718" testName="Создание дисциплины ДО: можно создать дисциплину из шаблона дисциплины с активностями" computerName="df2fa4c7c641" duration="00:00:12.1487210" startTime="2023-11-09T07:49:34.8629280+00:00" endTime="2023-11-09T07:49:47.0116490+00:00" testType="13cdc9d9-ddb5-4fa4-a97d-d965ccfc6d4b" outcome="Passed" testListId="8c84fa94-04c1-424b-9868-57a2d4851a1d" relativeResultsDirectory="a4db85b7-96ee-4185-8189-dd15fd711555" />
    <UnitTestResult executionId="a94a1d3a-c397-4f46-a9e8-8188977c0957" testId="4b69e74e-428c-612c-dd7d-fad19ea4d1cf" testName="Страница дисциплины: создание шаблона из дисциплины" computerName="df2fa4c7c641" duration="00:00:11.5790370" startTime="2023-11-09T07:50:04.7687158+00:00" endTime="2023-11-09T07:50:16.3477522+00:00" testType="13cdc9d9-ddb5-4fa4-a97d-d965ccfc6d4b" outcome="Passed" testListId="8c84fa94-04c1-424b-9868-57a2d4851a1d" relativeResultsDirectory="a94a1d3a-c397-4f46-a9e8-8188977c0957" />
    <UnitTestResult executionId="0fba0636-98cb-486f-9ac5-f3722143713c" testId="f6e6225a-f270-0d9c-b143-00762f76023d" testName="Результат прохождения: преподаватель может изменить комментарий к ответу, если включена опция подробная информация о результатах" computerName="df2fa4c7c641" duration="00:00:12.2409250" startTime="2023-11-09T07:45:47.5539529+00:00" endTime="2023-11-09T07:45:59.7948772+00:00" testType="13cdc9d9-ddb5-4fa4-a97d-d965ccfc6d4b" outcome="Passed" testListId="8c84fa94-04c1-424b-9868-57a2d4851a1d" relativeResultsDirectory="0fba0636-98cb-486f-9ac5-f3722143713c" />
    <UnitTestResult executionId="11e68290-e887-4453-b73b-10fd22a5f6b9" testId="6b07e82a-8297-2f27-1d94-ef9324b81de0" testName="Редактирование контрольной: можно отметить или снять галку с чекбокса 'Отображать студентам подробную информацию о результатах'" computerName="df2fa4c7c641" duration="00:00:08.1146790" startTime="2023-11-09T07:45:55.7066426+00:00" endTime="2023-11-09T07:46:03.8213216+00:00" testType="13cdc9d9-ddb5-4fa4-a97d-d965ccfc6d4b" outcome="Passed" testListId="8c84fa94-04c1-424b-9868-57a2d4851a1d" relativeResultsDirectory="11e68290-e887-4453-b73b-10fd22a5f6b9" />
    <UnitTestResult executionId="405c94ea-3653-478f-93db-102721f04d51" testId="b2700a3b-9696-6543-fb78-10647d7b667c" testName="Страница активности: отсутствия доступа к кнопке 'Открыть чат активности', если чат дисциплины заблокирован" computerName="df2fa4c7c641" duration="00:00:05.5374940" startTime="2023-11-09T07:48:49.9402474+00:00" endTime="2023-11-09T07:48:55.4777412+00:00" testType="13cdc9d9-ddb5-4fa4-a97d-d965ccfc6d4b" outcome="Passed" testListId="8c84fa94-04c1-424b-9868-57a2d4851a1d" relativeResultsDirectory="405c94ea-3653-478f-93db-102721f04d51" />
    <UnitTestResult executionId="c7d6225d-90df-48a0-9afd-c19685c0d9a3" testId="0059ce66-33a0-9f97-02ce-21491864e749" testName="Нельзя создать задание с критериями, если не заполнены баллы критериев" computerName="df2fa4c7c641" duration="00:00:08.8837180" startTime="2023-11-09T07:44:20.1881733+00:00" endTime="2023-11-09T07:44:29.0718906+00:00" testType="13cdc9d9-ddb5-4fa4-a97d-d965ccfc6d4b" outcome="Passed" testListId="8c84fa94-04c1-424b-9868-57a2d4851a1d" relativeResultsDirectory="c7d6225d-90df-48a0-9afd-c19685c0d9a3" />
    <UnitTestResult executionId="6a46e91a-3272-4185-a6b2-d6247422e039" testId="b5e53efe-85ff-ac10-4333-c56df4ce3c73" testName="Библиотека: появление кнопок переместить, удалить, и отмена при активации режима выбора" computerName="df2fa4c7c641" duration="00:00:04.7382140" startTime="2023-11-09T07:50:36.6507967+00:00" endTime="2023-11-09T07:50:41.3890104+00:00" testType="13cdc9d9-ddb5-4fa4-a97d-d965ccfc6d4b" outcome="Passed" testListId="8c84fa94-04c1-424b-9868-57a2d4851a1d" relativeResultsDirectory="6a46e91a-3272-4185-a6b2-d6247422e039" />
    <UnitTestResult executionId="e7f1dbbe-bb61-4aca-a449-5a0f9f118191" testId="05ae5f53-241b-1116-110c-2ecf0df2eace" testName="Страница дисциплины: работает кнопка 'Редактировать' для преподавателя" computerName="df2fa4c7c641" duration="00:00:04.3948380" startTime="2023-11-09T07:49:56.9836852+00:00" endTime="2023-11-09T07:50:01.3785226+00:00" testType="13cdc9d9-ddb5-4fa4-a97d-d965ccfc6d4b" outcome="Passed" testListId="8c84fa94-04c1-424b-9868-57a2d4851a1d" relativeResultsDirectory="e7f1dbbe-bb61-4aca-a449-5a0f9f118191" />
    <UnitTestResult executionId="a3d85439-084c-472b-90b9-878677de4ec8" testId="21a081d0-20ff-cf7b-5852-2a8733bf0d5d" testName="Можно установить индивидуальный срок сдачи" computerName="df2fa4c7c641" duration="00:00:06.1650080" startTime="2023-11-09T07:44:03.4203555+00:00" endTime="2023-11-09T07:44:09.5853635+00:00" testType="13cdc9d9-ddb5-4fa4-a97d-d965ccfc6d4b" outcome="Passed" testListId="8c84fa94-04c1-424b-9868-57a2d4851a1d" relativeResultsDirectory="a3d85439-084c-472b-90b9-878677de4ec8" />
    <UnitTestResult executionId="d9f27117-0a33-400d-954d-5daa8111ab47" testId="87fdff37-c751-b85e-1e39-a252b9a31448" testName="Редактирование шаблона активности: отображение ошибки валидации для поля 'Объём' с значением &gt; 100" computerName="df2fa4c7c641" duration="00:00:05.7047570" startTime="2023-11-09T07:45:01.2416831+00:00" endTime="2023-11-09T07:45:06.9464403+00:00" testType="13cdc9d9-ddb5-4fa4-a97d-d965ccfc6d4b" outcome="Passed" testListId="8c84fa94-04c1-424b-9868-57a2d4851a1d" relativeResultsDirectory="d9f27117-0a33-400d-954d-5daa8111ab47" />
    <UnitTestResult executionId="08290fac-3f77-4e9e-8f20-331733495a65" testId="578a090e-de90-a9cf-7fad-ae610cdb14b0" testName="Редактирование контрольной: можно добавить материал типа текст из библиотеки" computerName="df2fa4c7c641" duration="00:00:16.3530900" startTime="2023-11-09T07:45:32.3535062+00:00" endTime="2023-11-09T07:45:48.7065950+00:00" testType="13cdc9d9-ddb5-4fa4-a97d-d965ccfc6d4b" outcome="Passed" testListId="8c84fa94-04c1-424b-9868-57a2d4851a1d" relativeResultsDirectory="08290fac-3f77-4e9e-8f20-331733495a65" />
    <UnitTestResult executionId="88ee095b-abd9-4c9d-a330-611cae334ad1" testId="c051f8d1-5715-d750-7cf9-3203ad4b5bd1" testName="Создание дисциплины: после снятии галки ‘Все студенты потока’ появляется поля Группы и Студенты" computerName="df2fa4c7c641" duration="00:00:03.0034370" startTime="2023-11-09T07:50:13.1571133+00:00" endTime="2023-11-09T07:50:16.1605497+00:00" testType="13cdc9d9-ddb5-4fa4-a97d-d965ccfc6d4b" outcome="Passed" testListId="8c84fa94-04c1-424b-9868-57a2d4851a1d" relativeResultsDirectory="88ee095b-abd9-4c9d-a330-611cae334ad1" />
    <UnitTestResult executionId="94dc57eb-ee01-4d61-8a53-4a79b45e9a84" testId="46381e42-cb30-04a8-e989-03e05f063020" testName="Конструктор теста-тренажера: можно изменить комментарий к вопросу" computerName="df2fa4c7c641" duration="00:00:09.2235390" startTime="2023-11-09T07:52:45.2534576+00:00" endTime="2023-11-09T07:52:54.4769959+00:00" testType="13cdc9d9-ddb5-4fa4-a97d-d965ccfc6d4b" outcome="Passed" testListId="8c84fa94-04c1-424b-9868-57a2d4851a1d" relativeResultsDirectory="94dc57eb-ee01-4d61-8a53-4a79b45e9a84" />
    <UnitTestResult executionId="8bfae07f-dc8c-4d30-b8ca-1f7a069d9656" testId="e9b94031-6a38-99e6-3a0b-2d78215fa4d6" testName="Редактирование шаблона активности: можно загрузить материал типа файл с компьютера" computerName="df2fa4c7c641" duration="00:01:07.6432790" startTime="2023-11-09T07:44:23.8282348+00:00" endTime="2023-11-09T07:45:31.4715139+00:00" testType="13cdc9d9-ddb5-4fa4-a97d-d965ccfc6d4b" outcome="Failed" testListId="8c84fa94-04c1-424b-9868-57a2d4851a1d" relativeResultsDirectory="8bfae07f-dc8c-4d30-b8ca-1f7a069d9656">
      <Output>
        <StdOut>https://test11.odin.study/ru/ActivityPlan/Info/861</StdOut>
        <ErrorInfo>
          <Message>OpenQA.Selenium.WebDriverTimeoutException : Timed out after 30 seconds
  ----&gt; OpenQA.Selenium.NoSuchElementException : no such element: Unable to locate element: {"method":"css selector","selector":"[class='right-content-block col']"}
  (Session info: headless chrome=115.0.5790.110); For documentation on this error, please visit: https://www.selenium.dev/documentation/webdriver/troubleshooting/errors#no-such-element-exception</Message>
          <StackTrace>   at OpenQA.Selenium.Support.UI.DefaultWait`1.ThrowTimeoutException(String exceptionMessage, Exception lastException)
   at OpenQA.Selenium.Support.UI.DefaultWait`1.Until[TResult](Func`2 condition, CancellationToken token)
   at OpenQA.Selenium.Support.UI.DefaultWait`1.Until[TResult](Func`2 condition)
   at OdinUiTests.Pages.ActivityCommonPage.&lt;&gt;c__DisplayClass80_0.&lt;GetMaterialName&gt;b__0() in /azp/_work/1/s/Pages/ActivityCommonPage.cs:line 324
   at NUnit.Allure.Core.AllureExtensions.WrapInStep(AllureLifecycle lifecycle, Action action, String stepName, String callerName)
   at OdinUiTests.Pages.ActivityCommonPage.GetMaterialName() in /azp/_work/1/s/Pages/ActivityCommonPage.cs:line 322
   at OdinUiTests.Tests.Activity.ActivityCommon.AddFileMaterial(IWebDriver driver, Boolean isTemplate, String id, String name) in /azp/_work/1/s/Tests/Activity/ActivityCommon.cs:line 138
   at OdinUiTests.Tests.Activity.TemplateAddingTests.CheckAddFileMaterialActivityTemplate() in /azp/_work/1/s/Tests/Activity/TemplateTests.cs:line 147
--NoSuchElementException
   at OpenQA.Selenium.WebDriver.UnpackAndThrowOnError(Response errorResponse, String commandToExecute)
   at OpenQA.Selenium.WebDriver.Execute(String driverCommandToExecute, Dictionary`2 parameters)
   at OpenQA.Selenium.WebDriver.FindElement(String mechanism, String value)
   at OpenQA.Selenium.By.&lt;.ctor&gt;b__11_0(ISearchContext context)
   at OpenQA.Selenium.By.FindElement(ISearchContext context)
   at OpenQA.Selenium.WebDriver.FindElement(By by)
   at SeleniumExtras.WaitHelpers.ExpectedConditions.&lt;&gt;c__DisplayClass19_0.&lt;ElementToBeClickable&gt;b__0(IWebDriver driver)
   at OpenQA.Selenium.Support.UI.DefaultWait`1.Until[TResult](Func`2 condition, CancellationToken token)
</StackTrace>
        </ErrorInfo>
      </Output>
      <ResultFiles>
        <ResultFile path="df2fa4c7c641/CheckAddFileMaterialActivityTemplate.jpg" />
      </ResultFiles>
    </UnitTestResult>
    <UnitTestResult executionId="2c97ebb7-42af-40d9-8d98-c87b57728213" testId="e280d744-c668-5904-a50b-50b2dcd05890" testName="Редактирование дисциплины: нет возможности редактировать у студента" computerName="df2fa4c7c641" duration="00:00:04.6905610" startTime="2023-11-09T07:48:50.8028689+00:00" endTime="2023-11-09T07:48:55.4934295+00:00" testType="13cdc9d9-ddb5-4fa4-a97d-d965ccfc6d4b" outcome="Passed" testListId="8c84fa94-04c1-424b-9868-57a2d4851a1d" relativeResultsDirectory="2c97ebb7-42af-40d9-8d98-c87b57728213">
      <Output>
        <StdOut>Авторизоватся под студентом Smith John</StdOut>
      </Output>
    </UnitTestResult>
    <UnitTestResult executionId="9a010eaf-6586-4d3c-8316-d85aaaa4f222" testId="e2f4f25c-e771-ab86-be85-2b6511952c7a" testName="Конструктор теста-тренажера: отсутствует возможность добавить вариант" computerName="df2fa4c7c641" duration="00:00:01.6165950" startTime="2023-11-09T07:52:38.2717887+00:00" endTime="2023-11-09T07:52:39.8883831+00:00" testType="13cdc9d9-ddb5-4fa4-a97d-d965ccfc6d4b" outcome="Passed" testListId="8c84fa94-04c1-424b-9868-57a2d4851a1d" relativeResultsDirectory="9a010eaf-6586-4d3c-8316-d85aaaa4f222" />
    <UnitTestResult executionId="0f40f24a-5510-4afa-8c21-b585af3ee2d7" testId="3c90185c-2fe6-24ef-0507-090755a015e6" testName="Список чатов - групповой чат: можно найти чат в поиске по названию" computerName="df2fa4c7c641" duration="00:00:11.9585510" startTime="2023-11-09T07:47:53.3894937+00:00" endTime="2023-11-09T07:48:05.3480446+00:00" testType="13cdc9d9-ddb5-4fa4-a97d-d965ccfc6d4b" outcome="Passed" testListId="8c84fa94-04c1-424b-9868-57a2d4851a1d" relativeResultsDirectory="0f40f24a-5510-4afa-8c21-b585af3ee2d7" />
    <UnitTestResult executionId="bedf8d70-55c4-476f-9eba-eaba361c31e8" testId="77f6afa4-ee3a-1756-c0f7-acd006e7342d" testName="Список чатов - чат для заметок: можно закреплять сообщения" computerName="df2fa4c7c641" duration="00:00:15.1883020" startTime="2023-11-09T07:48:48.7439061+00:00" endTime="2023-11-09T07:49:03.9322076+00:00" testType="13cdc9d9-ddb5-4fa4-a97d-d965ccfc6d4b" outcome="Passed" testListId="8c84fa94-04c1-424b-9868-57a2d4851a1d" relativeResultsDirectory="bedf8d70-55c4-476f-9eba-eaba361c31e8" />
    <UnitTestResult executionId="344c4220-329d-44cd-89a9-127191a2eddc" testId="897abd2a-5c74-28af-71da-6a5f5067bbab" testName="Редактирование шаблона контрольной: успешное сохранение при корректных значениях в 'Количество попыток сдачи'" computerName="df2fa4c7c641" duration="00:00:06.9050740" startTime="2023-11-09T07:46:30.6165295+00:00" endTime="2023-11-09T07:46:37.5216035+00:00" testType="13cdc9d9-ddb5-4fa4-a97d-d965ccfc6d4b" outcome="Passed" testListId="8c84fa94-04c1-424b-9868-57a2d4851a1d" relativeResultsDirectory="344c4220-329d-44cd-89a9-127191a2eddc" />
    <UnitTestResult executionId="6a327c80-ef57-4b1f-8d48-6562136c49a8" testId="3a8b9b5d-e8dc-71f3-7c09-70e07e1d22e1" testName="Создание дисциплины ДО: отображение ошибки валидации для поля 'Кредиты' с значением &gt; 15" computerName="df2fa4c7c641" duration="00:00:09.8891410" startTime="2023-11-09T07:49:49.2043559+00:00" endTime="2023-11-09T07:49:59.0934972+00:00" testType="13cdc9d9-ddb5-4fa4-a97d-d965ccfc6d4b" outcome="Passed" testListId="8c84fa94-04c1-424b-9868-57a2d4851a1d" relativeResultsDirectory="6a327c80-ef57-4b1f-8d48-6562136c49a8" />
    <UnitTestResult executionId="57ac0297-c820-4cc0-af17-de70f74c4bb6" testId="cda854bb-329c-0768-15bc-32e34689ae57" testName="Страница организации: переход на страницу Мой тариф" computerName="df2fa4c7c641" duration="00:00:15.3565760" startTime="2023-11-09T07:52:43.8927688+00:00" endTime="2023-11-09T07:52:59.2493446+00:00" testType="13cdc9d9-ddb5-4fa4-a97d-d965ccfc6d4b" outcome="Passed" testListId="8c84fa94-04c1-424b-9868-57a2d4851a1d" relativeResultsDirectory="57ac0297-c820-4cc0-af17-de70f74c4bb6" />
    <UnitTestResult executionId="137e27db-b151-4fc6-930d-8ce1c4f8a7e6" testId="8af9d7fc-a79b-db13-db54-3bee4b491fd2" testName="Проверка отключения синхронизации с Google календарем" computerName="df2fa4c7c641" duration="00:00:04.4233550" startTime="2023-11-09T07:53:31.4928440+00:00" endTime="2023-11-09T07:53:35.9161984+00:00" testType="13cdc9d9-ddb5-4fa4-a97d-d965ccfc6d4b" outcome="Passed" testListId="8c84fa94-04c1-424b-9868-57a2d4851a1d" relativeResultsDirectory="137e27db-b151-4fc6-930d-8ce1c4f8a7e6" />
    <UnitTestResult executionId="4318ca87-ef30-46a8-9ad4-df0a89bdaa22" testId="8c8c07f5-1533-e29c-f3ea-8d50ee81049d" testName="Редактирование шаблона активности: можно добавить материал типа тест-тренажёра из библиотеки не в контрольную" computerName="df2fa4c7c641" duration="00:00:11.7727750" startTime="2023-11-09T07:46:17.9458574+00:00" endTime="2023-11-09T07:46:29.7186322+00:00" testType="13cdc9d9-ddb5-4fa4-a97d-d965ccfc6d4b" outcome="Passed" testListId="8c84fa94-04c1-424b-9868-57a2d4851a1d" relativeResultsDirectory="4318ca87-ef30-46a8-9ad4-df0a89bdaa22" />
    <UnitTestResult executionId="398b5d9c-5b3a-4501-8c29-89a30d0bf5ac" testId="78d410d0-83cf-2c12-7fb4-001e4d8b8cd9" testName="Редактирование шаблона активности: отсутствия поля оценка по SCORM результату, если не добавлен SCORM пакет" computerName="df2fa4c7c641" duration="00:00:01.7209060" startTime="2023-11-09T07:46:29.7187193+00:00" endTime="2023-11-09T07:46:31.4396253+00:00" testType="13cdc9d9-ddb5-4fa4-a97d-d965ccfc6d4b" outcome="Passed" testListId="8c84fa94-04c1-424b-9868-57a2d4851a1d" relativeResultsDirectory="398b5d9c-5b3a-4501-8c29-89a30d0bf5ac" />
    <UnitTestResult executionId="a4275945-2da0-4755-a20b-6e8ec6a99d47" testId="cdbe53ae-1c7b-9dd9-0aba-2801aa8c4447" testName="Конструктор теста: можно удалить блок" computerName="df2fa4c7c641" duration="00:00:12.4444060" startTime="2023-11-09T07:52:38.0396309+00:00" endTime="2023-11-09T07:52:50.4840365+00:00" testType="13cdc9d9-ddb5-4fa4-a97d-d965ccfc6d4b" outcome="Passed" testListId="8c84fa94-04c1-424b-9868-57a2d4851a1d" relativeResultsDirectory="a4275945-2da0-4755-a20b-6e8ec6a99d47" />
    <UnitTestResult executionId="0b4e41b0-757d-400a-a93e-0d38a8b4b766" testId="61c2d682-8402-2c84-5509-2ef8e6164a80" testName="Чат на странице решения: можно удалить сообщение" computerName="df2fa4c7c641" duration="00:00:08.3816080" startTime="2023-11-09T07:48:28.9762331+00:00" endTime="2023-11-09T07:48:37.3578410+00:00" testType="13cdc9d9-ddb5-4fa4-a97d-d965ccfc6d4b" outcome="Passed" testListId="8c84fa94-04c1-424b-9868-57a2d4851a1d" relativeResultsDirectory="0b4e41b0-757d-400a-a93e-0d38a8b4b766" />
    <UnitTestResult executionId="818576e9-9df4-49fa-81fe-05b4aaa4d559" testId="e90bbb63-b987-dfa9-b16c-40bd6e752c09" testName="Работает кнопка 'Моё решение' для студента" computerName="df2fa4c7c641" duration="00:00:03.1236870" startTime="2023-11-09T07:44:30.5654717+00:00" endTime="2023-11-09T07:44:33.6891583+00:00" testType="13cdc9d9-ddb5-4fa4-a97d-d965ccfc6d4b" outcome="Passed" testListId="8c84fa94-04c1-424b-9868-57a2d4851a1d" relativeResultsDirectory="818576e9-9df4-49fa-81fe-05b4aaa4d559" />
    <UnitTestResult executionId="f889007f-ffc3-4252-acb6-cf27a14f5e22" testId="b2b9b638-812e-9bae-7e45-77c9e547491b" testName="Страница командной контрольной: статус ожидает проверки, если в попытке есть хотя бы один вопрос, требующий проверки" computerName="df2fa4c7c641" duration="00:00:12.2558610" startTime="2023-11-09T07:45:39.7270196+00:00" endTime="2023-11-09T07:45:51.9828808+00:00" testType="13cdc9d9-ddb5-4fa4-a97d-d965ccfc6d4b" outcome="Passed" testListId="8c84fa94-04c1-424b-9868-57a2d4851a1d" relativeResultsDirectory="f889007f-ffc3-4252-acb6-cf27a14f5e22" />
    <UnitTestResult executionId="dc4b07f0-c8ee-4c86-8528-87f758819f87" testId="e4fe49e3-149a-b017-5e24-ad215b97565b" testName="Создание потока ДО (СЗ): невозможно создать поток без исправления длительности потока" computerName="df2fa4c7c641" duration="00:00:06.4824149" startTime="2023-11-09T07:48:11.6261102+00:00" endTime="2023-11-09T07:48:18.1085246+00:00" testType="13cdc9d9-ddb5-4fa4-a97d-d965ccfc6d4b" outcome="Passed" testListId="8c84fa94-04c1-424b-9868-57a2d4851a1d" relativeResultsDirectory="dc4b07f0-c8ee-4c86-8528-87f758819f87" />
    <UnitTestResult executionId="2400fa98-9b38-4b40-83fc-cdea8c4db50b" testId="1bc8cc37-f39e-f9d0-52bd-e40e88e68ce7" testName="Редактирование дисциплины: невозможно отключить ИОТ, если в дисциплине есть активности" computerName="df2fa4c7c641" duration="00:00:03.5374910" startTime="2023-11-09T07:49:34.5382471+00:00" endTime="2023-11-09T07:49:38.0757383+00:00" testType="13cdc9d9-ddb5-4fa4-a97d-d965ccfc6d4b" outcome="Passed" testListId="8c84fa94-04c1-424b-9868-57a2d4851a1d" relativeResultsDirectory="2400fa98-9b38-4b40-83fc-cdea8c4db50b" />
    <UnitTestResult executionId="668f5ad2-db5b-4851-9814-f71e2390a574" testId="33d84a51-ba3a-6750-5e59-0c76779ae702" testName="Редактирование активности: успешное сохранение, если заполнена только дата начала" computerName="df2fa4c7c641" duration="00:00:10.8519810" startTime="2023-11-09T07:44:00.2232060+00:00" endTime="2023-11-09T07:44:11.0751872+00:00" testType="13cdc9d9-ddb5-4fa4-a97d-d965ccfc6d4b" outcome="Passed" testListId="8c84fa94-04c1-424b-9868-57a2d4851a1d" relativeResultsDirectory="668f5ad2-db5b-4851-9814-f71e2390a574" />
    <UnitTestResult executionId="238a53a9-3da0-40b6-a7a6-617533f6dd9d" testId="8f40ec6c-ad6b-a8ef-ce17-78e864a88b9c" testName="Страница профиля пользователя: для студента отображаются пройденные активности" computerName="df2fa4c7c641" duration="00:00:01.4723820" startTime="2023-11-09T07:53:54.7432586+00:00" endTime="2023-11-09T07:53:56.2156406+00:00" testType="13cdc9d9-ddb5-4fa4-a97d-d965ccfc6d4b" outcome="Passed" testListId="8c84fa94-04c1-424b-9868-57a2d4851a1d" relativeResultsDirectory="238a53a9-3da0-40b6-a7a6-617533f6dd9d" />
    <UnitTestResult executionId="79a4fbe1-1f1d-48b7-a17c-db9ab2a29247" testId="d21db16f-9a32-fb5e-d56c-93228ccaa793" testName="Редактирование шаблона контрольной: можно загрузить материал типа файл с компьютера" computerName="df2fa4c7c641" duration="00:00:34.0041700" startTime="2023-11-09T07:45:32.6114421+00:00" endTime="2023-11-09T07:46:06.6156117+00:00" testType="13cdc9d9-ddb5-4fa4-a97d-d965ccfc6d4b" outcome="Passed" testListId="8c84fa94-04c1-424b-9868-57a2d4851a1d" relativeResultsDirectory="79a4fbe1-1f1d-48b7-a17c-db9ab2a29247" />
    <UnitTestResult executionId="cc425236-6e3d-4c11-b243-bcf5b69a6f97" testId="f5e27c39-c2a8-bca6-5d96-92126c90cb92" testName="Конструктор теста: можно удалить теги знаний" computerName="df2fa4c7c641" duration="00:00:09.4953330" startTime="2023-11-09T07:52:33.2511838+00:00" endTime="2023-11-09T07:52:42.7465168+00:00" testType="13cdc9d9-ddb5-4fa4-a97d-d965ccfc6d4b" outcome="Passed" testListId="8c84fa94-04c1-424b-9868-57a2d4851a1d" relativeResultsDirectory="cc425236-6e3d-4c11-b243-bcf5b69a6f97" />
    <UnitTestResult executionId="4b9292ea-523a-40cf-baba-7ed64139f098" testId="34f75f61-a249-d285-b33c-9974330a3c0c" testName="Отображение ошибки валидации для поля баллы с отрицательным значением" computerName="df2fa4c7c641" duration="00:00:08.3406760" startTime="2023-11-09T07:44:33.9044485+00:00" endTime="2023-11-09T07:44:42.2451245+00:00" testType="13cdc9d9-ddb5-4fa4-a97d-d965ccfc6d4b" outcome="Passed" testListId="8c84fa94-04c1-424b-9868-57a2d4851a1d" relativeResultsDirectory="4b9292ea-523a-40cf-baba-7ed64139f098" />
    <UnitTestResult executionId="02faed0d-1d2a-466e-9e38-67ee927b1219" testId="6465c79f-dced-df88-c94d-02c59ff2535b" testName="Изменение текста кнопки после затемнения прошедших активностей в списке настроек" computerName="df2fa4c7c641" duration="00:00:06.6162390" startTime="2023-11-09T07:54:03.3615253+00:00" endTime="2023-11-09T07:54:09.9777636+00:00" testType="13cdc9d9-ddb5-4fa4-a97d-d965ccfc6d4b" outcome="Passed" testListId="8c84fa94-04c1-424b-9868-57a2d4851a1d" relativeResultsDirectory="02faed0d-1d2a-466e-9e38-67ee927b1219" />
    <UnitTestResult executionId="5c9f5b58-53b5-4795-b27f-1832a902e0ad" testId="35516253-1717-f7d0-72e1-b8c2d83a47fb" testName="Конструктор теста-тренажера: можно удалить комментарий к вопросу" computerName="df2fa4c7c641" duration="00:00:07.0690990" startTime="2023-11-09T07:52:54.4770881+00:00" endTime="2023-11-09T07:53:01.5461863+00:00" testType="13cdc9d9-ddb5-4fa4-a97d-d965ccfc6d4b" outcome="Passed" testListId="8c84fa94-04c1-424b-9868-57a2d4851a1d" relativeResultsDirectory="5c9f5b58-53b5-4795-b27f-1832a902e0ad" />
    <UnitTestResult executionId="e0321d52-fe96-419a-aaff-0a121b5534f9" testId="19a426fd-cef7-79b3-2817-abbe2c212cf0" testName="Библиотека, плиточный вид: можно загрузить материал типа “Файл” с компьютера" computerName="df2fa4c7c641" duration="00:00:15.4631900" startTime="2023-11-09T07:51:14.7409714+00:00" endTime="2023-11-09T07:51:30.2041616+00:00" testType="13cdc9d9-ddb5-4fa4-a97d-d965ccfc6d4b" outcome="Passed" testListId="8c84fa94-04c1-424b-9868-57a2d4851a1d" relativeResultsDirectory="e0321d52-fe96-419a-aaff-0a121b5534f9" />
    <UnitTestResult executionId="1a15a901-09db-451d-8392-9b9e25aa6250" testId="ddc15ccb-6106-6fd2-7ac2-0661b0223ef6" testName="Страница звонка: можно включить/отключить микрофон в звонке" computerName="df2fa4c7c641" duration="00:00:12.3222890" startTime="2023-11-09T07:46:35.3289902+00:00" endTime="2023-11-09T07:46:47.6512791+00:00" testType="13cdc9d9-ddb5-4fa4-a97d-d965ccfc6d4b" outcome="Passed" testListId="8c84fa94-04c1-424b-9868-57a2d4851a1d" relativeResultsDirectory="1a15a901-09db-451d-8392-9b9e25aa6250" />
    <UnitTestResult executionId="08182e68-b362-4806-bfb3-ab7f0e2330f6" testId="c5a2c8ef-fe52-f075-1a80-5d33b627b04c" testName="Конструктор теста-тренажера: можно добавить вопрос с типом ответа “Свободный ответ” - “Точное совпадение”" computerName="df2fa4c7c641" duration="00:00:17.9847499" startTime="2023-11-09T07:52:11.9311647+00:00" endTime="2023-11-09T07:52:29.9159143+00:00" testType="13cdc9d9-ddb5-4fa4-a97d-d965ccfc6d4b" outcome="Passed" testListId="8c84fa94-04c1-424b-9868-57a2d4851a1d" relativeResultsDirectory="08182e68-b362-4806-bfb3-ab7f0e2330f6" />
    <UnitTestResult executionId="64268c6f-7553-4b86-872c-a50490d1960f" testId="ac1a9b02-54ed-9343-3b86-38106effb0ee" testName="Можно отправить текстовый ответ" computerName="df2fa4c7c641" duration="00:00:07.8218560" startTime="2023-11-09T07:43:59.7501227+00:00" endTime="2023-11-09T07:44:07.5719785+00:00" testType="13cdc9d9-ddb5-4fa4-a97d-d965ccfc6d4b" outcome="Passed" testListId="8c84fa94-04c1-424b-9868-57a2d4851a1d" relativeResultsDirectory="64268c6f-7553-4b86-872c-a50490d1960f" />
    <UnitTestResult executionId="807a7e5c-b867-4bd9-86c5-72381b1195ed" testId="7bf8c8cd-1a48-6a26-5157-530ced9078ea" testName="Список чатов - комната дисциплины: можно отправить текстовое сообщение" computerName="df2fa4c7c641" duration="00:00:07.7017080" startTime="2023-11-09T07:46:28.1159003+00:00" endTime="2023-11-09T07:46:35.8176077+00:00" testType="13cdc9d9-ddb5-4fa4-a97d-d965ccfc6d4b" outcome="Passed" testListId="8c84fa94-04c1-424b-9868-57a2d4851a1d" relativeResultsDirectory="807a7e5c-b867-4bd9-86c5-72381b1195ed" />
    <UnitTestResult executionId="7d360240-f09c-4b71-8b98-32009dfd9b2d" testId="9c60ce7b-d130-87aa-efc6-346103063e10" testName="Чат на странице решения: можно отправить сообщения по нажатию на Enter" computerName="df2fa4c7c641" duration="00:00:06.8934960" startTime="2023-11-09T07:48:12.6808840+00:00" endTime="2023-11-09T07:48:19.5743795+00:00" testType="13cdc9d9-ddb5-4fa4-a97d-d965ccfc6d4b" outcome="Passed" testListId="8c84fa94-04c1-424b-9868-57a2d4851a1d" relativeResultsDirectory="7d360240-f09c-4b71-8b98-32009dfd9b2d" />
    <UnitTestResult executionId="4bdf21bf-8975-4c78-b82d-65e352a6e974" testId="800ab951-b79a-9e4a-a62b-3f7c5760abfb" testName="Миничат - обсуждение решения: можно отправить текстовое сообщение" computerName="df2fa4c7c641" duration="00:00:23.7256570" startTime="2023-11-09T07:47:03.8679741+00:00" endTime="2023-11-09T07:47:27.5936307+00:00" testType="13cdc9d9-ddb5-4fa4-a97d-d965ccfc6d4b" outcome="Passed" testListId="8c84fa94-04c1-424b-9868-57a2d4851a1d" relativeResultsDirectory="4bdf21bf-8975-4c78-b82d-65e352a6e974" />
    <UnitTestResult executionId="2ee1eda5-616b-436f-86c6-db2d91441055" testId="2283d8fa-dba7-193b-a501-cca0d5350c9b" testName="Список чатов - обсуждение решения: можно удалить сообщение" computerName="df2fa4c7c641" duration="00:00:07.8871730" startTime="2023-11-09T07:48:18.7366694+00:00" endTime="2023-11-09T07:48:26.6238421+00:00" testType="13cdc9d9-ddb5-4fa4-a97d-d965ccfc6d4b" outcome="Passed" testListId="8c84fa94-04c1-424b-9868-57a2d4851a1d" relativeResultsDirectory="2ee1eda5-616b-436f-86c6-db2d91441055" />
    <UnitTestResult executionId="eab493ea-0bdb-4738-8d78-15cadf6b1ca3" testId="6bb3c6ad-576b-5a63-533e-4a57a3894d8e" testName="Страница материала: работает хлебная крошка 'Моя библиотека'" computerName="df2fa4c7c641" duration="00:00:05.9525300" startTime="2023-11-09T07:51:00.4888156+00:00" endTime="2023-11-09T07:51:06.4413456+00:00" testType="13cdc9d9-ddb5-4fa4-a97d-d965ccfc6d4b" outcome="Passed" testListId="8c84fa94-04c1-424b-9868-57a2d4851a1d" relativeResultsDirectory="eab493ea-0bdb-4738-8d78-15cadf6b1ca3" />
    <UnitTestResult executionId="836ec4cf-29c2-4676-97aa-81e1b497f65c" testId="52298d88-51da-fbcd-be13-a4f42edbb0cf" testName="Нельзя создать задание с критериями, если не заполнены названия критериев" computerName="df2fa4c7c641" duration="00:00:09.0863130" startTime="2023-11-09T07:44:11.1017523+00:00" endTime="2023-11-09T07:44:20.1880655+00:00" testType="13cdc9d9-ddb5-4fa4-a97d-d965ccfc6d4b" outcome="Passed" testListId="8c84fa94-04c1-424b-9868-57a2d4851a1d" relativeResultsDirectory="836ec4cf-29c2-4676-97aa-81e1b497f65c" />
    <UnitTestResult executionId="155e21a3-b023-4cc1-af7c-3f85b3bb6f50" testId="d04cd17b-68e4-a1b0-c86b-ee7040942d07" testName="Редактирование шаблона контрольной: можно добавить материал типа тест-тренажёр из библиотеки" computerName="df2fa4c7c641" duration="00:00:11.9379370" startTime="2023-11-09T07:46:20.2757360+00:00" endTime="2023-11-09T07:46:32.2136726+00:00" testType="13cdc9d9-ddb5-4fa4-a97d-d965ccfc6d4b" outcome="Passed" testListId="8c84fa94-04c1-424b-9868-57a2d4851a1d" relativeResultsDirectory="155e21a3-b023-4cc1-af7c-3f85b3bb6f50" />
    <UnitTestResult executionId="00c8f6f9-63a9-4bcf-a9ce-9e6fa3e17cce" testId="77ef3ded-f026-6671-cefe-a9d8711da357" testName="Создание шаблона контрольной: с режимом выполнения 'Индивидуальный'" computerName="df2fa4c7c641" duration="00:00:13.6686460" startTime="2023-11-09T07:46:04.9637404+00:00" endTime="2023-11-09T07:46:18.6323861+00:00" testType="13cdc9d9-ddb5-4fa4-a97d-d965ccfc6d4b" outcome="Passed" testListId="8c84fa94-04c1-424b-9868-57a2d4851a1d" relativeResultsDirectory="00c8f6f9-63a9-4bcf-a9ce-9e6fa3e17cce" />
    <UnitTestResult executionId="d8dcc3ca-ef7a-4141-88f6-845c5c030de7" testId="80e2209e-82e1-4ac0-a7ff-59d1e9266202" testName="Страница звонка: отображается зеленая рамка у карточки собеседника при разговоре" computerName="df2fa4c7c641" duration="00:00:35.0732090" startTime="2023-11-09T07:46:47.6513876+00:00" endTime="2023-11-09T07:47:22.7245959+00:00" testType="13cdc9d9-ddb5-4fa4-a97d-d965ccfc6d4b" outcome="Passed" testListId="8c84fa94-04c1-424b-9868-57a2d4851a1d" relativeResultsDirectory="d8dcc3ca-ef7a-4141-88f6-845c5c030de7">
      <Output>
        <StdOut>Cannot assign requested address (localhost:37925)
Cannot assign requested address (localhost:37925)
Cannot assign requested address (localhost:37925)
Cannot assign requested address (localhost:37925)
Cannot assign requested address (localhost:37925)
Cannot assign requested address (localhost:37925)
Авторизоватся под студентом Doe John</StdOut>
      </Output>
    </UnitTestResult>
    <UnitTestResult executionId="689987b2-8dd7-4376-9f6f-3a6669bae436" testId="9e42c0e3-b278-1dec-799f-6cdbe850e4b6" testName="Редактирование активности: можно переключать значения в поле 'Оценка по SCORM результату'" computerName="df2fa4c7c641" duration="00:00:08.0919300" startTime="2023-11-09T07:44:24.5150060+00:00" endTime="2023-11-09T07:44:32.6069355+00:00" testType="13cdc9d9-ddb5-4fa4-a97d-d965ccfc6d4b" outcome="Passed" testListId="8c84fa94-04c1-424b-9868-57a2d4851a1d" relativeResultsDirectory="689987b2-8dd7-4376-9f6f-3a6669bae436" />
    <UnitTestResult executionId="db5e04ee-b9b4-413b-b855-d3ca2a51d06f" testId="2243a6b1-c4e5-4da5-53ce-77ca719d885e" testName="Страница дисциплины: можно открыть мини-чат нажав 'Открыть чат дисциплины'" computerName="df2fa4c7c641" duration="00:00:03.3899700" startTime="2023-11-09T07:50:01.3786496+00:00" endTime="2023-11-09T07:50:04.7686198+00:00" testType="13cdc9d9-ddb5-4fa4-a97d-d965ccfc6d4b" outcome="Passed" testListId="8c84fa94-04c1-424b-9868-57a2d4851a1d" relativeResultsDirectory="db5e04ee-b9b4-413b-b855-d3ca2a51d06f" />
    <UnitTestResult executionId="7a68bd5d-f1dc-4c15-9231-4de498ee6bab" testId="fb06e447-4335-90a8-1b33-b9cc0cdbed09" testName="Редактирование дисциплины: наличия ошибки если поле дата окончания пустое" computerName="df2fa4c7c641" duration="00:00:09.0409370" startTime="2023-11-09T07:49:35.7236769+00:00" endTime="2023-11-09T07:49:44.7646133+00:00" testType="13cdc9d9-ddb5-4fa4-a97d-d965ccfc6d4b" outcome="Passed" testListId="8c84fa94-04c1-424b-9868-57a2d4851a1d" relativeResultsDirectory="7a68bd5d-f1dc-4c15-9231-4de498ee6bab" />
    <UnitTestResult executionId="00778b71-af7c-4777-af40-d6186e6fecc9" testId="d70fa4b5-6936-17b6-6610-a4a0287009c3" testName="Страница дисциплины: отсутствия доступа к кнопке 'Открыть чат дисциплины', если чат дисциплины заблокирован" computerName="df2fa4c7c641" duration="00:00:02.5064080" startTime="2023-11-09T07:48:47.4336995+00:00" endTime="2023-11-09T07:48:49.9401070+00:00" testType="13cdc9d9-ddb5-4fa4-a97d-d965ccfc6d4b" outcome="Passed" testListId="8c84fa94-04c1-424b-9868-57a2d4851a1d" relativeResultsDirectory="00778b71-af7c-4777-af40-d6186e6fecc9" />
    <UnitTestResult executionId="e6d475cb-1d1a-4a57-b85a-6791289fb176" testId="cbc76eac-f0a4-6fec-2bf8-444f27dac594" testName="Список чатов - комната дисциплины: можно найти отправленное сообщение" computerName="df2fa4c7c641" duration="00:00:04.8136330" startTime="2023-11-09T07:47:27.9649105+00:00" endTime="2023-11-09T07:47:32.7785435+00:00" testType="13cdc9d9-ddb5-4fa4-a97d-d965ccfc6d4b" outcome="Passed" testListId="8c84fa94-04c1-424b-9868-57a2d4851a1d" relativeResultsDirectory="e6d475cb-1d1a-4a57-b85a-6791289fb176" />
    <UnitTestResult executionId="d2fcebb0-7f1b-431f-9d24-c7a5db39f84e" testId="4bb2a74a-b4f5-64b8-b215-8bdb71eb1cbc" testName="Список чатов - обсуждение решения: можно добавить реакцию на сообщение" computerName="df2fa4c7c641" duration="00:00:08.0959670" startTime="2023-11-09T07:48:10.6404868+00:00" endTime="2023-11-09T07:48:18.7364538+00:00" testType="13cdc9d9-ddb5-4fa4-a97d-d965ccfc6d4b" outcome="Passed" testListId="8c84fa94-04c1-424b-9868-57a2d4851a1d" relativeResultsDirectory="d2fcebb0-7f1b-431f-9d24-c7a5db39f84e" />
    <UnitTestResult executionId="138036c3-d7ac-453c-868e-3ecae0eec0ba" testId="5042e708-f7e4-5d14-0ea9-cb3d41901555" testName="Создание потока: предупреждение о несоответствии длительности потока для программ длительностью 72 часа" computerName="df2fa4c7c641" duration="00:00:06.1547580" startTime="2023-11-09T07:47:27.6218816+00:00" endTime="2023-11-09T07:47:33.7766396+00:00" testType="13cdc9d9-ddb5-4fa4-a97d-d965ccfc6d4b" outcome="Passed" testListId="8c84fa94-04c1-424b-9868-57a2d4851a1d" relativeResultsDirectory="138036c3-d7ac-453c-868e-3ecae0eec0ba" />
    <UnitTestResult executionId="43ba0c4d-c65d-47e2-9637-5f6bba103751" testId="1eea3540-6db1-a060-6f23-a77268b98efd" testName="Список чатов - обсуждение решения: можно отправить смайлики" computerName="df2fa4c7c641" duration="00:00:08.9614020" startTime="2023-11-09T07:47:46.5548880+00:00" endTime="2023-11-09T07:47:55.5162895+00:00" testType="13cdc9d9-ddb5-4fa4-a97d-d965ccfc6d4b" outcome="Passed" testListId="8c84fa94-04c1-424b-9868-57a2d4851a1d" relativeResultsDirectory="43ba0c4d-c65d-47e2-9637-5f6bba103751" />
    <UnitTestResult executionId="ba96d1ac-8490-4a59-97f8-2818825d3cae" testId="6e640e18-41a6-505c-1003-6bfd8f32bbae" testName="Страница потока: студенты не имеют доступ к материалам архивного потока по прямой ссылки" computerName="df2fa4c7c641" duration="00:00:06.3483510" startTime="2023-11-09T07:48:49.6773175+00:00" endTime="2023-11-09T07:48:56.0256680+00:00" testType="13cdc9d9-ddb5-4fa4-a97d-d965ccfc6d4b" outcome="Passed" testListId="8c84fa94-04c1-424b-9868-57a2d4851a1d" relativeResultsDirectory="ba96d1ac-8490-4a59-97f8-2818825d3cae">
      <Output>
        <StdOut>Авторизоватся под студентом Smith John</StdOut>
      </Output>
    </UnitTestResult>
    <UnitTestResult executionId="646e88d0-711f-4f52-a329-09fc18d27615" testId="2eddec12-89c4-550b-f76b-6cfcd77f443d" testName="Список чатов - личный чат: можно прикрепить и отправить файл с компьютера" computerName="df2fa4c7c641" duration="00:00:06.7342440" startTime="2023-11-09T07:48:09.9430304+00:00" endTime="2023-11-09T07:48:16.6772740+00:00" testType="13cdc9d9-ddb5-4fa4-a97d-d965ccfc6d4b" outcome="Passed" testListId="8c84fa94-04c1-424b-9868-57a2d4851a1d" relativeResultsDirectory="646e88d0-711f-4f52-a329-09fc18d27615" />
    <UnitTestResult executionId="dc71059f-ff5c-4fa4-936f-9fd6330bfee8" testId="dd8fdcf6-2034-eb46-18ee-401e2ec2602e" testName="Редактирование активности: отображение ошибки валидации для полей даты, если дата окончания меньше даты начала" computerName="df2fa4c7c641" duration="00:00:09.3684060" startTime="2023-11-09T07:44:21.2590545+00:00" endTime="2023-11-09T07:44:30.6274608+00:00" testType="13cdc9d9-ddb5-4fa4-a97d-d965ccfc6d4b" outcome="Passed" testListId="8c84fa94-04c1-424b-9868-57a2d4851a1d" relativeResultsDirectory="dc71059f-ff5c-4fa4-936f-9fd6330bfee8" />
    <UnitTestResult executionId="07f08c4f-8ae9-4fc1-8418-c03d5cef7eb4" testId="d1aa405b-40f0-4f14-e25f-26f965150240" testName="Библиотека, плиточный вид: можно удалить материал" computerName="df2fa4c7c641" duration="00:00:11.6264140" startTime="2023-11-09T07:52:17.8665914+00:00" endTime="2023-11-09T07:52:29.4930050+00:00" testType="13cdc9d9-ddb5-4fa4-a97d-d965ccfc6d4b" outcome="Passed" testListId="8c84fa94-04c1-424b-9868-57a2d4851a1d" relativeResultsDirectory="07f08c4f-8ae9-4fc1-8418-c03d5cef7eb4" />
    <UnitTestResult executionId="e636a813-6e91-43a7-b2b7-3c1efa442866" testId="4b30ecde-747b-bc92-780f-fffbeb91f297" testName="Редактирование профиля пользователя: можно изменить страну" computerName="df2fa4c7c641" duration="00:00:09.9622790" startTime="2023-11-09T07:53:26.6665394+00:00" endTime="2023-11-09T07:53:36.6288188+00:00" testType="13cdc9d9-ddb5-4fa4-a97d-d965ccfc6d4b" outcome="Passed" testListId="8c84fa94-04c1-424b-9868-57a2d4851a1d" relativeResultsDirectory="e636a813-6e91-43a7-b2b7-3c1efa442866" />
    <UnitTestResult executionId="f599abb1-7369-4ae4-bc65-5df1f00cb140" testId="940063f4-3148-3422-c6cb-8991c20ece25" testName="Работает кнопка закрепления/открепления из главного меню для преподавателя" computerName="df2fa4c7c641" duration="00:00:16.8748300" startTime="2023-11-09T07:49:40.1068720+00:00" endTime="2023-11-09T07:49:56.9817022+00:00" testType="13cdc9d9-ddb5-4fa4-a97d-d965ccfc6d4b" outcome="Passed" testListId="8c84fa94-04c1-424b-9868-57a2d4851a1d" relativeResultsDirectory="f599abb1-7369-4ae4-bc65-5df1f00cb140" />
    <UnitTestResult executionId="ef89ec85-4608-4987-81eb-fd11ba8cfb7f" testId="c424bd20-6806-3cd5-ee14-ca549c5c8c6d" testName="Конструктор теста: можно изменить описание теста" computerName="df2fa4c7c641" duration="00:00:08.4925090" startTime="2023-11-09T07:51:56.3383080+00:00" endTime="2023-11-09T07:52:04.8308168+00:00" testType="13cdc9d9-ddb5-4fa4-a97d-d965ccfc6d4b" outcome="Passed" testListId="8c84fa94-04c1-424b-9868-57a2d4851a1d" relativeResultsDirectory="ef89ec85-4608-4987-81eb-fd11ba8cfb7f" />
    <UnitTestResult executionId="c0d393e5-da96-492d-9118-8293cf8e50c7" testId="7f3812f3-f9f9-4449-a2cc-8f6767794a83" testName="Cоздание обр программы ДПО: если заполнить все поля" computerName="df2fa4c7c641" duration="00:00:10.6136970" startTime="2023-11-09T07:53:20.5119480+00:00" endTime="2023-11-09T07:53:31.1256445+00:00" testType="13cdc9d9-ddb5-4fa4-a97d-d965ccfc6d4b" outcome="Passed" testListId="8c84fa94-04c1-424b-9868-57a2d4851a1d" relativeResultsDirectory="c0d393e5-da96-492d-9118-8293cf8e50c7" />
    <UnitTestResult executionId="50d8671e-d718-4d12-8baf-70780274f122" testId="7b341805-c52d-7eb8-d47a-acf290391878" testName="Переход со страницы потока на страницу завершения обучения потока" computerName="df2fa4c7c641" duration="00:00:04.3118750" startTime="2023-11-09T07:48:26.5949715+00:00" endTime="2023-11-09T07:48:30.9068463+00:00" testType="13cdc9d9-ddb5-4fa4-a97d-d965ccfc6d4b" outcome="Passed" testListId="8c84fa94-04c1-424b-9868-57a2d4851a1d" relativeResultsDirectory="50d8671e-d718-4d12-8baf-70780274f122" />
    <UnitTestResult executionId="4f621d57-77db-45dd-9843-9ecfb81bfdb7" testId="d8272636-2373-4c8b-6fe8-d9c2103eab1e" testName="Список чатов - комната дисциплины: можно прикрепить и отправить файл с компьютера" computerName="df2fa4c7c641" duration="00:00:06.7677480" startTime="2023-11-09T07:48:05.7421580+00:00" endTime="2023-11-09T07:48:12.5099054+00:00" testType="13cdc9d9-ddb5-4fa4-a97d-d965ccfc6d4b" outcome="Passed" testListId="8c84fa94-04c1-424b-9868-57a2d4851a1d" relativeResultsDirectory="4f621d57-77db-45dd-9843-9ecfb81bfdb7" />
    <UnitTestResult executionId="93b497a9-1d43-4634-a092-dcd5bd91d2ef" testId="94e06ffe-48f0-10fc-a978-7a0c4c28d7c4" testName="Конструктор теста: можно добавить вопрос с типом ответа “Свободный ответ” - “Диапазон”" computerName="df2fa4c7c641" duration="00:00:20.5500070" startTime="2023-11-09T07:52:17.9060838+00:00" endTime="2023-11-09T07:52:38.4560903+00:00" testType="13cdc9d9-ddb5-4fa4-a97d-d965ccfc6d4b" outcome="Passed" testListId="8c84fa94-04c1-424b-9868-57a2d4851a1d" relativeResultsDirectory="93b497a9-1d43-4634-a092-dcd5bd91d2ef" />
    <UnitTestResult executionId="55e3302b-a00b-4912-8e99-5cf0cb39eca5" testId="0264d258-5adf-41f4-cd4c-fc2bae4fbade" testName="Редактирование шаблона активности: отсутствует поля 'Оценка по SCORM результату', если добавлен SCORM пакет в шаблон активности типов кроме контрольной" computerName="df2fa4c7c641" duration="00:00:01.5190240" startTime="2023-11-09T07:45:06.9465250+00:00" endTime="2023-11-09T07:45:08.4655491+00:00" testType="13cdc9d9-ddb5-4fa4-a97d-d965ccfc6d4b" outcome="Passed" testListId="8c84fa94-04c1-424b-9868-57a2d4851a1d" relativeResultsDirectory="55e3302b-a00b-4912-8e99-5cf0cb39eca5" />
    <UnitTestResult executionId="dccf40e4-cc6f-4e81-bbf2-2ce30828008e" testId="8d72f9b6-a837-5835-9a33-0c6659f97736" testName="Список чатов - групповой чат: можно цитировать сообщению" computerName="df2fa4c7c641" duration="00:00:11.3935289" startTime="2023-11-09T07:47:08.0694945+00:00" endTime="2023-11-09T07:47:19.4630232+00:00" testType="13cdc9d9-ddb5-4fa4-a97d-d965ccfc6d4b" outcome="Passed" testListId="8c84fa94-04c1-424b-9868-57a2d4851a1d" relativeResultsDirectory="dccf40e4-cc6f-4e81-bbf2-2ce30828008e" />
    <UnitTestResult executionId="60fed0a4-9f3e-4d80-8504-956673e31e79" testId="1b6185ea-b463-8265-951e-1746dd52d747" testName="Редактирование профиля пользователя: можно изменить город" computerName="df2fa4c7c641" duration="00:00:06.8478500" startTime="2023-11-09T07:53:36.6289145+00:00" endTime="2023-11-09T07:53:43.4767644+00:00" testType="13cdc9d9-ddb5-4fa4-a97d-d965ccfc6d4b" outcome="Passed" testListId="8c84fa94-04c1-424b-9868-57a2d4851a1d" relativeResultsDirectory="60fed0a4-9f3e-4d80-8504-956673e31e79" />
    <UnitTestResult executionId="036569b9-682c-4601-af9a-43e50926f889" testId="7f95a53a-dd38-9b22-8cfe-d10e425dbeb7" testName="Результат прохождения: преподаватель может удалить комментарий к ответу, если включена опция подробная информация о результатах" computerName="df2fa4c7c641" duration="00:00:12.6426560" startTime="2023-11-09T07:45:59.7955833+00:00" endTime="2023-11-09T07:46:12.4382394+00:00" testType="13cdc9d9-ddb5-4fa4-a97d-d965ccfc6d4b" outcome="Passed" testListId="8c84fa94-04c1-424b-9868-57a2d4851a1d" relativeResultsDirectory="036569b9-682c-4601-af9a-43e50926f889" />
    <UnitTestResult executionId="76251375-aab1-43fe-9354-c1e82f75e442" testId="fe82d60b-2c93-7158-9549-5b173ec76f4b" testName="Страница аналитика дисциплины: можно скрывать фильтры таблицы аналитики" computerName="df2fa4c7c641" duration="00:00:07.8296500" startTime="2023-11-09T07:49:23.6938700+00:00" endTime="2023-11-09T07:49:31.5235196+00:00" testType="13cdc9d9-ddb5-4fa4-a97d-d965ccfc6d4b" outcome="Passed" testListId="8c84fa94-04c1-424b-9868-57a2d4851a1d" relativeResultsDirectory="76251375-aab1-43fe-9354-c1e82f75e442" />
    <UnitTestResult executionId="fc2f7a3f-ee02-4d78-ad79-0a18c6989e32" testId="8000b5da-cd14-6f9e-2248-aa51777eff1b" testName="Страница организации: работает переход к библиотеке организации" computerName="df2fa4c7c641" duration="00:00:02.2603390" startTime="2023-11-09T07:53:09.4664133+00:00" endTime="2023-11-09T07:53:11.7267517+00:00" testType="13cdc9d9-ddb5-4fa4-a97d-d965ccfc6d4b" outcome="Passed" testListId="8c84fa94-04c1-424b-9868-57a2d4851a1d" relativeResultsDirectory="fc2f7a3f-ee02-4d78-ad79-0a18c6989e32" />
    <UnitTestResult executionId="ae37a37b-b618-40aa-b117-e4f0b730db27" testId="775ffa77-2c8d-39f7-a5bf-99ad27eeed4a" testName="Редактирование активности: видимость материала вне времени проведения активности" computerName="df2fa4c7c641" duration="00:00:28.6054800" startTime="2023-11-09T07:44:33.0100089+00:00" endTime="2023-11-09T07:45:01.6154881+00:00" testType="13cdc9d9-ddb5-4fa4-a97d-d965ccfc6d4b" outcome="Passed" testListId="8c84fa94-04c1-424b-9868-57a2d4851a1d" relativeResultsDirectory="ae37a37b-b618-40aa-b117-e4f0b730db27">
      <Output>
        <StdOut>Авторизоватся под преподавателем Дарья Тестовая
Авторизоватся под студентом Smith John</StdOut>
      </Output>
    </UnitTestResult>
    <UnitTestResult executionId="dd7b3e56-49cd-4224-a52e-6cccec842f95" testId="c4759228-850f-d517-9d17-6827160bf1d8" testName="Конструктор теста: можно изменить баллы для вопроса" computerName="df2fa4c7c641" duration="00:00:10.4209130" startTime="2023-11-09T07:52:01.6261965+00:00" endTime="2023-11-09T07:52:12.0471093+00:00" testType="13cdc9d9-ddb5-4fa4-a97d-d965ccfc6d4b" outcome="Passed" testListId="8c84fa94-04c1-424b-9868-57a2d4851a1d" relativeResultsDirectory="dd7b3e56-49cd-4224-a52e-6cccec842f95">
      <ResultFiles>
        <ResultFile path="df2fa4c7c641/CheckEditTestQuestionPionts-GetScreenshotBeforeChangePoint.jpg" />
      </ResultFiles>
    </UnitTestResult>
    <UnitTestResult executionId="9cf29551-81a9-4678-8256-0afb76d97fad" testId="4d780640-92ea-7dbd-7239-f80cd8b66550" testName="Чат на странице решения: можно редактировать сообщение в течение 4 часов после отправки" computerName="df2fa4c7c641" duration="00:00:16.0347480" startTime="2023-11-09T07:47:26.8780097+00:00" endTime="2023-11-09T07:47:42.9127575+00:00" testType="13cdc9d9-ddb5-4fa4-a97d-d965ccfc6d4b" outcome="Passed" testListId="8c84fa94-04c1-424b-9868-57a2d4851a1d" relativeResultsDirectory="9cf29551-81a9-4678-8256-0afb76d97fad" />
    <UnitTestResult executionId="e174783c-3c6e-4dc9-881f-6311844a3c65" testId="0a98c2be-7969-46c7-3afc-163d44cc5c8e" testName="Список чатов - личный чат: можно отправить сообщения по нажатию на Enter" computerName="df2fa4c7c641" duration="00:00:07.4185320" startTime="2023-11-09T07:48:19.3084111+00:00" endTime="2023-11-09T07:48:26.7269433+00:00" testType="13cdc9d9-ddb5-4fa4-a97d-d965ccfc6d4b" outcome="Passed" testListId="8c84fa94-04c1-424b-9868-57a2d4851a1d" relativeResultsDirectory="e174783c-3c6e-4dc9-881f-6311844a3c65" />
    <UnitTestResult executionId="0c332643-24e8-4c5b-887a-aa72e242ea22" testId="c7658bab-9a8e-209e-311f-467c1b198783" testName="Страница дисциплины: создание модуля" computerName="df2fa4c7c641" duration="00:00:13.0807240" startTime="2023-11-09T07:48:40.4484477+00:00" endTime="2023-11-09T07:48:53.5291717+00:00" testType="13cdc9d9-ddb5-4fa4-a97d-d965ccfc6d4b" outcome="Passed" testListId="8c84fa94-04c1-424b-9868-57a2d4851a1d" relativeResultsDirectory="0c332643-24e8-4c5b-887a-aa72e242ea22" />
    <UnitTestResult executionId="124696c4-0f42-473c-8992-448f1830e527" testId="7d1dc91e-9d45-6219-2e74-ee69303f4166" testName="Библиотека, списочный вид: можно редактировать материал через actions-кнопки" computerName="df2fa4c7c641" duration="00:00:09.2961829" startTime="2023-11-09T07:52:10.5077602+00:00" endTime="2023-11-09T07:52:19.8039426+00:00" testType="13cdc9d9-ddb5-4fa4-a97d-d965ccfc6d4b" outcome="Passed" testListId="8c84fa94-04c1-424b-9868-57a2d4851a1d" relativeResultsDirectory="124696c4-0f42-473c-8992-448f1830e527" />
    <UnitTestResult executionId="9459d4e1-a71a-4f72-a691-e5204baad1bd" testId="a2bb32b5-3861-16f4-a6af-9e1df78ef0d5" testName="Cоздание обр программы ДПО: проверка кнопки 'Отмена'" computerName="df2fa4c7c641" duration="00:00:01.7398320" startTime="2023-11-09T07:53:15.3791641+00:00" endTime="2023-11-09T07:53:17.1189961+00:00" testType="13cdc9d9-ddb5-4fa4-a97d-d965ccfc6d4b" outcome="Passed" testListId="8c84fa94-04c1-424b-9868-57a2d4851a1d" relativeResultsDirectory="9459d4e1-a71a-4f72-a691-e5204baad1bd" />
    <UnitTestResult executionId="8944aaf9-5723-47ab-b81f-a954f09d472a" testId="67a0747c-ba34-03b1-1ead-103b5c193398" testName="Страница организации: работает кнопка Редактировать" computerName="df2fa4c7c641" duration="00:00:01.4630960" startTime="2023-11-09T07:53:13.3061234+00:00" endTime="2023-11-09T07:53:14.7692189+00:00" testType="13cdc9d9-ddb5-4fa4-a97d-d965ccfc6d4b" outcome="Passed" testListId="8c84fa94-04c1-424b-9868-57a2d4851a1d" relativeResultsDirectory="8944aaf9-5723-47ab-b81f-a954f09d472a" />
    <UnitTestResult executionId="49709ed2-ffe1-4097-b771-4fdb800d6d5d" testId="5c80ce58-20c0-132e-ef3a-5daa27ce3035" testName="Расписание можно открыть из блока Ближайшие активности" computerName="df2fa4c7c641" duration="00:00:04.3630190" startTime="2023-11-09T07:53:33.4823515+00:00" endTime="2023-11-09T07:53:37.8453702+00:00" testType="13cdc9d9-ddb5-4fa4-a97d-d965ccfc6d4b" outcome="Passed" testListId="8c84fa94-04c1-424b-9868-57a2d4851a1d" relativeResultsDirectory="49709ed2-ffe1-4097-b771-4fdb800d6d5d" />
    <UnitTestResult executionId="933bc201-18e4-42a6-bfbc-f1f21f5d729d" testId="7cd99a94-7369-99ad-1b50-46026e760801" testName="Создание шаблона дисциплины: невозможно создать шаблон, если не заполнены обязательные поля" computerName="df2fa4c7c641" duration="00:00:02.6797550" startTime="2023-11-09T07:50:20.4401665+00:00" endTime="2023-11-09T07:50:23.1199215+00:00" testType="13cdc9d9-ddb5-4fa4-a97d-d965ccfc6d4b" outcome="Passed" testListId="8c84fa94-04c1-424b-9868-57a2d4851a1d" relativeResultsDirectory="933bc201-18e4-42a6-bfbc-f1f21f5d729d" />
    <UnitTestResult executionId="6b39448f-5a35-4d49-83da-c0f9c3a20056" testId="b62175a4-4251-7149-85ec-50beb94cc8e0" testName="Создание потока: ошибка валидации, если дата начала не указана" computerName="df2fa4c7c641" duration="00:00:05.7996359" startTime="2023-11-09T07:47:30.8277646+00:00" endTime="2023-11-09T07:47:36.6273999+00:00" testType="13cdc9d9-ddb5-4fa4-a97d-d965ccfc6d4b" outcome="Passed" testListId="8c84fa94-04c1-424b-9868-57a2d4851a1d" relativeResultsDirectory="6b39448f-5a35-4d49-83da-c0f9c3a20056" />
    <UnitTestResult executionId="4d630ed9-b2c2-4ba6-b0b3-1c155b7d0b7e" testId="794fc763-fd4b-d2a0-ce36-51523e29ce0f" testName="Библиотека: при попытке удалить выбранных элементов отображается модалка подтверждения" computerName="df2fa4c7c641" duration="00:00:06.0838430" startTime="2023-11-09T07:51:26.3522483+00:00" endTime="2023-11-09T07:51:32.4360911+00:00" testType="13cdc9d9-ddb5-4fa4-a97d-d965ccfc6d4b" outcome="Passed" testListId="8c84fa94-04c1-424b-9868-57a2d4851a1d" relativeResultsDirectory="4d630ed9-b2c2-4ba6-b0b3-1c155b7d0b7e" />
    <UnitTestResult executionId="4ed9a46d-fc43-4503-ad7e-a6d3706e179b" testId="6779bf51-4adb-ca47-d9b3-be0b2265a2a3" testName="Работает кнопка 'Перейти к решениям' для преподавателя" computerName="df2fa4c7c641" duration="00:00:02.8409540" startTime="2023-11-09T07:43:57.3518831+00:00" endTime="2023-11-09T07:44:00.1928368+00:00" testType="13cdc9d9-ddb5-4fa4-a97d-d965ccfc6d4b" outcome="Passed" testListId="8c84fa94-04c1-424b-9868-57a2d4851a1d" relativeResultsDirectory="4ed9a46d-fc43-4503-ad7e-a6d3706e179b" />
    <UnitTestResult executionId="6001b95f-3103-4a32-a2b9-85d122d22dd0" testId="326b2a1b-2f30-7b8e-4139-da0dd2bef186" testName="Редактирование шаблона активности: отображение ошибки валидации для поля 'Объём' с отрицательным значением" computerName="df2fa4c7c641" duration="00:00:05.9015420" startTime="2023-11-09T07:44:49.8656295+00:00" endTime="2023-11-09T07:44:55.7671715+00:00" testType="13cdc9d9-ddb5-4fa4-a97d-d965ccfc6d4b" outcome="Passed" testListId="8c84fa94-04c1-424b-9868-57a2d4851a1d" relativeResultsDirectory="6001b95f-3103-4a32-a2b9-85d122d22dd0" />
    <UnitTestResult executionId="341d148c-607b-474b-853f-d180a55ac83f" testId="6b0a2d90-ad80-1988-54ae-9e83fd2ffa5e" testName="Работает кнопка Редактировать" computerName="df2fa4c7c641" duration="00:00:01.2011909" startTime="2023-11-09T07:50:44.0513925+00:00" endTime="2023-11-09T07:50:45.2525836+00:00" testType="13cdc9d9-ddb5-4fa4-a97d-d965ccfc6d4b" outcome="Passed" testListId="8c84fa94-04c1-424b-9868-57a2d4851a1d" relativeResultsDirectory="341d148c-607b-474b-853f-d180a55ac83f" />
    <UnitTestResult executionId="09dd56cb-6c77-41a9-8ba0-9a1c8fba3022" testId="a9613c64-985d-460b-3e91-6768a8983667" testName="Библиотека, списочный вид: можно переместить материал через actions-кнопки" computerName="df2fa4c7c641" duration="00:00:15.3264130" startTime="2023-11-09T07:52:19.8040230+00:00" endTime="2023-11-09T07:52:35.1304357+00:00" testType="13cdc9d9-ddb5-4fa4-a97d-d965ccfc6d4b" outcome="Passed" testListId="8c84fa94-04c1-424b-9868-57a2d4851a1d" relativeResultsDirectory="09dd56cb-6c77-41a9-8ba0-9a1c8fba3022" />
    <UnitTestResult executionId="4f806b84-01e7-4df1-a546-6dd96bf9141c" testId="ac559f1b-8ede-6748-3c3b-3f92548280fb" testName="Конструктор теста: можно добавить вопрос с типом ответа “Свободный ответ” - “Точное совпадение”" computerName="df2fa4c7c641" duration="00:00:21.8747190" startTime="2023-11-09T07:51:56.0312829+00:00" endTime="2023-11-09T07:52:17.9060013+00:00" testType="13cdc9d9-ddb5-4fa4-a97d-d965ccfc6d4b" outcome="Passed" testListId="8c84fa94-04c1-424b-9868-57a2d4851a1d" relativeResultsDirectory="4f806b84-01e7-4df1-a546-6dd96bf9141c" />
    <UnitTestResult executionId="cefea66e-4910-4716-a848-eef415353b1c" testId="e4f80452-faf5-7c2f-9ac8-bb76481dd1eb" testName="Создание дисциплины ДО: отображение ошибки валидации для поля 'Название', если поле не заполнено" computerName="df2fa4c7c641" duration="00:00:07.5094240" startTime="2023-11-09T07:49:06.7178867+00:00" endTime="2023-11-09T07:49:14.2273101+00:00" testType="13cdc9d9-ddb5-4fa4-a97d-d965ccfc6d4b" outcome="Passed" testListId="8c84fa94-04c1-424b-9868-57a2d4851a1d" relativeResultsDirectory="cefea66e-4910-4716-a848-eef415353b1c" />
    <UnitTestResult executionId="c880f157-e36b-491f-b875-56c5df413fbe" testId="a64cd4b7-72d8-8180-44af-724dacdea41f" testName="Страница посещаемости дисциплины: невозможности отметки/снятия посещаемости студентом" computerName="df2fa4c7c641" duration="00:00:05.7014300" startTime="2023-11-09T07:50:45.8252807+00:00" endTime="2023-11-09T07:50:51.5267102+00:00" testType="13cdc9d9-ddb5-4fa4-a97d-d965ccfc6d4b" outcome="Passed" testListId="8c84fa94-04c1-424b-9868-57a2d4851a1d" relativeResultsDirectory="c880f157-e36b-491f-b875-56c5df413fbe" />
    <UnitTestResult executionId="1aa87b77-2682-4f74-8cdd-0667afd93a45" testId="76b5cd4d-f7bf-ab30-b757-097c33471d9d" testName="Страница командной контрольной: можно добавить команду" computerName="df2fa4c7c641" duration="00:00:18.4788760" startTime="2023-11-09T07:45:14.4878534+00:00" endTime="2023-11-09T07:45:32.9667295+00:00" testType="13cdc9d9-ddb5-4fa4-a97d-d965ccfc6d4b" outcome="Passed" testListId="8c84fa94-04c1-424b-9868-57a2d4851a1d" relativeResultsDirectory="1aa87b77-2682-4f74-8cdd-0667afd93a45" />
    <UnitTestResult executionId="7ff49ccf-2df6-4117-8e90-ffb7000c9006" testId="50e9948c-d8fc-b21b-263a-4bed65ee21c4" testName="Редактирование дисциплины: после снятии галки ‘Все студенты потока’ появляется поля Группы и Студенты" computerName="df2fa4c7c641" duration="00:00:04.2994560" startTime="2023-11-09T07:50:41.6004183+00:00" endTime="2023-11-09T07:50:45.8998742+00:00" testType="13cdc9d9-ddb5-4fa4-a97d-d965ccfc6d4b" outcome="Passed" testListId="8c84fa94-04c1-424b-9868-57a2d4851a1d" relativeResultsDirectory="7ff49ccf-2df6-4117-8e90-ffb7000c9006" />
    <UnitTestResult executionId="c59c136c-64fe-488c-86b6-8af3d0ecc620" testId="31fa9a43-97f9-5abd-5b05-721ec4212250" testName="Библиотека: можно переместить несколько выбранных элементов в другой каталог" computerName="df2fa4c7c641" duration="00:00:21.0097530" startTime="2023-11-09T07:51:05.3423561+00:00" endTime="2023-11-09T07:51:26.3521087+00:00" testType="13cdc9d9-ddb5-4fa4-a97d-d965ccfc6d4b" outcome="Passed" testListId="8c84fa94-04c1-424b-9868-57a2d4851a1d" relativeResultsDirectory="c59c136c-64fe-488c-86b6-8af3d0ecc620" />
    <UnitTestResult executionId="9a5887db-210a-4d82-a6bd-fb5ac065a24e" testId="d476c305-755a-73cb-0c54-41d2d6f1f2d5" testName="Можно отправить файловый ответ" computerName="df2fa4c7c641" duration="00:00:04.5897360" startTime="2023-11-09T07:44:13.3373525+00:00" endTime="2023-11-09T07:44:17.9270878+00:00" testType="13cdc9d9-ddb5-4fa4-a97d-d965ccfc6d4b" outcome="Passed" testListId="8c84fa94-04c1-424b-9868-57a2d4851a1d" relativeResultsDirectory="9a5887db-210a-4d82-a6bd-fb5ac065a24e" />
    <UnitTestResult executionId="a56cf29f-7129-40fe-b755-1da27e03964d" testId="122f8a4e-d67a-d20e-7dd2-a2414bd8b195" testName="Страница командной контрольной: можно удалить команду" computerName="df2fa4c7c641" duration="00:00:14.9101940" startTime="2023-11-09T07:45:52.1673564+00:00" endTime="2023-11-09T07:46:07.0775498+00:00" testType="13cdc9d9-ddb5-4fa4-a97d-d965ccfc6d4b" outcome="Passed" testListId="8c84fa94-04c1-424b-9868-57a2d4851a1d" relativeResultsDirectory="a56cf29f-7129-40fe-b755-1da27e03964d" />
    <UnitTestResult executionId="ecdd5672-4630-4968-9009-11c728bfce45" testId="913154bb-ec7c-6f55-992d-d36d78d58c1a" testName="Библиотека, плиточный вид: можно скопировать материал в другой каталог" computerName="df2fa4c7c641" duration="00:00:25.8066720" startTime="2023-11-09T07:51:40.7251310+00:00" endTime="2023-11-09T07:52:06.5318026+00:00" testType="13cdc9d9-ddb5-4fa4-a97d-d965ccfc6d4b" outcome="Passed" testListId="8c84fa94-04c1-424b-9868-57a2d4851a1d" relativeResultsDirectory="ecdd5672-4630-4968-9009-11c728bfce45" />
    <UnitTestResult executionId="17a99212-c8da-4bc2-828f-3a8bc5650389" testId="0971c060-eb72-4da5-e820-fbe5d32e1421" testName="Страница библиотеки: можно удалить шаблон дисциплины" computerName="df2fa4c7c641" duration="00:00:23.4639470" startTime="2023-11-09T07:51:42.6020065+00:00" endTime="2023-11-09T07:52:06.0659532+00:00" testType="13cdc9d9-ddb5-4fa4-a97d-d965ccfc6d4b" outcome="Passed" testListId="8c84fa94-04c1-424b-9868-57a2d4851a1d" relativeResultsDirectory="17a99212-c8da-4bc2-828f-3a8bc5650389" />
    <UnitTestResult executionId="7427849f-2b0d-4ce2-a9b4-11eaeb0779ac" testId="ad7b798d-6d2a-bae1-e77f-864f3f1656fa" testName="Редактирование шаблона активности: можно добавить материал типа текст из библиотеки" computerName="df2fa4c7c641" duration="00:00:35.6115640" startTime="2023-11-09T07:45:31.4720193+00:00" endTime="2023-11-09T07:46:07.0835827+00:00" testType="13cdc9d9-ddb5-4fa4-a97d-d965ccfc6d4b" outcome="Passed" testListId="8c84fa94-04c1-424b-9868-57a2d4851a1d" relativeResultsDirectory="7427849f-2b0d-4ce2-a9b4-11eaeb0779ac" />
    <UnitTestResult executionId="7f044b38-df94-4d65-b4a2-6baaf6ff0c47" testId="e056f1a4-d86d-a2f0-293c-bee950ea1448" testName="Список чатов - личный чат: можно найти чат в поиске по названию" computerName="df2fa4c7c641" duration="00:00:04.8873720" startTime="2023-11-09T07:49:17.4784845+00:00" endTime="2023-11-09T07:49:22.3658557+00:00" testType="13cdc9d9-ddb5-4fa4-a97d-d965ccfc6d4b" outcome="Passed" testListId="8c84fa94-04c1-424b-9868-57a2d4851a1d" relativeResultsDirectory="7f044b38-df94-4d65-b4a2-6baaf6ff0c47" />
    <UnitTestResult executionId="fb4ce0d8-f25e-425b-a0dd-1924d88554c1" testId="e60f02b2-15aa-9801-05b0-e71f07c40b34" testName="Можно загрузить/удалить аватар для подразделения" computerName="df2fa4c7c641" duration="00:00:06.6836420" startTime="2023-11-09T07:50:30.1733597+00:00" endTime="2023-11-09T07:50:36.8570012+00:00" testType="13cdc9d9-ddb5-4fa4-a97d-d965ccfc6d4b" outcome="Passed" testListId="8c84fa94-04c1-424b-9868-57a2d4851a1d" relativeResultsDirectory="fb4ce0d8-f25e-425b-a0dd-1924d88554c1" />
    <UnitTestResult executionId="8049720f-017a-434b-86b5-ffd4f8179d01" testId="a53be47d-0bd9-83b0-2fa7-08cc1b1349d0" testName="Редактирование дисциплины: работает кнопка Отмена" computerName="df2fa4c7c641" duration="00:00:03.1537810" startTime="2023-11-09T07:50:15.3723703+00:00" endTime="2023-11-09T07:50:18.5261507+00:00" testType="13cdc9d9-ddb5-4fa4-a97d-d965ccfc6d4b" outcome="Passed" testListId="8c84fa94-04c1-424b-9868-57a2d4851a1d" relativeResultsDirectory="8049720f-017a-434b-86b5-ffd4f8179d01" />
    <UnitTestResult executionId="27934e83-29f0-4d81-8961-90d8e2739609" testId="1b596ff2-b422-1fd5-1dfc-630f04ef3f3b" testName="Список чатов - личный чат: можно цитировать сообщению" computerName="df2fa4c7c641" duration="00:00:11.1590290" startTime="2023-11-09T07:47:35.0263342+00:00" endTime="2023-11-09T07:47:46.1853628+00:00" testType="13cdc9d9-ddb5-4fa4-a97d-d965ccfc6d4b" outcome="Passed" testListId="8c84fa94-04c1-424b-9868-57a2d4851a1d" relativeResultsDirectory="27934e83-29f0-4d81-8961-90d8e2739609" />
    <UnitTestResult executionId="940fb72d-1fff-427d-be4d-40f4207dd919" testId="cf8b3a9e-b4a3-e5ae-0d92-17c4a104611e" testName="Библиотека, плиточный вид: можно создать каталог" computerName="df2fa4c7c641" duration="00:00:09.3305330" startTime="2023-11-09T07:50:33.2504975+00:00" endTime="2023-11-09T07:50:42.5810299+00:00" testType="13cdc9d9-ddb5-4fa4-a97d-d965ccfc6d4b" outcome="Passed" testListId="8c84fa94-04c1-424b-9868-57a2d4851a1d" relativeResultsDirectory="940fb72d-1fff-427d-be4d-40f4207dd919" />
    <UnitTestResult executionId="eb6634e8-50a1-48ce-aad7-b1c5e098b769" testId="41575e40-e625-2885-53e0-5baa543c42ff" testName="Проверка подключения синхронизации с Google календарем" computerName="df2fa4c7c641" duration="00:00:10.4357890" startTime="2023-11-09T07:53:21.0569790+00:00" endTime="2023-11-09T07:53:31.4927676+00:00" testType="13cdc9d9-ddb5-4fa4-a97d-d965ccfc6d4b" outcome="Passed" testListId="8c84fa94-04c1-424b-9868-57a2d4851a1d" relativeResultsDirectory="eb6634e8-50a1-48ce-aad7-b1c5e098b769" />
    <UnitTestResult executionId="42e1229a-ca08-4f97-a890-e96bc789a320" testId="02fa0e24-cfba-bcbe-7517-04c5366978d1" testName="Можно редактировать название подразделения" computerName="df2fa4c7c641" duration="00:00:05.0930340" startTime="2023-11-09T07:50:30.0844264+00:00" endTime="2023-11-09T07:50:35.1774599+00:00" testType="13cdc9d9-ddb5-4fa4-a97d-d965ccfc6d4b" outcome="Passed" testListId="8c84fa94-04c1-424b-9868-57a2d4851a1d" relativeResultsDirectory="42e1229a-ca08-4f97-a890-e96bc789a320" />
    <UnitTestResult executionId="a5648808-4bf6-46ff-95d8-30819ff2f5b7" testId="260cb2d3-db1b-4d3a-99da-7a0ce834535e" testName="Конструктор теста: можно изменить временной лимит" computerName="df2fa4c7c641" duration="00:00:06.7695250" startTime="2023-11-09T07:52:56.2608750+00:00" endTime="2023-11-09T07:53:03.0303997+00:00" testType="13cdc9d9-ddb5-4fa4-a97d-d965ccfc6d4b" outcome="Passed" testListId="8c84fa94-04c1-424b-9868-57a2d4851a1d" relativeResultsDirectory="a5648808-4bf6-46ff-95d8-30819ff2f5b7" />
    <UnitTestResult executionId="a0ae9491-22bc-4e2e-903f-fc3fb32cff6f" testId="cdc8ee0a-649d-4bab-d466-9faa44cb9844" testName="Отображается цветовая легенда событий расписания" computerName="df2fa4c7c641" duration="00:00:02.8362170" startTime="2023-11-09T07:53:22.0771641+00:00" endTime="2023-11-09T07:53:24.9133812+00:00" testType="13cdc9d9-ddb5-4fa4-a97d-d965ccfc6d4b" outcome="Passed" testListId="8c84fa94-04c1-424b-9868-57a2d4851a1d" relativeResultsDirectory="a0ae9491-22bc-4e2e-903f-fc3fb32cff6f" />
    <UnitTestResult executionId="7037becc-2d6b-4f3a-9394-210df4343969" testId="e93084d9-dd88-673a-fa47-5923a02e4ea3" testName="Список чатов - групповой чат: можно отправить сообщения по нажатию на Enter" computerName="df2fa4c7c641" duration="00:00:05.7936379" startTime="2023-11-09T07:48:05.3481457+00:00" endTime="2023-11-09T07:48:11.1417832+00:00" testType="13cdc9d9-ddb5-4fa4-a97d-d965ccfc6d4b" outcome="Passed" testListId="8c84fa94-04c1-424b-9868-57a2d4851a1d" relativeResultsDirectory="7037becc-2d6b-4f3a-9394-210df4343969" />
    <UnitTestResult executionId="306c8ca1-f4f4-4c9f-8bcd-379097b65067" testId="238e3b0f-3b46-f696-2c95-70dc1d3faf82" testName="Редактирование контрольной: успешное сохранение при корректных значениях в 'Количество попыток сдачи'" computerName="df2fa4c7c641" duration="00:00:09.2923760" startTime="2023-11-09T07:45:09.7984790+00:00" endTime="2023-11-09T07:45:19.0908548+00:00" testType="13cdc9d9-ddb5-4fa4-a97d-d965ccfc6d4b" outcome="Passed" testListId="8c84fa94-04c1-424b-9868-57a2d4851a1d" relativeResultsDirectory="306c8ca1-f4f4-4c9f-8bcd-379097b65067" />
    <UnitTestResult executionId="78954406-b98e-423d-b3d3-35727895625b" testId="96350540-2050-5392-e2be-140e51621360" testName="Лейблы тип и количество часов отображаются под названием программы" computerName="df2fa4c7c641" duration="00:00:02.5721029" startTime="2023-11-09T07:50:54.5798108+00:00" endTime="2023-11-09T07:50:57.1519138+00:00" testType="13cdc9d9-ddb5-4fa4-a97d-d965ccfc6d4b" outcome="Passed" testListId="8c84fa94-04c1-424b-9868-57a2d4851a1d" relativeResultsDirectory="78954406-b98e-423d-b3d3-35727895625b" />
    <UnitTestResult executionId="2917d93a-1bfc-4aaf-a71f-b7770b262442" testId="e76ffd5c-4292-51c7-41ca-614e26be80fe" testName="Чат на странице решения: можно добавить реакцию на сообщение" computerName="df2fa4c7c641" duration="00:00:09.4008020" startTime="2023-11-09T07:48:19.5744976+00:00" endTime="2023-11-09T07:48:28.9752993+00:00" testType="13cdc9d9-ddb5-4fa4-a97d-d965ccfc6d4b" outcome="Passed" testListId="8c84fa94-04c1-424b-9868-57a2d4851a1d" relativeResultsDirectory="2917d93a-1bfc-4aaf-a71f-b7770b262442" />
    <UnitTestResult executionId="c42c01ca-4a93-474f-a7f2-2c280383bf3b" testId="6c6ce96b-c761-791b-6580-2bd10da109ae" testName="Cоздание активности: можно создать активность в дисциплине в теме" computerName="df2fa4c7c641" duration="00:00:09.8072579" startTime="2023-11-09T07:44:08.3509902+00:00" endTime="2023-11-09T07:44:18.1582475+00:00" testType="13cdc9d9-ddb5-4fa4-a97d-d965ccfc6d4b" outcome="Passed" testListId="8c84fa94-04c1-424b-9868-57a2d4851a1d" relativeResultsDirectory="c42c01ca-4a93-474f-a7f2-2c280383bf3b" />
    <UnitTestResult executionId="31798033-bfdc-49ec-8ef4-6d017f5948e9" testId="86443cb6-fe62-791f-cd3b-ec82863f9a1b" testName="Страница дисциплины: отсутствия кнопки 'Редактировать' у студента" computerName="df2fa4c7c641" duration="00:00:02.4558660" startTime="2023-11-09T07:50:38.9876155+00:00" endTime="2023-11-09T07:50:41.4434814+00:00" testType="13cdc9d9-ddb5-4fa4-a97d-d965ccfc6d4b" outcome="Passed" testListId="8c84fa94-04c1-424b-9868-57a2d4851a1d" relativeResultsDirectory="31798033-bfdc-49ec-8ef4-6d017f5948e9" />
    <UnitTestResult executionId="5268b847-f2bb-4e66-a1b9-4ccd37958941" testId="5c1f95f8-0aaa-151a-e37f-c55c5080aaf7" testName="Создание организации: можно скопировать название в поле краткое название двойным кликом" computerName="df2fa4c7c641" duration="00:00:02.1833250" startTime="2023-11-09T07:53:00.6855503+00:00" endTime="2023-11-09T07:53:02.8688747+00:00" testType="13cdc9d9-ddb5-4fa4-a97d-d965ccfc6d4b" outcome="Passed" testListId="8c84fa94-04c1-424b-9868-57a2d4851a1d" relativeResultsDirectory="5268b847-f2bb-4e66-a1b9-4ccd37958941" />
    <UnitTestResult executionId="d307790c-e85f-49c4-8005-1bc4117e5d02" testId="ae9dbbdb-9892-5a6b-166f-e7b658456727" testName="Страница оценок дисциплины: невозможности выставления оценки студентом" computerName="df2fa4c7c641" duration="00:00:04.3811220" startTime="2023-11-09T07:50:41.4437113+00:00" endTime="2023-11-09T07:50:45.8248329+00:00" testType="13cdc9d9-ddb5-4fa4-a97d-d965ccfc6d4b" outcome="Passed" testListId="8c84fa94-04c1-424b-9868-57a2d4851a1d" relativeResultsDirectory="d307790c-e85f-49c4-8005-1bc4117e5d02" />
    <UnitTestResult executionId="eea21738-3cda-42d7-814e-1e93e0c04e25" testId="6c63e1c3-4609-f923-ae8e-afae025ceabe" testName="Создание дисциплины: есть возможность создать дисциплину сняв галку ‘Все студенты потока’" computerName="df2fa4c7c641" duration="00:00:11.3088290" startTime="2023-11-09T07:50:44.7915833+00:00" endTime="2023-11-09T07:50:56.1004120+00:00" testType="13cdc9d9-ddb5-4fa4-a97d-d965ccfc6d4b" outcome="Passed" testListId="8c84fa94-04c1-424b-9868-57a2d4851a1d" relativeResultsDirectory="eea21738-3cda-42d7-814e-1e93e0c04e25" />
    <UnitTestResult executionId="65918f24-0dd6-4c75-8bc7-fcb99e21ef99" testId="6602fe9c-7ebb-097d-a2dd-34c9df7609e1" testName="Конструктор теста: можно удалить вопрос" computerName="df2fa4c7c641" duration="00:00:10.6435730" startTime="2023-11-09T07:52:10.5024725+00:00" endTime="2023-11-09T07:52:21.1460446+00:00" testType="13cdc9d9-ddb5-4fa4-a97d-d965ccfc6d4b" outcome="Passed" testListId="8c84fa94-04c1-424b-9868-57a2d4851a1d" relativeResultsDirectory="65918f24-0dd6-4c75-8bc7-fcb99e21ef99" />
    <UnitTestResult executionId="4988ab60-230b-4f5d-a819-fc7c23dbc534" testId="a972ba6d-8ab2-b680-cda9-6cb0217ab7a3" testName="Библиотека: при переходе в режим выбора первый элемент должен быть выбран" computerName="df2fa4c7c641" duration="00:00:06.3804410" startTime="2023-11-09T07:50:41.3890997+00:00" endTime="2023-11-09T07:50:47.7695407+00:00" testType="13cdc9d9-ddb5-4fa4-a97d-d965ccfc6d4b" outcome="Passed" testListId="8c84fa94-04c1-424b-9868-57a2d4851a1d" relativeResultsDirectory="4988ab60-230b-4f5d-a819-fc7c23dbc534" />
    <UnitTestResult executionId="baf91047-1378-4341-bcb8-682b14ff7252" testId="4dbc08cd-cfaa-c77e-2dc1-5eb174ee8586" testName="Список чатов - чат для заметок: можно добавить реакцию на сообщение" computerName="df2fa4c7c641" duration="00:00:08.6275820" startTime="2023-11-09T07:48:40.1162092+00:00" endTime="2023-11-09T07:48:48.7437905+00:00" testType="13cdc9d9-ddb5-4fa4-a97d-d965ccfc6d4b" outcome="Passed" testListId="8c84fa94-04c1-424b-9868-57a2d4851a1d" relativeResultsDirectory="baf91047-1378-4341-bcb8-682b14ff7252" />
    <UnitTestResult executionId="cc767b43-cdb1-41a8-b7e6-8cebcb50f4ac" testId="3e103376-f81f-b59a-30f8-6788669ab00c" testName="Страница библиотеки: можно удалить шаблон программы" computerName="df2fa4c7c641" duration="00:00:21.1940269" startTime="2023-11-09T07:51:01.9324835+00:00" endTime="2023-11-09T07:51:23.1265101+00:00" testType="13cdc9d9-ddb5-4fa4-a97d-d965ccfc6d4b" outcome="Passed" testListId="8c84fa94-04c1-424b-9868-57a2d4851a1d" relativeResultsDirectory="cc767b43-cdb1-41a8-b7e6-8cebcb50f4ac" />
    <UnitTestResult executionId="49467d36-4480-4447-bac1-bb5b111202bc" testId="1bcce08a-0425-5e40-4020-38e16957733b" testName="Конструктор теста-тренажера: можно удалить вариант ответа из вопроса с типом ответа 'Выбор из вариантов'" computerName="df2fa4c7c641" duration="00:00:07.1676790" startTime="2023-11-09T07:53:07.2160016+00:00" endTime="2023-11-09T07:53:14.3836800+00:00" testType="13cdc9d9-ddb5-4fa4-a97d-d965ccfc6d4b" outcome="Passed" testListId="8c84fa94-04c1-424b-9868-57a2d4851a1d" relativeResultsDirectory="49467d36-4480-4447-bac1-bb5b111202bc" />
    <UnitTestResult executionId="a1b79862-ee68-4104-a49c-dcc255ab2680" testId="22697b6b-c7a8-8e26-b28d-8b453014ff36" testName="Наличие ошибки при удалении решения" computerName="df2fa4c7c641" duration="00:00:03.7486120" startTime="2023-11-09T07:44:21.9696760+00:00" endTime="2023-11-09T07:44:25.7182875+00:00" testType="13cdc9d9-ddb5-4fa4-a97d-d965ccfc6d4b" outcome="Passed" testListId="8c84fa94-04c1-424b-9868-57a2d4851a1d" relativeResultsDirectory="a1b79862-ee68-4104-a49c-dcc255ab2680" />
    <UnitTestResult executionId="41f0c687-3a1b-4326-ae2c-467dc757f0b7" testId="a0703b53-0b09-e86e-ca38-cf2474087daf" testName="Создание потока: ошибка валидации, если дата начала больше чем дата окончания" computerName="df2fa4c7c641" duration="00:00:06.2078230" startTime="2023-11-09T07:47:45.6162096+00:00" endTime="2023-11-09T07:47:51.8240327+00:00" testType="13cdc9d9-ddb5-4fa4-a97d-d965ccfc6d4b" outcome="Passed" testListId="8c84fa94-04c1-424b-9868-57a2d4851a1d" relativeResultsDirectory="41f0c687-3a1b-4326-ae2c-467dc757f0b7" />
    <UnitTestResult executionId="16fd365e-c789-420c-8c06-13a1a014c57b" testId="9d0d4807-c76c-07a1-259c-794a5152f5bd" testName="Библиотека, плиточный вид: работает поиск по типу материала" computerName="df2fa4c7c641" duration="00:00:04.3901240" startTime="2023-11-09T07:51:10.3463951+00:00" endTime="2023-11-09T07:51:14.7365187+00:00" testType="13cdc9d9-ddb5-4fa4-a97d-d965ccfc6d4b" outcome="Passed" testListId="8c84fa94-04c1-424b-9868-57a2d4851a1d" relativeResultsDirectory="16fd365e-c789-420c-8c06-13a1a014c57b" />
    <UnitTestResult executionId="798db78c-8acd-479e-ad3d-47060430f9c6" testId="4eb75397-9426-777a-523b-8d39d04d0039" testName="Страница профиля пользователя: можно загрузить фото" computerName="df2fa4c7c641" duration="00:00:09.0350740" startTime="2023-11-09T07:53:35.0480261+00:00" endTime="2023-11-09T07:53:44.0831001+00:00" testType="13cdc9d9-ddb5-4fa4-a97d-d965ccfc6d4b" outcome="Passed" testListId="8c84fa94-04c1-424b-9868-57a2d4851a1d" relativeResultsDirectory="798db78c-8acd-479e-ad3d-47060430f9c6" />
    <UnitTestResult executionId="b649bc9e-3fd8-421e-a82b-103eefb37e3d" testId="889c6966-c26e-b840-b4b9-ac9c49001f10" testName="Страница профиля пользователя: кнопка 'Редактировать' работает для пользователя" computerName="df2fa4c7c641" duration="00:00:03.5271230" startTime="2023-11-09T07:53:51.2160572+00:00" endTime="2023-11-09T07:53:54.7431796+00:00" testType="13cdc9d9-ddb5-4fa4-a97d-d965ccfc6d4b" outcome="Passed" testListId="8c84fa94-04c1-424b-9868-57a2d4851a1d" relativeResultsDirectory="b649bc9e-3fd8-421e-a82b-103eefb37e3d" />
    <UnitTestResult executionId="12db9f94-c239-46aa-82e6-bb4ed2e21742" testId="b61f7064-bcd2-291d-5a9f-5296620d74d2" testName="Можно создать подразделение, если заполнены все поля" computerName="df2fa4c7c641" duration="00:00:09.2961410" startTime="2023-11-09T07:50:33.8545290+00:00" endTime="2023-11-09T07:50:43.1506693+00:00" testType="13cdc9d9-ddb5-4fa4-a97d-d965ccfc6d4b" outcome="Passed" testListId="8c84fa94-04c1-424b-9868-57a2d4851a1d" relativeResultsDirectory="12db9f94-c239-46aa-82e6-bb4ed2e21742" />
    <UnitTestResult executionId="57cb0afa-dbf6-4b74-8bd5-93bd08e5fefb" testId="cb0738f9-7168-e96d-3350-715c4a17b7a6" testName="Проверка кнопки Отмена при создании подразделения" computerName="df2fa4c7c641" duration="00:00:07.5739980" startTime="2023-11-09T07:50:48.4901990+00:00" endTime="2023-11-09T07:50:56.0641971+00:00" testType="13cdc9d9-ddb5-4fa4-a97d-d965ccfc6d4b" outcome="Passed" testListId="8c84fa94-04c1-424b-9868-57a2d4851a1d" relativeResultsDirectory="57cb0afa-dbf6-4b74-8bd5-93bd08e5fefb" />
    <UnitTestResult executionId="106f5a6b-6fe7-4f65-8a1c-98ec1ac79596" testId="cc261975-a2e3-9bce-19d6-f7cbe6098e48" testName="Редактирование потока ДО (СЗ): нет возможности выбрать галку ‘Разрешена регистрация по ссылке’" computerName="df2fa4c7c641" duration="00:00:01.4578100" startTime="2023-11-09T07:48:43.8220010+00:00" endTime="2023-11-09T07:48:45.2798104+00:00" testType="13cdc9d9-ddb5-4fa4-a97d-d965ccfc6d4b" outcome="Passed" testListId="8c84fa94-04c1-424b-9868-57a2d4851a1d" relativeResultsDirectory="106f5a6b-6fe7-4f65-8a1c-98ec1ac79596" />
    <UnitTestResult executionId="331f699d-19bc-4bff-b5c4-01612570a33a" testId="1eb9307d-e5e1-1027-c21c-281a57db54be" testName="Страница профиля пользователя: под студентом можно перейти на страницу пройденных активностей" computerName="df2fa4c7c641" duration="00:00:03.3574720" startTime="2023-11-09T07:53:56.2157163+00:00" endTime="2023-11-09T07:53:59.5731883+00:00" testType="13cdc9d9-ddb5-4fa4-a97d-d965ccfc6d4b" outcome="Passed" testListId="8c84fa94-04c1-424b-9868-57a2d4851a1d" relativeResultsDirectory="331f699d-19bc-4bff-b5c4-01612570a33a" />
    <UnitTestResult executionId="e6a2b98b-cc65-4d6e-bf41-b765b3528e8b" testId="fe0cba57-12b2-42e9-e03f-35d22cb4a1ce" testName="Конструктор теста: можно добавить комментарий к варианту ответа" computerName="df2fa4c7c641" duration="00:00:07.7766900" startTime="2023-11-09T07:51:59.1131672+00:00" endTime="2023-11-09T07:52:06.8898569+00:00" testType="13cdc9d9-ddb5-4fa4-a97d-d965ccfc6d4b" outcome="Passed" testListId="8c84fa94-04c1-424b-9868-57a2d4851a1d" relativeResultsDirectory="e6a2b98b-cc65-4d6e-bf41-b765b3528e8b" />
    <UnitTestResult executionId="1be52107-9ee3-46fb-9d73-c35813aad211" testId="a5326072-8e73-59ec-7bf0-ca0a78aa5771" testName="Редактирование дисциплины: невозможно удалить дисциплину с оценками" computerName="df2fa4c7c641" duration="00:00:06.4253140" startTime="2023-11-09T07:49:53.3954506+00:00" endTime="2023-11-09T07:49:59.8207646+00:00" testType="13cdc9d9-ddb5-4fa4-a97d-d965ccfc6d4b" outcome="Passed" testListId="8c84fa94-04c1-424b-9868-57a2d4851a1d" relativeResultsDirectory="1be52107-9ee3-46fb-9d73-c35813aad211">
      <Output>
        <StdOut>Авторизоватся под администратором программы Мария Сергеевна</StdOut>
      </Output>
    </UnitTestResult>
    <UnitTestResult executionId="0cedc293-c5a5-4705-94f1-6b8627ec1b64" testId="44a72527-b69f-20ab-95c9-9771b8dd7e6f" testName="Конструктор теста: можно переименовать блок" computerName="df2fa4c7c641" duration="00:00:05.5489000" startTime="2023-11-09T07:52:21.1461514+00:00" endTime="2023-11-09T07:52:26.6950511+00:00" testType="13cdc9d9-ddb5-4fa4-a97d-d965ccfc6d4b" outcome="Passed" testListId="8c84fa94-04c1-424b-9868-57a2d4851a1d" relativeResultsDirectory="0cedc293-c5a5-4705-94f1-6b8627ec1b64" />
    <UnitTestResult executionId="acd681ed-06e6-4cae-b842-23bcc4d50218" testId="51607abc-ebf9-3b38-6e6c-56290287c350" testName="Можно создать задание с взаимопроверкой" computerName="df2fa4c7c641" duration="00:00:10.6310870" startTime="2023-11-09T07:44:08.3217918+00:00" endTime="2023-11-09T07:44:18.9528780+00:00" testType="13cdc9d9-ddb5-4fa4-a97d-d965ccfc6d4b" outcome="Passed" testListId="8c84fa94-04c1-424b-9868-57a2d4851a1d" relativeResultsDirectory="acd681ed-06e6-4cae-b842-23bcc4d50218" />
    <UnitTestResult executionId="dd46d77c-aae9-44e5-bec2-b39126841009" testId="9590c891-ca84-62e9-fc0f-6fd552178470" testName="Страница аналитика дисциплины: работает фильтр по имени студента" computerName="df2fa4c7c641" duration="00:00:13.4329440" startTime="2023-11-09T07:49:31.5236555+00:00" endTime="2023-11-09T07:49:44.9565988+00:00" testType="13cdc9d9-ddb5-4fa4-a97d-d965ccfc6d4b" outcome="Passed" testListId="8c84fa94-04c1-424b-9868-57a2d4851a1d" relativeResultsDirectory="dd46d77c-aae9-44e5-bec2-b39126841009" />
    <UnitTestResult executionId="4a6e2cc4-6a2d-4e23-ae2c-f0cfc89fb40d" testId="be2351d3-2809-0c28-5c6e-fa869c611bee" testName="Можно посмотреть список архивных программ" computerName="df2fa4c7c641" duration="00:00:02.3606110" startTime="2023-11-09T07:50:59.7105094+00:00" endTime="2023-11-09T07:51:02.0711206+00:00" testType="13cdc9d9-ddb5-4fa4-a97d-d965ccfc6d4b" outcome="Passed" testListId="8c84fa94-04c1-424b-9868-57a2d4851a1d" relativeResultsDirectory="4a6e2cc4-6a2d-4e23-ae2c-f0cfc89fb40d" />
    <UnitTestResult executionId="49e4ca76-dffa-4c56-86fa-950eb594015e" testId="5722e1c6-2651-bbbb-7c5e-21067c25bef8" testName="Конструктор теста-тренажера: можно удалить вопрос" computerName="df2fa4c7c641" duration="00:00:11.6939580" startTime="2023-11-09T07:52:26.5772867+00:00" endTime="2023-11-09T07:52:38.2712444+00:00" testType="13cdc9d9-ddb5-4fa4-a97d-d965ccfc6d4b" outcome="Passed" testListId="8c84fa94-04c1-424b-9868-57a2d4851a1d" relativeResultsDirectory="49e4ca76-dffa-4c56-86fa-950eb594015e" />
    <UnitTestResult executionId="fed15482-66d8-4e90-b9be-7cdd80f3d7ba" testId="2cffa16e-5937-e7a9-92a7-710a9488e38c" testName="Редактирование дисциплины: наличия ошибки при попытке указать преподавателем студента из группы" computerName="df2fa4c7c641" duration="00:00:10.0911670" startTime="2023-11-09T07:50:17.7695215+00:00" endTime="2023-11-09T07:50:27.8606880+00:00" testType="13cdc9d9-ddb5-4fa4-a97d-d965ccfc6d4b" outcome="Passed" testListId="8c84fa94-04c1-424b-9868-57a2d4851a1d" relativeResultsDirectory="fed15482-66d8-4e90-b9be-7cdd80f3d7ba" />
    <UnitTestResult executionId="cd708fa0-014a-4c50-95da-c2fab8679cf8" testId="3c462a51-b626-394c-6a10-466f92411ceb" testName="Страница библиотеки: можно удалить шаблон программы по которому был создан поток" computerName="df2fa4c7c641" duration="00:00:19.4696170" startTime="2023-11-09T07:51:23.1322338+00:00" endTime="2023-11-09T07:51:42.6018507+00:00" testType="13cdc9d9-ddb5-4fa4-a97d-d965ccfc6d4b" outcome="Passed" testListId="8c84fa94-04c1-424b-9868-57a2d4851a1d" relativeResultsDirectory="cd708fa0-014a-4c50-95da-c2fab8679cf8" />
    <UnitTestResult executionId="d935278f-d45d-4f2f-a0cc-fde57fee0c2d" testId="75a5c5fe-de35-2461-f91e-be626c7a7c5e" testName="Создание шаблона контрольной: если заполнены обязательные поля" computerName="df2fa4c7c641" duration="00:00:12.0679900" startTime="2023-11-09T07:45:52.8956176+00:00" endTime="2023-11-09T07:46:04.9636074+00:00" testType="13cdc9d9-ddb5-4fa4-a97d-d965ccfc6d4b" outcome="Passed" testListId="8c84fa94-04c1-424b-9868-57a2d4851a1d" relativeResultsDirectory="d935278f-d45d-4f2f-a0cc-fde57fee0c2d" />
    <UnitTestResult executionId="e4b10ccd-41e4-4fe0-a988-1743ce5e4352" testId="4ad882d2-80e2-cfe6-2cdd-b50e12fd0638" testName="Список чатов - групповой чат: можно отправить смайлики" computerName="df2fa4c7c641" duration="00:00:07.7465120" startTime="2023-11-09T07:47:37.3769596+00:00" endTime="2023-11-09T07:47:45.1234712+00:00" testType="13cdc9d9-ddb5-4fa4-a97d-d965ccfc6d4b" outcome="Passed" testListId="8c84fa94-04c1-424b-9868-57a2d4851a1d" relativeResultsDirectory="e4b10ccd-41e4-4fe0-a988-1743ce5e4352" />
    <UnitTestResult executionId="db63e990-ac22-42ab-aeb0-bc090f7583a1" testId="036a3e5d-7cda-31c2-f3cb-864a26d0097d" testName="Создание потока: можно создать поток, заполнив поле ‘Максимальное количество студентов’" computerName="df2fa4c7c641" duration="00:00:07.5275610" startTime="2023-11-09T07:48:26.9852364+00:00" endTime="2023-11-09T07:48:34.5127965+00:00" testType="13cdc9d9-ddb5-4fa4-a97d-d965ccfc6d4b" outcome="Passed" testListId="8c84fa94-04c1-424b-9868-57a2d4851a1d" relativeResultsDirectory="db63e990-ac22-42ab-aeb0-bc090f7583a1" />
    <UnitTestResult executionId="f4566475-69ab-4e58-b85a-e6c77e860a34" testId="68629bf2-86ef-fd53-935e-f72b2fad1be9" testName="Редактирование шаблона активности: можно изменить описание" computerName="df2fa4c7c641" duration="00:00:06.5690170" startTime="2023-11-09T07:46:24.9001758+00:00" endTime="2023-11-09T07:46:31.4691925+00:00" testType="13cdc9d9-ddb5-4fa4-a97d-d965ccfc6d4b" outcome="Passed" testListId="8c84fa94-04c1-424b-9868-57a2d4851a1d" relativeResultsDirectory="f4566475-69ab-4e58-b85a-e6c77e860a34" />
    <UnitTestResult executionId="9aa2f763-f4f0-4f81-b283-69548389d285" testId="cc86f896-74c2-f62a-0b5b-223c6198c817" testName="Библиотека, списочный вид: можно скопировать материал в другой каталог" computerName="df2fa4c7c641" duration="00:00:25.9721939" startTime="2023-11-09T07:51:17.2234238+00:00" endTime="2023-11-09T07:51:43.1956175+00:00" testType="13cdc9d9-ddb5-4fa4-a97d-d965ccfc6d4b" outcome="Passed" testListId="8c84fa94-04c1-424b-9868-57a2d4851a1d" relativeResultsDirectory="9aa2f763-f4f0-4f81-b283-69548389d285" />
    <UnitTestResult executionId="58d4ae98-8003-4473-8883-9e5b53fbbd36" testId="15c7da74-b350-4349-7881-6e807cf84c2d" testName="Конструктор теста-тренажера: можно добавить еще один вариант на сопоставление в вопрос с типом ответа 'Сопоставление'" computerName="df2fa4c7c641" duration="00:00:07.1443920" startTime="2023-11-09T07:52:51.5675193+00:00" endTime="2023-11-09T07:52:58.7119110+00:00" testType="13cdc9d9-ddb5-4fa4-a97d-d965ccfc6d4b" outcome="Passed" testListId="8c84fa94-04c1-424b-9868-57a2d4851a1d" relativeResultsDirectory="58d4ae98-8003-4473-8883-9e5b53fbbd36" />
    <UnitTestResult executionId="0629afdf-3f4f-41ac-b7da-4ec12e592142" testId="761b541f-c40d-22b7-640a-45366333efbe" testName="Чат на странице решения: можно отправить текстовое сообщение" computerName="df2fa4c7c641" duration="00:00:11.5544570" startTime="2023-11-09T07:47:05.5617854+00:00" endTime="2023-11-09T07:47:17.1162421+00:00" testType="13cdc9d9-ddb5-4fa4-a97d-d965ccfc6d4b" outcome="Passed" testListId="8c84fa94-04c1-424b-9868-57a2d4851a1d" relativeResultsDirectory="0629afdf-3f4f-41ac-b7da-4ec12e592142" />
    <UnitTestResult executionId="4e261aef-845b-4f6d-91f7-ba030eecc99d" testId="def831f7-26f6-0e4f-719e-f16db6aa3e58" testName="Кнопка 'Оценить' некликабельна, если решение еще не оценено" computerName="df2fa4c7c641" duration="00:00:03.2272900" startTime="2023-11-09T07:44:00.1929557+00:00" endTime="2023-11-09T07:44:03.4202459+00:00" testType="13cdc9d9-ddb5-4fa4-a97d-d965ccfc6d4b" outcome="Passed" testListId="8c84fa94-04c1-424b-9868-57a2d4851a1d" relativeResultsDirectory="4e261aef-845b-4f6d-91f7-ba030eecc99d" />
    <UnitTestResult executionId="94299553-0fc0-4c36-9546-f237b7fa1c87" testId="1dad3241-954d-e8be-3569-083efc90591d" testName="Редактирование контрольной: ошибка валидации при отрицательным значением в поле 'Минимальный порог баллов'" computerName="df2fa4c7c641" duration="00:00:04.5946360" startTime="2023-11-09T07:45:44.1587531+00:00" endTime="2023-11-09T07:45:48.7533891+00:00" testType="13cdc9d9-ddb5-4fa4-a97d-d965ccfc6d4b" outcome="Passed" testListId="8c84fa94-04c1-424b-9868-57a2d4851a1d" relativeResultsDirectory="94299553-0fc0-4c36-9546-f237b7fa1c87" />
    <UnitTestResult executionId="deec20a4-5566-4084-9e84-98c8ee265201" testId="c94d05a6-9f28-f772-9fff-a2019ff301f5" testName="Страница индивидуальной контрольной: статус отображается, если есть хотя бы одна завершенная попытка" computerName="df2fa4c7c641" duration="00:00:13.8164760" startTime="2023-11-09T07:45:12.0162457+00:00" endTime="2023-11-09T07:45:25.8327217+00:00" testType="13cdc9d9-ddb5-4fa4-a97d-d965ccfc6d4b" outcome="Passed" testListId="8c84fa94-04c1-424b-9868-57a2d4851a1d" relativeResultsDirectory="deec20a4-5566-4084-9e84-98c8ee265201" />
    <UnitTestResult executionId="3953f2ac-9565-4bf6-9077-10038cf24c84" testId="d1086f3c-5f1e-6187-cb9f-70a10e3bc7d0" testName="Отображается заглушка в режиме Расписание, если нет событий" computerName="df2fa4c7c641" duration="00:00:08.5687770" startTime="2023-11-09T07:53:24.9134945+00:00" endTime="2023-11-09T07:53:33.4822712+00:00" testType="13cdc9d9-ddb5-4fa4-a97d-d965ccfc6d4b" outcome="Passed" testListId="8c84fa94-04c1-424b-9868-57a2d4851a1d" relativeResultsDirectory="3953f2ac-9565-4bf6-9077-10038cf24c84" />
    <UnitTestResult executionId="3ffd4070-1db9-4cea-b565-c61b464ef1d0" testId="5eef4bee-f057-75cc-c9a5-b0a510981caf" testName="Создание потока: ошибка валидации, если дата окончания  не указана" computerName="df2fa4c7c641" duration="00:00:05.6794120" startTime="2023-11-09T07:47:36.6274552+00:00" endTime="2023-11-09T07:47:42.3068664+00:00" testType="13cdc9d9-ddb5-4fa4-a97d-d965ccfc6d4b" outcome="Passed" testListId="8c84fa94-04c1-424b-9868-57a2d4851a1d" relativeResultsDirectory="3ffd4070-1db9-4cea-b565-c61b464ef1d0" />
    <UnitTestResult executionId="38263e31-f7be-4274-9bdf-5897eb945e1b" testId="e0e1badd-fe3c-bfa2-3deb-ff65c6b82051" testName="Редактирование дисциплины: нет возможности редактировать у администратора образовательной программы, к которой дисциплина НЕ относится" computerName="df2fa4c7c641" duration="00:00:03.8995450" startTime="2023-11-09T07:48:59.4410125+00:00" endTime="2023-11-09T07:49:03.3405564+00:00" testType="13cdc9d9-ddb5-4fa4-a97d-d965ccfc6d4b" outcome="Passed" testListId="8c84fa94-04c1-424b-9868-57a2d4851a1d" relativeResultsDirectory="38263e31-f7be-4274-9bdf-5897eb945e1b">
      <Output>
        <StdOut>Авторизоватся под администратором программы Кира Корзинкина</StdOut>
      </Output>
    </UnitTestResult>
    <UnitTestResult executionId="5a78dc1f-5cdb-46c3-b05d-9184f1661064" testId="a900f6b6-fb06-ba3c-88e1-a88be70c9454" testName="Конструктор теста: можно добавить вопрос с типом ответа “Сопоставление”" computerName="df2fa4c7c641" duration="00:00:19.0585099" startTime="2023-11-09T07:52:56.5876924+00:00" endTime="2023-11-09T07:53:15.6462020+00:00" testType="13cdc9d9-ddb5-4fa4-a97d-d965ccfc6d4b" outcome="Passed" testListId="8c84fa94-04c1-424b-9868-57a2d4851a1d" relativeResultsDirectory="5a78dc1f-5cdb-46c3-b05d-9184f1661064" />
    <UnitTestResult executionId="bf4a3489-0998-44fe-978c-7533a630d97f" testId="86659c14-ff78-12fc-e363-4c2df3070390" testName="Страница командной контрольной: отсутствует статус и иконка для одной незавершенной попыткой" computerName="df2fa4c7c641" duration="00:00:08.1100830" startTime="2023-11-09T07:45:17.3008080+00:00" endTime="2023-11-09T07:45:25.4108910+00:00" testType="13cdc9d9-ddb5-4fa4-a97d-d965ccfc6d4b" outcome="Passed" testListId="8c84fa94-04c1-424b-9868-57a2d4851a1d" relativeResultsDirectory="bf4a3489-0998-44fe-978c-7533a630d97f" />
    <UnitTestResult executionId="736cbf36-0971-4347-9c9d-7180939c1c90" testId="1e8c849a-5f11-d324-2c86-7c5be492fbd6" testName="Конструктор теста: создание теста" computerName="df2fa4c7c641" duration="00:00:11.0746020" startTime="2023-11-09T07:51:17.1576690+00:00" endTime="2023-11-09T07:51:28.2322712+00:00" testType="13cdc9d9-ddb5-4fa4-a97d-d965ccfc6d4b" outcome="Passed" testListId="8c84fa94-04c1-424b-9868-57a2d4851a1d" relativeResultsDirectory="736cbf36-0971-4347-9c9d-7180939c1c90" />
    <UnitTestResult executionId="eb793123-aee1-4cf0-bd8a-31b6f7c55df4" testId="ea9ec0c6-8540-971c-af2b-ef96be7cfc1b" testName="Страница Мой тариф: отображается тултип при наведении курсора на значок i в блоке Расчет данных" computerName="df2fa4c7c641" duration="00:00:01.1627000" startTime="2023-11-09T07:52:59.2494169+00:00" endTime="2023-11-09T07:53:00.4121169+00:00" testType="13cdc9d9-ddb5-4fa4-a97d-d965ccfc6d4b" outcome="Passed" testListId="8c84fa94-04c1-424b-9868-57a2d4851a1d" relativeResultsDirectory="eb793123-aee1-4cf0-bd8a-31b6f7c55df4" />
    <UnitTestResult executionId="63581c74-a292-42cf-9e50-930fdba6411e" testId="9dabd341-6a8e-a563-1e52-b8447ef7c0bc" testName="Редактирование шаблона активности: работает кнопка 'Редактировать' для преподавателя" computerName="df2fa4c7c641" duration="00:00:31.3521930" startTime="2023-11-09T07:44:40.8483861+00:00" endTime="2023-11-09T07:45:12.2005791+00:00" testType="13cdc9d9-ddb5-4fa4-a97d-d965ccfc6d4b" outcome="Failed" testListId="8c84fa94-04c1-424b-9868-57a2d4851a1d" relativeResultsDirectory="63581c74-a292-42cf-9e50-930fdba6411e">
      <Output>
        <StdOut>https://test11.odin.study/ru/ActivityPlan/Info/1340</StdOut>
        <ErrorInfo>
          <Message>OpenQA.Selenium.WebDriverTimeoutException : Timed out after 30 seconds
  ----&gt; OpenQA.Selenium.NoSuchElementException : no such element: Unable to locate element: {"method":"xpath","selector":"//*[contains(text(),'Редактировать')]"}
  (Session info: headless chrome=115.0.5790.110); For documentation on this error, please visit: https://www.selenium.dev/documentation/webdriver/troubleshooting/errors#no-such-element-exception</Message>
          <StackTrace>   at OpenQA.Selenium.Support.UI.DefaultWait`1.ThrowTimeoutException(String exceptionMessage, Exception lastException)
   at OpenQA.Selenium.Support.UI.DefaultWait`1.Until[TResult](Func`2 condition, CancellationToken token)
   at OpenQA.Selenium.Support.UI.DefaultWait`1.Until[TResult](Func`2 condition)
   at OdinUiTests.Pages.ActivityCommonPage.&lt;ClickEditButton&gt;b__78_0() in /azp/_work/1/s/Pages/ActivityCommonPage.cs:line 304
   at NUnit.Allure.Core.AllureExtensions.WrapInStep(AllureLifecycle lifecycle, Action action, String stepName, String callerName)
   at OdinUiTests.Pages.ActivityCommonPage.ClickEditButton() in /azp/_work/1/s/Pages/ActivityCommonPage.cs:line 302
   at OdinUiTests.Tests.Activity.ActivityCommon.Edit(IWebDriver driver, Boolean isTemplate, String id) in /azp/_work/1/s/Tests/Activity/ActivityCommon.cs:line 58
   at OdinUiTests.Tests.Activity.TemplateEditingTests.CheckEditActivityTemplate() in /azp/_work/1/s/Tests/Activity/TemplateTests.cs:line 27
--NoSuchElementException
   at OpenQA.Selenium.WebDriver.UnpackAndThrowOnError(Response errorResponse, String commandToExecute)
   at OpenQA.Selenium.WebDriver.Execute(String driverCommandToExecute, Dictionary`2 parameters)
   at OpenQA.Selenium.WebDriver.FindElement(String mechanism, String value)
   at OpenQA.Selenium.By.&lt;.ctor&gt;b__11_0(ISearchContext context)
   at OpenQA.Selenium.By.FindElement(ISearchContext context)
   at OpenQA.Selenium.WebDriver.FindElement(By by)
   at SeleniumExtras.WaitHelpers.ExpectedConditions.&lt;&gt;c__DisplayClass19_0.&lt;ElementToBeClickable&gt;b__0(IWebDriver driver)
   at OpenQA.Selenium.Support.UI.DefaultWait`1.Until[TResult](Func`2 condition, CancellationToken token)
</StackTrace>
        </ErrorInfo>
      </Output>
      <ResultFiles>
        <ResultFile path="df2fa4c7c641/CheckEditActivityTemplate.jpg" />
      </ResultFiles>
    </UnitTestResult>
    <UnitTestResult executionId="bfeeba66-417b-4a57-9af4-156a3a749095" testId="ca1f6b33-d26d-60f5-fffb-566ce5205d52" testName="Редактирование активности: автоматическое переключение на самостоятельное изучение при выборе конкретных типов" computerName="df2fa4c7c641" duration="00:00:05.1770750" startTime="2023-11-09T07:44:14.8582713+00:00" endTime="2023-11-09T07:44:20.0353465+00:00" testType="13cdc9d9-ddb5-4fa4-a97d-d965ccfc6d4b" outcome="Passed" testListId="8c84fa94-04c1-424b-9868-57a2d4851a1d" relativeResultsDirectory="bfeeba66-417b-4a57-9af4-156a3a749095" />
    <UnitTestResult executionId="2eec9ca0-795c-4afa-ad32-70dd332b1c83" testId="ddabda8b-a6bd-1c55-fc68-ff4b4aff4e62" testName="Редактирование активности: можно изменить описание" computerName="df2fa4c7c641" duration="00:00:06.5355700" startTime="2023-11-09T07:44:02.5341138+00:00" endTime="2023-11-09T07:44:09.0696835+00:00" testType="13cdc9d9-ddb5-4fa4-a97d-d965ccfc6d4b" outcome="Passed" testListId="8c84fa94-04c1-424b-9868-57a2d4851a1d" relativeResultsDirectory="2eec9ca0-795c-4afa-ad32-70dd332b1c83" />
    <UnitTestResult executionId="2bba6e20-2537-4c9b-810c-6c682bb70e7b" testId="20bdaa5c-3146-5942-1f7a-a46c0a0cda8e" testName="Конструктор теста-тренажера: возможность отметить вариант ответа как “верный”" computerName="df2fa4c7c641" duration="00:00:10.8735420" startTime="2023-11-09T07:53:01.5463758+00:00" endTime="2023-11-09T07:53:12.4199167+00:00" testType="13cdc9d9-ddb5-4fa4-a97d-d965ccfc6d4b" outcome="Passed" testListId="8c84fa94-04c1-424b-9868-57a2d4851a1d" relativeResultsDirectory="2bba6e20-2537-4c9b-810c-6c682bb70e7b" />
    <UnitTestResult executionId="478f7ee8-631b-443d-9d87-42f4e97c5bb5" testId="2ac65478-ded4-04b2-3956-509310f22c3f" testName="Редактирование активности: невозможно удалить активность с оценками" computerName="df2fa4c7c641" duration="00:00:01.9320080" startTime="2023-11-09T07:44:49.3134579+00:00" endTime="2023-11-09T07:44:51.2454653+00:00" testType="13cdc9d9-ddb5-4fa4-a97d-d965ccfc6d4b" outcome="Passed" testListId="8c84fa94-04c1-424b-9868-57a2d4851a1d" relativeResultsDirectory="478f7ee8-631b-443d-9d87-42f4e97c5bb5" />
    <UnitTestResult executionId="ff581fe5-5dee-40fd-90a6-3af8bc1fd6e4" testId="93a72291-224c-85ba-6878-c39a01d8203e" testName="Конструктор теста: можно добавить еще один вариант ответа в вопрос с типом ответа 'Выбор из вариантов'" computerName="df2fa4c7c641" duration="00:00:11.4507359" startTime="2023-11-09T07:51:18.4248762+00:00" endTime="2023-11-09T07:51:29.8756123+00:00" testType="13cdc9d9-ddb5-4fa4-a97d-d965ccfc6d4b" outcome="Passed" testListId="8c84fa94-04c1-424b-9868-57a2d4851a1d" relativeResultsDirectory="ff581fe5-5dee-40fd-90a6-3af8bc1fd6e4" />
    <UnitTestResult executionId="ebe3260e-a303-47f7-b238-5235343f0a97" testId="e3fb3642-151e-4f55-9665-0d2be79673be" testName="Конструктор теста-тренажера: можно добавить еще один вариант ответа в вопрос с типом ответа 'Выбор из вариантов'" computerName="df2fa4c7c641" duration="00:00:09.3734270" startTime="2023-11-09T07:52:33.4120699+00:00" endTime="2023-11-09T07:52:42.7854964+00:00" testType="13cdc9d9-ddb5-4fa4-a97d-d965ccfc6d4b" outcome="Passed" testListId="8c84fa94-04c1-424b-9868-57a2d4851a1d" relativeResultsDirectory="ebe3260e-a303-47f7-b238-5235343f0a97" />
    <UnitTestResult executionId="01ec59de-a3de-4c81-8e8a-cc68d20b3e39" testId="58f2cd2f-8cf8-1b21-4fdb-707778a85bcf" testName="Страница аналитика дисциплины: при переходе на вкладку “Аналитика” открывается аналитика дисциплины" computerName="df2fa4c7c641" duration="00:00:06.5127100" startTime="2023-11-09T07:48:42.7779622+00:00" endTime="2023-11-09T07:48:49.2906722+00:00" testType="13cdc9d9-ddb5-4fa4-a97d-d965ccfc6d4b" outcome="Passed" testListId="8c84fa94-04c1-424b-9868-57a2d4851a1d" relativeResultsDirectory="01ec59de-a3de-4c81-8e8a-cc68d20b3e39" />
    <UnitTestResult executionId="d39aef58-e9a3-4a74-b8e5-4fdc7b1f53c8" testId="731a97e2-64e0-e862-62e6-7244a0d6a24a" testName="Создание дисциплины ДО: отображение ошибки валидации для поля 'Кредиты' с отрицательным значением" computerName="df2fa4c7c641" duration="00:00:10.5411530" startTime="2023-11-09T07:49:38.6579634+00:00" endTime="2023-11-09T07:49:49.1991165+00:00" testType="13cdc9d9-ddb5-4fa4-a97d-d965ccfc6d4b" outcome="Passed" testListId="8c84fa94-04c1-424b-9868-57a2d4851a1d" relativeResultsDirectory="d39aef58-e9a3-4a74-b8e5-4fdc7b1f53c8" />
    <UnitTestResult executionId="5f8015bf-acab-43a3-99ad-66fd1f462085" testId="2dd19d07-bd00-b96c-f660-b78cc13fb241" testName="Список чатов - комната дисциплины: можно раскрывать изображения" computerName="df2fa4c7c641" duration="00:00:02.4481690" startTime="2023-11-09T07:48:12.5102278+00:00" endTime="2023-11-09T07:48:14.9583966+00:00" testType="13cdc9d9-ddb5-4fa4-a97d-d965ccfc6d4b" outcome="Passed" testListId="8c84fa94-04c1-424b-9868-57a2d4851a1d" relativeResultsDirectory="5f8015bf-acab-43a3-99ad-66fd1f462085" />
    <UnitTestResult executionId="679c87f8-2d98-47d3-9c00-c43c1103e105" testId="3f10660f-9211-8ac7-62ec-98dd6f37810a" testName="Редактирование шаблона активности: успешное сохранение при корректных значениях в поля 'Объём'" computerName="df2fa4c7c641" duration="00:00:09.6515780" startTime="2023-11-09T07:46:48.4811565+00:00" endTime="2023-11-09T07:46:58.1327345+00:00" testType="13cdc9d9-ddb5-4fa4-a97d-d965ccfc6d4b" outcome="Passed" testListId="8c84fa94-04c1-424b-9868-57a2d4851a1d" relativeResultsDirectory="679c87f8-2d98-47d3-9c00-c43c1103e105" />
    <UnitTestResult executionId="50878bc1-399b-42fa-82bb-ae31b3cd24df" testId="d88796de-fdbc-84fb-2ed4-7f16b0bccdfd" testName="Список чатов - комната дисциплины: можно отправить смайлики" computerName="df2fa4c7c641" duration="00:00:09.0890080" startTime="2023-11-09T07:47:32.7786775+00:00" endTime="2023-11-09T07:47:41.8676852+00:00" testType="13cdc9d9-ddb5-4fa4-a97d-d965ccfc6d4b" outcome="Passed" testListId="8c84fa94-04c1-424b-9868-57a2d4851a1d" relativeResultsDirectory="50878bc1-399b-42fa-82bb-ae31b3cd24df" />
    <UnitTestResult executionId="39102e04-854d-4a69-bfcc-96ce71338721" testId="08bbbdbd-30f4-e449-22b6-cfe0fa430d18" testName="Список чатов - обсуждение решения: можно цитировать сообщению" computerName="df2fa4c7c641" duration="00:00:10.6573850" startTime="2023-11-09T07:47:35.8974198+00:00" endTime="2023-11-09T07:47:46.5548043+00:00" testType="13cdc9d9-ddb5-4fa4-a97d-d965ccfc6d4b" outcome="Passed" testListId="8c84fa94-04c1-424b-9868-57a2d4851a1d" relativeResultsDirectory="39102e04-854d-4a69-bfcc-96ce71338721" />
    <UnitTestResult executionId="86998bc9-0c85-4913-9703-246a2310975b" testId="9854d4ae-d63f-6d41-9835-912fd53f3e86" testName="Редактирование профиля пользователя: можно изменить ФИО" computerName="df2fa4c7c641" duration="00:00:08.3512850" startTime="2023-11-09T07:53:27.8625305+00:00" endTime="2023-11-09T07:53:36.2138154+00:00" testType="13cdc9d9-ddb5-4fa4-a97d-d965ccfc6d4b" outcome="Passed" testListId="8c84fa94-04c1-424b-9868-57a2d4851a1d" relativeResultsDirectory="86998bc9-0c85-4913-9703-246a2310975b" />
    <UnitTestResult executionId="61189e22-f5e9-4b27-977f-0786fa08053f" testId="130efcca-a0cd-8336-7ba1-0550cf42543d" testName="Страница аналитика дисциплины: работает фильтр по названию группы" computerName="df2fa4c7c641" duration="00:00:17.4541310" startTime="2023-11-09T07:49:44.9574849+00:00" endTime="2023-11-09T07:50:02.4116160+00:00" testType="13cdc9d9-ddb5-4fa4-a97d-d965ccfc6d4b" outcome="Passed" testListId="8c84fa94-04c1-424b-9868-57a2d4851a1d" relativeResultsDirectory="61189e22-f5e9-4b27-977f-0786fa08053f" />
    <UnitTestResult executionId="fe5a66c0-dc03-4d4e-b3ea-6caeab3c43e3" testId="2b027fcd-85cd-cf61-502f-52d0ed5d7cc9" testName="Создание потока ДО: невозможно создать поток из шаблона программы ВО" computerName="df2fa4c7c641" duration="00:00:10.5853500" startTime="2023-11-09T07:47:57.6126571+00:00" endTime="2023-11-09T07:48:08.1980070+00:00" testType="13cdc9d9-ddb5-4fa4-a97d-d965ccfc6d4b" outcome="Passed" testListId="8c84fa94-04c1-424b-9868-57a2d4851a1d" relativeResultsDirectory="fe5a66c0-dc03-4d4e-b3ea-6caeab3c43e3" />
    <UnitTestResult executionId="93bc940d-8c3d-41e9-ad1e-8f7a2287b049" testId="d685a576-4344-960b-989c-655735ae3d9f" testName="Страница потока: после восстановления из архива восстанавливается доступ к активностям" computerName="df2fa4c7c641" duration="00:00:05.7433840" startTime="2023-11-09T07:48:43.9338572+00:00" endTime="2023-11-09T07:48:49.6772409+00:00" testType="13cdc9d9-ddb5-4fa4-a97d-d965ccfc6d4b" outcome="Passed" testListId="8c84fa94-04c1-424b-9868-57a2d4851a1d" relativeResultsDirectory="93bc940d-8c3d-41e9-ad1e-8f7a2287b049">
      <Output>
        <StdOut>Авторизоватся под студентом Smith John</StdOut>
      </Output>
    </UnitTestResult>
    <UnitTestResult executionId="4780317d-286c-40fb-82ae-ee25ecfc1205" testId="310a599d-1d06-9cba-a86a-335545b6fbe8" testName="Конструктор теста-тренажера: можно добавить автора" computerName="df2fa4c7c641" duration="00:00:07.4659340" startTime="2023-11-09T07:52:52.1369774+00:00" endTime="2023-11-09T07:52:59.6029108+00:00" testType="13cdc9d9-ddb5-4fa4-a97d-d965ccfc6d4b" outcome="Passed" testListId="8c84fa94-04c1-424b-9868-57a2d4851a1d" relativeResultsDirectory="4780317d-286c-40fb-82ae-ee25ecfc1205" />
    <UnitTestResult executionId="63eec180-2472-4e8b-9074-a580ea549054" testId="058530c9-0994-307a-4ed3-e4d14e0d7e71" testName="Список чатов - личный чат: можно редактировать сообщение в течение 4 часов после отправки" computerName="df2fa4c7c641" duration="00:00:15.7691620" startTime="2023-11-09T07:47:19.2570916+00:00" endTime="2023-11-09T07:47:35.0262537+00:00" testType="13cdc9d9-ddb5-4fa4-a97d-d965ccfc6d4b" outcome="Passed" testListId="8c84fa94-04c1-424b-9868-57a2d4851a1d" relativeResultsDirectory="63eec180-2472-4e8b-9074-a580ea549054" />
    <UnitTestResult executionId="b6e8b534-83ae-4783-bee6-e90557e57fff" testId="f8e6ae3a-702f-9e15-40ca-a1bcc8724121" testName="Редактирование дисциплины: наличия ошибки при попытке указать преподавателем студента из поля 'Студенты'" computerName="df2fa4c7c641" duration="00:00:10.2807820" startTime="2023-11-09T07:50:27.8611467+00:00" endTime="2023-11-09T07:50:38.1419289+00:00" testType="13cdc9d9-ddb5-4fa4-a97d-d965ccfc6d4b" outcome="Passed" testListId="8c84fa94-04c1-424b-9868-57a2d4851a1d" relativeResultsDirectory="b6e8b534-83ae-4783-bee6-e90557e57fff" />
    <UnitTestResult executionId="9a18242b-4716-4029-a626-b0a75bd9c1da" testId="edcde874-f0bf-3204-9042-2819157965d9" testName="Страница обр программы: Студенты не имеют доступ к материалам архивной обр программы по прямой ссылки " computerName="df2fa4c7c641" duration="00:00:05.5580960" startTime="2023-11-09T07:53:34.4959697+00:00" endTime="2023-11-09T07:53:40.0540655+00:00" testType="13cdc9d9-ddb5-4fa4-a97d-d965ccfc6d4b" outcome="Passed" testListId="8c84fa94-04c1-424b-9868-57a2d4851a1d" relativeResultsDirectory="9a18242b-4716-4029-a626-b0a75bd9c1da">
      <Output>
        <StdOut>Авторизоватся под студентом Smith John</StdOut>
      </Output>
    </UnitTestResult>
    <UnitTestResult executionId="de713709-b130-402a-a3c4-05bedd7375bb" testId="3b4c8ef1-5bf6-72a6-d341-6786d5c780e5" testName="Можно создать задание, если заполнены все обязательные поля" computerName="df2fa4c7c641" duration="00:00:10.7623440" startTime="2023-11-09T07:43:47.8053363+00:00" endTime="2023-11-09T07:43:58.5676797+00:00" testType="13cdc9d9-ddb5-4fa4-a97d-d965ccfc6d4b" outcome="Passed" testListId="8c84fa94-04c1-424b-9868-57a2d4851a1d" relativeResultsDirectory="de713709-b130-402a-a3c4-05bedd7375bb" />
    <UnitTestResult executionId="6f6c1445-f36a-4b29-a032-08993c5356d1" testId="1ea5d46c-a695-ce0a-9b1d-8fe23fc17f59" testName="Можно редактировать поля Ответственные лица" computerName="df2fa4c7c641" duration="00:00:08.0189700" startTime="2023-11-09T07:50:40.0206170+00:00" endTime="2023-11-09T07:50:48.0395862+00:00" testType="13cdc9d9-ddb5-4fa4-a97d-d965ccfc6d4b" outcome="Passed" testListId="8c84fa94-04c1-424b-9868-57a2d4851a1d" relativeResultsDirectory="6f6c1445-f36a-4b29-a032-08993c5356d1" />
    <UnitTestResult executionId="a4003ab3-a2ad-494d-aac7-494471cdbb8c" testId="34c70060-aee4-7faa-e12b-24d7556b20b2" testName="Страница потока: при восстановлении потока из архива появляется модалка подтверждения действия" computerName="df2fa4c7c641" duration="00:00:03.8009910" startTime="2023-11-09T07:48:28.1131448+00:00" endTime="2023-11-09T07:48:31.9141356+00:00" testType="13cdc9d9-ddb5-4fa4-a97d-d965ccfc6d4b" outcome="Passed" testListId="8c84fa94-04c1-424b-9868-57a2d4851a1d" relativeResultsDirectory="a4003ab3-a2ad-494d-aac7-494471cdbb8c" />
    <UnitTestResult executionId="92379966-2a02-4295-992d-07851bc7276d" testId="0d0da75d-b751-90c9-8063-2341403e25a5" testName="Конструктор теста-тренажера: проверка ошибки валидации при удалении комментария к варианту ответа" computerName="df2fa4c7c641" duration="00:00:05.5078870" startTime="2023-11-09T07:53:40.9030210+00:00" endTime="2023-11-09T07:53:46.4109080+00:00" testType="13cdc9d9-ddb5-4fa4-a97d-d965ccfc6d4b" outcome="Passed" testListId="8c84fa94-04c1-424b-9868-57a2d4851a1d" relativeResultsDirectory="92379966-2a02-4295-992d-07851bc7276d" />
    <UnitTestResult executionId="7336e197-1ee8-41c4-8417-d0de00bdcb73" testId="2b03fb13-bd14-1f04-7b4d-80a79961280f" testName="Список чатов - групповой чат: можно добавить реакцию на сообщение" computerName="df2fa4c7c641" duration="00:00:07.8584080" startTime="2023-11-09T07:48:11.1418623+00:00" endTime="2023-11-09T07:48:19.0002698+00:00" testType="13cdc9d9-ddb5-4fa4-a97d-d965ccfc6d4b" outcome="Passed" testListId="8c84fa94-04c1-424b-9868-57a2d4851a1d" relativeResultsDirectory="7336e197-1ee8-41c4-8417-d0de00bdcb73" />
    <UnitTestResult executionId="a9a03d1e-1650-4baa-836f-ff0098a0efa2" testId="da2ce2ea-4675-3423-7d03-e5eaa196a7e0" testName="Редактирование дисциплины: отображение ошибки валидации для поля 'Кредиты' с значением 0" computerName="df2fa4c7c641" duration="00:00:05.2180340" startTime="2023-11-09T07:49:38.0760194+00:00" endTime="2023-11-09T07:49:43.2940532+00:00" testType="13cdc9d9-ddb5-4fa4-a97d-d965ccfc6d4b" outcome="Passed" testListId="8c84fa94-04c1-424b-9868-57a2d4851a1d" relativeResultsDirectory="a9a03d1e-1650-4baa-836f-ff0098a0efa2" />
    <UnitTestResult executionId="a071f999-ea52-4261-9fde-5d151012bec1" testId="2a85c624-1a30-cc0c-3137-c2112fd12cca" testName="Проверка отображения прошедших активностей" computerName="df2fa4c7c641" duration="00:00:13.3861250" startTime="2023-11-09T07:54:09.9778426+00:00" endTime="2023-11-09T07:54:23.3639672+00:00" testType="13cdc9d9-ddb5-4fa4-a97d-d965ccfc6d4b" outcome="Passed" testListId="8c84fa94-04c1-424b-9868-57a2d4851a1d" relativeResultsDirectory="a071f999-ea52-4261-9fde-5d151012bec1" />
    <UnitTestResult executionId="d3e9ad60-fab9-44be-88e8-1c18c77b468a" testId="aabfe80d-8d73-3e98-da66-5723852d59da" testName="Редактирование дисциплины: невозможно добавить студента из стороннего потока" computerName="df2fa4c7c641" duration="00:00:07.4935440" startTime="2023-11-09T07:50:10.2758748+00:00" endTime="2023-11-09T07:50:17.7694187+00:00" testType="13cdc9d9-ddb5-4fa4-a97d-d965ccfc6d4b" outcome="Passed" testListId="8c84fa94-04c1-424b-9868-57a2d4851a1d" relativeResultsDirectory="d3e9ad60-fab9-44be-88e8-1c18c77b468a" />
    <UnitTestResult executionId="707d3aa3-ac2c-4287-a80c-345bd0bad6bf" testId="a588331f-eab4-2c51-c9ad-83ca1df87fab" testName="Список чатов - групповой чат: можно закреплять сообщения" computerName="df2fa4c7c641" duration="00:00:15.2366010" startTime="2023-11-09T07:48:19.0004154+00:00" endTime="2023-11-09T07:48:34.2370162+00:00" testType="13cdc9d9-ddb5-4fa4-a97d-d965ccfc6d4b" outcome="Passed" testListId="8c84fa94-04c1-424b-9868-57a2d4851a1d" relativeResultsDirectory="707d3aa3-ac2c-4287-a80c-345bd0bad6bf" />
    <UnitTestResult executionId="e0d64977-6a47-4113-8f57-5c55b1550fbf" testId="e3d3fce4-edf1-dfca-d219-7f139f8bc7c9" testName="Создание потока ДО: можно создать поток, выбрав галку ‘Разрешена регистрация по ссылке’" computerName="df2fa4c7c641" duration="00:00:08.0565840" startTime="2023-11-09T07:48:18.9285469+00:00" endTime="2023-11-09T07:48:26.9851309+00:00" testType="13cdc9d9-ddb5-4fa4-a97d-d965ccfc6d4b" outcome="Passed" testListId="8c84fa94-04c1-424b-9868-57a2d4851a1d" relativeResultsDirectory="e0d64977-6a47-4113-8f57-5c55b1550fbf" />
    <UnitTestResult executionId="6ce4578e-faf4-4008-bc73-64556e7c9a8f" testId="a3a8a15d-33e9-91b3-a564-7eca72e6ed70" testName="Прохождение теста: можно пройти тест индивидуальной контрольной" computerName="df2fa4c7c641" duration="00:00:17.2124230" startTime="2023-11-09T07:44:59.4176706+00:00" endTime="2023-11-09T07:45:16.6300936+00:00" testType="13cdc9d9-ddb5-4fa4-a97d-d965ccfc6d4b" outcome="Passed" testListId="8c84fa94-04c1-424b-9868-57a2d4851a1d" relativeResultsDirectory="6ce4578e-faf4-4008-bc73-64556e7c9a8f" />
    <UnitTestResult executionId="dcc4ddac-9419-45ba-ab6f-05564cf6becb" testId="2dd4b63e-7b14-2eb6-42b6-d8adb43b4eac" testName="Миничат - групповой чат: можно отправить текстовое сообщение" computerName="df2fa4c7c641" duration="00:00:13.0289740" startTime="2023-11-09T07:46:53.7997027+00:00" endTime="2023-11-09T07:47:06.8286759+00:00" testType="13cdc9d9-ddb5-4fa4-a97d-d965ccfc6d4b" outcome="Passed" testListId="8c84fa94-04c1-424b-9868-57a2d4851a1d" relativeResultsDirectory="dcc4ddac-9419-45ba-ab6f-05564cf6becb" />
    <UnitTestResult executionId="122ac0be-a136-49ab-9a9e-1130db1240ec" testId="f28b40c6-b1ac-002a-eb12-cd90a551fe4b" testName="Библиотека, плиточный вид: можно переключаться на другую Библиотеку" computerName="df2fa4c7c641" duration="00:00:10.3585330" startTime="2023-11-09T07:50:53.0119692+00:00" endTime="2023-11-09T07:51:03.3705018+00:00" testType="13cdc9d9-ddb5-4fa4-a97d-d965ccfc6d4b" outcome="Passed" testListId="8c84fa94-04c1-424b-9868-57a2d4851a1d" relativeResultsDirectory="122ac0be-a136-49ab-9a9e-1130db1240ec" />
    <UnitTestResult executionId="c08b6376-c0c0-4cf1-847c-4efa015da9dd" testId="2f798c01-1979-2f1d-0422-63ef78253c1e" testName="Создание дисциплины ДО: отображение ошибки валидации для поля 'Кредиты' с значением 0" computerName="df2fa4c7c641" duration="00:00:08.8004880" startTime="2023-11-09T07:49:29.8572489+00:00" endTime="2023-11-09T07:49:38.6577361+00:00" testType="13cdc9d9-ddb5-4fa4-a97d-d965ccfc6d4b" outcome="Passed" testListId="8c84fa94-04c1-424b-9868-57a2d4851a1d" relativeResultsDirectory="c08b6376-c0c0-4cf1-847c-4efa015da9dd" />
    <UnitTestResult executionId="743df859-7b74-4d08-b6ae-3c7eb2e19e0d" testId="469cd169-cd07-8c24-be10-db9da2d2c1ea" testName="Конструктор теста: можно изменить уровень усвоения в добавленном теге знаний" computerName="df2fa4c7c641" duration="00:00:08.2637810" startTime="2023-11-09T07:52:24.9873000+00:00" endTime="2023-11-09T07:52:33.2510804+00:00" testType="13cdc9d9-ddb5-4fa4-a97d-d965ccfc6d4b" outcome="Passed" testListId="8c84fa94-04c1-424b-9868-57a2d4851a1d" relativeResultsDirectory="743df859-7b74-4d08-b6ae-3c7eb2e19e0d" />
    <UnitTestResult executionId="e66d911b-827d-48cb-8659-e2e2fe54061d" testId="f897584a-b7fe-c4db-711c-c67a74bd9da3" testName="Страница аналитика дисциплины: можно раскрывать фильтры таблицы аналитики" computerName="df2fa4c7c641" duration="00:00:07.4835920" startTime="2023-11-09T07:49:16.2085996+00:00" endTime="2023-11-09T07:49:23.6921913+00:00" testType="13cdc9d9-ddb5-4fa4-a97d-d965ccfc6d4b" outcome="Passed" testListId="8c84fa94-04c1-424b-9868-57a2d4851a1d" relativeResultsDirectory="e66d911b-827d-48cb-8659-e2e2fe54061d" />
    <UnitTestResult executionId="217d52b2-86a6-4e8e-955b-e34440336e5b" testId="05d8c10d-9144-42d3-febc-f0a45aef28e3" testName="Конструктор теста-тренажера: можно добавить еще один вариант ответа в вопрос с типом ответа 'Свободный ответ - точное совпадение'" computerName="df2fa4c7c641" duration="00:00:08.7818490" startTime="2023-11-09T07:52:42.7855781+00:00" endTime="2023-11-09T07:52:51.5674268+00:00" testType="13cdc9d9-ddb5-4fa4-a97d-d965ccfc6d4b" outcome="Passed" testListId="8c84fa94-04c1-424b-9868-57a2d4851a1d" relativeResultsDirectory="217d52b2-86a6-4e8e-955b-e34440336e5b" />
    <UnitTestResult executionId="8a38a248-cc38-4375-aa0c-13b3ed27713a" testId="90b46759-8302-16c2-e946-7a80a5d62e3d" testName="Страница индивидуальной контрольной: результат тестирования из попытках зависеть от настройки 'За лучшую попытку'" computerName="df2fa4c7c641" duration="00:00:19.7830960" startTime="2023-11-09T07:45:39.1691080+00:00" endTime="2023-11-09T07:45:58.9522038+00:00" testType="13cdc9d9-ddb5-4fa4-a97d-d965ccfc6d4b" outcome="Passed" testListId="8c84fa94-04c1-424b-9868-57a2d4851a1d" relativeResultsDirectory="8a38a248-cc38-4375-aa0c-13b3ed27713a" />
    <UnitTestResult executionId="2d59a375-b678-489a-879e-c9517bce23ad" testId="94f01e03-ae55-3f1c-0067-18be2af6f18d" testName="Страница библиотеки: можно удалить шаблон дисциплины по которому была создана дисциплина" computerName="df2fa4c7c641" duration="00:00:22.6967730" startTime="2023-11-09T07:52:06.0660406+00:00" endTime="2023-11-09T07:52:28.7628134+00:00" testType="13cdc9d9-ddb5-4fa4-a97d-d965ccfc6d4b" outcome="Passed" testListId="8c84fa94-04c1-424b-9868-57a2d4851a1d" relativeResultsDirectory="2d59a375-b678-489a-879e-c9517bce23ad" />
    <UnitTestResult executionId="22ec70a5-8dfe-498f-b35d-5fed8b0a0366" testId="ca1a14ef-1308-2e1a-893d-e8453cf3f7aa" testName="Список чатов - чат для заметок: можно раскрывать изображения" computerName="df2fa4c7c641" duration="00:00:02.5462140" startTime="2023-11-09T07:48:30.7607176+00:00" endTime="2023-11-09T07:48:33.3069309+00:00" testType="13cdc9d9-ddb5-4fa4-a97d-d965ccfc6d4b" outcome="Passed" testListId="8c84fa94-04c1-424b-9868-57a2d4851a1d" relativeResultsDirectory="22ec70a5-8dfe-498f-b35d-5fed8b0a0366" />
    <UnitTestResult executionId="ee156b0b-cb84-4540-b00c-782fba8eff2d" testId="3f8b6084-3301-5ee0-5c4f-ae2a2ab967e3" testName="Создание потока: можно создать поток после внесения правок в длительность потока" computerName="df2fa4c7c641" duration="00:00:10.6883920" startTime="2023-11-09T07:47:51.7791125+00:00" endTime="2023-11-09T07:48:02.4675042+00:00" testType="13cdc9d9-ddb5-4fa4-a97d-d965ccfc6d4b" outcome="Passed" testListId="8c84fa94-04c1-424b-9868-57a2d4851a1d" relativeResultsDirectory="ee156b0b-cb84-4540-b00c-782fba8eff2d" />
    <UnitTestResult executionId="63c7c26a-9ef5-490f-a72c-e3a0106758b5" testId="a109ce03-a505-fb1b-3351-e149a76a0bd5" testName="Редактирование дисциплины: можно удалить дисциплину без оценок" computerName="df2fa4c7c641" duration="00:00:08.4592100" startTime="2023-11-09T07:50:18.5262307+00:00" endTime="2023-11-09T07:50:26.9854406+00:00" testType="13cdc9d9-ddb5-4fa4-a97d-d965ccfc6d4b" outcome="Passed" testListId="8c84fa94-04c1-424b-9868-57a2d4851a1d" relativeResultsDirectory="63c7c26a-9ef5-490f-a72c-e3a0106758b5">
      <Output>
        <StdOut>Авторизоватся под администратором программы Мария Сергеевна</StdOut>
      </Output>
    </UnitTestResult>
    <UnitTestResult executionId="596ac89b-99a6-43c7-b41d-ccef759225ea" testId="2cb3df5c-f594-5bb4-689c-f5650b3adda0" testName="Список чатов - личный чат: можно отправить смайлики" computerName="df2fa4c7c641" duration="00:00:09.2962180" startTime="2023-11-09T07:48:00.6467205+00:00" endTime="2023-11-09T07:48:09.9429380+00:00" testType="13cdc9d9-ddb5-4fa4-a97d-d965ccfc6d4b" outcome="Passed" testListId="8c84fa94-04c1-424b-9868-57a2d4851a1d" relativeResultsDirectory="596ac89b-99a6-43c7-b41d-ccef759225ea" />
    <UnitTestResult executionId="5410d262-2520-4de2-b9d4-f2f01cf7e3a7" testId="967758ba-81a2-d3ac-ac30-163196b6b15e" testName="Редактирование потока ДО: работает кнопка 'Отмена', если страница редактирование был открыть со страницы потока" computerName="df2fa4c7c641" duration="00:00:05.1660490" startTime="2023-11-09T07:47:33.6972149+00:00" endTime="2023-11-09T07:47:38.8632632+00:00" testType="13cdc9d9-ddb5-4fa4-a97d-d965ccfc6d4b" outcome="Passed" testListId="8c84fa94-04c1-424b-9868-57a2d4851a1d" relativeResultsDirectory="5410d262-2520-4de2-b9d4-f2f01cf7e3a7" />
    <UnitTestResult executionId="9ddd8f31-cd96-421d-b4a0-0db790d5740a" testId="06573bb4-9841-787f-f5b2-57a0727811af" testName="Редактирование активности: успешное сохранение при корректных значениях в поля 'Объём'" computerName="df2fa4c7c641" duration="00:00:04.9940480" startTime="2023-11-09T07:44:30.6278103+00:00" endTime="2023-11-09T07:44:35.6218583+00:00" testType="13cdc9d9-ddb5-4fa4-a97d-d965ccfc6d4b" outcome="Passed" testListId="8c84fa94-04c1-424b-9868-57a2d4851a1d" relativeResultsDirectory="9ddd8f31-cd96-421d-b4a0-0db790d5740a" />
    <UnitTestResult executionId="f19422f7-583e-4266-bfc2-ffe255514ae4" testId="78b6dadd-3734-eb34-ae54-7a7cdb54ec90" testName="Список чатов - личный чат: невозможно отправить пустое сообщение" computerName="df2fa4c7c641" duration="00:00:08.3732440" startTime="2023-11-09T07:47:10.8837667+00:00" endTime="2023-11-09T07:47:19.2570103+00:00" testType="13cdc9d9-ddb5-4fa4-a97d-d965ccfc6d4b" outcome="Passed" testListId="8c84fa94-04c1-424b-9868-57a2d4851a1d" relativeResultsDirectory="f19422f7-583e-4266-bfc2-ffe255514ae4" />
    <UnitTestResult executionId="499e5ad2-8614-4865-a9f6-5ed06a0d2fed" testId="c25482f1-b800-6fd1-662f-8be1ad84ca23" testName="Список чатов - личный чат: можно добавить реакцию на сообщение" computerName="df2fa4c7c641" duration="00:00:08.2149129" startTime="2023-11-09T07:48:26.7274517+00:00" endTime="2023-11-09T07:48:34.9423637+00:00" testType="13cdc9d9-ddb5-4fa4-a97d-d965ccfc6d4b" outcome="Passed" testListId="8c84fa94-04c1-424b-9868-57a2d4851a1d" relativeResultsDirectory="499e5ad2-8614-4865-a9f6-5ed06a0d2fed" />
    <UnitTestResult executionId="c7d2a4bb-0fcf-4baa-9658-7ce9624e2f78" testId="f81f53f7-2ca4-e98c-8b1c-bb518564459f" testName="Редактирование потока: ошибка валидации, если дата окончания не заполнена" computerName="df2fa4c7c641" duration="00:00:04.1895580" startTime="2023-11-09T07:48:23.5279416+00:00" endTime="2023-11-09T07:48:27.7174989+00:00" testType="13cdc9d9-ddb5-4fa4-a97d-d965ccfc6d4b" outcome="Passed" testListId="8c84fa94-04c1-424b-9868-57a2d4851a1d" relativeResultsDirectory="c7d2a4bb-0fcf-4baa-9658-7ce9624e2f78" />
    <UnitTestResult executionId="5066a4a7-afaf-4f1a-b296-675a161ce87d" testId="f9feae2b-8e4f-313b-7d18-efc2f865f8f3" testName="Список чатов - чат для заметок: можно найти отправленное сообщение" computerName="df2fa4c7c641" duration="00:00:33.9000130" startTime="2023-11-09T07:47:41.9552506+00:00" endTime="2023-11-09T07:48:15.8552633+00:00" testType="13cdc9d9-ddb5-4fa4-a97d-d965ccfc6d4b" outcome="Failed" testListId="8c84fa94-04c1-424b-9868-57a2d4851a1d" relativeResultsDirectory="5066a4a7-afaf-4f1a-b296-675a161ce87d">
      <Output>
        <StdOut>https://test11.odin.study/ru/Chat/419345</StdOut>
        <ErrorInfo>
          <Message>OpenQA.Selenium.WebDriverTimeoutException : Timed out after 30 seconds
  ----&gt; OpenQA.Selenium.NoSuchElementException : no such element: Unable to locate element: {"method":"css selector","selector":"[class*='text-message ellipsis']"}
  (Session info: headless chrome=115.0.5790.110); For documentation on this error, please visit: https://www.selenium.dev/documentation/webdriver/troubleshooting/errors#no-such-element-exception</Message>
          <StackTrace>   at OpenQA.Selenium.Support.UI.DefaultWait`1.ThrowTimeoutException(String exceptionMessage, Exception lastException)
   at OpenQA.Selenium.Support.UI.DefaultWait`1.Until[TResult](Func`2 condition, CancellationToken token)
   at OpenQA.Selenium.Support.UI.DefaultWait`1.Until[TResult](Func`2 condition)
   at OdinUiTests.Pages.ChatCommonPage.&lt;&gt;c__DisplayClass88_0.&lt;CheckMessageHasBeenFound&gt;b__0() in /azp/_work/1/s/Pages/ChatCommonPage.cs:line 508
   at NUnit.Allure.Core.AllureExtensions.WrapInStep(AllureLifecycle lifecycle, Action action, String stepName, String callerName)
   at OdinUiTests.Pages.ChatCommonPage.CheckMessageHasBeenFound(String message, Boolean isMinichat) in /azp/_work/1/s/Pages/ChatCommonPage.cs:line 496
   at OdinUiTests.Tests.Chat.ChatCommon.FindSentMessage(IWebDriver driver, String id) in /azp/_work/1/s/Tests/Chat/ChatCommon.cs:line 166
   at OdinUiTests.Tests.Chat.NotesChatTests.CheckFindSentMessageInNotesChat() in /azp/_work/1/s/Tests/Chat/ChatTests.cs:line 880
--NoSuchElementException
   at OpenQA.Selenium.WebDriver.UnpackAndThrowOnError(Response errorResponse, String commandToExecute)
   at OpenQA.Selenium.WebDriver.Execute(String driverCommandToExecute, Dictionary`2 parameters)
   at OpenQA.Selenium.WebDriver.FindElement(String mechanism, String value)
   at OpenQA.Selenium.By.&lt;.ctor&gt;b__11_0(ISearchContext context)
   at OpenQA.Selenium.By.FindElement(ISearchContext context)
   at OpenQA.Selenium.WebDriver.FindElement(By by)
   at SeleniumExtras.WaitHelpers.ExpectedConditions.&lt;&gt;c__DisplayClass19_0.&lt;ElementToBeClickable&gt;b__0(IWebDriver driver)
   at OpenQA.Selenium.Support.UI.DefaultWait`1.Until[TResult](Func`2 condition, CancellationToken token)
</StackTrace>
        </ErrorInfo>
      </Output>
      <ResultFiles>
        <ResultFile path="df2fa4c7c641/CheckFindSentMessageInNotesChat.jpg" />
      </ResultFiles>
    </UnitTestResult>
    <UnitTestResult executionId="25c2b4b2-26cd-45eb-ad6c-532aae7c553d" testId="c81adebf-d77b-4d93-dd9b-afd3bf7435eb" testName="Можно просмотреть список всех решений, если включена 'Решения открыты всем'" computerName="df2fa4c7c641" duration="00:00:03.2596490" startTime="2023-11-09T07:44:33.6892506+00:00" endTime="2023-11-09T07:44:36.9488991+00:00" testType="13cdc9d9-ddb5-4fa4-a97d-d965ccfc6d4b" outcome="Passed" testListId="8c84fa94-04c1-424b-9868-57a2d4851a1d" relativeResultsDirectory="25c2b4b2-26cd-45eb-ad6c-532aae7c553d" />
    <UnitTestResult executionId="2b68ab3f-39d9-4097-bd9b-c7be00bd4830" testId="e9b958c3-07cd-2942-d5ec-53e70dbdf90e" testName="Создание потока: ошибка валидации, если название не указано" computerName="df2fa4c7c641" duration="00:00:05.0161720" startTime="2023-11-09T07:47:25.8076082+00:00" endTime="2023-11-09T07:47:30.8237797+00:00" testType="13cdc9d9-ddb5-4fa4-a97d-d965ccfc6d4b" outcome="Passed" testListId="8c84fa94-04c1-424b-9868-57a2d4851a1d" relativeResultsDirectory="2b68ab3f-39d9-4097-bd9b-c7be00bd4830" />
    <UnitTestResult executionId="a97ad40f-26a4-4c9a-99e0-0f185c8508ed" testId="9983c32a-d789-fbb0-a934-f6e2d3f2dc5c" testName="Редактирование потока: ошибка валидации, если дата начала больше чем дата окончания" computerName="df2fa4c7c641" duration="00:00:05.2653740" startTime="2023-11-09T07:48:33.0229102+00:00" endTime="2023-11-09T07:48:38.2882842+00:00" testType="13cdc9d9-ddb5-4fa4-a97d-d965ccfc6d4b" outcome="Passed" testListId="8c84fa94-04c1-424b-9868-57a2d4851a1d" relativeResultsDirectory="a97ad40f-26a4-4c9a-99e0-0f185c8508ed" />
    <UnitTestResult executionId="c7620a93-c290-4bbe-a1f0-ba11e12253ba" testId="7c8c27e6-5f2d-f8b9-17b7-0e554c428bb9" testName="Cоздание активности: можно создать активность в дисциплине в модуле" computerName="df2fa4c7c641" duration="00:00:10.3820050" startTime="2023-11-09T07:43:57.9679492+00:00" endTime="2023-11-09T07:44:08.3499539+00:00" testType="13cdc9d9-ddb5-4fa4-a97d-d965ccfc6d4b" outcome="Passed" testListId="8c84fa94-04c1-424b-9868-57a2d4851a1d" relativeResultsDirectory="c7620a93-c290-4bbe-a1f0-ba11e12253ba" />
    <UnitTestResult executionId="b99c1af0-1381-4bb6-b1fb-f1c7bbe5ae46" testId="798a67f7-08eb-e95d-5e94-7f25e539d8d8" testName="Конструктор теста: можно изменить комментарий к вопросу" computerName="df2fa4c7c641" duration="00:00:10.7309610" startTime="2023-11-09T07:51:44.2761541+00:00" endTime="2023-11-09T07:51:55.0071142+00:00" testType="13cdc9d9-ddb5-4fa4-a97d-d965ccfc6d4b" outcome="Passed" testListId="8c84fa94-04c1-424b-9868-57a2d4851a1d" relativeResultsDirectory="b99c1af0-1381-4bb6-b1fb-f1c7bbe5ae46" />
    <UnitTestResult executionId="07a9f093-e65d-4605-8a17-2207cc472d7a" testId="f5cc7a55-5a82-ad13-1dfd-c37205d4b759" testName="Страница индивидуальной контрольной: статус меняется, если преподаватель меняет минимальный порог баллов" computerName="df2fa4c7c641" duration="00:00:07.1806890" startTime="2023-11-09T07:45:51.9829804+00:00" endTime="2023-11-09T07:45:59.1636688+00:00" testType="13cdc9d9-ddb5-4fa4-a97d-d965ccfc6d4b" outcome="Passed" testListId="8c84fa94-04c1-424b-9868-57a2d4851a1d" relativeResultsDirectory="07a9f093-e65d-4605-8a17-2207cc472d7a" />
    <UnitTestResult executionId="0d8b215a-7794-4328-8f1f-420fcfb72759" testId="69293062-6893-5c2d-5fe9-08a62c46a9d1" testName="Страница аналитика дисциплины: работает кнопка “Сбросить”" computerName="df2fa4c7c641" duration="00:00:12.6931690" startTime="2023-11-09T07:50:02.4124954+00:00" endTime="2023-11-09T07:50:15.1056638+00:00" testType="13cdc9d9-ddb5-4fa4-a97d-d965ccfc6d4b" outcome="Passed" testListId="8c84fa94-04c1-424b-9868-57a2d4851a1d" relativeResultsDirectory="0d8b215a-7794-4328-8f1f-420fcfb72759" />
    <UnitTestResult executionId="8b1fb28e-f021-4f27-be47-50fc8e1db9c4" testId="25c56c31-ffa6-14fb-f01b-bf4a1e6d6c7a" testName="Нельзя создать задание, если поле 'Минимальный порог баллов' не заполнено" computerName="df2fa4c7c641" duration="00:00:09.9602430" startTime="2023-11-09T07:44:18.9529720+00:00" endTime="2023-11-09T07:44:28.9132149+00:00" testType="13cdc9d9-ddb5-4fa4-a97d-d965ccfc6d4b" outcome="Passed" testListId="8c84fa94-04c1-424b-9868-57a2d4851a1d" relativeResultsDirectory="8b1fb28e-f021-4f27-be47-50fc8e1db9c4" />
    <UnitTestResult executionId="084509c0-54b6-40bb-94d9-bea78e6c2bfb" testId="2a0c7476-033b-b602-2542-e45c3bc02e5b" testName="Редактирование активности: успешное сохранение, если заполнена только дата окончания" computerName="df2fa4c7c641" duration="00:00:10.1793610" startTime="2023-11-09T07:44:11.0774044+00:00" endTime="2023-11-09T07:44:21.2567653+00:00" testType="13cdc9d9-ddb5-4fa4-a97d-d965ccfc6d4b" outcome="Passed" testListId="8c84fa94-04c1-424b-9868-57a2d4851a1d" relativeResultsDirectory="084509c0-54b6-40bb-94d9-bea78e6c2bfb" />
    <UnitTestResult executionId="40f56147-965b-4137-a7e4-4efb19e89dda" testId="7e314efc-a14e-66c1-4891-045f06aca8ff" testName="Конструктор теста: можно удалить вариант" computerName="df2fa4c7c641" duration="00:00:09.6274780" startTime="2023-11-09T07:51:43.9517374+00:00" endTime="2023-11-09T07:51:53.5792156+00:00" testType="13cdc9d9-ddb5-4fa4-a97d-d965ccfc6d4b" outcome="Passed" testListId="8c84fa94-04c1-424b-9868-57a2d4851a1d" relativeResultsDirectory="40f56147-965b-4137-a7e4-4efb19e89dda" />
    <UnitTestResult executionId="ef8ae852-4c79-4e3a-a189-825187c93065" testId="8266056b-6696-91c6-c0bf-89899a3a07ae" testName="Можно создать задание с критерием" computerName="df2fa4c7c641" duration="00:00:10.1552600" startTime="2023-11-09T07:44:00.9463608+00:00" endTime="2023-11-09T07:44:11.1016205+00:00" testType="13cdc9d9-ddb5-4fa4-a97d-d965ccfc6d4b" outcome="Passed" testListId="8c84fa94-04c1-424b-9868-57a2d4851a1d" relativeResultsDirectory="ef8ae852-4c79-4e3a-a189-825187c93065" />
    <UnitTestResult executionId="a3bf0091-b1fb-4149-aaf6-6b5c64981fcf" testId="bfc70571-9e7c-214f-1cd4-e8084fa18cbc" testName="Список чатов - комната дисциплины: можно найти чат в поиске по названию" computerName="df2fa4c7c641" duration="00:00:23.8742449" startTime="2023-11-09T07:47:41.8677884+00:00" endTime="2023-11-09T07:48:05.7420328+00:00" testType="13cdc9d9-ddb5-4fa4-a97d-d965ccfc6d4b" outcome="Passed" testListId="8c84fa94-04c1-424b-9868-57a2d4851a1d" relativeResultsDirectory="a3bf0091-b1fb-4149-aaf6-6b5c64981fcf" />
    <UnitTestResult executionId="60716702-f22d-4ef9-a014-8441cbcaa118" testId="8f8ea1d8-bc7d-c32a-3a3b-27e2a6a7062f" testName="Редактирование шаблона активности: наличия ошибки при добавлении теста из библиотеки не в контрольную" computerName="df2fa4c7c641" duration="00:00:10.8618720" startTime="2023-11-09T07:46:07.0839031+00:00" endTime="2023-11-09T07:46:17.9457745+00:00" testType="13cdc9d9-ddb5-4fa4-a97d-d965ccfc6d4b" outcome="Passed" testListId="8c84fa94-04c1-424b-9868-57a2d4851a1d" relativeResultsDirectory="60716702-f22d-4ef9-a014-8441cbcaa118" />
    <UnitTestResult executionId="f15ff1d3-8333-499d-8829-83a94e4311f3" testId="c9a73d7d-999f-34c2-9b46-e125b89763d8" testName="Библиотека: можно выбрать несколько элементов" computerName="df2fa4c7c641" duration="00:00:09.5215470" startTime="2023-11-09T07:50:47.7741007+00:00" endTime="2023-11-09T07:50:57.2956470+00:00" testType="13cdc9d9-ddb5-4fa4-a97d-d965ccfc6d4b" outcome="Passed" testListId="8c84fa94-04c1-424b-9868-57a2d4851a1d" relativeResultsDirectory="f15ff1d3-8333-499d-8829-83a94e4311f3" />
    <UnitTestResult executionId="c5076940-42ba-4bcd-9a16-7ecb76698fa2" testId="3f7fe0be-d387-3859-ac6b-dda7f5aa9c86" testName="Страница обр программы: При восстановлении из архива обр программы появляется модалка подтверждения действия" computerName="df2fa4c7c641" duration="00:00:04.3202420" startTime="2023-11-09T07:53:25.2194297+00:00" endTime="2023-11-09T07:53:29.5396709+00:00" testType="13cdc9d9-ddb5-4fa4-a97d-d965ccfc6d4b" outcome="Passed" testListId="8c84fa94-04c1-424b-9868-57a2d4851a1d" relativeResultsDirectory="c5076940-42ba-4bcd-9a16-7ecb76698fa2" />
    <UnitTestResult executionId="cf4fb08c-6db2-4f1b-802a-4a68870dd180" testId="194c895d-9c79-0483-e1e9-fb8f2ae3e254" testName="Редактирование дисциплины: можно изменить название" computerName="df2fa4c7c641" duration="00:00:05.6397730" startTime="2023-11-09T07:49:20.0572559+00:00" endTime="2023-11-09T07:49:25.6970285+00:00" testType="13cdc9d9-ddb5-4fa4-a97d-d965ccfc6d4b" outcome="Passed" testListId="8c84fa94-04c1-424b-9868-57a2d4851a1d" relativeResultsDirectory="cf4fb08c-6db2-4f1b-802a-4a68870dd180" />
    <UnitTestResult executionId="f4b4aa79-4992-4ac6-9995-73f8f1ce86f6" testId="a80e2b84-c913-a3b3-db95-d444c37bd229" testName="Создание потока: предупреждение о несоответствии длительности потока для программ длительностью 256 часов" computerName="df2fa4c7c641" duration="00:00:05.4617910" startTime="2023-11-09T07:47:39.6616635+00:00" endTime="2023-11-09T07:47:45.1234541+00:00" testType="13cdc9d9-ddb5-4fa4-a97d-d965ccfc6d4b" outcome="Passed" testListId="8c84fa94-04c1-424b-9868-57a2d4851a1d" relativeResultsDirectory="f4b4aa79-4992-4ac6-9995-73f8f1ce86f6" />
    <UnitTestResult executionId="5ab2bac6-e3fe-45fb-b295-50a8014d870b" testId="66cb2d48-46f0-2158-5cad-c044b4653be0" testName="Редактирование дисциплины: нет возможности редактировать у преподавателя другой дисциплины" computerName="df2fa4c7c641" duration="00:00:03.9473570" startTime="2023-11-09T07:48:55.4935399+00:00" endTime="2023-11-09T07:48:59.4408962+00:00" testType="13cdc9d9-ddb5-4fa4-a97d-d965ccfc6d4b" outcome="Passed" testListId="8c84fa94-04c1-424b-9868-57a2d4851a1d" relativeResultsDirectory="5ab2bac6-e3fe-45fb-b295-50a8014d870b">
      <Output>
        <StdOut>Авторизоватся под преподавателем Семен Смирнов</StdOut>
      </Output>
    </UnitTestResult>
    <UnitTestResult executionId="b8770da7-2e52-4296-a8f3-0f68e6797f28" testId="4ac3e6da-0406-1c61-13ea-a18ca0236ded" testName="Редактирование шаблона контрольной: отображение ошибки валидации для поля 'Количество попыток сдачи' с значением '0'" computerName="df2fa4c7c641" duration="00:00:04.9839310" startTime="2023-11-09T07:46:20.2752293+00:00" endTime="2023-11-09T07:46:25.2591597+00:00" testType="13cdc9d9-ddb5-4fa4-a97d-d965ccfc6d4b" outcome="Passed" testListId="8c84fa94-04c1-424b-9868-57a2d4851a1d" relativeResultsDirectory="b8770da7-2e52-4296-a8f3-0f68e6797f28" />
    <UnitTestResult executionId="29b1e45f-c604-4edb-bb5f-c985dc92ecdd" testId="3bf51eab-5fc9-9dc5-71b7-e81e27a41f8c" testName="Редактирование активности: наличия ошибки при добавлении теста из библиотеки не в контрольную" computerName="df2fa4c7c641" duration="00:00:10.9512850" startTime="2023-11-09T07:44:17.1669463+00:00" endTime="2023-11-09T07:44:28.1182308+00:00" testType="13cdc9d9-ddb5-4fa4-a97d-d965ccfc6d4b" outcome="Passed" testListId="8c84fa94-04c1-424b-9868-57a2d4851a1d" relativeResultsDirectory="29b1e45f-c604-4edb-bb5f-c985dc92ecdd" />
    <UnitTestResult executionId="b353706a-02ce-4723-9e3d-0a8b869bf3f0" testId="d60a8d40-bd1e-6d88-1bf1-4dee752cfd09" testName="Страница командной контрольной: статус отображается, если есть хотя бы одна завершенная попытка" computerName="df2fa4c7c641" duration="00:00:13.3332760" startTime="2023-11-09T07:45:25.8357153+00:00" endTime="2023-11-09T07:45:39.1689909+00:00" testType="13cdc9d9-ddb5-4fa4-a97d-d965ccfc6d4b" outcome="Passed" testListId="8c84fa94-04c1-424b-9868-57a2d4851a1d" relativeResultsDirectory="b353706a-02ce-4723-9e3d-0a8b869bf3f0" />
    <UnitTestResult executionId="f6aac067-aaad-48a1-97c2-b3a9f993fe19" testId="b4a0f2f8-b893-b1a7-1344-381e03a8c57d" testName="Работает кнопка закрепления/открепления из главного меню для студента" computerName="df2fa4c7c641" duration="00:00:47.6789160" startTime="2023-11-09T07:49:48.5972970+00:00" endTime="2023-11-09T07:50:36.2762131+00:00" testType="13cdc9d9-ddb5-4fa4-a97d-d965ccfc6d4b" outcome="Passed" testListId="8c84fa94-04c1-424b-9868-57a2d4851a1d" relativeResultsDirectory="f6aac067-aaad-48a1-97c2-b3a9f993fe19" />
    <UnitTestResult executionId="b37874bb-1ec0-40f4-9712-997c4eef16ed" testId="40b5a07a-0629-ce8c-a6bc-e992d93c6838" testName="Cоздание активности: можно создать активность в дисциплине без модуля" computerName="df2fa4c7c641" duration="00:00:10.1954980" startTime="2023-11-09T07:43:47.7723518+00:00" endTime="2023-11-09T07:43:57.9678497+00:00" testType="13cdc9d9-ddb5-4fa4-a97d-d965ccfc6d4b" outcome="Passed" testListId="8c84fa94-04c1-424b-9868-57a2d4851a1d" relativeResultsDirectory="b37874bb-1ec0-40f4-9712-997c4eef16ed" />
    <UnitTestResult executionId="c7a3a6c0-977c-443f-9c89-f191f8896e86" testId="b34d15d9-312f-46d7-8673-b1aea0eb7764" testName="Создание шаблона дисциплины: можно создать шаблон, если заполнены все обязательные поля" computerName="df2fa4c7c641" duration="00:00:08.4542830" startTime="2023-11-09T07:50:03.8816900+00:00" endTime="2023-11-09T07:50:12.3359723+00:00" testType="13cdc9d9-ddb5-4fa4-a97d-d965ccfc6d4b" outcome="Passed" testListId="8c84fa94-04c1-424b-9868-57a2d4851a1d" relativeResultsDirectory="c7a3a6c0-977c-443f-9c89-f191f8896e86" />
    <UnitTestResult executionId="afb1269b-1b1f-4ed2-905b-b4612924ff42" testId="a4cd506b-5588-221c-0d1d-47a2ec9a3019" testName="Конструктор теста-тренажера: можно удалить автора" computerName="df2fa4c7c641" duration="00:00:06.1590809" startTime="2023-11-09T07:52:59.6029832+00:00" endTime="2023-11-09T07:53:05.7620637+00:00" testType="13cdc9d9-ddb5-4fa4-a97d-d965ccfc6d4b" outcome="Passed" testListId="8c84fa94-04c1-424b-9868-57a2d4851a1d" relativeResultsDirectory="afb1269b-1b1f-4ed2-905b-b4612924ff42" />
    <UnitTestResult executionId="6058707d-77f1-4b49-abd8-cbbac4bc927d" testId="27b27571-4ecd-7e5c-dd41-997ead47ed32" testName="Список чатов - групповой чат: можно отправить текстовое сообщение" computerName="df2fa4c7c641" duration="00:00:08.5009920" startTime="2023-11-09T07:46:35.0980330+00:00" endTime="2023-11-09T07:46:43.5990247+00:00" testType="13cdc9d9-ddb5-4fa4-a97d-d965ccfc6d4b" outcome="Passed" testListId="8c84fa94-04c1-424b-9868-57a2d4851a1d" relativeResultsDirectory="6058707d-77f1-4b49-abd8-cbbac4bc927d" />
    <UnitTestResult executionId="4cab0e1f-1046-48df-b610-d57f6fd48711" testId="128f317f-3f70-3b68-da6f-277fc5d6163e" testName="Конструктор теста-тренажера: можно изменить уровень усвоения в добавленном теге знаний" computerName="df2fa4c7c641" duration="00:00:08.5399210" startTime="2023-11-09T07:53:11.8631460+00:00" endTime="2023-11-09T07:53:20.4030669+00:00" testType="13cdc9d9-ddb5-4fa4-a97d-d965ccfc6d4b" outcome="Passed" testListId="8c84fa94-04c1-424b-9868-57a2d4851a1d" relativeResultsDirectory="4cab0e1f-1046-48df-b610-d57f6fd48711" />
    <UnitTestResult executionId="4570cc77-3c15-4193-b1c8-76cfd0747e59" testId="35b6a854-dcee-7845-46ed-4a556f5d6616" testName="Чат на странице решения: можно отправить смайлики" computerName="df2fa4c7c641" duration="00:00:08.7091890" startTime="2023-11-09T07:47:54.7850819+00:00" endTime="2023-11-09T07:48:03.4942706+00:00" testType="13cdc9d9-ddb5-4fa4-a97d-d965ccfc6d4b" outcome="Passed" testListId="8c84fa94-04c1-424b-9868-57a2d4851a1d" relativeResultsDirectory="4570cc77-3c15-4193-b1c8-76cfd0747e59" />
    <UnitTestResult executionId="53327182-1166-4c5a-a636-bbe2ed2a6386" testId="85810f4e-11ff-dd89-0c0c-36c32e311790" testName="Страница оценок дисциплины: редактирования формулы промежуточного результата" computerName="df2fa4c7c641" duration="00:00:12.5346560" startTime="2023-11-09T07:50:07.8931246+00:00" endTime="2023-11-09T07:50:20.4277804+00:00" testType="13cdc9d9-ddb5-4fa4-a97d-d965ccfc6d4b" outcome="Passed" testListId="8c84fa94-04c1-424b-9868-57a2d4851a1d" relativeResultsDirectory="53327182-1166-4c5a-a636-bbe2ed2a6386" />
    <UnitTestResult executionId="368033ca-a3aa-4a47-93d9-2b3d835f9ca5" testId="9075a8ef-42ab-1d01-c8e9-fb413a7d4b5a" testName="Конструктор теста: можно удалить вариант ответа из вопроса с типом ответа 'Свободный ответ' – 'Точное совпадение'" computerName="df2fa4c7c641" duration="00:00:06.0276120" startTime="2023-11-09T07:52:18.5743931+00:00" endTime="2023-11-09T07:52:24.6020048+00:00" testType="13cdc9d9-ddb5-4fa4-a97d-d965ccfc6d4b" outcome="Passed" testListId="8c84fa94-04c1-424b-9868-57a2d4851a1d" relativeResultsDirectory="368033ca-a3aa-4a47-93d9-2b3d835f9ca5" />
    <UnitTestResult executionId="969af912-4c1a-4ed9-b158-907847cb86cd" testId="aba850e9-acc9-c303-58ba-46e62eb4c1d6" testName="Создание дисциплины: добавление преподавателя из списка" computerName="df2fa4c7c641" duration="00:00:14.2381260" startTime="2023-11-09T07:50:08.1523859+00:00" endTime="2023-11-09T07:50:22.3905119+00:00" testType="13cdc9d9-ddb5-4fa4-a97d-d965ccfc6d4b" outcome="Passed" testListId="8c84fa94-04c1-424b-9868-57a2d4851a1d" relativeResultsDirectory="969af912-4c1a-4ed9-b158-907847cb86cd" />
    <UnitTestResult executionId="48b74063-ed96-4c05-9661-f3fb27b7f369" testId="affe17d8-cf90-1b44-26a5-930325023634" testName="Редактирование шаблона активности: можно переключать значения в поле 'Тип активности'" computerName="df2fa4c7c641" duration="00:01:05.0235240" startTime="2023-11-09T07:45:12.2006732+00:00" endTime="2023-11-09T07:46:17.2241968+00:00" testType="13cdc9d9-ddb5-4fa4-a97d-d965ccfc6d4b" outcome="Failed" testListId="8c84fa94-04c1-424b-9868-57a2d4851a1d" relativeResultsDirectory="48b74063-ed96-4c05-9661-f3fb27b7f369">
      <Output>
        <StdOut>https://test11.odin.study/ru/ActivityPlan/Info/1340</StdOut>
        <ErrorInfo>
          <Message>OpenQA.Selenium.WebDriverTimeoutException : Timed out after 30 seconds
  ----&gt; OpenQA.Selenium.NoSuchElementException : no such element: Unable to locate element: {"method":"css selector","selector":".info-block .text-tag"}
  (Session info: headless chrome=115.0.5790.110); For documentation on this error, please visit: https://www.selenium.dev/documentation/webdriver/troubleshooting/errors#no-such-element-exception</Message>
          <StackTrace>   at OpenQA.Selenium.Support.UI.DefaultWait`1.ThrowTimeoutException(String exceptionMessage, Exception lastException)
   at OpenQA.Selenium.Support.UI.DefaultWait`1.Until[TResult](Func`2 condition, CancellationToken token)
   at OpenQA.Selenium.Support.UI.DefaultWait`1.Until[TResult](Func`2 condition)
   at OdinUiTests.Pages.ActivityCommonPage.&lt;GetTypeActivity&gt;b__79_0() in /azp/_work/1/s/Pages/ActivityCommonPage.cs:line 314
   at NUnit.Allure.Core.AllureExtensions.WrapInStep(AllureLifecycle lifecycle, Action action, String stepName, String callerName)
   at OdinUiTests.Pages.ActivityCommonPage.GetTypeActivity() in /azp/_work/1/s/Pages/ActivityCommonPage.cs:line 312
   at OdinUiTests.Tests.Activity.ActivityCommon.EditType(IWebDriver driver, Boolean isTemplate, String id, String expType) in /azp/_work/1/s/Tests/Activity/ActivityCommon.cs:line 73
   at OdinUiTests.Tests.Activity.TemplateEditingTests.CheckEditTypeActivityTemplate() in /azp/_work/1/s/Tests/Activity/TemplateTests.cs:line 35
--NoSuchElementException
   at OpenQA.Selenium.WebDriver.UnpackAndThrowOnError(Response errorResponse, String commandToExecute)
   at OpenQA.Selenium.WebDriver.Execute(String driverCommandToExecute, Dictionary`2 parameters)
   at OpenQA.Selenium.WebDriver.FindElement(String mechanism, String value)
   at OpenQA.Selenium.By.&lt;.ctor&gt;b__11_0(ISearchContext context)
   at OpenQA.Selenium.By.FindElement(ISearchContext context)
   at OpenQA.Selenium.WebDriver.FindElement(By by)
   at SeleniumExtras.WaitHelpers.ExpectedConditions.&lt;&gt;c__DisplayClass19_0.&lt;ElementToBeClickable&gt;b__0(IWebDriver driver)
   at OpenQA.Selenium.Support.UI.DefaultWait`1.Until[TResult](Func`2 condition, CancellationToken token)
</StackTrace>
        </ErrorInfo>
      </Output>
      <ResultFiles>
        <ResultFile path="df2fa4c7c641/CheckEditTypeActivityTemplate.jpg" />
      </ResultFiles>
    </UnitTestResult>
    <UnitTestResult executionId="291acd5a-513c-445d-a1a6-193246d9eabe" testId="d648abaa-f145-e261-dbd2-6c1ff9a0695f" testName="Редактирование контрольной: успешное сохранение при положительных значениях в поле 'Минимальный порог баллов'" computerName="df2fa4c7c641" duration="00:00:06.9524430" startTime="2023-11-09T07:45:48.7534898+00:00" endTime="2023-11-09T07:45:55.7059321+00:00" testType="13cdc9d9-ddb5-4fa4-a97d-d965ccfc6d4b" outcome="Passed" testListId="8c84fa94-04c1-424b-9868-57a2d4851a1d" relativeResultsDirectory="291acd5a-513c-445d-a1a6-193246d9eabe" />
    <UnitTestResult executionId="1e911cb5-e147-4014-8124-b69e5b277c5b" testId="5d8858bf-b8d0-70cb-fc95-d71ea249fac9" testName="Отображение ошибки валидации для поля баллы, если вводить пробел" computerName="df2fa4c7c641" duration="00:00:07.9095880" startTime="2023-11-09T07:44:42.2451991+00:00" endTime="2023-11-09T07:44:50.1547874+00:00" testType="13cdc9d9-ddb5-4fa4-a97d-d965ccfc6d4b" outcome="Passed" testListId="8c84fa94-04c1-424b-9868-57a2d4851a1d" relativeResultsDirectory="1e911cb5-e147-4014-8124-b69e5b277c5b" />
    <UnitTestResult executionId="e2997d84-eb23-4598-b178-87483272d948" testId="82fa71c2-e9c2-0bac-e2bf-53b514a36b03" testName="Страница индивидуальной контрольной: статус и цвет у количества баллов в попытке различаются в зависимости от успешности" computerName="df2fa4c7c641" duration="00:00:11.3400960" startTime="2023-11-09T07:46:04.7293424+00:00" endTime="2023-11-09T07:46:16.0694382+00:00" testType="13cdc9d9-ddb5-4fa4-a97d-d965ccfc6d4b" outcome="Passed" testListId="8c84fa94-04c1-424b-9868-57a2d4851a1d" relativeResultsDirectory="e2997d84-eb23-4598-b178-87483272d948" />
    <UnitTestResult executionId="27102c15-440f-4bdf-a5d6-b95a91ecebc3" testId="b4c7aa5f-9e5c-7607-de89-bac74aa325a7" testName="В мобильной версии нет возможности выбрать режим Месяц" computerName="df2fa4c7c641" duration="00:00:02.6740010" startTime="2023-11-09T07:54:06.4600133+00:00" endTime="2023-11-09T07:54:09.1340139+00:00" testType="13cdc9d9-ddb5-4fa4-a97d-d965ccfc6d4b" outcome="Passed" testListId="8c84fa94-04c1-424b-9868-57a2d4851a1d" relativeResultsDirectory="27102c15-440f-4bdf-a5d6-b95a91ecebc3" />
    <UnitTestResult executionId="666e603f-f299-4ede-85fa-98a010ffc5a5" testId="8a20b4c1-aaaa-7349-1cc0-676cdc351d8b" testName="Редактирование дисциплины: есть возможность редактировать у преподавателя этой дисциплины" computerName="df2fa4c7c641" duration="00:00:17.7762030" startTime="2023-11-09T07:48:33.0265389+00:00" endTime="2023-11-09T07:48:50.8027419+00:00" testType="13cdc9d9-ddb5-4fa4-a97d-d965ccfc6d4b" outcome="Passed" testListId="8c84fa94-04c1-424b-9868-57a2d4851a1d" relativeResultsDirectory="666e603f-f299-4ede-85fa-98a010ffc5a5" />
    <UnitTestResult executionId="cbb4ebc1-b0c8-4b22-9bcf-738da7f25d84" testId="b2dde4b5-7589-b405-148d-580297a8e122" testName="Результат прохождения: преподаватель не может оставить комментарий к ответу, если отключена опция подробная информация о результатах" computerName="df2fa4c7c641" duration="00:00:06.6067990" startTime="2023-11-09T07:46:12.4390906+00:00" endTime="2023-11-09T07:46:19.0458897+00:00" testType="13cdc9d9-ddb5-4fa4-a97d-d965ccfc6d4b" outcome="Passed" testListId="8c84fa94-04c1-424b-9868-57a2d4851a1d" relativeResultsDirectory="cbb4ebc1-b0c8-4b22-9bcf-738da7f25d84" />
    <UnitTestResult executionId="91a6bced-b0be-437c-895c-92a304773827" testId="ae1f6847-56f7-e051-650b-cf4bda03e858" testName="Список чатов - обсуждение решения: можно редактировать сообщение в течение 4 часов после отправки" computerName="df2fa4c7c641" duration="00:00:14.7701010" startTime="2023-11-09T07:47:21.1272339+00:00" endTime="2023-11-09T07:47:35.8973345+00:00" testType="13cdc9d9-ddb5-4fa4-a97d-d965ccfc6d4b" outcome="Passed" testListId="8c84fa94-04c1-424b-9868-57a2d4851a1d" relativeResultsDirectory="91a6bced-b0be-437c-895c-92a304773827" />
    <UnitTestResult executionId="b29dda7b-87f2-421b-b37d-4df959d7cd89" testId="bf6de30e-cd4a-4bef-7780-a2f32da8d9d2" testName="Можно скопировать скопировать название в поле краткое название двойным кликом" computerName="df2fa4c7c641" duration="00:00:02.4873940" startTime="2023-11-09T07:50:43.1507462+00:00" endTime="2023-11-09T07:50:45.6381394+00:00" testType="13cdc9d9-ddb5-4fa4-a97d-d965ccfc6d4b" outcome="Passed" testListId="8c84fa94-04c1-424b-9868-57a2d4851a1d" relativeResultsDirectory="b29dda7b-87f2-421b-b37d-4df959d7cd89" />
    <UnitTestResult executionId="820da741-1815-4a48-8603-e373a26164bb" testId="51064bef-94a4-0a2b-1e65-f8090d3f52e1" testName="Cоздание активности: можно создать активность из шаблона" computerName="df2fa4c7c641" duration="00:00:30.8619890" startTime="2023-11-09T07:44:18.1593072+00:00" endTime="2023-11-09T07:44:49.0212966+00:00" testType="13cdc9d9-ddb5-4fa4-a97d-d965ccfc6d4b" outcome="Failed" testListId="8c84fa94-04c1-424b-9868-57a2d4851a1d" relativeResultsDirectory="820da741-1815-4a48-8603-e373a26164bb">
      <Output>
        <StdOut>https://test11.odin.study/ru/Activity/Info/1281494</StdOut>
        <ErrorInfo>
          <Message>Microsoft.CSharp.RuntimeBinder.RuntimeBinderException : Cannot perform runtime binding on a null reference</Message>
          <StackTrace>   at CallSite.Target(Closure , CallSite , Object )
   at System.Dynamic.UpdateDelegates.UpdateAndExecute1[T0,TRet](CallSite site, T0 arg0)
   at OdinUiTests.Services.ActivityService.GetTemplateBaseInfo(String contentId) in /azp/_work/1/s/Services/ActivityService.cs:line 222
   at OdinUiTests.Services.ActivityService.GetActivityTemplateInfo(String contentId) in /azp/_work/1/s/Services/ActivityService.cs:line 237
   at OdinUiTests.Tests.Activity.ActivityCreatingTests.CheckCreateActivityFromTemplate() in /azp/_work/1/s/Tests/Activity/ActivityTests.cs:line 83
</StackTrace>
        </ErrorInfo>
      </Output>
      <ResultFiles>
        <ResultFile path="df2fa4c7c641/CheckCreateActivityFromTemplate.jpg" />
      </ResultFiles>
    </UnitTestResult>
    <UnitTestResult executionId="dce9aa43-7be6-4974-941c-9135d54bde4b" testId="af53318c-ab91-1673-79d5-6c192c5c2788" testName="Список чатов - чат для заметок: можно прикрепить и отправить файл с компьютера" computerName="df2fa4c7c641" duration="00:00:06.3524940" startTime="2023-11-09T07:48:24.4081321+00:00" endTime="2023-11-09T07:48:30.7606252+00:00" testType="13cdc9d9-ddb5-4fa4-a97d-d965ccfc6d4b" outcome="Passed" testListId="8c84fa94-04c1-424b-9868-57a2d4851a1d" relativeResultsDirectory="dce9aa43-7be6-4974-941c-9135d54bde4b" />
    <UnitTestResult executionId="dbdc62a1-820d-4c6f-b9b2-b7f0705a8fc7" testId="e1c017f3-a9cb-eefd-f50b-f36a9130080e" testName="Список чатов - чат для заметок: можно редактировать сообщение в течение 4 часов после отправки" computerName="df2fa4c7c641" duration="00:00:15.9894000" startTime="2023-11-09T07:47:14.9256764+00:00" endTime="2023-11-09T07:47:30.9150764+00:00" testType="13cdc9d9-ddb5-4fa4-a97d-d965ccfc6d4b" outcome="Passed" testListId="8c84fa94-04c1-424b-9868-57a2d4851a1d" relativeResultsDirectory="dbdc62a1-820d-4c6f-b9b2-b7f0705a8fc7" />
    <UnitTestResult executionId="fe1ceea0-4132-476c-9b2e-819b03064e8d" testId="2b36b066-1980-2658-eecc-fa070bc3b82d" testName="Конструктор теста: можно добавить еще один вариант ответа в вопрос с типом ответа 'Свободный ответ - точное совпадение'" computerName="df2fa4c7c641" duration="00:00:11.0234850" startTime="2023-11-09T07:51:29.8762044+00:00" endTime="2023-11-09T07:51:40.8996888+00:00" testType="13cdc9d9-ddb5-4fa4-a97d-d965ccfc6d4b" outcome="Passed" testListId="8c84fa94-04c1-424b-9868-57a2d4851a1d" relativeResultsDirectory="fe1ceea0-4132-476c-9b2e-819b03064e8d" />
    <UnitTestResult executionId="06f8d390-df12-4fb6-acdb-12f8098db19c" testId="7afa2dfe-438c-1616-e085-a385a3958085" testName="Редактирование шаблона активности: можно добавлять теги знаний" computerName="df2fa4c7c641" duration="00:00:07.2407960" startTime="2023-11-09T07:46:31.4697597+00:00" endTime="2023-11-09T07:46:38.7105552+00:00" testType="13cdc9d9-ddb5-4fa4-a97d-d965ccfc6d4b" outcome="Passed" testListId="8c84fa94-04c1-424b-9868-57a2d4851a1d" relativeResultsDirectory="06f8d390-df12-4fb6-acdb-12f8098db19c" />
    <UnitTestResult executionId="848dcd89-8483-4bd3-a4dc-66f333b73591" testId="45afc846-6a06-b54e-a9e0-02e13fa0ad7a" testName="Редактирование дисциплины: можно добавлять теги знаний" computerName="df2fa4c7c641" duration="00:00:06.8920510" startTime="2023-11-09T07:50:01.1888594+00:00" endTime="2023-11-09T07:50:08.0809100+00:00" testType="13cdc9d9-ddb5-4fa4-a97d-d965ccfc6d4b" outcome="Passed" testListId="8c84fa94-04c1-424b-9868-57a2d4851a1d" relativeResultsDirectory="848dcd89-8483-4bd3-a4dc-66f333b73591" />
    <UnitTestResult executionId="61d1c5e9-c4c2-45e5-9880-fc34193f3af2" testId="2f0acdfb-37ce-fd30-4edc-bb47b3a86596" testName="Cоздание обр программы ДПО: если заполнить только обязательные поля" computerName="df2fa4c7c641" duration="00:00:03.9823170" startTime="2023-11-09T07:53:11.3967707+00:00" endTime="2023-11-09T07:53:15.3790872+00:00" testType="13cdc9d9-ddb5-4fa4-a97d-d965ccfc6d4b" outcome="Passed" testListId="8c84fa94-04c1-424b-9868-57a2d4851a1d" relativeResultsDirectory="61d1c5e9-c4c2-45e5-9880-fc34193f3af2" />
    <UnitTestResult executionId="c7dd0351-3916-42bb-8d51-02fa8f3b8577" testId="1f4778d4-35d6-7674-d009-ba2463f09fba" testName="Редактирование дисциплины: отображение ошибки валидации для поля 'Краткое название', если поле не заполнено" computerName="df2fa4c7c641" duration="00:00:02.4262910" startTime="2023-11-09T07:49:26.4077091+00:00" endTime="2023-11-09T07:49:28.8340000+00:00" testType="13cdc9d9-ddb5-4fa4-a97d-d965ccfc6d4b" outcome="Passed" testListId="8c84fa94-04c1-424b-9868-57a2d4851a1d" relativeResultsDirectory="c7dd0351-3916-42bb-8d51-02fa8f3b8577" />
    <UnitTestResult executionId="1b3119b7-2243-4cba-be8a-74bdfd90e6f9" testId="7ed4739f-2b5d-d290-4af0-5a4541cc94b1" testName="Создание дисциплины ДО: отображение ошибки валидации для поля 'Описание', если поле не заполнено" computerName="df2fa4c7c641" duration="00:00:07.7832620" startTime="2023-11-09T07:49:22.0738405+00:00" endTime="2023-11-09T07:49:29.8571021+00:00" testType="13cdc9d9-ddb5-4fa4-a97d-d965ccfc6d4b" outcome="Passed" testListId="8c84fa94-04c1-424b-9868-57a2d4851a1d" relativeResultsDirectory="1b3119b7-2243-4cba-be8a-74bdfd90e6f9" />
    <UnitTestResult executionId="669dad77-76c6-4b3f-b4c4-2af5f04da77a" testId="4536b1a4-2b12-204c-4bdc-47d605daf463" testName="Страница аналитика дисциплины: можно перейти в рассылку уведомлений" computerName="df2fa4c7c641" duration="00:00:06.2968410" startTime="2023-11-09T07:49:09.9116796+00:00" endTime="2023-11-09T07:49:16.2085200+00:00" testType="13cdc9d9-ddb5-4fa4-a97d-d965ccfc6d4b" outcome="Passed" testListId="8c84fa94-04c1-424b-9868-57a2d4851a1d" relativeResultsDirectory="669dad77-76c6-4b3f-b4c4-2af5f04da77a" />
    <UnitTestResult executionId="3a94bd97-a823-4a51-b2fb-d0311a41a33e" testId="a51a6fdf-436c-2cb2-7d11-e995fe5fc7ab" testName="Миничат - групповой чат: можно сделать звонок" computerName="df2fa4c7c641" duration="00:00:14.8331110" startTime="2023-11-09T07:47:06.8289859+00:00" endTime="2023-11-09T07:47:21.6620966+00:00" testType="13cdc9d9-ddb5-4fa4-a97d-d965ccfc6d4b" outcome="Passed" testListId="8c84fa94-04c1-424b-9868-57a2d4851a1d" relativeResultsDirectory="3a94bd97-a823-4a51-b2fb-d0311a41a33e">
      <ResultFiles>
        <ResultFile path="df2fa4c7c641/CheckCallInGroupMiniChat-FailsBeforeEndOfCall.jpg" />
      </ResultFiles>
    </UnitTestResult>
    <UnitTestResult executionId="fd14593a-0314-42b2-8538-825a24b3d4a4" testId="d3a0540c-d54f-b545-fbf2-c2535a970255" testName="Конструктор теста: можно добавлять теги знаний" computerName="df2fa4c7c641" duration="00:00:06.1528040" startTime="2023-11-09T07:52:18.8344128+00:00" endTime="2023-11-09T07:52:24.9872165+00:00" testType="13cdc9d9-ddb5-4fa4-a97d-d965ccfc6d4b" outcome="Passed" testListId="8c84fa94-04c1-424b-9868-57a2d4851a1d" relativeResultsDirectory="fd14593a-0314-42b2-8538-825a24b3d4a4" />
    <UnitTestResult executionId="4c10c3e8-97d3-4e0b-8f88-dcecf5fee054" testId="6955b7ff-43d3-666d-5010-e16be0a9f2bd" testName="Страница профиля пользователя: загружается блок 'Работа в Odin' для пользователя" computerName="df2fa4c7c641" duration="00:00:01.5640750" startTime="2023-11-09T07:53:49.6519010+00:00" endTime="2023-11-09T07:53:51.2159755+00:00" testType="13cdc9d9-ddb5-4fa4-a97d-d965ccfc6d4b" outcome="Passed" testListId="8c84fa94-04c1-424b-9868-57a2d4851a1d" relativeResultsDirectory="4c10c3e8-97d3-4e0b-8f88-dcecf5fee054" />
    <UnitTestResult executionId="e9cd873a-f7a5-46a4-8d34-a9cad663c078" testId="07c1656f-3e5b-e496-eea8-427d8adcb4b8" testName="Редактирование потока: успешное сохранение, с корректными значениями в поле ‘Максимальное количество студентов’" computerName="df2fa4c7c641" duration="00:00:02.8510230" startTime="2023-11-09T07:47:56.1274807+00:00" endTime="2023-11-09T07:47:58.9785036+00:00" testType="13cdc9d9-ddb5-4fa4-a97d-d965ccfc6d4b" outcome="Passed" testListId="8c84fa94-04c1-424b-9868-57a2d4851a1d" relativeResultsDirectory="e9cd873a-f7a5-46a4-8d34-a9cad663c078" />
    <UnitTestResult executionId="14f0461e-5a96-4d26-960f-b39d2638f315" testId="06fb7c6b-1047-cf1d-b016-f30258c62e6b" testName="Список чатов - групповой чат: можно восстановить чат из архива" computerName="df2fa4c7c641" duration="00:00:06.4336730" startTime="2023-11-09T07:49:08.3945922+00:00" endTime="2023-11-09T07:49:14.8282648+00:00" testType="13cdc9d9-ddb5-4fa4-a97d-d965ccfc6d4b" outcome="Passed" testListId="8c84fa94-04c1-424b-9868-57a2d4851a1d" relativeResultsDirectory="14f0461e-5a96-4d26-960f-b39d2638f315" />
    <UnitTestResult executionId="4312c247-a7ff-4b77-9fb5-4808c1e53513" testId="0e9ae6f1-ff38-8997-4231-ad6f465f4ef6" testName="Список чатов - чат для заметок: можно цитировать сообщению" computerName="df2fa4c7c641" duration="00:00:11.0396500" startTime="2023-11-09T07:47:30.9155228+00:00" endTime="2023-11-09T07:47:41.9551725+00:00" testType="13cdc9d9-ddb5-4fa4-a97d-d965ccfc6d4b" outcome="Passed" testListId="8c84fa94-04c1-424b-9868-57a2d4851a1d" relativeResultsDirectory="4312c247-a7ff-4b77-9fb5-4808c1e53513" />
    <UnitTestResult executionId="894ba8cc-2104-4bda-bbe4-b3bd7cc6764b" testId="67e2b0df-2c5d-8206-8554-ddd549d4880d" testName="Создание организации: ошибка валидации в обязательных полях, если они не заполнены" computerName="df2fa4c7c641" duration="00:00:05.0237250" startTime="2023-11-09T07:53:02.8689781+00:00" endTime="2023-11-09T07:53:07.8927022+00:00" testType="13cdc9d9-ddb5-4fa4-a97d-d965ccfc6d4b" outcome="Passed" testListId="8c84fa94-04c1-424b-9868-57a2d4851a1d" relativeResultsDirectory="894ba8cc-2104-4bda-bbe4-b3bd7cc6764b" />
    <UnitTestResult executionId="7a3fd482-5898-41fc-a1e7-446f56fd7949" testId="9d6acc42-1727-9b74-247e-c3c419bd3ce6" testName="Редактирование потока ДО: успешное сохранение, при отметке/снятии галки ‘Разрешена регистрация по ссылке’" computerName="df2fa4c7c641" duration="00:00:02.8540780" startTime="2023-11-09T07:47:53.2732986+00:00" endTime="2023-11-09T07:47:56.1273759+00:00" testType="13cdc9d9-ddb5-4fa4-a97d-d965ccfc6d4b" outcome="Passed" testListId="8c84fa94-04c1-424b-9868-57a2d4851a1d" relativeResultsDirectory="7a3fd482-5898-41fc-a1e7-446f56fd7949" />
    <UnitTestResult executionId="f9e90947-eab4-48cf-91f8-8179701c7a28" testId="66294132-059c-f8ab-9280-ceece92cd8df" testName="Конструктор теста-тренажера: можно добавить вопрос с типом ответа “Сопоставление”" computerName="df2fa4c7c641" duration="00:00:16.6896700" startTime="2023-11-09T07:52:49.2462727+00:00" endTime="2023-11-09T07:53:05.9359426+00:00" testType="13cdc9d9-ddb5-4fa4-a97d-d965ccfc6d4b" outcome="Passed" testListId="8c84fa94-04c1-424b-9868-57a2d4851a1d" relativeResultsDirectory="f9e90947-eab4-48cf-91f8-8179701c7a28" />
    <UnitTestResult executionId="0238022e-e3e7-405a-9fbe-632d90aa6797" testId="c3eb416a-781e-461e-61f5-e46a47ea9c21" testName="Редактирование шаблона контрольной: переключение значения в поле 'Оценка'" computerName="df2fa4c7c641" duration="00:00:06.6298320" startTime="2023-11-09T07:46:37.5221156+00:00" endTime="2023-11-09T07:46:44.1519479+00:00" testType="13cdc9d9-ddb5-4fa4-a97d-d965ccfc6d4b" outcome="Passed" testListId="8c84fa94-04c1-424b-9868-57a2d4851a1d" relativeResultsDirectory="0238022e-e3e7-405a-9fbe-632d90aa6797" />
    <UnitTestResult executionId="65896319-a9a4-456f-8a50-6297a385fbb4" testId="78b09f69-65c8-f252-6e03-05d5b9b32a19" testName="Редактирование шаблона активности: можно удалять материалы" computerName="df2fa4c7c641" duration="00:00:12.4786010" startTime="2023-11-09T07:46:43.8182485+00:00" endTime="2023-11-09T07:46:56.2968488+00:00" testType="13cdc9d9-ddb5-4fa4-a97d-d965ccfc6d4b" outcome="Passed" testListId="8c84fa94-04c1-424b-9868-57a2d4851a1d" relativeResultsDirectory="65896319-a9a4-456f-8a50-6297a385fbb4" />
    <UnitTestResult executionId="1e09193a-64ba-4d42-b030-e2d872445e43" testId="7aebf582-86bd-187f-33f1-50b1db9c3a94" testName="Библиотека, списочный вид: можно удалить материал через actions-кнопки" computerName="df2fa4c7c641" duration="00:00:15.2442870" startTime="2023-11-09T07:53:02.8389229+00:00" endTime="2023-11-09T07:53:18.0832100+00:00" testType="13cdc9d9-ddb5-4fa4-a97d-d965ccfc6d4b" outcome="Passed" testListId="8c84fa94-04c1-424b-9868-57a2d4851a1d" relativeResultsDirectory="1e09193a-64ba-4d42-b030-e2d872445e43" />
    <UnitTestResult executionId="f149f72a-9be6-4d6f-b5a0-0bbefaae37f7" testId="c506c4c4-9cae-8a11-17a7-3c1fa36f9c04" testName="Редактирование потока ДО (СЗ): нет возможности изменить даты потока, если в нем есть слушатели" computerName="df2fa4c7c641" duration="00:00:06.9780860" startTime="2023-11-09T07:48:45.2803937+00:00" endTime="2023-11-09T07:48:52.2584791+00:00" testType="13cdc9d9-ddb5-4fa4-a97d-d965ccfc6d4b" outcome="Passed" testListId="8c84fa94-04c1-424b-9868-57a2d4851a1d" relativeResultsDirectory="f149f72a-9be6-4d6f-b5a0-0bbefaae37f7" />
    <UnitTestResult executionId="98d5f515-6f66-446c-b52d-fdeb1fad4f5d" testId="a7a48f79-5468-1f63-f29c-807c3125f810" testName="Список чатов - комната дисциплины: можно переключать комнаты" computerName="df2fa4c7c641" duration="00:00:40.5286530" startTime="2023-11-09T07:48:55.5934576+00:00" endTime="2023-11-09T07:49:36.1221101+00:00" testType="13cdc9d9-ddb5-4fa4-a97d-d965ccfc6d4b" outcome="Failed" testListId="8c84fa94-04c1-424b-9868-57a2d4851a1d" relativeResultsDirectory="98d5f515-6f66-446c-b52d-fdeb1fad4f5d">
      <Output>
        <StdOut>https://test11.odin.study/ru/Chat/1776</StdOut>
        <ErrorInfo>
          <Message>OpenQA.Selenium.WebDriverTimeoutException : Timed out after 30 seconds
  ----&gt; OpenQA.Selenium.NoSuchElementException : no such element: Unable to locate element: {"method":"css selector","selector":".q\-editor__content"}
  (Session info: headless chrome=115.0.5790.110); For documentation on this error, please visit: https://www.selenium.dev/documentation/webdriver/troubleshooting/errors#no-such-element-exception</Message>
          <StackTrace>   at OpenQA.Selenium.Support.UI.DefaultWait`1.ThrowTimeoutException(String exceptionMessage, Exception lastException)
   at OpenQA.Selenium.Support.UI.DefaultWait`1.Until[TResult](Func`2 condition, CancellationToken token)
   at OpenQA.Selenium.Support.UI.DefaultWait`1.Until[TResult](Func`2 condition)
   at OdinUiTests.Pages.ChatCommonPage.&lt;&gt;c__DisplayClass133_0.&lt;ChangeDisciplineChat&gt;b__0() in /azp/_work/1/s/Pages/ChatCommonPage.cs:line 1408
   at NUnit.Allure.Core.AllureExtensions.WrapInStep(AllureLifecycle lifecycle, Action action, String stepName, String callerName)
   at OdinUiTests.Pages.ChatCommonPage.ChangeDisciplineChat() in /azp/_work/1/s/Pages/ChatCommonPage.cs:line 1390
   at OdinUiTests.Tests.Chat.DisciplineChatTests.CheckSwitchToAnotherDisciplineChatRoom() in /azp/_work/1/s/Tests/Chat/ChatTests.cs:line 137
--NoSuchElementException
   at OpenQA.Selenium.WebDriver.UnpackAndThrowOnError(Response errorResponse, String commandToExecute)
   at OpenQA.Selenium.WebDriver.Execute(String driverCommandToExecute, Dictionary`2 parameters)
   at OpenQA.Selenium.WebDriver.FindElement(String mechanism, String value)
   at OpenQA.Selenium.By.&lt;.ctor&gt;b__11_0(ISearchContext context)
   at OpenQA.Selenium.By.FindElement(ISearchContext context)
   at OpenQA.Selenium.WebDriver.FindElement(By by)
   at SeleniumExtras.WaitHelpers.ExpectedConditions.&lt;&gt;c__DisplayClass19_0.&lt;ElementToBeClickable&gt;b__0(IWebDriver driver)
   at OpenQA.Selenium.Support.UI.DefaultWait`1.Until[TResult](Func`2 condition, CancellationToken token)
</StackTrace>
        </ErrorInfo>
      </Output>
      <ResultFiles>
        <ResultFile path="df2fa4c7c641/CheckSwitchToAnotherDisciplineChatRoom.jpg" />
      </ResultFiles>
    </UnitTestResult>
    <UnitTestResult executionId="e732ec00-ab45-4134-819b-d1654921c2f9" testId="d5df9b63-6068-2771-a452-19781d5663cc" testName="Конструктор теста: можно добавить вопрос с типом ответа “Выбор из вариантов”" computerName="df2fa4c7c641" duration="00:00:24.3000860" startTime="2023-11-09T07:51:10.2440745+00:00" endTime="2023-11-09T07:51:34.5441606+00:00" testType="13cdc9d9-ddb5-4fa4-a97d-d965ccfc6d4b" outcome="Passed" testListId="8c84fa94-04c1-424b-9868-57a2d4851a1d" relativeResultsDirectory="e732ec00-ab45-4134-819b-d1654921c2f9" />
    <UnitTestResult executionId="127334d3-296c-4c91-9c56-45a55f0a32f5" testId="0148a763-45e8-0475-d89a-c6043d681427" testName="Список чатов - комната дисциплины: можно закреплять сообщения" computerName="df2fa4c7c641" duration="00:00:15.5994740" startTime="2023-11-09T07:48:31.4455374+00:00" endTime="2023-11-09T07:48:47.0450109+00:00" testType="13cdc9d9-ddb5-4fa4-a97d-d965ccfc6d4b" outcome="Passed" testListId="8c84fa94-04c1-424b-9868-57a2d4851a1d" relativeResultsDirectory="127334d3-296c-4c91-9c56-45a55f0a32f5" />
    <UnitTestResult executionId="d94ab742-59e2-46d0-914d-dad23cb88388" testId="a6000743-1b54-27fa-383e-cfdff703a9ad" testName="Страница дисциплины: отображается объём ОА" computerName="df2fa4c7c641" duration="00:00:03.2056250" startTime="2023-11-09T07:49:12.6472105+00:00" endTime="2023-11-09T07:49:15.8528348+00:00" testType="13cdc9d9-ddb5-4fa4-a97d-d965ccfc6d4b" outcome="Passed" testListId="8c84fa94-04c1-424b-9868-57a2d4851a1d" relativeResultsDirectory="d94ab742-59e2-46d0-914d-dad23cb88388" />
    <UnitTestResult executionId="108dc582-3425-4d9f-bfb1-9669caf95818" testId="e7bd0d96-b4e4-83c5-ee9a-b6a12ab49ed2" testName="Создание потока: можно создать поток без исправления длительности потока" computerName="df2fa4c7c641" duration="00:00:09.1571330" startTime="2023-11-09T07:48:02.4688655+00:00" endTime="2023-11-09T07:48:11.6259986+00:00" testType="13cdc9d9-ddb5-4fa4-a97d-d965ccfc6d4b" outcome="Passed" testListId="8c84fa94-04c1-424b-9868-57a2d4851a1d" relativeResultsDirectory="108dc582-3425-4d9f-bfb1-9669caf95818" />
    <UnitTestResult executionId="225c0436-67ec-4239-9a8f-fda75fd1accb" testId="61397d24-ada6-f695-9d36-2d76363fed7e" testName="Чат на странице решения: можно раскрывать изображения" computerName="df2fa4c7c641" duration="00:00:02.9866060" startTime="2023-11-09T07:48:09.6941761+00:00" endTime="2023-11-09T07:48:12.6807815+00:00" testType="13cdc9d9-ddb5-4fa4-a97d-d965ccfc6d4b" outcome="Passed" testListId="8c84fa94-04c1-424b-9868-57a2d4851a1d" relativeResultsDirectory="225c0436-67ec-4239-9a8f-fda75fd1accb" />
    <UnitTestResult executionId="4a8d8b1e-d718-4fab-ae04-37ddcb42d73b" testId="80f65ed4-f354-9d2d-b92e-f309ab878d58" testName="Страница чата: отсутствия блокированного чата в списке чатов" computerName="df2fa4c7c641" duration="00:00:03.0799010" startTime="2023-11-09T07:48:44.3536685+00:00" endTime="2023-11-09T07:48:47.4335688+00:00" testType="13cdc9d9-ddb5-4fa4-a97d-d965ccfc6d4b" outcome="Passed" testListId="8c84fa94-04c1-424b-9868-57a2d4851a1d" relativeResultsDirectory="4a8d8b1e-d718-4fab-ae04-37ddcb42d73b" />
    <UnitTestResult executionId="e04c2f2a-567b-495c-b500-51ead538002e" testId="fff48b64-68fb-8b7e-568b-c9a81e30d633" testName="Редактирование шаблона активности: отображение ошибки валидации для поля 'Объём' с значением '0'" computerName="df2fa4c7c641" duration="00:00:05.4738690" startTime="2023-11-09T07:44:55.7673559+00:00" endTime="2023-11-09T07:45:01.2412245+00:00" testType="13cdc9d9-ddb5-4fa4-a97d-d965ccfc6d4b" outcome="Passed" testListId="8c84fa94-04c1-424b-9868-57a2d4851a1d" relativeResultsDirectory="e04c2f2a-567b-495c-b500-51ead538002e" />
    <UnitTestResult executionId="ae9d063b-c67f-493a-94cd-1228fee1ff2a" testId="d8e0b270-f565-3dbc-9969-c4893374a4ad" testName="Можно создать подразделение, если заполнены только обязательные поля" computerName="df2fa4c7c641" duration="00:00:04.1398770" startTime="2023-11-09T07:50:29.7145641+00:00" endTime="2023-11-09T07:50:33.8544413+00:00" testType="13cdc9d9-ddb5-4fa4-a97d-d965ccfc6d4b" outcome="Passed" testListId="8c84fa94-04c1-424b-9868-57a2d4851a1d" relativeResultsDirectory="ae9d063b-c67f-493a-94cd-1228fee1ff2a" />
    <UnitTestResult executionId="4cb9e94c-b359-44c1-a612-62e168d83cce" testId="d6eb9e78-ceeb-effc-0439-093be600c131" testName="Список чатов - групповой чат: отображаются участники чата при клике на блок с аватарками" computerName="df2fa4c7c641" duration="00:00:03.0298580" startTime="2023-11-09T07:49:32.6219076+00:00" endTime="2023-11-09T07:49:35.6517653+00:00" testType="13cdc9d9-ddb5-4fa4-a97d-d965ccfc6d4b" outcome="Passed" testListId="8c84fa94-04c1-424b-9868-57a2d4851a1d" relativeResultsDirectory="4cb9e94c-b359-44c1-a612-62e168d83cce" />
    <UnitTestResult executionId="a7a299dc-4254-49a8-bf06-9d143d16eab0" testId="d41a30d9-fb8c-e2c9-ec33-1aa718b0e276" testName="Страница командной контрольной: статус меняется, если преподаватель меняет минимальный порог баллов" computerName="df2fa4c7c641" duration="00:00:05.5650410" startTime="2023-11-09T07:45:59.1637118+00:00" endTime="2023-11-09T07:46:04.7287519+00:00" testType="13cdc9d9-ddb5-4fa4-a97d-d965ccfc6d4b" outcome="Passed" testListId="8c84fa94-04c1-424b-9868-57a2d4851a1d" relativeResultsDirectory="a7a299dc-4254-49a8-bf06-9d143d16eab0" />
    <UnitTestResult executionId="5707ed94-48d8-438b-ac85-4d27b8eff6b4" testId="c57a0471-f758-3e83-f84c-6ffd8f03d8d9" testName="Редактирование дисциплины: есть возможность редактировать у администратора подразделения, к которому дисциплина относится" computerName="df2fa4c7c641" duration="00:00:05.3126580" startTime="2023-11-09T07:49:11.6604877+00:00" endTime="2023-11-09T07:49:16.9731450+00:00" testType="13cdc9d9-ddb5-4fa4-a97d-d965ccfc6d4b" outcome="Passed" testListId="8c84fa94-04c1-424b-9868-57a2d4851a1d" relativeResultsDirectory="5707ed94-48d8-438b-ac85-4d27b8eff6b4">
      <Output>
        <StdOut>Авторизоватся под администратором подразделении Антон Антонов</StdOut>
      </Output>
    </UnitTestResult>
    <UnitTestResult executionId="bc0bcf1c-ac62-4c7f-a189-5672362d0b05" testId="8e3debd5-0093-d3e2-0c5e-f702aaec8b1e" testName="Создание потока ДО (СЗ): нет возможности выбрать галку ‘Разрешена регистрация по ссылке’" computerName="df2fa4c7c641" duration="00:00:01.2789310" startTime="2023-11-09T07:48:08.1981150+00:00" endTime="2023-11-09T07:48:09.4770458+00:00" testType="13cdc9d9-ddb5-4fa4-a97d-d965ccfc6d4b" outcome="Passed" testListId="8c84fa94-04c1-424b-9868-57a2d4851a1d" relativeResultsDirectory="bc0bcf1c-ac62-4c7f-a189-5672362d0b05" />
    <UnitTestResult executionId="330fa5a3-f9e9-4fdd-9a72-748ef97239fc" testId="16b57b69-fc60-e930-6366-2ee2e60b2790" testName="Редактирование дисциплины: можно изменить краткое название, сделав двойной клик по названию дисциплины" computerName="df2fa4c7c641" duration="00:00:06.2461230" startTime="2023-11-09T07:49:25.6971442+00:00" endTime="2023-11-09T07:49:31.9432670+00:00" testType="13cdc9d9-ddb5-4fa4-a97d-d965ccfc6d4b" outcome="Passed" testListId="8c84fa94-04c1-424b-9868-57a2d4851a1d" relativeResultsDirectory="330fa5a3-f9e9-4fdd-9a72-748ef97239fc" />
    <UnitTestResult executionId="9470e5b9-144e-4ff9-b514-759c3d32f7c9" testId="10a0b907-da6a-6ebf-b065-51075f117fe7" testName="Создание потока ДО: можно создать поток, если все обязательные поля корректно заполнены" computerName="df2fa4c7c641" duration="00:00:11.5754130" startTime="2023-11-09T07:47:30.0227835+00:00" endTime="2023-11-09T07:47:41.5981959+00:00" testType="13cdc9d9-ddb5-4fa4-a97d-d965ccfc6d4b" outcome="Passed" testListId="8c84fa94-04c1-424b-9868-57a2d4851a1d" relativeResultsDirectory="9470e5b9-144e-4ff9-b514-759c3d32f7c9" />
    <UnitTestResult executionId="c84eaa85-9346-41ac-b35b-f940e468fe56" testId="d83d5b8e-297b-193d-ff0e-3e2dc464b89e" testName="Конструктор теста: можно добавить вопрос с типом ответа “Файл”" computerName="df2fa4c7c641" duration="00:00:18.1309390" startTime="2023-11-09T07:52:38.4566501+00:00" endTime="2023-11-09T07:52:56.5875885+00:00" testType="13cdc9d9-ddb5-4fa4-a97d-d965ccfc6d4b" outcome="Passed" testListId="8c84fa94-04c1-424b-9868-57a2d4851a1d" relativeResultsDirectory="c84eaa85-9346-41ac-b35b-f940e468fe56" />
    <UnitTestResult executionId="81b87426-8b17-4fb2-b1b3-2f7850df0786" testId="151cb6e8-bb7d-8464-ee02-02f6e66be372" testName="Список чатов - обсуждение решения: можно отправить сообщения по нажатию на Enter" computerName="df2fa4c7c641" duration="00:00:06.6265440" startTime="2023-11-09T07:48:04.0136819+00:00" endTime="2023-11-09T07:48:10.6402253+00:00" testType="13cdc9d9-ddb5-4fa4-a97d-d965ccfc6d4b" outcome="Passed" testListId="8c84fa94-04c1-424b-9868-57a2d4851a1d" relativeResultsDirectory="81b87426-8b17-4fb2-b1b3-2f7850df0786" />
    <UnitTestResult executionId="a2204f4c-cb87-46ba-bbc5-713db7937b15" testId="6644673e-93ba-aec8-d940-cf487df41102" testName="Конструктор теста: можно добавить вопрос с типом ответа “Сортировка”" computerName="df2fa4c7c641" duration="00:00:18.6967080" startTime="2023-11-09T07:53:15.6462983+00:00" endTime="2023-11-09T07:53:34.3430062+00:00" testType="13cdc9d9-ddb5-4fa4-a97d-d965ccfc6d4b" outcome="Passed" testListId="8c84fa94-04c1-424b-9868-57a2d4851a1d" relativeResultsDirectory="a2204f4c-cb87-46ba-bbc5-713db7937b15" />
    <UnitTestResult executionId="a36a3403-8d77-4d16-bbdb-9f916bd297dc" testId="53e38347-39f3-e69e-6e13-a3cc5d00bdb7" testName="Конструктор теста-тренажера: можно удалить блок" computerName="df2fa4c7c641" duration="00:00:12.5447060" startTime="2023-11-09T07:52:14.0324899+00:00" endTime="2023-11-09T07:52:26.5771955+00:00" testType="13cdc9d9-ddb5-4fa4-a97d-d965ccfc6d4b" outcome="Passed" testListId="8c84fa94-04c1-424b-9868-57a2d4851a1d" relativeResultsDirectory="a36a3403-8d77-4d16-bbdb-9f916bd297dc" />
    <UnitTestResult executionId="0d3039bb-a04c-49fc-a84c-600d6fab1997" testId="11c22979-58a7-7dc7-cec6-e476f05a742b" testName="Редактирование активности: можно добавить материал типа текст из библиотеки" computerName="df2fa4c7c641" duration="00:00:13.7929420" startTime="2023-11-09T07:44:03.3732885+00:00" endTime="2023-11-09T07:44:17.1662306+00:00" testType="13cdc9d9-ddb5-4fa4-a97d-d965ccfc6d4b" outcome="Passed" testListId="8c84fa94-04c1-424b-9868-57a2d4851a1d" relativeResultsDirectory="0d3039bb-a04c-49fc-a84c-600d6fab1997" />
    <UnitTestResult executionId="9106a661-fe7a-45f5-b7a7-de47cf6c2dfd" testId="876f5120-4ade-77e7-55e0-644747675e0f" testName="Можно поменять тип подразделения" computerName="df2fa4c7c641" duration="00:00:03.3134590" startTime="2023-11-09T07:50:35.1782344+00:00" endTime="2023-11-09T07:50:38.4916929+00:00" testType="13cdc9d9-ddb5-4fa4-a97d-d965ccfc6d4b" outcome="Passed" testListId="8c84fa94-04c1-424b-9868-57a2d4851a1d" relativeResultsDirectory="9106a661-fe7a-45f5-b7a7-de47cf6c2dfd" />
    <UnitTestResult executionId="eca37ff8-f0f2-4936-af5d-7b837530f11f" testId="9c14d48e-1ff8-aff7-b047-c6b41c7c71ef" testName="Чат на странице решения: можно прикрепить и отправить файл с компьютера" computerName="df2fa4c7c641" duration="00:00:06.1997110" startTime="2023-11-09T07:48:03.4943445+00:00" endTime="2023-11-09T07:48:09.6940556+00:00" testType="13cdc9d9-ddb5-4fa4-a97d-d965ccfc6d4b" outcome="Passed" testListId="8c84fa94-04c1-424b-9868-57a2d4851a1d" relativeResultsDirectory="eca37ff8-f0f2-4936-af5d-7b837530f11f" />
    <UnitTestResult executionId="ef07d457-50f1-4b3f-bd48-724fcba8b712" testId="6ce4b2af-99b2-2887-dd9e-ffaa7949e87c" testName="Конструктор теста-тренажера: можно изменить описание теста-тренажера" computerName="df2fa4c7c641" duration="00:00:08.8378000" startTime="2023-11-09T07:52:43.2990923+00:00" endTime="2023-11-09T07:52:52.1368923+00:00" testType="13cdc9d9-ddb5-4fa4-a97d-d965ccfc6d4b" outcome="Passed" testListId="8c84fa94-04c1-424b-9868-57a2d4851a1d" relativeResultsDirectory="ef07d457-50f1-4b3f-bd48-724fcba8b712" />
    <UnitTestResult executionId="ab5e99b1-73b1-4992-967f-4d301bb56134" testId="0d042fc8-97ea-7b15-e221-b780c5d4b937" testName="Список чатов - групповой чат: можно добавить новый чат для групп и студентов" computerName="df2fa4c7c641" duration="00:00:17.7934090" startTime="2023-11-09T07:49:14.8283916+00:00" endTime="2023-11-09T07:49:32.6217999+00:00" testType="13cdc9d9-ddb5-4fa4-a97d-d965ccfc6d4b" outcome="Passed" testListId="8c84fa94-04c1-424b-9868-57a2d4851a1d" relativeResultsDirectory="ab5e99b1-73b1-4992-967f-4d301bb56134" />
    <UnitTestResult executionId="fcd6cd03-78ba-4914-8a1f-51327b336344" testId="5949bfbb-e0ee-59c2-daeb-2a59e74eb105" testName="Редактирование шаблона контрольной: успешное сохранение при положительных значениях в 'Временной лимит'" computerName="df2fa4c7c641" duration="00:00:05.9286190" startTime="2023-11-09T07:46:44.1520787+00:00" endTime="2023-11-09T07:46:50.0806974+00:00" testType="13cdc9d9-ddb5-4fa4-a97d-d965ccfc6d4b" outcome="Passed" testListId="8c84fa94-04c1-424b-9868-57a2d4851a1d" relativeResultsDirectory="fcd6cd03-78ba-4914-8a1f-51327b336344" />
    <UnitTestResult executionId="8ce4e7f0-c261-49ad-b737-ebc17c79a527" testId="881d65d9-116f-cc02-2b41-0e5e6c7ffcf5" testName="Библиотека, плиточный вид: можно переместить материал в другой каталог" computerName="df2fa4c7c641" duration="00:00:16.0193780" startTime="2023-11-09T07:51:24.7052002+00:00" endTime="2023-11-09T07:51:40.7245778+00:00" testType="13cdc9d9-ddb5-4fa4-a97d-d965ccfc6d4b" outcome="Passed" testListId="8c84fa94-04c1-424b-9868-57a2d4851a1d" relativeResultsDirectory="8ce4e7f0-c261-49ad-b737-ebc17c79a527" />
    <UnitTestResult executionId="ce9210bb-af85-4645-a382-77e0a6da852b" testId="66eb31ef-63e7-cd48-9208-4c6754b4c71b" testName="Редактирование дисциплины: добавление преподавателя из списка" computerName="df2fa4c7c641" duration="00:00:10.8595140" startTime="2023-11-09T07:50:25.6274410+00:00" endTime="2023-11-09T07:50:36.4869547+00:00" testType="13cdc9d9-ddb5-4fa4-a97d-d965ccfc6d4b" outcome="Passed" testListId="8c84fa94-04c1-424b-9868-57a2d4851a1d" relativeResultsDirectory="ce9210bb-af85-4645-a382-77e0a6da852b" />
    <UnitTestResult executionId="4922aab3-00ac-4b9e-8e91-728ff7fff436" testId="4f5f8f09-70ce-c254-c03c-ddad90e70a29" testName="Редактирование профиля пользователя: можно изменить email" computerName="df2fa4c7c641" duration="00:00:10.7649820" startTime="2023-11-09T07:53:51.4330540+00:00" endTime="2023-11-09T07:54:02.1980355+00:00" testType="13cdc9d9-ddb5-4fa4-a97d-d965ccfc6d4b" outcome="Passed" testListId="8c84fa94-04c1-424b-9868-57a2d4851a1d" relativeResultsDirectory="4922aab3-00ac-4b9e-8e91-728ff7fff436">
      <Output>
        <StdOut>Авторизоватся под пользователем с ролями Студент и Преподаватель Иван Иванов Иванович</StdOut>
      </Output>
    </UnitTestResult>
    <UnitTestResult executionId="2b17895f-1243-41b6-9c27-f6b4a15177ba" testId="49575d02-e263-6780-2d93-4a6baada1042" testName="Конструктор теста-тренажера: можно добавить блок" computerName="df2fa4c7c641" duration="00:00:10.6618340" startTime="2023-11-09T07:52:03.3705706+00:00" endTime="2023-11-09T07:52:14.0324039+00:00" testType="13cdc9d9-ddb5-4fa4-a97d-d965ccfc6d4b" outcome="Passed" testListId="8c84fa94-04c1-424b-9868-57a2d4851a1d" relativeResultsDirectory="2b17895f-1243-41b6-9c27-f6b4a15177ba" />
    <UnitTestResult executionId="0e89bcd7-a07b-4f27-a7de-ade032581812" testId="10376a94-0528-9fc7-042d-b0a4233352dc" testName="Библиотека: можно удалить несколько выбранных элементов" computerName="df2fa4c7c641" duration="00:00:14.8888060" startTime="2023-11-09T07:51:32.4361725+00:00" endTime="2023-11-09T07:51:47.3249782+00:00" testType="13cdc9d9-ddb5-4fa4-a97d-d965ccfc6d4b" outcome="Passed" testListId="8c84fa94-04c1-424b-9868-57a2d4851a1d" relativeResultsDirectory="0e89bcd7-a07b-4f27-a7de-ade032581812" />
    <UnitTestResult executionId="c0b4daec-c2b3-42ec-b55e-2869ce86a652" testId="a20ff97d-e10d-12de-525c-30d49114b8c2" testName="Редактирование профиля пользователя: поля 'Контакты' заблокированы до ввода пароля" computerName="df2fa4c7c641" duration="00:00:03.1243560" startTime="2023-11-09T07:53:43.4768400+00:00" endTime="2023-11-09T07:53:46.6011961+00:00" testType="13cdc9d9-ddb5-4fa4-a97d-d965ccfc6d4b" outcome="Passed" testListId="8c84fa94-04c1-424b-9868-57a2d4851a1d" relativeResultsDirectory="c0b4daec-c2b3-42ec-b55e-2869ce86a652" />
    <UnitTestResult executionId="5b70ba0f-b3fc-42d9-87e5-6b2e301e92b5" testId="383d6d05-3112-2646-390d-42194e72507f" testName="Конструктор теста: возможность отметить вариант ответа как “верный”" computerName="df2fa4c7c641" duration="00:00:09.4748860" startTime="2023-11-09T07:52:12.0471891+00:00" endTime="2023-11-09T07:52:21.5220750+00:00" testType="13cdc9d9-ddb5-4fa4-a97d-d965ccfc6d4b" outcome="Passed" testListId="8c84fa94-04c1-424b-9868-57a2d4851a1d" relativeResultsDirectory="5b70ba0f-b3fc-42d9-87e5-6b2e301e92b5" />
    <UnitTestResult executionId="e3e9426b-ab3f-4ad7-87c3-b09f1d2e4d25" testId="c0e95000-f2c6-ec8a-22b2-d3380a0133a8" testName="Конструктор теста: можно удалить автора" computerName="df2fa4c7c641" duration="00:00:05.9115120" startTime="2023-11-09T07:52:12.9228182+00:00" endTime="2023-11-09T07:52:18.8343295+00:00" testType="13cdc9d9-ddb5-4fa4-a97d-d965ccfc6d4b" outcome="Passed" testListId="8c84fa94-04c1-424b-9868-57a2d4851a1d" relativeResultsDirectory="e3e9426b-ab3f-4ad7-87c3-b09f1d2e4d25" />
    <UnitTestResult executionId="4910ccc6-07e6-4faf-8219-83df5e2a0eda" testId="54031811-a1b8-d209-8101-8b77f864950b" testName="Можно оценить решения значением '0'" computerName="df2fa4c7c641" duration="00:00:05.5293030" startTime="2023-11-09T07:44:09.5862140+00:00" endTime="2023-11-09T07:44:15.1155168+00:00" testType="13cdc9d9-ddb5-4fa4-a97d-d965ccfc6d4b" outcome="Passed" testListId="8c84fa94-04c1-424b-9868-57a2d4851a1d" relativeResultsDirectory="4910ccc6-07e6-4faf-8219-83df5e2a0eda" />
    <UnitTestResult executionId="f5b3fca3-d360-44a6-8d98-bf77446a9641" testId="2e8f2c1b-c001-367f-ffb4-d3d0fb3f3629" testName="Список чатов - групповой чат: можно сделать звонок" computerName="df2fa4c7c641" duration="00:00:13.6732190" startTime="2023-11-09T07:47:19.4664288+00:00" endTime="2023-11-09T07:47:33.1396483+00:00" testType="13cdc9d9-ddb5-4fa4-a97d-d965ccfc6d4b" outcome="Passed" testListId="8c84fa94-04c1-424b-9868-57a2d4851a1d" relativeResultsDirectory="f5b3fca3-d360-44a6-8d98-bf77446a9641">
      <ResultFiles>
        <ResultFile path="df2fa4c7c641/CheckCallInGroupChat-FailsBeforeEndOfCall.jpg" />
      </ResultFiles>
    </UnitTestResult>
    <UnitTestResult executionId="f9f0add8-8b07-477f-94df-7f1364759416" testId="defc8f50-2ec7-cb4e-9b35-8f9f0dc4a28f" testName="Страница Мой тариф: проверка открытия таблицы активных пользователей" computerName="df2fa4c7c641" duration="00:00:01.7410460" startTime="2023-11-09T07:53:00.4122241+00:00" endTime="2023-11-09T07:53:02.1532704+00:00" testType="13cdc9d9-ddb5-4fa4-a97d-d965ccfc6d4b" outcome="Passed" testListId="8c84fa94-04c1-424b-9868-57a2d4851a1d" relativeResultsDirectory="f9f0add8-8b07-477f-94df-7f1364759416" />
    <UnitTestResult executionId="f8f1f314-5a0d-445e-b2d3-f11c6a1b6727" testId="dc12c86e-6b9b-088b-e716-cc63e6f67cf7" testName="Редактирование организации: работает кнопка Отмена" computerName="df2fa4c7c641" duration="00:00:04.3884090" startTime="2023-11-09T07:52:53.9063864+00:00" endTime="2023-11-09T07:52:58.2947956+00:00" testType="13cdc9d9-ddb5-4fa4-a97d-d965ccfc6d4b" outcome="Passed" testListId="8c84fa94-04c1-424b-9868-57a2d4851a1d" relativeResultsDirectory="f8f1f314-5a0d-445e-b2d3-f11c6a1b6727" />
    <UnitTestResult executionId="e2d015d2-33c3-410b-905a-ef75d2b3e987" testId="f30d9e35-d646-d030-91d3-5146d5b59372" testName="Страница обр программы: При архивации обр программы появляется модалка подтверждения действия" computerName="df2fa4c7c641" duration="00:00:05.1210040" startTime="2023-11-09T07:53:20.0983555+00:00" endTime="2023-11-09T07:53:25.2193590+00:00" testType="13cdc9d9-ddb5-4fa4-a97d-d965ccfc6d4b" outcome="Passed" testListId="8c84fa94-04c1-424b-9868-57a2d4851a1d" relativeResultsDirectory="e2d015d2-33c3-410b-905a-ef75d2b3e987" />
    <UnitTestResult executionId="b2195836-5ea3-4152-bdf2-86a58cb9ad1c" testId="e52f4ee1-f49e-d2e6-dacb-11c2493eda85" testName="Список чатов - комната дисциплины: невозможно отправить пустое сообщение" computerName="df2fa4c7c641" duration="00:00:08.6066590" startTime="2023-11-09T07:46:35.8179281+00:00" endTime="2023-11-09T07:46:44.4245866+00:00" testType="13cdc9d9-ddb5-4fa4-a97d-d965ccfc6d4b" outcome="Passed" testListId="8c84fa94-04c1-424b-9868-57a2d4851a1d" relativeResultsDirectory="b2195836-5ea3-4152-bdf2-86a58cb9ad1c" />
    <UnitTestResult executionId="e609d34f-c048-4d87-b235-a8798e4e0906" testId="740c167e-5ce5-debb-4b00-1b1a1f429099" testName="Страница профиля пользователя: под преподавателем отображаются пройденные активности студента" computerName="df2fa4c7c641" duration="00:00:03.8759130" startTime="2023-11-09T07:54:09.0497489+00:00" endTime="2023-11-09T07:54:12.9256612+00:00" testType="13cdc9d9-ddb5-4fa4-a97d-d965ccfc6d4b" outcome="Passed" testListId="8c84fa94-04c1-424b-9868-57a2d4851a1d" relativeResultsDirectory="e609d34f-c048-4d87-b235-a8798e4e0906">
      <Output>
        <StdOut>Авторизоватся под преподавателем Дарья Тестовая</StdOut>
      </Output>
    </UnitTestResult>
    <UnitTestResult executionId="7b3e2b2c-067a-4dc8-abe6-571b8caf0adb" testId="3c8b4d0f-9334-8cee-c3ac-a1f1c6a29542" testName="Список чатов - комната дисциплины: можно сделать звонок" computerName="df2fa4c7c641" duration="00:00:13.5443620" startTime="2023-11-09T07:47:14.4204546+00:00" endTime="2023-11-09T07:47:27.9648162+00:00" testType="13cdc9d9-ddb5-4fa4-a97d-d965ccfc6d4b" outcome="Passed" testListId="8c84fa94-04c1-424b-9868-57a2d4851a1d" relativeResultsDirectory="7b3e2b2c-067a-4dc8-abe6-571b8caf0adb">
      <ResultFiles>
        <ResultFile path="df2fa4c7c641/CheckCallInDisciplineChat-FailsBeforeEndOfCall.jpg" />
      </ResultFiles>
    </UnitTestResult>
    <UnitTestResult executionId="aed925c7-9283-419b-9f27-84a86ab7bb8d" testId="39d6e622-2d3a-7c72-8a50-27a6f3659fb2" testName="Результат прохождения: можно отметить 'Не верно' ответ вопроса, который был отмечен как 'Верно'" computerName="df2fa4c7c641" duration="00:00:08.0869630" startTime="2023-11-09T07:46:24.9152087+00:00" endTime="2023-11-09T07:46:33.0021715+00:00" testType="13cdc9d9-ddb5-4fa4-a97d-d965ccfc6d4b" outcome="Passed" testListId="8c84fa94-04c1-424b-9868-57a2d4851a1d" relativeResultsDirectory="aed925c7-9283-419b-9f27-84a86ab7bb8d" />
    <UnitTestResult executionId="02aa3219-0406-489e-a27f-6e3690cf4466" testId="2809e633-4209-c126-c88f-0fa533a55121" testName="Конструктор теста: можно добавить вариант" computerName="df2fa4c7c641" duration="00:00:10.6914430" startTime="2023-11-09T07:51:16.3245471+00:00" endTime="2023-11-09T07:51:27.0159901+00:00" testType="13cdc9d9-ddb5-4fa4-a97d-d965ccfc6d4b" outcome="Passed" testListId="8c84fa94-04c1-424b-9868-57a2d4851a1d" relativeResultsDirectory="02aa3219-0406-489e-a27f-6e3690cf4466" />
    <UnitTestResult executionId="71120913-cbce-45e5-b277-54687c540d5f" testId="a43ebf77-8b96-0511-c783-a748b4052af7" testName="Конструктор теста-тренажера: можно добавить вопрос с типом ответа “Свободный ответ” - “Диапазон”" computerName="df2fa4c7c641" duration="00:00:19.3301780" startTime="2023-11-09T07:52:29.9160160+00:00" endTime="2023-11-09T07:52:49.2461935+00:00" testType="13cdc9d9-ddb5-4fa4-a97d-d965ccfc6d4b" outcome="Passed" testListId="8c84fa94-04c1-424b-9868-57a2d4851a1d" relativeResultsDirectory="71120913-cbce-45e5-b277-54687c540d5f" />
    <UnitTestResult executionId="616c5684-0ebd-4451-9d81-2abc1a2fdc30" testId="6595ead7-c47e-c127-a855-6f94d702a389" testName="Редактирование контрольной: успешное сохранение при положительных значениях в поле 'Временной лимит'" computerName="df2fa4c7c641" duration="00:00:10.5739790" startTime="2023-11-09T07:45:33.5835161+00:00" endTime="2023-11-09T07:45:44.1574942+00:00" testType="13cdc9d9-ddb5-4fa4-a97d-d965ccfc6d4b" outcome="Passed" testListId="8c84fa94-04c1-424b-9868-57a2d4851a1d" relativeResultsDirectory="616c5684-0ebd-4451-9d81-2abc1a2fdc30" />
    <UnitTestResult executionId="a91558f6-8364-456f-8857-2052c6f888ab" testId="3e05f26c-5f2e-fdb6-5752-713fa21b4c80" testName="Конструктор теста: можно изменить комментарий к варианту ответа" computerName="df2fa4c7c641" duration="00:00:08.4329110" startTime="2023-11-09T07:52:37.2975616+00:00" endTime="2023-11-09T07:52:45.7304726+00:00" testType="13cdc9d9-ddb5-4fa4-a97d-d965ccfc6d4b" outcome="Passed" testListId="8c84fa94-04c1-424b-9868-57a2d4851a1d" relativeResultsDirectory="a91558f6-8364-456f-8857-2052c6f888ab" />
    <UnitTestResult executionId="33f66461-bf37-4e44-8e3c-5653130cd113" testId="487eae17-ca98-26f7-847f-a0fd4618b900" testName="Список чатов - групповой чат: можно отправить чат в архив" computerName="df2fa4c7c641" duration="00:00:19.0688510" startTime="2023-11-09T07:48:49.3256452+00:00" endTime="2023-11-09T07:49:08.3944958+00:00" testType="13cdc9d9-ddb5-4fa4-a97d-d965ccfc6d4b" outcome="Passed" testListId="8c84fa94-04c1-424b-9868-57a2d4851a1d" relativeResultsDirectory="33f66461-bf37-4e44-8e3c-5653130cd113" />
    <UnitTestResult executionId="647c8662-57e1-4c59-9ab1-f8aab42adfa3" testId="607a6d1f-01b8-f35e-664d-7bce19c0de7e" testName="Редактирование контрольной: можно переключать значения в поле 'Оценка'" computerName="df2fa4c7c641" duration="00:00:07.1394230" startTime="2023-11-09T07:45:19.0919201+00:00" endTime="2023-11-09T07:45:26.2313424+00:00" testType="13cdc9d9-ddb5-4fa4-a97d-d965ccfc6d4b" outcome="Passed" testListId="8c84fa94-04c1-424b-9868-57a2d4851a1d" relativeResultsDirectory="647c8662-57e1-4c59-9ab1-f8aab42adfa3" />
    <UnitTestResult executionId="eb5b0e75-5a87-4409-9ecf-3be77db8a65b" testId="47e13314-427e-2ddc-49f3-940cf498ded4" testName="Страница аналитика дисциплины: у заголовок “Активности” и “Объём” есть тултип" computerName="df2fa4c7c641" duration="00:00:06.5533789" startTime="2023-11-09T07:50:15.1057934+00:00" endTime="2023-11-09T07:50:21.6591725+00:00" testType="13cdc9d9-ddb5-4fa4-a97d-d965ccfc6d4b" outcome="Passed" testListId="8c84fa94-04c1-424b-9868-57a2d4851a1d" relativeResultsDirectory="eb5b0e75-5a87-4409-9ecf-3be77db8a65b" />
    <UnitTestResult executionId="cafbbec0-00b3-40e1-8544-c252a38e1850" testId="3ecc3323-afc1-93f4-0484-47e1090adc18" testName="Редактирование потока: можно удалить поток без дисциплин и семестров" computerName="df2fa4c7c641" duration="00:00:06.1936790" startTime="2023-11-09T07:47:58.9786039+00:00" endTime="2023-11-09T07:48:05.1722817+00:00" testType="13cdc9d9-ddb5-4fa4-a97d-d965ccfc6d4b" outcome="Passed" testListId="8c84fa94-04c1-424b-9868-57a2d4851a1d" relativeResultsDirectory="cafbbec0-00b3-40e1-8544-c252a38e1850" />
    <UnitTestResult executionId="cd23a898-a1b0-4afc-b2a1-01098281661e" testId="d728dbea-c73f-a259-c27b-6617b961dcf8" testName="Создание контрольной: можно создать контрольную с режимом выполнения 'Командный'" computerName="df2fa4c7c641" duration="00:00:12.5064240" startTime="2023-11-09T07:45:09.5382976+00:00" endTime="2023-11-09T07:45:22.0447209+00:00" testType="13cdc9d9-ddb5-4fa4-a97d-d965ccfc6d4b" outcome="Passed" testListId="8c84fa94-04c1-424b-9868-57a2d4851a1d" relativeResultsDirectory="cd23a898-a1b0-4afc-b2a1-01098281661e" />
    <UnitTestResult executionId="5f760592-15ce-4865-a84e-2c3a0401a823" testId="179625b8-7e29-8b73-9bb4-61655b34e299" testName="Редактирование контрольной: ошибка валидации при отрицательным значением в поле 'Временной лимит'" computerName="df2fa4c7c641" duration="00:00:07.3512950" startTime="2023-11-09T07:45:26.2320243+00:00" endTime="2023-11-09T07:45:33.5833187+00:00" testType="13cdc9d9-ddb5-4fa4-a97d-d965ccfc6d4b" outcome="Passed" testListId="8c84fa94-04c1-424b-9868-57a2d4851a1d" relativeResultsDirectory="5f760592-15ce-4865-a84e-2c3a0401a823" />
    <UnitTestResult executionId="4740cd50-793f-4b64-a40f-72d0d631fca4" testId="ccd8eda3-725e-67ab-ea05-b537707ab910" testName="Редактирование активности: можно удалять материалы" computerName="df2fa4c7c641" duration="00:00:11.7898350" startTime="2023-11-09T07:44:55.4304884+00:00" endTime="2023-11-09T07:45:07.2203226+00:00" testType="13cdc9d9-ddb5-4fa4-a97d-d965ccfc6d4b" outcome="Passed" testListId="8c84fa94-04c1-424b-9868-57a2d4851a1d" relativeResultsDirectory="4740cd50-793f-4b64-a40f-72d0d631fca4" />
    <UnitTestResult executionId="b2442848-212f-4e12-bde0-2ba3fe0dbbb4" testId="a90bd517-3d92-b30c-709c-c97b131d2665" testName="Страница профиля пользователя: можно изменить пароль" computerName="df2fa4c7c641" duration="00:00:06.0351220" startTime="2023-11-09T07:54:03.0145435+00:00" endTime="2023-11-09T07:54:09.0496655+00:00" testType="13cdc9d9-ddb5-4fa4-a97d-d965ccfc6d4b" outcome="Passed" testListId="8c84fa94-04c1-424b-9868-57a2d4851a1d" relativeResultsDirectory="b2442848-212f-4e12-bde0-2ba3fe0dbbb4">
      <Output>
        <StdOut>Авторизоватся под студентом Иван Тестовый Иванович</StdOut>
      </Output>
    </UnitTestResult>
    <UnitTestResult executionId="0d45b6a1-5964-4192-9f22-023aa4516a0d" testId="5672deb5-64d1-7afd-50a1-54c32c8dbeb1" testName="Список чатов - комната дисциплины: можно отправить сообщения по нажатию на Enter" computerName="df2fa4c7c641" duration="00:00:07.7126430" startTime="2023-11-09T07:48:14.9584846+00:00" endTime="2023-11-09T07:48:22.6711274+00:00" testType="13cdc9d9-ddb5-4fa4-a97d-d965ccfc6d4b" outcome="Passed" testListId="8c84fa94-04c1-424b-9868-57a2d4851a1d" relativeResultsDirectory="0d45b6a1-5964-4192-9f22-023aa4516a0d" />
    <UnitTestResult executionId="33338b72-2f5c-44a5-80a7-627a7da59466" testId="ca42bf12-6688-144a-4783-0d7efede3e1a" testName="Список чатов - групповой чат: невозможно добавить чат, если не заполнен поля 'Название'" computerName="df2fa4c7c641" duration="00:00:05.1731700" startTime="2023-11-09T07:49:35.6523612+00:00" endTime="2023-11-09T07:49:40.8255305+00:00" testType="13cdc9d9-ddb5-4fa4-a97d-d965ccfc6d4b" outcome="Passed" testListId="8c84fa94-04c1-424b-9868-57a2d4851a1d" relativeResultsDirectory="33338b72-2f5c-44a5-80a7-627a7da59466" />
    <UnitTestResult executionId="886f2d1f-6beb-43ea-9929-487c6195430c" testId="352e5091-55e6-f049-e252-404b49b0229c" testName="Конструктор теста: можно перенести вопрос в другой вариант" computerName="df2fa4c7c641" duration="00:00:09.5018020" startTime="2023-11-09T07:52:01.0005939+00:00" endTime="2023-11-09T07:52:10.5023962+00:00" testType="13cdc9d9-ddb5-4fa4-a97d-d965ccfc6d4b" outcome="Passed" testListId="8c84fa94-04c1-424b-9868-57a2d4851a1d" relativeResultsDirectory="886f2d1f-6beb-43ea-9929-487c6195430c" />
    <UnitTestResult executionId="d3b93862-63cb-49ff-9b75-182ef74499cc" testId="6786cf51-faa5-d191-3040-94f7754539ce" testName="Создание контрольной: можно создать контрольную с режимом выполнения 'Индивидуальный'" computerName="df2fa4c7c641" duration="00:00:08.3988900" startTime="2023-11-09T07:45:01.1393630+00:00" endTime="2023-11-09T07:45:09.5382521+00:00" testType="13cdc9d9-ddb5-4fa4-a97d-d965ccfc6d4b" outcome="Passed" testListId="8c84fa94-04c1-424b-9868-57a2d4851a1d" relativeResultsDirectory="d3b93862-63cb-49ff-9b75-182ef74499cc" />
    <UnitTestResult executionId="edc407bc-b8ef-41b6-8135-19b36c404eb8" testId="2e3a106e-9509-8f39-95db-aeda287c9c60" testName="Библиотека, плиточный вид: можно удалить каталог" computerName="df2fa4c7c641" duration="00:00:11.3346319" startTime="2023-11-09T07:52:06.5318835+00:00" endTime="2023-11-09T07:52:17.8665152+00:00" testType="13cdc9d9-ddb5-4fa4-a97d-d965ccfc6d4b" outcome="Passed" testListId="8c84fa94-04c1-424b-9868-57a2d4851a1d" relativeResultsDirectory="edc407bc-b8ef-41b6-8135-19b36c404eb8" />
    <UnitTestResult executionId="6b059de1-eaa5-4802-8c74-d29e35dc8eb8" testId="6beeac4f-f631-3fb2-6bc3-028899483618" testName="Список чатов - групповой чат: можно прикрепить и отправить файл с компьютера" computerName="df2fa4c7c641" duration="00:00:05.9741340" startTime="2023-11-09T07:47:45.1235690+00:00" endTime="2023-11-09T07:47:51.0977027+00:00" testType="13cdc9d9-ddb5-4fa4-a97d-d965ccfc6d4b" outcome="Passed" testListId="8c84fa94-04c1-424b-9868-57a2d4851a1d" relativeResultsDirectory="6b059de1-eaa5-4802-8c74-d29e35dc8eb8" />
    <UnitTestResult executionId="4e56048c-4c84-47b8-8bf8-04988492c143" testId="cb7a64f4-d7fc-a0d5-b259-65d6a2caedb5" testName="Конструктор теста: можно дублировать вопрос" computerName="df2fa4c7c641" duration="00:00:07.4212180" startTime="2023-11-09T07:51:53.5792975+00:00" endTime="2023-11-09T07:52:01.0005154+00:00" testType="13cdc9d9-ddb5-4fa4-a97d-d965ccfc6d4b" outcome="Passed" testListId="8c84fa94-04c1-424b-9868-57a2d4851a1d" relativeResultsDirectory="4e56048c-4c84-47b8-8bf8-04988492c143" />
    <UnitTestResult executionId="c7b501e1-fb31-4421-a2d7-d76f5f8278b7" testId="96a65cd1-e333-f0c0-da98-f4d34cabc902" testName="Страница Мой тариф: проверка перехода в профиль пользователя из таблицы активных пользователей" computerName="df2fa4c7c641" duration="00:00:02.9589240" startTime="2023-11-09T07:53:05.4520242+00:00" endTime="2023-11-09T07:53:08.4109484+00:00" testType="13cdc9d9-ddb5-4fa4-a97d-d965ccfc6d4b" outcome="Passed" testListId="8c84fa94-04c1-424b-9868-57a2d4851a1d" relativeResultsDirectory="c7b501e1-fb31-4421-a2d7-d76f5f8278b7" />
    <UnitTestResult executionId="158134c6-6ffe-4901-8207-bd773d1233a4" testId="fca67152-8883-2cd1-a8e1-65d62dc3a550" testName="Редактирование дисциплины: нет возможности редактировать у администратора организации, к которому дисциплина НЕ относится" computerName="df2fa4c7c641" duration="00:00:04.6194050" startTime="2023-11-09T07:49:16.9735685+00:00" endTime="2023-11-09T07:49:21.5929731+00:00" testType="13cdc9d9-ddb5-4fa4-a97d-d965ccfc6d4b" outcome="Passed" testListId="8c84fa94-04c1-424b-9868-57a2d4851a1d" relativeResultsDirectory="158134c6-6ffe-4901-8207-bd773d1233a4">
      <Output>
        <StdOut>Авторизоватся под администратором организации Петр Петрович</StdOut>
      </Output>
    </UnitTestResult>
    <UnitTestResult executionId="4ccd72fe-cd9c-4b68-8cec-4cd7961608dd" testId="e96ace93-f2e4-1cc8-213f-f3bebbfc4368" testName="Можно редактировать решения" computerName="df2fa4c7c641" duration="00:00:04.0423859" startTime="2023-11-09T07:44:17.9271909+00:00" endTime="2023-11-09T07:44:21.9695767+00:00" testType="13cdc9d9-ddb5-4fa4-a97d-d965ccfc6d4b" outcome="Passed" testListId="8c84fa94-04c1-424b-9868-57a2d4851a1d" relativeResultsDirectory="4ccd72fe-cd9c-4b68-8cec-4cd7961608dd" />
    <UnitTestResult executionId="5d2b3cc9-979a-42d4-b45f-1de3f5bb5c3c" testId="59ffc6b5-7a92-0e93-7969-c60aa490bb70" testName=" Cоздание дисциплины в потоке ДО: работает кнопка 'Отмена'" computerName="df2fa4c7c641" duration="00:00:04.7334830" startTime="2023-11-09T07:49:18.0632339+00:00" endTime="2023-11-09T07:49:22.7967170+00:00" testType="13cdc9d9-ddb5-4fa4-a97d-d965ccfc6d4b" outcome="Passed" testListId="8c84fa94-04c1-424b-9868-57a2d4851a1d" relativeResultsDirectory="5d2b3cc9-979a-42d4-b45f-1de3f5bb5c3c" />
    <UnitTestResult executionId="2b68a5e2-5755-4837-a58c-148602f4d2f4" testId="e7a552a7-4893-933f-8e83-941fec5ddef6" testName="Редактирование контрольной: поле 'Режим выполнения' некликабельно" computerName="df2fa4c7c641" duration="00:00:02.1998270" startTime="2023-11-09T07:44:54.9138306+00:00" endTime="2023-11-09T07:44:57.1136575+00:00" testType="13cdc9d9-ddb5-4fa4-a97d-d965ccfc6d4b" outcome="Passed" testListId="8c84fa94-04c1-424b-9868-57a2d4851a1d" relativeResultsDirectory="2b68a5e2-5755-4837-a58c-148602f4d2f4" />
    <UnitTestResult executionId="a95e67ef-6a17-4c3d-8985-164e330147f8" testId="5af2f66a-3903-7c26-57ab-57a7099fef7e" testName="Проверка запоминания выбора режимов расписания" computerName="df2fa4c7c641" duration="00:00:05.4513970" startTime="2023-11-09T07:53:57.5805890+00:00" endTime="2023-11-09T07:54:03.0319854+00:00" testType="13cdc9d9-ddb5-4fa4-a97d-d965ccfc6d4b" outcome="Passed" testListId="8c84fa94-04c1-424b-9868-57a2d4851a1d" relativeResultsDirectory="a95e67ef-6a17-4c3d-8985-164e330147f8" />
    <UnitTestResult executionId="298b2701-7fa3-4c66-a157-1a01d1546326" testId="3a6f087f-a3d3-b750-328b-e4e75ee74f91" testName="Редактирование потока ДО: работает кнопка 'Отмена', если страница редактирование был открыть по прямой ссылке" computerName="df2fa4c7c641" duration="00:00:02.6646280" startTime="2023-11-09T07:47:38.8639361+00:00" endTime="2023-11-09T07:47:41.5285642+00:00" testType="13cdc9d9-ddb5-4fa4-a97d-d965ccfc6d4b" outcome="Passed" testListId="8c84fa94-04c1-424b-9868-57a2d4851a1d" relativeResultsDirectory="298b2701-7fa3-4c66-a157-1a01d1546326" />
    <UnitTestResult executionId="94f5566d-4327-4aea-9039-fdd6b3e2926d" testId="b22611fb-9889-db7b-0399-a9429a33b11c" testName="Список чатов - личный чат: можно закреплять сообщения" computerName="df2fa4c7c641" duration="00:00:14.7310910" startTime="2023-11-09T07:48:34.9425176+00:00" endTime="2023-11-09T07:48:49.6736083+00:00" testType="13cdc9d9-ddb5-4fa4-a97d-d965ccfc6d4b" outcome="Passed" testListId="8c84fa94-04c1-424b-9868-57a2d4851a1d" relativeResultsDirectory="94f5566d-4327-4aea-9039-fdd6b3e2926d" />
    <UnitTestResult executionId="194a6283-2c0b-4a57-b4e8-c0763f34bef8" testId="23bce9ab-5bd2-6366-fc8a-744834c66f6d" testName="Конструктор теста: можно изменить минимальный порог баллов" computerName="df2fa4c7c641" duration="00:00:06.6977560" startTime="2023-11-09T07:52:49.5630168+00:00" endTime="2023-11-09T07:52:56.2607730+00:00" testType="13cdc9d9-ddb5-4fa4-a97d-d965ccfc6d4b" outcome="Passed" testListId="8c84fa94-04c1-424b-9868-57a2d4851a1d" relativeResultsDirectory="194a6283-2c0b-4a57-b4e8-c0763f34bef8" />
    <UnitTestResult executionId="524afa84-1b9a-4908-bcf2-631841c96949" testId="1cc86785-179a-1935-004c-db5a10c57e44" testName="Страница индивидуальной контрольной: статус ожидает проверки, если в попытке есть хотя бы один вопрос, требующий проверки" computerName="df2fa4c7c641" duration="00:00:14.3157340" startTime="2023-11-09T07:45:25.4112095+00:00" endTime="2023-11-09T07:45:39.7269428+00:00" testType="13cdc9d9-ddb5-4fa4-a97d-d965ccfc6d4b" outcome="Passed" testListId="8c84fa94-04c1-424b-9868-57a2d4851a1d" relativeResultsDirectory="524afa84-1b9a-4908-bcf2-631841c96949" />
    <UnitTestResult executionId="a3561cd6-3be2-457d-a87a-a8d20c213829" testId="64b75120-4798-85ea-00ac-4b2f95c02021" testName="Работает кнопка закрепления/открепления из главного меню" computerName="df2fa4c7c641" duration="00:00:06.0579150" startTime="2023-11-09T07:50:45.2526738+00:00" endTime="2023-11-09T07:50:51.3105891+00:00" testType="13cdc9d9-ddb5-4fa4-a97d-d965ccfc6d4b" outcome="Passed" testListId="8c84fa94-04c1-424b-9868-57a2d4851a1d" relativeResultsDirectory="a3561cd6-3be2-457d-a87a-a8d20c213829" />
    <UnitTestResult executionId="a4fcc988-7d25-40cb-94d0-47a65d2b57c9" testId="3d3fe60c-1cc1-b106-2719-d031363cbb21" testName="Редактирование дисциплины: добавления к дисциплине групп и студентов" computerName="df2fa4c7c641" duration="00:00:20.0605559" startTime="2023-11-09T07:50:56.9750705+00:00" endTime="2023-11-09T07:51:17.0356258+00:00" testType="13cdc9d9-ddb5-4fa4-a97d-d965ccfc6d4b" outcome="Passed" testListId="8c84fa94-04c1-424b-9868-57a2d4851a1d" relativeResultsDirectory="a4fcc988-7d25-40cb-94d0-47a65d2b57c9" />
    <UnitTestResult executionId="f71182e3-0200-41e0-97de-883fe0964b05" testId="e7d2ea4e-4681-3865-6b74-b2ce8a9a91d1" testName="Конструктор теста-тренажера: можно добавить еще одну опцию в вопрос с типом ответа 'Сортировка'" computerName="df2fa4c7c641" duration="00:00:08.5039310" startTime="2023-11-09T07:52:58.7119893+00:00" endTime="2023-11-09T07:53:07.2159198+00:00" testType="13cdc9d9-ddb5-4fa4-a97d-d965ccfc6d4b" outcome="Passed" testListId="8c84fa94-04c1-424b-9868-57a2d4851a1d" relativeResultsDirectory="f71182e3-0200-41e0-97de-883fe0964b05" />
    <UnitTestResult executionId="65c248b0-77df-49af-bbd6-18fc17787f1a" testId="365620f2-3d94-0e30-f5c4-dd0bf520c307" testName="Создание организации: можно создать организацию, если заполнены только обязательные поля" computerName="df2fa4c7c641" duration="00:00:11.3483230" startTime="2023-11-09T07:52:49.3370688+00:00" endTime="2023-11-09T07:53:00.6853913+00:00" testType="13cdc9d9-ddb5-4fa4-a97d-d965ccfc6d4b" outcome="Passed" testListId="8c84fa94-04c1-424b-9868-57a2d4851a1d" relativeResultsDirectory="65c248b0-77df-49af-bbd6-18fc17787f1a" />
    <UnitTestResult executionId="3a8c8a29-20e1-4016-a122-ca4868858cd0" testId="2212394e-4321-c3ee-4ac1-4465b0448ff8" testName="Редактирование активности: можно добавить материал типа SCORM из библиотеки" computerName="df2fa4c7c641" duration="00:00:12.5533670" startTime="2023-11-09T07:44:29.5698176+00:00" endTime="2023-11-09T07:44:42.1231844+00:00" testType="13cdc9d9-ddb5-4fa4-a97d-d965ccfc6d4b" outcome="Passed" testListId="8c84fa94-04c1-424b-9868-57a2d4851a1d" relativeResultsDirectory="3a8c8a29-20e1-4016-a122-ca4868858cd0" />
  </Results>
  <TestDefinitions>
    <UnitTest name="Список чатов - комната дисциплины: можно переключать комнаты" storage="/azp/_work/1/s/bin/debug/net6.0/odinuitests.dll" id="a7a48f79-5468-1f63-f29c-807c3125f810">
      <Execution id="98d5f515-6f66-446c-b52d-fdeb1fad4f5d" />
      <TestMethod codeBase="/azp/_work/1/s/bin/Debug/net6.0/OdinUiTests.dll" adapterTypeName="executor://nunit3testexecutor/" className="OdinUiTests.Tests.Chat.DisciplineChatTests" name="Список чатов - комната дисциплины: можно переключать комнаты" />
    </UnitTest>
    <UnitTest name="Конструктор теста: можно удалить комментарий к варианту ответа" storage="/azp/_work/1/s/bin/debug/net6.0/odinuitests.dll" id="5e251074-b1d3-8dd8-0947-f92a2661c4ab">
      <Execution id="84f8e64f-57ca-4734-862e-d740a0492190" />
      <TestMethod codeBase="/azp/_work/1/s/bin/Debug/net6.0/OdinUiTests.dll" adapterTypeName="executor://nunit3testexecutor/" className="OdinUiTests.Tests.Library.TestQuestionAnswersValidationTests" name="Конструктор теста: можно удалить комментарий к варианту ответа" />
    </UnitTest>
    <UnitTest name="Нет возможности оценить решения другого студента, если не включена 'Взаимопроверка'" storage="/azp/_work/1/s/bin/debug/net6.0/odinuitests.dll" id="7f3b5f50-58ee-a48a-8d1f-126281948d8c">
      <Execution id="7f09ca9b-6d02-4c22-b701-7e2cc0f25a93" />
      <TestMethod codeBase="/azp/_work/1/s/bin/Debug/net6.0/OdinUiTests.dll" adapterTypeName="executor://nunit3testexecutor/" className="OdinUiTests.Tests.Activity.TaskWithSolutionStudentTests" name="Нет возможности оценить решения другого студента, если не включена 'Взаимопроверка'" />
    </UnitTest>
    <UnitTest name="Страница шаблона дисциплины: можно добавить шаблон активности выбрав его из библиотеки" storage="/azp/_work/1/s/bin/debug/net6.0/odinuitests.dll" id="9ecf621e-cfbc-f21c-8c35-869ec7749a1a">
      <Execution id="08de6f05-85b7-4732-8b9c-997b5b603fa5" />
      <TestMethod codeBase="/azp/_work/1/s/bin/Debug/net6.0/OdinUiTests.dll" adapterTypeName="executor://nunit3testexecutor/" className="OdinUiTests.Tests.Discipline.DisTemplateTests" name="Страница шаблона дисциплины: можно добавить шаблон активности выбрав его из библиотеки" />
    </UnitTest>
    <UnitTest name="Конструктор теста: можно удалить автора" storage="/azp/_work/1/s/bin/debug/net6.0/odinuitests.dll" id="c0e95000-f2c6-ec8a-22b2-d3380a0133a8">
      <Execution id="e3e9426b-ab3f-4ad7-87c3-b09f1d2e4d25" />
      <TestMethod codeBase="/azp/_work/1/s/bin/Debug/net6.0/OdinUiTests.dll" adapterTypeName="executor://nunit3testexecutor/" className="OdinUiTests.Tests.Library.TestSettingsValidationTests" name="Конструктор теста: можно удалить автора" />
    </UnitTest>
    <UnitTest name="Страница профиля пользователя: можно загрузить фото" storage="/azp/_work/1/s/bin/debug/net6.0/odinuitests.dll" id="4eb75397-9426-777a-523b-8d39d04d0039">
      <Execution id="798db78c-8acd-479e-ad3d-47060430f9c6" />
      <TestMethod codeBase="/azp/_work/1/s/bin/Debug/net6.0/OdinUiTests.dll" adapterTypeName="executor://nunit3testexecutor/" className="OdinUiTests.Tests.UserProfile.UserInfoPageTests" name="Страница профиля пользователя: можно загрузить фото" />
    </UnitTest>
    <UnitTest name="Список чатов - обсуждение решения: можно раскрывать изображения" storage="/azp/_work/1/s/bin/debug/net6.0/odinuitests.dll" id="e6698e3a-8089-9ea9-379a-4c111103df76">
      <Execution id="8bd9e232-15aa-4656-a632-c30f89bb31f1" />
      <TestMethod codeBase="/azp/_work/1/s/bin/Debug/net6.0/OdinUiTests.dll" adapterTypeName="executor://nunit3testexecutor/" className="OdinUiTests.Tests.Chat.TaskChatTests" name="Список чатов - обсуждение решения: можно раскрывать изображения" />
    </UnitTest>
    <UnitTest name="Страница организации: у закрытых подразделений отображается иконка и тултип" storage="/azp/_work/1/s/bin/debug/net6.0/odinuitests.dll" id="666cda51-e005-db06-1d08-820838bbda64">
      <Execution id="07136221-d655-45d7-9320-1f114633cce7" />
      <TestMethod codeBase="/azp/_work/1/s/bin/Debug/net6.0/OdinUiTests.dll" adapterTypeName="executor://nunit3testexecutor/" className="OdinUiTests.Tests.Organization.OrganizationPageTests" name="Страница организации: у закрытых подразделений отображается иконка и тултип" />
    </UnitTest>
    <UnitTest name="Создание шаблона дисциплины: можно создать шаблон, если заполнены все поля" storage="/azp/_work/1/s/bin/debug/net6.0/odinuitests.dll" id="5c052b40-b637-57c8-be60-633e8de9a5d4">
      <Execution id="e67838c3-c78e-4f7a-935f-6de0e3d5cb82" />
      <TestMethod codeBase="/azp/_work/1/s/bin/Debug/net6.0/OdinUiTests.dll" adapterTypeName="executor://nunit3testexecutor/" className="OdinUiTests.Tests.Discipline.DisTemplateTests" name="Создание шаблона дисциплины: можно создать шаблон, если заполнены все поля" />
    </UnitTest>
    <UnitTest name="Страница библиотеки: можно удалить шаблон дисциплины по которому была создана дисциплина" storage="/azp/_work/1/s/bin/debug/net6.0/odinuitests.dll" id="94f01e03-ae55-3f1c-0067-18be2af6f18d">
      <Execution id="2d59a375-b678-489a-879e-c9517bce23ad" />
      <TestMethod codeBase="/azp/_work/1/s/bin/Debug/net6.0/OdinUiTests.dll" adapterTypeName="executor://nunit3testexecutor/" className="OdinUiTests.Tests.Library.RemovingTemplatesTests" name="Страница библиотеки: можно удалить шаблон дисциплины по которому была создана дисциплина" />
    </UnitTest>
    <UnitTest name="Cоздание обр программы ДПО: проверка кнопки 'Отмена'" storage="/azp/_work/1/s/bin/debug/net6.0/odinuitests.dll" id="a2bb32b5-3861-16f4-a6af-9e1df78ef0d5">
      <Execution id="9459d4e1-a71a-4f72-a691-e5204baad1bd" />
      <TestMethod codeBase="/azp/_work/1/s/bin/Debug/net6.0/OdinUiTests.dll" adapterTypeName="executor://nunit3testexecutor/" className="OdinUiTests.Tests.Program.ProgramCreationTests" name="Cоздание обр программы ДПО: проверка кнопки 'Отмена'" />
    </UnitTest>
    <UnitTest name="Можно создать задание, если заполнены все обязательные поля" storage="/azp/_work/1/s/bin/debug/net6.0/odinuitests.dll" id="3b4c8ef1-5bf6-72a6-d341-6786d5c780e5">
      <Execution id="de713709-b130-402a-a3c4-05bedd7375bb" />
      <TestMethod codeBase="/azp/_work/1/s/bin/Debug/net6.0/OdinUiTests.dll" adapterTypeName="executor://nunit3testexecutor/" className="OdinUiTests.Tests.Activity.TaskActivityCreatingTests" name="Можно создать задание, если заполнены все обязательные поля" />
    </UnitTest>
    <UnitTest name="Страница потока: студенты не имеют доступа к активностям архивного потока" storage="/azp/_work/1/s/bin/debug/net6.0/odinuitests.dll" id="4ea828aa-4b25-b6aa-5678-2a0ebe1a61bb">
      <Execution id="77847bdb-97ab-494a-819c-3d3ec7537a1c" />
      <TestMethod codeBase="/azp/_work/1/s/bin/Debug/net6.0/OdinUiTests.dll" adapterTypeName="executor://nunit3testexecutor/" className="OdinUiTests.Tests.Cohort.CohortInfoTests" name="Страница потока: студенты не имеют доступа к активностям архивного потока" />
    </UnitTest>
    <UnitTest name="Редактирование шаблона контрольной: переключение значения в поле 'Оценка'" storage="/azp/_work/1/s/bin/debug/net6.0/odinuitests.dll" id="c3eb416a-781e-461e-61f5-e46a47ea9c21">
      <Execution id="0238022e-e3e7-405a-9fbe-632d90aa6797" />
      <TestMethod codeBase="/azp/_work/1/s/bin/Debug/net6.0/OdinUiTests.dll" adapterTypeName="executor://nunit3testexecutor/" className="OdinUiTests.Tests.Activity.TestTemplateEditingTests" name="Редактирование шаблона контрольной: переключение значения в поле 'Оценка'" />
    </UnitTest>
    <UnitTest name="Страница библиотеки: можно удалить шаблон программы" storage="/azp/_work/1/s/bin/debug/net6.0/odinuitests.dll" id="3e103376-f81f-b59a-30f8-6788669ab00c">
      <Execution id="cc767b43-cdb1-41a8-b7e6-8cebcb50f4ac" />
      <TestMethod codeBase="/azp/_work/1/s/bin/Debug/net6.0/OdinUiTests.dll" adapterTypeName="executor://nunit3testexecutor/" className="OdinUiTests.Tests.Library.RemovingTemplatesTests" name="Страница библиотеки: можно удалить шаблон программы" />
    </UnitTest>
    <UnitTest name="Редактирование дисциплины: отображение ошибки валидации для поля 'Кредиты' с значением &gt; 15" storage="/azp/_work/1/s/bin/debug/net6.0/odinuitests.dll" id="27cb08c4-5264-0f56-2030-75eecc0db0f8">
      <Execution id="b75c413d-13f1-43fa-a809-282e0187212e" />
      <TestMethod codeBase="/azp/_work/1/s/bin/Debug/net6.0/OdinUiTests.dll" adapterTypeName="executor://nunit3testexecutor/" className="OdinUiTests.Tests.Discipline.DisciplineEditingValidationTests" name="Редактирование дисциплины: отображение ошибки валидации для поля 'Кредиты' с значением &gt; 15" />
    </UnitTest>
    <UnitTest name="Создание дисциплины: есть возможность создать дисциплину сняв галку ‘Все студенты потока’" storage="/azp/_work/1/s/bin/debug/net6.0/odinuitests.dll" id="6c63e1c3-4609-f923-ae8e-afae025ceabe">
      <Execution id="eea21738-3cda-42d7-814e-1e93e0c04e25" />
      <TestMethod codeBase="/azp/_work/1/s/bin/Debug/net6.0/OdinUiTests.dll" adapterTypeName="executor://nunit3testexecutor/" className="OdinUiTests.Tests.Discipline.DisContingentCreationTests" name="Создание дисциплины: есть возможность создать дисциплину сняв галку ‘Все студенты потока’" />
    </UnitTest>
    <UnitTest name="Можно просмотреть список всех решений, если включена 'Решения открыты всем'" storage="/azp/_work/1/s/bin/debug/net6.0/odinuitests.dll" id="c81adebf-d77b-4d93-dd9b-afd3bf7435eb">
      <Execution id="25c2b4b2-26cd-45eb-ad6c-532aae7c553d" />
      <TestMethod codeBase="/azp/_work/1/s/bin/Debug/net6.0/OdinUiTests.dll" adapterTypeName="executor://nunit3testexecutor/" className="OdinUiTests.Tests.Activity.TaskWithSolutionStudentTests" name="Можно просмотреть список всех решений, если включена 'Решения открыты всем'" />
    </UnitTest>
    <UnitTest name="Страница дисциплины: отмена создания темы" storage="/azp/_work/1/s/bin/debug/net6.0/odinuitests.dll" id="6a431132-d31c-9b86-b365-ce03e7cf8aa2">
      <Execution id="18dea9a4-fbe7-45a6-94e2-5d1f9c6728e3" />
      <TestMethod codeBase="/azp/_work/1/s/bin/Debug/net6.0/OdinUiTests.dll" adapterTypeName="executor://nunit3testexecutor/" className="OdinUiTests.Tests.Discipline.DisciplineActivitiesBlockTests" name="Страница дисциплины: отмена создания темы" />
    </UnitTest>
    <UnitTest name="Проверка подключения синхронизации с Google календарем" storage="/azp/_work/1/s/bin/debug/net6.0/odinuitests.dll" id="41575e40-e625-2885-53e0-5baa543c42ff">
      <Execution id="eb6634e8-50a1-48ce-aad7-b1c5e098b769" />
      <TestMethod codeBase="/azp/_work/1/s/bin/Debug/net6.0/OdinUiTests.dll" adapterTypeName="executor://nunit3testexecutor/" className="OdinUiTests.Tests.Schedule.ScheduleSettingsTests" name="Проверка подключения синхронизации с Google календарем" />
    </UnitTest>
    <UnitTest name="Конструктор теста-тренажера: проверка ошибки валидации при удалении комментария к варианту ответа" storage="/azp/_work/1/s/bin/debug/net6.0/odinuitests.dll" id="0d0da75d-b751-90c9-8063-2341403e25a5">
      <Execution id="92379966-2a02-4295-992d-07851bc7276d" />
      <TestMethod codeBase="/azp/_work/1/s/bin/Debug/net6.0/OdinUiTests.dll" adapterTypeName="executor://nunit3testexecutor/" className="OdinUiTests.Tests.Library.TestTrainQuestionAnswersValidationTests" name="Конструктор теста-тренажера: проверка ошибки валидации при удалении комментария к варианту ответа" />
    </UnitTest>
    <UnitTest name="Редактирование контрольной: можно загрузить материал типа файл с компьютера" storage="/azp/_work/1/s/bin/debug/net6.0/odinuitests.dll" id="dd3301a2-77d8-c5ed-b6d0-f67e48c5b7d7">
      <Execution id="eb706ab3-f02d-4802-a770-8665a820e90e" />
      <TestMethod codeBase="/azp/_work/1/s/bin/Debug/net6.0/OdinUiTests.dll" adapterTypeName="executor://nunit3testexecutor/" className="OdinUiTests.Tests.Activity.TestActivityAddingTests" name="Редактирование контрольной: можно загрузить материал типа файл с компьютера" />
    </UnitTest>
    <UnitTest name="Редактирование шаблона контрольной: отображение ошибки валидации для поля 'Количество попыток сдачи' с отрицательным значением" storage="/azp/_work/1/s/bin/debug/net6.0/odinuitests.dll" id="47166a22-e9ee-f46f-4a3c-7d574c1f81ea">
      <Execution id="593910aa-078b-40f2-8f50-b7000f1fc017" />
      <TestMethod codeBase="/azp/_work/1/s/bin/Debug/net6.0/OdinUiTests.dll" adapterTypeName="executor://nunit3testexecutor/" className="OdinUiTests.Tests.Activity.TestTemplateEditingTests" name="Редактирование шаблона контрольной: отображение ошибки валидации для поля 'Количество попыток сдачи' с отрицательным значением" />
    </UnitTest>
    <UnitTest name="Чат на странице решения: можно отправить сообщения по нажатию на Enter" storage="/azp/_work/1/s/bin/debug/net6.0/odinuitests.dll" id="9c60ce7b-d130-87aa-efc6-346103063e10">
      <Execution id="7d360240-f09c-4b71-8b98-32009dfd9b2d" />
      <TestMethod codeBase="/azp/_work/1/s/bin/Debug/net6.0/OdinUiTests.dll" adapterTypeName="executor://nunit3testexecutor/" className="OdinUiTests.Tests.Chat.TaskPageMiniChatTests" name="Чат на странице решения: можно отправить сообщения по нажатию на Enter" />
    </UnitTest>
    <UnitTest name="Конструктор теста: можно удалить вариант ответа из вопроса с типом ответа 'Выбор из вариантов'" storage="/azp/_work/1/s/bin/debug/net6.0/odinuitests.dll" id="f08e2940-03b5-962a-9157-b78053acc8bb">
      <Execution id="a9497da7-c907-435e-ad92-4a0342861d89" />
      <TestMethod codeBase="/azp/_work/1/s/bin/Debug/net6.0/OdinUiTests.dll" adapterTypeName="executor://nunit3testexecutor/" className="OdinUiTests.Tests.Library.TestQuestionAnswersValidationTests" name="Конструктор теста: можно удалить вариант ответа из вопроса с типом ответа 'Выбор из вариантов'" />
    </UnitTest>
    <UnitTest name="Создание потока ДО: работает кнопка 'Отмена', если страница создание был открыть по прямой ссылке" storage="/azp/_work/1/s/bin/debug/net6.0/odinuitests.dll" id="47f1f8d9-e02d-e2a5-ffdf-d6fdd03bfe92">
      <Execution id="7536fd30-2075-4cce-8a7b-d0291cf9ac5e" />
      <TestMethod codeBase="/azp/_work/1/s/bin/Debug/net6.0/OdinUiTests.dll" adapterTypeName="executor://nunit3testexecutor/" className="OdinUiTests.Tests.Cohort.CohortCreationTests" name="Создание потока ДО: работает кнопка 'Отмена', если страница создание был открыть по прямой ссылке" />
    </UnitTest>
    <UnitTest name="Редактирование шаблона активности: можно очистить теги знаний" storage="/azp/_work/1/s/bin/debug/net6.0/odinuitests.dll" id="af9141b5-210f-61b7-923e-d267e81f195b">
      <Execution id="4812df1c-e0bb-45af-a675-992834e72717" />
      <TestMethod codeBase="/azp/_work/1/s/bin/Debug/net6.0/OdinUiTests.dll" adapterTypeName="executor://nunit3testexecutor/" className="OdinUiTests.Tests.Activity.TemplateEditingTests" name="Редактирование шаблона активности: можно очистить теги знаний" />
    </UnitTest>
    <UnitTest name="Редактирование дисциплины: в выпадающем списке поля Студенты отображаются только студенты потока" storage="/azp/_work/1/s/bin/debug/net6.0/odinuitests.dll" id="a7b3c0c7-0cb6-68bb-d534-ede8473da958">
      <Execution id="f6c1ab86-3e07-439f-ad5d-057bfe5e2d0b" />
      <TestMethod codeBase="/azp/_work/1/s/bin/Debug/net6.0/OdinUiTests.dll" adapterTypeName="executor://nunit3testexecutor/" className="OdinUiTests.Tests.Discipline.DisContingentEditingValidationTests" name="Редактирование дисциплины: в выпадающем списке поля Студенты отображаются только студенты потока" />
    </UnitTest>
    <UnitTest name="Список чатов - групповой чат: можно отправить текстовое сообщение" storage="/azp/_work/1/s/bin/debug/net6.0/odinuitests.dll" id="27b27571-4ecd-7e5c-dd41-997ead47ed32">
      <Execution id="6058707d-77f1-4b49-abd8-cbbac4bc927d" />
      <TestMethod codeBase="/azp/_work/1/s/bin/Debug/net6.0/OdinUiTests.dll" adapterTypeName="executor://nunit3testexecutor/" className="OdinUiTests.Tests.Chat.GroupChatTests" name="Список чатов - групповой чат: можно отправить текстовое сообщение" />
    </UnitTest>
    <UnitTest name="Страница аналитика дисциплины: можно скрывать фильтры таблицы аналитики" storage="/azp/_work/1/s/bin/debug/net6.0/odinuitests.dll" id="fe82d60b-2c93-7158-9549-5b173ec76f4b">
      <Execution id="76251375-aab1-43fe-9354-c1e82f75e442" />
      <TestMethod codeBase="/azp/_work/1/s/bin/Debug/net6.0/OdinUiTests.dll" adapterTypeName="executor://nunit3testexecutor/" className="OdinUiTests.Tests.Discipline.DisciplineAnalyticsTests" name="Страница аналитика дисциплины: можно скрывать фильтры таблицы аналитики" />
    </UnitTest>
    <UnitTest name="Изменение текста кнопки после показа прошедших активностей в списке настроек" storage="/azp/_work/1/s/bin/debug/net6.0/odinuitests.dll" id="5eff0c45-6b57-f7a1-5ea2-508cae1dc1d8">
      <Execution id="8b88b46f-d5ea-445d-a82d-45b65987ce70" />
      <TestMethod codeBase="/azp/_work/1/s/bin/Debug/net6.0/OdinUiTests.dll" adapterTypeName="executor://nunit3testexecutor/" className="OdinUiTests.Tests.Schedule.ScheduleSettingsTests" name="Изменение текста кнопки после показа прошедших активностей в списке настроек" />
    </UnitTest>
    <UnitTest name="Конструктор теста: можно удалить вариант" storage="/azp/_work/1/s/bin/debug/net6.0/odinuitests.dll" id="7e314efc-a14e-66c1-4891-045f06aca8ff">
      <Execution id="40f56147-965b-4137-a7e4-4efb19e89dda" />
      <TestMethod codeBase="/azp/_work/1/s/bin/Debug/net6.0/OdinUiTests.dll" adapterTypeName="executor://nunit3testexecutor/" className="OdinUiTests.Tests.Library.TestBlocksAndVariantsValidationTests" name="Конструктор теста: можно удалить вариант" />
    </UnitTest>
    <UnitTest name="Редактирование дисциплины: снятия блокировки чата дисциплины" storage="/azp/_work/1/s/bin/debug/net6.0/odinuitests.dll" id="3aa406a4-801b-40e4-fc5e-76a260e196d7">
      <Execution id="ddd9ca83-79d6-409e-b28c-d3b7e85eadf9" />
      <TestMethod codeBase="/azp/_work/1/s/bin/Debug/net6.0/OdinUiTests.dll" adapterTypeName="executor://nunit3testexecutor/" className="OdinUiTests.Tests.Discipline.DisciplineChatBlockTests" name="Редактирование дисциплины: снятия блокировки чата дисциплины" />
    </UnitTest>
    <UnitTest name="Конструктор теста: можно удалить один вариант на сопоставление из вопроса с типом ответа ‘Сопоставление’" storage="/azp/_work/1/s/bin/debug/net6.0/odinuitests.dll" id="dfc4dfbc-7269-6b28-e1f5-9f0b0d377671">
      <Execution id="44f99197-39b3-46bb-8d50-5561bc09f007" />
      <TestMethod codeBase="/azp/_work/1/s/bin/Debug/net6.0/OdinUiTests.dll" adapterTypeName="executor://nunit3testexecutor/" className="OdinUiTests.Tests.Library.TestQuestionAnswersValidationTests" name="Конструктор теста: можно удалить один вариант на сопоставление из вопроса с типом ответа ‘Сопоставление’" />
    </UnitTest>
    <UnitTest name="Список чатов - личный чат: можно сделать звонок" storage="/azp/_work/1/s/bin/debug/net6.0/odinuitests.dll" id="76c1bbb2-a2a1-178c-efcd-a072f54f3f04">
      <Execution id="c2be09a0-b596-466e-bdb4-b7c9e916d71f" />
      <TestMethod codeBase="/azp/_work/1/s/bin/Debug/net6.0/OdinUiTests.dll" adapterTypeName="executor://nunit3testexecutor/" className="OdinUiTests.Tests.Chat.PersonalChatTests" name="Список чатов - личный чат: можно сделать звонок" />
    </UnitTest>
    <UnitTest name="Конструктор теста-тренажера: можно добавить еще одну опцию в вопрос с типом ответа 'Сортировка'" storage="/azp/_work/1/s/bin/debug/net6.0/odinuitests.dll" id="e7d2ea4e-4681-3865-6b74-b2ce8a9a91d1">
      <Execution id="f71182e3-0200-41e0-97de-883fe0964b05" />
      <TestMethod codeBase="/azp/_work/1/s/bin/Debug/net6.0/OdinUiTests.dll" adapterTypeName="executor://nunit3testexecutor/" className="OdinUiTests.Tests.Library.TestTrainQuestionAnswersValidationTests" name="Конструктор теста-тренажера: можно добавить еще одну опцию в вопрос с типом ответа 'Сортировка'" />
    </UnitTest>
    <UnitTest name="Результат прохождения: отображается иконка часы, кнопки верно и неверно в вопросах с типом ответа свободный ответ или файл" storage="/azp/_work/1/s/bin/debug/net6.0/odinuitests.dll" id="c2f5a41a-b201-fdbb-bb2a-458987fa1194">
      <Execution id="0c0153db-9fc2-4db9-a0c8-eaab15a65ad6" />
      <TestMethod codeBase="/azp/_work/1/s/bin/Debug/net6.0/OdinUiTests.dll" adapterTypeName="executor://nunit3testexecutor/" className="OdinUiTests.Tests.Activity.TestActivityResultTests" name="Результат прохождения: отображается иконка часы, кнопки верно и неверно в вопросах с типом ответа свободный ответ или файл" />
    </UnitTest>
    <UnitTest name="Список чатов - комната дисциплины: можно цитировать сообщению" storage="/azp/_work/1/s/bin/debug/net6.0/odinuitests.dll" id="9373291b-6ae0-9db6-a833-b3b87e402b73">
      <Execution id="b6e1ffe5-6a4f-4037-be2d-e067501049af" />
      <TestMethod codeBase="/azp/_work/1/s/bin/Debug/net6.0/OdinUiTests.dll" adapterTypeName="executor://nunit3testexecutor/" className="OdinUiTests.Tests.Chat.DisciplineChatTests" name="Список чатов - комната дисциплины: можно цитировать сообщению" />
    </UnitTest>
    <UnitTest name="Редактирование шаблона активности: работает кнопка 'Редактировать' для преподавателя" storage="/azp/_work/1/s/bin/debug/net6.0/odinuitests.dll" id="9dabd341-6a8e-a563-1e52-b8447ef7c0bc">
      <Execution id="63581c74-a292-42cf-9e50-930fdba6411e" />
      <TestMethod codeBase="/azp/_work/1/s/bin/Debug/net6.0/OdinUiTests.dll" adapterTypeName="executor://nunit3testexecutor/" className="OdinUiTests.Tests.Activity.TemplateEditingTests" name="Редактирование шаблона активности: работает кнопка 'Редактировать' для преподавателя" />
    </UnitTest>
    <UnitTest name="Можно отправить файловый ответ" storage="/azp/_work/1/s/bin/debug/net6.0/odinuitests.dll" id="d476c305-755a-73cb-0c54-41d2d6f1f2d5">
      <Execution id="9a5887db-210a-4d82-a6bd-fb5ac065a24e" />
      <TestMethod codeBase="/azp/_work/1/s/bin/Debug/net6.0/OdinUiTests.dll" adapterTypeName="executor://nunit3testexecutor/" className="OdinUiTests.Tests.Activity.TaskWithSolutionStudentTests" name="Можно отправить файловый ответ" />
    </UnitTest>
    <UnitTest name="Конструктор теста: можно переименовать вариант" storage="/azp/_work/1/s/bin/debug/net6.0/odinuitests.dll" id="118e9903-9130-2c33-d159-3c4519bc8fd8">
      <Execution id="1a1860b6-6486-44b9-a29b-a7005b9140df" />
      <TestMethod codeBase="/azp/_work/1/s/bin/Debug/net6.0/OdinUiTests.dll" adapterTypeName="executor://nunit3testexecutor/" className="OdinUiTests.Tests.Library.TestBlocksAndVariantsValidationTests" name="Конструктор теста: можно переименовать вариант" />
    </UnitTest>
    <UnitTest name="Редактирование шаблона контрольной: отображение ошибки валидации для поля 'Количество попыток сдачи' с значением &gt; 20" storage="/azp/_work/1/s/bin/debug/net6.0/odinuitests.dll" id="b29cf85a-7ab1-f473-4921-adfc0d0bf4a3">
      <Execution id="b0e6545a-c7b9-4a89-a97f-f8df04abc031" />
      <TestMethod codeBase="/azp/_work/1/s/bin/Debug/net6.0/OdinUiTests.dll" adapterTypeName="executor://nunit3testexecutor/" className="OdinUiTests.Tests.Activity.TestTemplateEditingTests" name="Редактирование шаблона контрольной: отображение ошибки валидации для поля 'Количество попыток сдачи' с значением &gt; 20" />
    </UnitTest>
    <UnitTest name="Конструктор теста: можно добавить еще один вариант ответа в вопрос с типом ответа 'Выбор из вариантов'" storage="/azp/_work/1/s/bin/debug/net6.0/odinuitests.dll" id="93a72291-224c-85ba-6878-c39a01d8203e">
      <Execution id="ff581fe5-5dee-40fd-90a6-3af8bc1fd6e4" />
      <TestMethod codeBase="/azp/_work/1/s/bin/Debug/net6.0/OdinUiTests.dll" adapterTypeName="executor://nunit3testexecutor/" className="OdinUiTests.Tests.Library.TestQuestionAnswersValidationTests" name="Конструктор теста: можно добавить еще один вариант ответа в вопрос с типом ответа 'Выбор из вариантов'" />
    </UnitTest>
    <UnitTest name="Конструктор теста-тренажера: можно удалить вопрос" storage="/azp/_work/1/s/bin/debug/net6.0/odinuitests.dll" id="5722e1c6-2651-bbbb-7c5e-21067c25bef8">
      <Execution id="49e4ca76-dffa-4c56-86fa-950eb594015e" />
      <TestMethod codeBase="/azp/_work/1/s/bin/Debug/net6.0/OdinUiTests.dll" adapterTypeName="executor://nunit3testexecutor/" className="OdinUiTests.Tests.Library.TestTrainBlocksAndVariantsValidationTests" name="Конструктор теста-тренажера: можно удалить вопрос" />
    </UnitTest>
    <UnitTest name="Страница профиля пользователя: загружается блок 'Работа в Odin' для пользователя" storage="/azp/_work/1/s/bin/debug/net6.0/odinuitests.dll" id="6955b7ff-43d3-666d-5010-e16be0a9f2bd">
      <Execution id="4c10c3e8-97d3-4e0b-8f88-dcecf5fee054" />
      <TestMethod codeBase="/azp/_work/1/s/bin/Debug/net6.0/OdinUiTests.dll" adapterTypeName="executor://nunit3testexecutor/" className="OdinUiTests.Tests.UserProfile.UserInfoPageTests" name="Страница профиля пользователя: загружается блок 'Работа в Odin' для пользователя" />
    </UnitTest>
    <UnitTest name="Страница командной контрольной: отсутствует статус и иконка для одной незавершенной попыткой" storage="/azp/_work/1/s/bin/debug/net6.0/odinuitests.dll" id="86659c14-ff78-12fc-e363-4c2df3070390">
      <Execution id="bf4a3489-0998-44fe-978c-7533a630d97f" />
      <TestMethod codeBase="/azp/_work/1/s/bin/Debug/net6.0/OdinUiTests.dll" adapterTypeName="executor://nunit3testexecutor/" className="OdinUiTests.Tests.Activity.TestActivityStatusWithOneAttemptTests" name="Страница командной контрольной: отсутствует статус и иконка для одной незавершенной попыткой" />
    </UnitTest>
    <UnitTest name="Создание потока: ошибка валидации, если дата начала не указана" storage="/azp/_work/1/s/bin/debug/net6.0/odinuitests.dll" id="b62175a4-4251-7149-85ec-50beb94cc8e0">
      <Execution id="6b39448f-5a35-4d49-83da-c0f9c3a20056" />
      <TestMethod codeBase="/azp/_work/1/s/bin/Debug/net6.0/OdinUiTests.dll" adapterTypeName="executor://nunit3testexecutor/" className="OdinUiTests.Tests.Cohort.CohortCreationValidationTests" name="Создание потока: ошибка валидации, если дата начала не указана" />
    </UnitTest>
    <UnitTest name="Конструктор теста: можно добавить вопрос с типом ответа “Файл”" storage="/azp/_work/1/s/bin/debug/net6.0/odinuitests.dll" id="d83d5b8e-297b-193d-ff0e-3e2dc464b89e">
      <Execution id="c84eaa85-9346-41ac-b35b-f940e468fe56" />
      <TestMethod codeBase="/azp/_work/1/s/bin/Debug/net6.0/OdinUiTests.dll" adapterTypeName="executor://nunit3testexecutor/" className="OdinUiTests.Tests.Library.TestAddingQuestionsTests" name="Конструктор теста: можно добавить вопрос с типом ответа “Файл”" />
    </UnitTest>
    <UnitTest name="Редактирование шаблона активности: можно добавлять теги знаний" storage="/azp/_work/1/s/bin/debug/net6.0/odinuitests.dll" id="7afa2dfe-438c-1616-e085-a385a3958085">
      <Execution id="06f8d390-df12-4fb6-acdb-12f8098db19c" />
      <TestMethod codeBase="/azp/_work/1/s/bin/Debug/net6.0/OdinUiTests.dll" adapterTypeName="executor://nunit3testexecutor/" className="OdinUiTests.Tests.Activity.TemplateEditingTests" name="Редактирование шаблона активности: можно добавлять теги знаний" />
    </UnitTest>
    <UnitTest name="Библиотека, плиточный вид: можно удалить каталог" storage="/azp/_work/1/s/bin/debug/net6.0/odinuitests.dll" id="2e3a106e-9509-8f39-95db-aeda287c9c60">
      <Execution id="edc407bc-b8ef-41b6-8135-19b36c404eb8" />
      <TestMethod codeBase="/azp/_work/1/s/bin/Debug/net6.0/OdinUiTests.dll" adapterTypeName="executor://nunit3testexecutor/" className="OdinUiTests.Tests.Library.LibraryInTileViewTests" name="Библиотека, плиточный вид: можно удалить каталог" />
    </UnitTest>
    <UnitTest name="Создание дисциплины: есть возможность создать дисциплину выбрав галку ‘Все студенты потока’" storage="/azp/_work/1/s/bin/debug/net6.0/odinuitests.dll" id="134dda9b-9265-22a5-a050-705108f3b467">
      <Execution id="a93c832a-ceb7-4e48-9820-bfffe7d298cf" />
      <TestMethod codeBase="/azp/_work/1/s/bin/Debug/net6.0/OdinUiTests.dll" adapterTypeName="executor://nunit3testexecutor/" className="OdinUiTests.Tests.Discipline.DisContingentCreationTests" name="Создание дисциплины: есть возможность создать дисциплину выбрав галку ‘Все студенты потока’" />
    </UnitTest>
    <UnitTest name="Редактирование профиля пользователя: можно изменить ФИО в транслитерации" storage="/azp/_work/1/s/bin/debug/net6.0/odinuitests.dll" id="2d07909d-caa8-6ce5-0918-744aa3fa602c">
      <Execution id="aa5152c0-8e5b-4139-b000-7a93e3638143" />
      <TestMethod codeBase="/azp/_work/1/s/bin/Debug/net6.0/OdinUiTests.dll" adapterTypeName="executor://nunit3testexecutor/" className="OdinUiTests.Tests.UserProfile.GeneralUserInfoEditingTests" name="Редактирование профиля пользователя: можно изменить ФИО в транслитерации" />
    </UnitTest>
    <UnitTest name="Конструктор теста: можно добавить еще один вариант ответа в вопрос с типом ответа 'Свободный ответ - точное совпадение'" storage="/azp/_work/1/s/bin/debug/net6.0/odinuitests.dll" id="2b36b066-1980-2658-eecc-fa070bc3b82d">
      <Execution id="fe1ceea0-4132-476c-9b2e-819b03064e8d" />
      <TestMethod codeBase="/azp/_work/1/s/bin/Debug/net6.0/OdinUiTests.dll" adapterTypeName="executor://nunit3testexecutor/" className="OdinUiTests.Tests.Library.TestQuestionAnswersValidationTests" name="Конструктор теста: можно добавить еще один вариант ответа в вопрос с типом ответа 'Свободный ответ - точное совпадение'" />
    </UnitTest>
    <UnitTest name="В мобильной версии нет возможности выбрать режим Месяц" storage="/azp/_work/1/s/bin/debug/net6.0/odinuitests.dll" id="b4c7aa5f-9e5c-7607-de89-bac74aa325a7">
      <Execution id="27102c15-440f-4bdf-a5d6-b95a91ecebc3" />
      <TestMethod codeBase="/azp/_work/1/s/bin/Debug/net6.0/OdinUiTests.dll" adapterTypeName="executor://nunit3testexecutor/" className="OdinUiTests.Tests.Schedule.ScheduleTests" name="В мобильной версии нет возможности выбрать режим Месяц" />
    </UnitTest>
    <UnitTest name="Редактирование дисциплины: наличия ошибки если поле дата окончания пустое" storage="/azp/_work/1/s/bin/debug/net6.0/odinuitests.dll" id="fb06e447-4335-90a8-1b33-b9cc0cdbed09">
      <Execution id="7a68bd5d-f1dc-4c15-9231-4de498ee6bab" />
      <TestMethod codeBase="/azp/_work/1/s/bin/Debug/net6.0/OdinUiTests.dll" adapterTypeName="executor://nunit3testexecutor/" className="OdinUiTests.Tests.Discipline.DisciplineDurationTests" name="Редактирование дисциплины: наличия ошибки если поле дата окончания пустое" />
    </UnitTest>
    <UnitTest name="При отметке чекбокса 'Задать значения', у критерия не отображается поле 'Макс баллов'" storage="/azp/_work/1/s/bin/debug/net6.0/odinuitests.dll" id="aadffcae-e212-5779-e982-5c2ab00351d0">
      <Execution id="0e36761e-62e0-4d2e-a378-5b697641b5e1" />
      <TestMethod codeBase="/azp/_work/1/s/bin/Debug/net6.0/OdinUiTests.dll" adapterTypeName="executor://nunit3testexecutor/" className="OdinUiTests.Tests.Activity.TaskActivityMulticriteriaTests" name="При отметке чекбокса 'Задать значения', у критерия не отображается поле 'Макс баллов'" />
    </UnitTest>
    <UnitTest name="Отображение ошибки валидации для поля баллы с значением 'отлично'" storage="/azp/_work/1/s/bin/debug/net6.0/odinuitests.dll" id="9d6520d1-af7d-bea7-c7de-86d60ce16f98">
      <Execution id="979268de-bf6f-4ed1-aa96-03d3589142c5" />
      <TestMethod codeBase="/azp/_work/1/s/bin/Debug/net6.0/OdinUiTests.dll" adapterTypeName="executor://nunit3testexecutor/" className="OdinUiTests.Tests.Activity.TaskActivityTeacherTests" name="Отображение ошибки валидации для поля баллы с значением 'отлично'" />
    </UnitTest>
    <UnitTest name="Редактирование профиля пользователя: можно изменить дату рождения" storage="/azp/_work/1/s/bin/debug/net6.0/odinuitests.dll" id="8dcf0449-053b-ff4a-34ab-9712d9130fdb">
      <Execution id="a7bf8dac-087b-417e-8da7-4111e57f5387" />
      <TestMethod codeBase="/azp/_work/1/s/bin/Debug/net6.0/OdinUiTests.dll" adapterTypeName="executor://nunit3testexecutor/" className="OdinUiTests.Tests.UserProfile.GeneralUserInfoEditingTests" name="Редактирование профиля пользователя: можно изменить дату рождения" />
    </UnitTest>
    <UnitTest name="Страница профиля пользователя: можно удалить фото" storage="/azp/_work/1/s/bin/debug/net6.0/odinuitests.dll" id="6c75e26f-4585-a581-2610-3a7c062d019a">
      <Execution id="b4925a7f-352a-4976-8302-3bc53ed78c4b" />
      <TestMethod codeBase="/azp/_work/1/s/bin/Debug/net6.0/OdinUiTests.dll" adapterTypeName="executor://nunit3testexecutor/" className="OdinUiTests.Tests.UserProfile.UserInfoPageTests" name="Страница профиля пользователя: можно удалить фото" />
    </UnitTest>
    <UnitTest name="Библиотека, плиточный вид: работает поиск по типу материала" storage="/azp/_work/1/s/bin/debug/net6.0/odinuitests.dll" id="9d0d4807-c76c-07a1-259c-794a5152f5bd">
      <Execution id="16fd365e-c789-420c-8c06-13a1a014c57b" />
      <TestMethod codeBase="/azp/_work/1/s/bin/Debug/net6.0/OdinUiTests.dll" adapterTypeName="executor://nunit3testexecutor/" className="OdinUiTests.Tests.Library.LibraryActionPanelTests" name="Библиотека, плиточный вид: работает поиск по типу материала" />
    </UnitTest>
    <UnitTest name="Конструктор теста-тренажера: можно удалить теги знаний" storage="/azp/_work/1/s/bin/debug/net6.0/odinuitests.dll" id="d2ee4913-764d-4b99-1fb8-f3cc3a0fa713">
      <Execution id="92a23cab-a516-42bf-993b-cdb1350e90d9" />
      <TestMethod codeBase="/azp/_work/1/s/bin/Debug/net6.0/OdinUiTests.dll" adapterTypeName="executor://nunit3testexecutor/" className="OdinUiTests.Tests.Library.TestTrainSettingsValidationTests" name="Конструктор теста-тренажера: можно удалить теги знаний" />
    </UnitTest>
    <UnitTest name="Редактирование шаблона контрольной: можно добавить материал типа текст из библиотеки" storage="/azp/_work/1/s/bin/debug/net6.0/odinuitests.dll" id="17956988-fbb9-e1e1-7909-4be3b13a756c">
      <Execution id="224bdc26-1cf4-4e9a-8b13-4182af9ed926" />
      <TestMethod codeBase="/azp/_work/1/s/bin/Debug/net6.0/OdinUiTests.dll" adapterTypeName="executor://nunit3testexecutor/" className="OdinUiTests.Tests.Activity.TestTemplateAddingTests" name="Редактирование шаблона контрольной: можно добавить материал типа текст из библиотеки" />
    </UnitTest>
    <UnitTest name="Страница дисциплины: создание темы" storage="/azp/_work/1/s/bin/debug/net6.0/odinuitests.dll" id="d20ab570-8e7c-d996-c24d-e785e9625105">
      <Execution id="adad243a-d3ab-492c-baa9-7cdbed3ec473" />
      <TestMethod codeBase="/azp/_work/1/s/bin/Debug/net6.0/OdinUiTests.dll" adapterTypeName="executor://nunit3testexecutor/" className="OdinUiTests.Tests.Discipline.DisciplineActivitiesBlockTests" name="Страница дисциплины: создание темы" />
    </UnitTest>
    <UnitTest name="Редактирование шаблона контрольной: можно загрузить материал типа файл с компьютера" storage="/azp/_work/1/s/bin/debug/net6.0/odinuitests.dll" id="d21db16f-9a32-fb5e-d56c-93228ccaa793">
      <Execution id="79a4fbe1-1f1d-48b7-a17c-db9ab2a29247" />
      <TestMethod codeBase="/azp/_work/1/s/bin/Debug/net6.0/OdinUiTests.dll" adapterTypeName="executor://nunit3testexecutor/" className="OdinUiTests.Tests.Activity.TestTemplateAddingTests" name="Редактирование шаблона контрольной: можно загрузить материал типа файл с компьютера" />
    </UnitTest>
    <UnitTest name="Редактирование дисциплины: блокировка чата дисциплины" storage="/azp/_work/1/s/bin/debug/net6.0/odinuitests.dll" id="6b4e95ab-9fc7-e72e-2f6b-a35ca163b7a3">
      <Execution id="66489e5e-031c-4fec-90d1-d0517c42abdb" />
      <TestMethod codeBase="/azp/_work/1/s/bin/Debug/net6.0/OdinUiTests.dll" adapterTypeName="executor://nunit3testexecutor/" className="OdinUiTests.Tests.Discipline.DisciplineChatBlockTests" name="Редактирование дисциплины: блокировка чата дисциплины" />
    </UnitTest>
    <UnitTest name="Список чатов - чат для заметок: невозможно отправить пустое сообщение" storage="/azp/_work/1/s/bin/debug/net6.0/odinuitests.dll" id="756b69b6-d74d-d7ed-87d0-147bb1cde5d6">
      <Execution id="43432f66-92ca-4524-81e2-8db80c47c24e" />
      <TestMethod codeBase="/azp/_work/1/s/bin/Debug/net6.0/OdinUiTests.dll" adapterTypeName="executor://nunit3testexecutor/" className="OdinUiTests.Tests.Chat.NotesChatTests" name="Список чатов - чат для заметок: невозможно отправить пустое сообщение" />
    </UnitTest>
    <UnitTest name="Редактирование программы ДО: невозможно удалить программу с проектом СЗ" storage="/azp/_work/1/s/bin/debug/net6.0/odinuitests.dll" id="cb5ae8f8-0206-01b1-8aaa-55ca4e09a16a">
      <Execution id="6b259483-2bb4-4807-af66-76bceefd848b" />
      <TestMethod codeBase="/azp/_work/1/s/bin/Debug/net6.0/OdinUiTests.dll" adapterTypeName="executor://nunit3testexecutor/" className="OdinUiTests.Tests.Program.ProgramEditingTests" name="Редактирование программы ДО: невозможно удалить программу с проектом СЗ" />
    </UnitTest>
    <UnitTest name="Редактирование дисциплины: есть возможность сохранить дисциплину сняв галку ‘Все студенты потока’" storage="/azp/_work/1/s/bin/debug/net6.0/odinuitests.dll" id="3e676587-930b-79ad-eab1-73552e8aff13">
      <Execution id="2c361d0b-5ebe-42a8-8509-0c93d36982e1" />
      <TestMethod codeBase="/azp/_work/1/s/bin/Debug/net6.0/OdinUiTests.dll" adapterTypeName="executor://nunit3testexecutor/" className="OdinUiTests.Tests.Discipline.DisContingentEditingTests" name="Редактирование дисциплины: есть возможность сохранить дисциплину сняв галку ‘Все студенты потока’" />
    </UnitTest>
    <UnitTest name="Редактирование дисциплины: добавления к дисциплине групп и студентов" storage="/azp/_work/1/s/bin/debug/net6.0/odinuitests.dll" id="3d3fe60c-1cc1-b106-2719-d031363cbb21">
      <Execution id="a4fcc988-7d25-40cb-94d0-47a65d2b57c9" />
      <TestMethod codeBase="/azp/_work/1/s/bin/Debug/net6.0/OdinUiTests.dll" adapterTypeName="executor://nunit3testexecutor/" className="OdinUiTests.Tests.Discipline.DisContingentEditingTests" name="Редактирование дисциплины: добавления к дисциплине групп и студентов" />
    </UnitTest>
    <UnitTest name="Страница дисциплины: отсутствия кнопки 'Редактировать' у студента" storage="/azp/_work/1/s/bin/debug/net6.0/odinuitests.dll" id="86443cb6-fe62-791f-cd3b-ec82863f9a1b">
      <Execution id="31798033-bfdc-49ec-8ef4-6d017f5948e9" />
      <TestMethod codeBase="/azp/_work/1/s/bin/Debug/net6.0/OdinUiTests.dll" adapterTypeName="executor://nunit3testexecutor/" className="OdinUiTests.Tests.Discipline.DisciplineStudentTests" name="Страница дисциплины: отсутствия кнопки 'Редактировать' у студента" />
    </UnitTest>
    <UnitTest name="Переход со страницы завершения обучения на страницу потока" storage="/azp/_work/1/s/bin/debug/net6.0/odinuitests.dll" id="f3446903-7b41-79ae-13d2-c61d34cd7f11">
      <Execution id="13c5d3ed-7bc6-4cc6-ac0d-31dbc15518f9" />
      <TestMethod codeBase="/azp/_work/1/s/bin/Debug/net6.0/OdinUiTests.dll" adapterTypeName="executor://nunit3testexecutor/" className="OdinUiTests.Tests.Cohort.EducationCompletionPageTests" name="Переход со страницы завершения обучения на страницу потока" />
    </UnitTest>
    <UnitTest name="Создание шаблона контрольной: с режимом выполнения 'Индивидуальный'" storage="/azp/_work/1/s/bin/debug/net6.0/odinuitests.dll" id="77ef3ded-f026-6671-cefe-a9d8711da357">
      <Execution id="00c8f6f9-63a9-4bcf-a9ce-9e6fa3e17cce" />
      <TestMethod codeBase="/azp/_work/1/s/bin/Debug/net6.0/OdinUiTests.dll" adapterTypeName="executor://nunit3testexecutor/" className="OdinUiTests.Tests.Activity.TestTemplateCreatingTests" name="Создание шаблона контрольной: с режимом выполнения 'Индивидуальный'" />
    </UnitTest>
    <UnitTest name="Страница командной контрольной: можно удалить команду" storage="/azp/_work/1/s/bin/debug/net6.0/odinuitests.dll" id="122f8a4e-d67a-d20e-7dd2-a2414bd8b195">
      <Execution id="a56cf29f-7129-40fe-b755-1da27e03964d" />
      <TestMethod codeBase="/azp/_work/1/s/bin/Debug/net6.0/OdinUiTests.dll" adapterTypeName="executor://nunit3testexecutor/" className="OdinUiTests.Tests.Activity.TestCommandActivityTests" name="Страница командной контрольной: можно удалить команду" />
    </UnitTest>
    <UnitTest name="Страница дисциплины: отсутствия доступа к кнопке 'Открыть чат дисциплины', если чат дисциплины заблокирован" storage="/azp/_work/1/s/bin/debug/net6.0/odinuitests.dll" id="d70fa4b5-6936-17b6-6610-a4a0287009c3">
      <Execution id="00778b71-af7c-4777-af40-d6186e6fecc9" />
      <TestMethod codeBase="/azp/_work/1/s/bin/Debug/net6.0/OdinUiTests.dll" adapterTypeName="executor://nunit3testexecutor/" className="OdinUiTests.Tests.Discipline.DisciplineChatBlockTests" name="Страница дисциплины: отсутствия доступа к кнопке 'Открыть чат дисциплины', если чат дисциплины заблокирован" />
    </UnitTest>
    <UnitTest name="Редактирование шаблона активности: можно переключать значения в поле 'Тип активности'" storage="/azp/_work/1/s/bin/debug/net6.0/odinuitests.dll" id="affe17d8-cf90-1b44-26a5-930325023634">
      <Execution id="48b74063-ed96-4c05-9661-f3fb27b7f369" />
      <TestMethod codeBase="/azp/_work/1/s/bin/Debug/net6.0/OdinUiTests.dll" adapterTypeName="executor://nunit3testexecutor/" className="OdinUiTests.Tests.Activity.TemplateEditingTests" name="Редактирование шаблона активности: можно переключать значения в поле 'Тип активности'" />
    </UnitTest>
    <UnitTest name="Результат прохождения: можно отметить 'Не верно' ответ вопроса, который был отмечен как 'Верно'" storage="/azp/_work/1/s/bin/debug/net6.0/odinuitests.dll" id="39d6e622-2d3a-7c72-8a50-27a6f3659fb2">
      <Execution id="aed925c7-9283-419b-9f27-84a86ab7bb8d" />
      <TestMethod codeBase="/azp/_work/1/s/bin/Debug/net6.0/OdinUiTests.dll" adapterTypeName="executor://nunit3testexecutor/" className="OdinUiTests.Tests.Activity.TestActivityResultTests" name="Результат прохождения: можно отметить 'Не верно' ответ вопроса, который был отмечен как 'Верно'" />
    </UnitTest>
    <UnitTest name="Страница аналитика дисциплины: можно перейти в рассылку уведомлений" storage="/azp/_work/1/s/bin/debug/net6.0/odinuitests.dll" id="4536b1a4-2b12-204c-4bdc-47d605daf463">
      <Execution id="669dad77-76c6-4b3f-b4c4-2af5f04da77a" />
      <TestMethod codeBase="/azp/_work/1/s/bin/Debug/net6.0/OdinUiTests.dll" adapterTypeName="executor://nunit3testexecutor/" className="OdinUiTests.Tests.Discipline.DisciplineAnalyticsTests" name="Страница аналитика дисциплины: можно перейти в рассылку уведомлений" />
    </UnitTest>
    <UnitTest name="Результат прохождения: можно отметить 'Верно' ответ вопроса с типом ответа свободный ответ или файл" storage="/azp/_work/1/s/bin/debug/net6.0/odinuitests.dll" id="4d8c25f0-d7bd-92ed-37ad-d86c2d55245a">
      <Execution id="70273882-b91d-4c97-95f5-eb8e3deb3339" />
      <TestMethod codeBase="/azp/_work/1/s/bin/Debug/net6.0/OdinUiTests.dll" adapterTypeName="executor://nunit3testexecutor/" className="OdinUiTests.Tests.Activity.TestActivityResultTests" name="Результат прохождения: можно отметить 'Верно' ответ вопроса с типом ответа свободный ответ или файл" />
    </UnitTest>
    <UnitTest name="Отображается заглушка в режиме Расписание, если нет событий" storage="/azp/_work/1/s/bin/debug/net6.0/odinuitests.dll" id="d1086f3c-5f1e-6187-cb9f-70a10e3bc7d0">
      <Execution id="3953f2ac-9565-4bf6-9077-10038cf24c84" />
      <TestMethod codeBase="/azp/_work/1/s/bin/Debug/net6.0/OdinUiTests.dll" adapterTypeName="executor://nunit3testexecutor/" className="OdinUiTests.Tests.Schedule.ScheduleTests" name="Отображается заглушка в режиме Расписание, если нет событий" />
    </UnitTest>
    <UnitTest name="Конструктор теста: можно добавить вопрос с типом ответа “Сортировка”" storage="/azp/_work/1/s/bin/debug/net6.0/odinuitests.dll" id="6644673e-93ba-aec8-d940-cf487df41102">
      <Execution id="a2204f4c-cb87-46ba-bbc5-713db7937b15" />
      <TestMethod codeBase="/azp/_work/1/s/bin/Debug/net6.0/OdinUiTests.dll" adapterTypeName="executor://nunit3testexecutor/" className="OdinUiTests.Tests.Library.TestAddingQuestionsTests" name="Конструктор теста: можно добавить вопрос с типом ответа “Сортировка”" />
    </UnitTest>
    <UnitTest name="Редактирование контрольной: можно добавить материал типа текст из библиотеки" storage="/azp/_work/1/s/bin/debug/net6.0/odinuitests.dll" id="578a090e-de90-a9cf-7fad-ae610cdb14b0">
      <Execution id="08290fac-3f77-4e9e-8f20-331733495a65" />
      <TestMethod codeBase="/azp/_work/1/s/bin/Debug/net6.0/OdinUiTests.dll" adapterTypeName="executor://nunit3testexecutor/" className="OdinUiTests.Tests.Activity.TestActivityAddingTests" name="Редактирование контрольной: можно добавить материал типа текст из библиотеки" />
    </UnitTest>
    <UnitTest name="Создание дисциплины: после снятии галки ‘Все студенты потока’ появляется поля Группы и Студенты" storage="/azp/_work/1/s/bin/debug/net6.0/odinuitests.dll" id="c051f8d1-5715-d750-7cf9-3203ad4b5bd1">
      <Execution id="88ee095b-abd9-4c9d-a330-611cae334ad1" />
      <TestMethod codeBase="/azp/_work/1/s/bin/Debug/net6.0/OdinUiTests.dll" adapterTypeName="executor://nunit3testexecutor/" className="OdinUiTests.Tests.Discipline.DisContingentCreationValidationTests" name="Создание дисциплины: после снятии галки ‘Все студенты потока’ появляется поля Группы и Студенты" />
    </UnitTest>
    <UnitTest name="Редактирование активности: автоматическое переключение на самостоятельное изучение при выборе конкретных типов" storage="/azp/_work/1/s/bin/debug/net6.0/odinuitests.dll" id="ca1f6b33-d26d-60f5-fffb-566ce5205d52">
      <Execution id="bfeeba66-417b-4a57-9af4-156a3a749095" />
      <TestMethod codeBase="/azp/_work/1/s/bin/Debug/net6.0/OdinUiTests.dll" adapterTypeName="executor://nunit3testexecutor/" className="OdinUiTests.Tests.Activity.ActivityEditingFormatTests" name="Редактирование активности: автоматическое переключение на самостоятельное изучение при выборе конкретных типов" />
    </UnitTest>
    <UnitTest name="Редактирование контрольной: ошибка валидации при отрицательным значением в поле 'Временной лимит'" storage="/azp/_work/1/s/bin/debug/net6.0/odinuitests.dll" id="179625b8-7e29-8b73-9bb4-61655b34e299">
      <Execution id="5f760592-15ce-4865-a84e-2c3a0401a823" />
      <TestMethod codeBase="/azp/_work/1/s/bin/Debug/net6.0/OdinUiTests.dll" adapterTypeName="executor://nunit3testexecutor/" className="OdinUiTests.Tests.Activity.TestActivityEditingTests" name="Редактирование контрольной: ошибка валидации при отрицательным значением в поле 'Временной лимит'" />
    </UnitTest>
    <UnitTest name="Редактирование дисциплины: успешное сохранение, если обе даты корректно заполнены" storage="/azp/_work/1/s/bin/debug/net6.0/odinuitests.dll" id="693eff82-1c67-fdd6-eae1-9f510e5dbd34">
      <Execution id="ba7e895a-e145-491d-b88f-1d6610d2bd5e" />
      <TestMethod codeBase="/azp/_work/1/s/bin/Debug/net6.0/OdinUiTests.dll" adapterTypeName="executor://nunit3testexecutor/" className="OdinUiTests.Tests.Discipline.DisciplineDurationTests" name="Редактирование дисциплины: успешное сохранение, если обе даты корректно заполнены" />
    </UnitTest>
    <UnitTest name="Список чатов - групповой чат: можно раскрывать изображения" storage="/azp/_work/1/s/bin/debug/net6.0/odinuitests.dll" id="84e96ac4-1fe5-86b2-9375-337b2f68960e">
      <Execution id="8f991cbe-464a-4b23-95cf-b6bfb9fc572c" />
      <TestMethod codeBase="/azp/_work/1/s/bin/Debug/net6.0/OdinUiTests.dll" adapterTypeName="executor://nunit3testexecutor/" className="OdinUiTests.Tests.Chat.GroupChatTests" name="Список чатов - групповой чат: можно раскрывать изображения" />
    </UnitTest>
    <UnitTest name="Редактирование активности: успешное сохранение, если заполнена только дата начала" storage="/azp/_work/1/s/bin/debug/net6.0/odinuitests.dll" id="33d84a51-ba3a-6750-5e59-0c76779ae702">
      <Execution id="668f5ad2-db5b-4851-9814-f71e2390a574" />
      <TestMethod codeBase="/azp/_work/1/s/bin/Debug/net6.0/OdinUiTests.dll" adapterTypeName="executor://nunit3testexecutor/" className="OdinUiTests.Tests.Activity.ActivityDurationTests" name="Редактирование активности: успешное сохранение, если заполнена только дата начала" />
    </UnitTest>
    <UnitTest name="Создание потока: можно создать поток, заполнив поле ‘Максимальное количество студентов’" storage="/azp/_work/1/s/bin/debug/net6.0/odinuitests.dll" id="036a3e5d-7cda-31c2-f3cb-864a26d0097d">
      <Execution id="db63e990-ac22-42ab-aeb0-bc090f7583a1" />
      <TestMethod codeBase="/azp/_work/1/s/bin/Debug/net6.0/OdinUiTests.dll" adapterTypeName="executor://nunit3testexecutor/" className="OdinUiTests.Tests.Cohort.CohortCreationTests" name="Создание потока: можно создать поток, заполнив поле ‘Максимальное количество студентов’" />
    </UnitTest>
    <UnitTest name="Работает кнопка Редактировать" storage="/azp/_work/1/s/bin/debug/net6.0/odinuitests.dll" id="6b0a2d90-ad80-1988-54ae-9e83fd2ffa5e">
      <Execution id="341d148c-607b-474b-853f-d180a55ac83f" />
      <TestMethod codeBase="/azp/_work/1/s/bin/Debug/net6.0/OdinUiTests.dll" adapterTypeName="executor://nunit3testexecutor/" className="OdinUiTests.Tests.Division.DivisionPageTests" name="Работает кнопка Редактировать" />
    </UnitTest>
    <UnitTest name="Создание дисциплины: в выпадающем списке поля Группы отображаются только группы потока" storage="/azp/_work/1/s/bin/debug/net6.0/odinuitests.dll" id="597466f3-f67f-05d2-1832-0fc509d6df4f">
      <Execution id="ffaffab7-6566-4051-8e05-cd22202f9c91" />
      <TestMethod codeBase="/azp/_work/1/s/bin/Debug/net6.0/OdinUiTests.dll" adapterTypeName="executor://nunit3testexecutor/" className="OdinUiTests.Tests.Discipline.DisContingentCreationValidationTests" name="Создание дисциплины: в выпадающем списке поля Группы отображаются только группы потока" />
    </UnitTest>
    <UnitTest name="Редактирование потока ДО (СЗ): нет возможности изменить даты потока, если в нем есть слушатели" storage="/azp/_work/1/s/bin/debug/net6.0/odinuitests.dll" id="c506c4c4-9cae-8a11-17a7-3c1fa36f9c04">
      <Execution id="f149f72a-9be6-4d6f-b5a0-0bbefaae37f7" />
      <TestMethod codeBase="/azp/_work/1/s/bin/Debug/net6.0/OdinUiTests.dll" adapterTypeName="executor://nunit3testexecutor/" className="OdinUiTests.Tests.Cohort.CohortEditingValidationTests" name="Редактирование потока ДО (СЗ): нет возможности изменить даты потока, если в нем есть слушатели" />
    </UnitTest>
    <UnitTest name="Создание потока: можно создать поток без исправления длительности потока" storage="/azp/_work/1/s/bin/debug/net6.0/odinuitests.dll" id="e7bd0d96-b4e4-83c5-ee9a-b6a12ab49ed2">
      <Execution id="108dc582-3425-4d9f-bfb1-9669caf95818" />
      <TestMethod codeBase="/azp/_work/1/s/bin/Debug/net6.0/OdinUiTests.dll" adapterTypeName="executor://nunit3testexecutor/" className="OdinUiTests.Tests.Cohort.CohortCreationWarningModalTests" name="Создание потока: можно создать поток без исправления длительности потока" />
    </UnitTest>
    <UnitTest name="Редактирование шаблона активности: отображение ошибки валидации для поля 'Объём' с значением &gt; 100" storage="/azp/_work/1/s/bin/debug/net6.0/odinuitests.dll" id="87fdff37-c751-b85e-1e39-a252b9a31448">
      <Execution id="d9f27117-0a33-400d-954d-5daa8111ab47" />
      <TestMethod codeBase="/azp/_work/1/s/bin/Debug/net6.0/OdinUiTests.dll" adapterTypeName="executor://nunit3testexecutor/" className="OdinUiTests.Tests.Activity.TemplateEditingValidationTests" name="Редактирование шаблона активности: отображение ошибки валидации для поля 'Объём' с значением &gt; 100" />
    </UnitTest>
    <UnitTest name="Конструктор теста-тренажера: можно изменить комментарий к варианту ответа" storage="/azp/_work/1/s/bin/debug/net6.0/odinuitests.dll" id="66315720-2e8f-5e11-250b-d5028e9fa527">
      <Execution id="eb6c88d3-73b9-41bb-93e3-6ace875c3783" />
      <TestMethod codeBase="/azp/_work/1/s/bin/Debug/net6.0/OdinUiTests.dll" adapterTypeName="executor://nunit3testexecutor/" className="OdinUiTests.Tests.Library.TestTrainQuestionAnswersValidationTests" name="Конструктор теста-тренажера: можно изменить комментарий к варианту ответа" />
    </UnitTest>
    <UnitTest name="Создание потока ДО: можно создать поток, если все обязательные поля корректно заполнены" storage="/azp/_work/1/s/bin/debug/net6.0/odinuitests.dll" id="10a0b907-da6a-6ebf-b065-51075f117fe7">
      <Execution id="9470e5b9-144e-4ff9-b514-759c3d32f7c9" />
      <TestMethod codeBase="/azp/_work/1/s/bin/Debug/net6.0/OdinUiTests.dll" adapterTypeName="executor://nunit3testexecutor/" className="OdinUiTests.Tests.Cohort.CohortCreationTests" name="Создание потока ДО: можно создать поток, если все обязательные поля корректно заполнены" />
    </UnitTest>
    <UnitTest name="Конструктор теста-тренажера: можно добавить блок" storage="/azp/_work/1/s/bin/debug/net6.0/odinuitests.dll" id="49575d02-e263-6780-2d93-4a6baada1042">
      <Execution id="2b17895f-1243-41b6-9c27-f6b4a15177ba" />
      <TestMethod codeBase="/azp/_work/1/s/bin/Debug/net6.0/OdinUiTests.dll" adapterTypeName="executor://nunit3testexecutor/" className="OdinUiTests.Tests.Library.TestTrainBlocksAndVariantsValidationTests" name="Конструктор теста-тренажера: можно добавить блок" />
    </UnitTest>
    <UnitTest name="Страница индивидуальной контрольной: статус ожидает проверки, если в попытке есть хотя бы один вопрос, требующий проверки" storage="/azp/_work/1/s/bin/debug/net6.0/odinuitests.dll" id="1cc86785-179a-1935-004c-db5a10c57e44">
      <Execution id="524afa84-1b9a-4908-bcf2-631841c96949" />
      <TestMethod codeBase="/azp/_work/1/s/bin/Debug/net6.0/OdinUiTests.dll" adapterTypeName="executor://nunit3testexecutor/" className="OdinUiTests.Tests.Activity.TestActivityStatusWithOneAttemptTests" name="Страница индивидуальной контрольной: статус ожидает проверки, если в попытке есть хотя бы один вопрос, требующий проверки" />
    </UnitTest>
    <UnitTest name="Проверка некорректного подключения к синхронизации с Google календарем" storage="/azp/_work/1/s/bin/debug/net6.0/odinuitests.dll" id="cb9d0c98-e853-302e-ed02-acc18ba7a8cb">
      <Execution id="06302a64-326a-4186-88d1-452df5c69683" />
      <TestMethod codeBase="/azp/_work/1/s/bin/Debug/net6.0/OdinUiTests.dll" adapterTypeName="executor://nunit3testexecutor/" className="OdinUiTests.Tests.Schedule.ScheduleSettingsTests" name="Проверка некорректного подключения к синхронизации с Google календарем" />
    </UnitTest>
    <UnitTest name="Редактирование дисциплины: в выпадающем списке поля Группы отображаются только группы потока" storage="/azp/_work/1/s/bin/debug/net6.0/odinuitests.dll" id="d9fef17c-a951-1fd0-3045-be3ee7163a4a">
      <Execution id="68a96998-031a-42ae-bba2-4ad9855d09f1" />
      <TestMethod codeBase="/azp/_work/1/s/bin/Debug/net6.0/OdinUiTests.dll" adapterTypeName="executor://nunit3testexecutor/" className="OdinUiTests.Tests.Discipline.DisContingentEditingValidationTests" name="Редактирование дисциплины: в выпадающем списке поля Группы отображаются только группы потока" />
    </UnitTest>
    <UnitTest name="Cоздание активности: можно создать активность в дисциплине в модуле" storage="/azp/_work/1/s/bin/debug/net6.0/odinuitests.dll" id="7c8c27e6-5f2d-f8b9-17b7-0e554c428bb9">
      <Execution id="c7620a93-c290-4bbe-a1f0-ba11e12253ba" />
      <TestMethod codeBase="/azp/_work/1/s/bin/Debug/net6.0/OdinUiTests.dll" adapterTypeName="executor://nunit3testexecutor/" className="OdinUiTests.Tests.Activity.ActivityCreatingTests" name="Cоздание активности: можно создать активность в дисциплине в модуле" />
    </UnitTest>
    <UnitTest name="Редактирование активности: можно добавить материал типа текст из библиотеки" storage="/azp/_work/1/s/bin/debug/net6.0/odinuitests.dll" id="11c22979-58a7-7dc7-cec6-e476f05a742b">
      <Execution id="0d3039bb-a04c-49fc-a84c-600d6fab1997" />
      <TestMethod codeBase="/azp/_work/1/s/bin/Debug/net6.0/OdinUiTests.dll" adapterTypeName="executor://nunit3testexecutor/" className="OdinUiTests.Tests.Activity.ActivityAddingTests" name="Редактирование активности: можно добавить материал типа текст из библиотеки" />
    </UnitTest>
    <UnitTest name="Редактирование потока: нет возможности удалить поток, если есть хотя бы одна дисциплина или семестр" storage="/azp/_work/1/s/bin/debug/net6.0/odinuitests.dll" id="e3c788c4-9f38-f0d1-0f76-b0577fc9ebe1">
      <Execution id="db84572f-b5a1-443b-96d9-73f8cb60a9f7" />
      <TestMethod codeBase="/azp/_work/1/s/bin/Debug/net6.0/OdinUiTests.dll" adapterTypeName="executor://nunit3testexecutor/" className="OdinUiTests.Tests.Cohort.CohortEditingValidationTests" name="Редактирование потока: нет возможности удалить поток, если есть хотя бы одна дисциплина или семестр" />
    </UnitTest>
    <UnitTest name="Страница шаблона дисциплины: можно добавить тему" storage="/azp/_work/1/s/bin/debug/net6.0/odinuitests.dll" id="c55510f0-0e78-a526-4e2e-0d125599cb34">
      <Execution id="09008173-4b91-4747-af20-c348d2db9e16" />
      <TestMethod codeBase="/azp/_work/1/s/bin/Debug/net6.0/OdinUiTests.dll" adapterTypeName="executor://nunit3testexecutor/" className="OdinUiTests.Tests.Discipline.DisTemplateTests" name="Страница шаблона дисциплины: можно добавить тему" />
    </UnitTest>
    <UnitTest name="Редактирование контрольной: отображение ошибки валидации для поля 'Количество попыток сдачи' с значением '0'" storage="/azp/_work/1/s/bin/debug/net6.0/odinuitests.dll" id="d28a03eb-b85a-14a9-f631-d3105779f09a">
      <Execution id="c2c7c72a-49af-408f-ae59-7ac7e7a4ac1b" />
      <TestMethod codeBase="/azp/_work/1/s/bin/Debug/net6.0/OdinUiTests.dll" adapterTypeName="executor://nunit3testexecutor/" className="OdinUiTests.Tests.Activity.TestActivityEditingTests" name="Редактирование контрольной: отображение ошибки валидации для поля 'Количество попыток сдачи' с значением '0'" />
    </UnitTest>
    <UnitTest name="Страница аналитика дисциплины: отображается заглушка, если в дисциплине нет студентов или активностей" storage="/azp/_work/1/s/bin/debug/net6.0/odinuitests.dll" id="bb17a9fd-7898-9aba-aa70-6421975d8071">
      <Execution id="fc283060-8df4-4e1a-be3a-7d241d2680ea" />
      <TestMethod codeBase="/azp/_work/1/s/bin/Debug/net6.0/OdinUiTests.dll" adapterTypeName="executor://nunit3testexecutor/" className="OdinUiTests.Tests.Discipline.DisciplineAnalyticsTests" name="Страница аналитика дисциплины: отображается заглушка, если в дисциплине нет студентов или активностей" />
    </UnitTest>
    <UnitTest name="Библиотека студента: недоступно создание материалов кроме добавления файла и создания текстового материала" storage="/azp/_work/1/s/bin/debug/net6.0/odinuitests.dll" id="03ba1923-c55e-38be-1a10-a26a40017b0c">
      <Execution id="87999fe1-d041-4633-999a-5cc3574ea3fb" />
      <TestMethod codeBase="/azp/_work/1/s/bin/Debug/net6.0/OdinUiTests.dll" adapterTypeName="executor://nunit3testexecutor/" className="OdinUiTests.Tests.Library.StudentLibraryTests" name="Библиотека студента: недоступно создание материалов кроме добавления файла и создания текстового материала" />
    </UnitTest>
    <UnitTest name="Список чатов - групповой чат: можно удалить сообщение" storage="/azp/_work/1/s/bin/debug/net6.0/odinuitests.dll" id="5c761efb-3ab3-7c37-22f8-1afed1ef02df">
      <Execution id="33e4c154-38e7-4569-a4d0-cda4f960276e" />
      <TestMethod codeBase="/azp/_work/1/s/bin/Debug/net6.0/OdinUiTests.dll" adapterTypeName="executor://nunit3testexecutor/" className="OdinUiTests.Tests.Chat.GroupChatTests" name="Список чатов - групповой чат: можно удалить сообщение" />
    </UnitTest>
    <UnitTest name="Конструктор теста-тренажера: можно изменить уровень усвоения в добавленном теге знаний" storage="/azp/_work/1/s/bin/debug/net6.0/odinuitests.dll" id="128f317f-3f70-3b68-da6f-277fc5d6163e">
      <Execution id="4cab0e1f-1046-48df-b610-d57f6fd48711" />
      <TestMethod codeBase="/azp/_work/1/s/bin/Debug/net6.0/OdinUiTests.dll" adapterTypeName="executor://nunit3testexecutor/" className="OdinUiTests.Tests.Library.TestTrainSettingsValidationTests" name="Конструктор теста-тренажера: можно изменить уровень усвоения в добавленном теге знаний" />
    </UnitTest>
    <UnitTest name="Редактирование дисциплины: открепления преподавателя от дисциплины" storage="/azp/_work/1/s/bin/debug/net6.0/odinuitests.dll" id="c406669d-57b4-4913-dd09-68dc4162e40a">
      <Execution id="e9503b52-3fbf-4617-a049-10e3fb11ed17" />
      <TestMethod codeBase="/azp/_work/1/s/bin/Debug/net6.0/OdinUiTests.dll" adapterTypeName="executor://nunit3testexecutor/" className="OdinUiTests.Tests.Discipline.DisContingentEditingTests" name="Редактирование дисциплины: открепления преподавателя от дисциплины" />
    </UnitTest>
    <UnitTest name="Редактирование активности: отображение ошибки валидации для поля 'Объём' с значением '0'" storage="/azp/_work/1/s/bin/debug/net6.0/odinuitests.dll" id="bf0b0ed6-93e3-ee89-27a4-8510ec3c05b4">
      <Execution id="809623cf-8954-415f-b828-3701bd90f9c0" />
      <TestMethod codeBase="/azp/_work/1/s/bin/Debug/net6.0/OdinUiTests.dll" adapterTypeName="executor://nunit3testexecutor/" className="OdinUiTests.Tests.Activity.ActivityDurationTests" name="Редактирование активности: отображение ошибки валидации для поля 'Объём' с значением '0'" />
    </UnitTest>
    <UnitTest name="Проверка кликабельности кнопки Сегодня, если выбрана не сегодняшняя дата" storage="/azp/_work/1/s/bin/debug/net6.0/odinuitests.dll" id="372627ba-98be-3a65-1c16-1c0d00192966">
      <Execution id="618bb637-f7db-47ff-afb2-8b978092d37d" />
      <TestMethod codeBase="/azp/_work/1/s/bin/Debug/net6.0/OdinUiTests.dll" adapterTypeName="executor://nunit3testexecutor/" className="OdinUiTests.Tests.Schedule.ScheduleTests" name="Проверка кликабельности кнопки Сегодня, если выбрана не сегодняшняя дата" />
    </UnitTest>
    <UnitTest name="Список чатов - комната дисциплины: можно отправить сообщения по нажатию на Enter" storage="/azp/_work/1/s/bin/debug/net6.0/odinuitests.dll" id="5672deb5-64d1-7afd-50a1-54c32c8dbeb1">
      <Execution id="0d45b6a1-5964-4192-9f22-023aa4516a0d" />
      <TestMethod codeBase="/azp/_work/1/s/bin/Debug/net6.0/OdinUiTests.dll" adapterTypeName="executor://nunit3testexecutor/" className="OdinUiTests.Tests.Chat.DisciplineChatTests" name="Список чатов - комната дисциплины: можно отправить сообщения по нажатию на Enter" />
    </UnitTest>
    <UnitTest name="Библиотека, плиточный вид: можно удалить материал" storage="/azp/_work/1/s/bin/debug/net6.0/odinuitests.dll" id="d1aa405b-40f0-4f14-e25f-26f965150240">
      <Execution id="07f08c4f-8ae9-4fc1-8418-c03d5cef7eb4" />
      <TestMethod codeBase="/azp/_work/1/s/bin/Debug/net6.0/OdinUiTests.dll" adapterTypeName="executor://nunit3testexecutor/" className="OdinUiTests.Tests.Library.LibraryInTileViewTests" name="Библиотека, плиточный вид: можно удалить материал" />
    </UnitTest>
    <UnitTest name="Можно редактировать решения" storage="/azp/_work/1/s/bin/debug/net6.0/odinuitests.dll" id="e96ace93-f2e4-1cc8-213f-f3bebbfc4368">
      <Execution id="4ccd72fe-cd9c-4b68-8cec-4cd7961608dd" />
      <TestMethod codeBase="/azp/_work/1/s/bin/Debug/net6.0/OdinUiTests.dll" adapterTypeName="executor://nunit3testexecutor/" className="OdinUiTests.Tests.Activity.TaskWithSolutionStudentTests" name="Можно редактировать решения" />
    </UnitTest>
    <UnitTest name="Чат на странице решения: можно добавить реакцию на сообщение" storage="/azp/_work/1/s/bin/debug/net6.0/odinuitests.dll" id="e76ffd5c-4292-51c7-41ca-614e26be80fe">
      <Execution id="2917d93a-1bfc-4aaf-a71f-b7770b262442" />
      <TestMethod codeBase="/azp/_work/1/s/bin/Debug/net6.0/OdinUiTests.dll" adapterTypeName="executor://nunit3testexecutor/" className="OdinUiTests.Tests.Chat.TaskPageMiniChatTests" name="Чат на странице решения: можно добавить реакцию на сообщение" />
    </UnitTest>
    <UnitTest name="Чат на странице решения: можно удалить сообщение" storage="/azp/_work/1/s/bin/debug/net6.0/odinuitests.dll" id="61c2d682-8402-2c84-5509-2ef8e6164a80">
      <Execution id="0b4e41b0-757d-400a-a93e-0d38a8b4b766" />
      <TestMethod codeBase="/azp/_work/1/s/bin/Debug/net6.0/OdinUiTests.dll" adapterTypeName="executor://nunit3testexecutor/" className="OdinUiTests.Tests.Chat.TaskPageMiniChatTests" name="Чат на странице решения: можно удалить сообщение" />
    </UnitTest>
    <UnitTest name="Страница оценок дисциплины: невозможности выставления оценки студентом" storage="/azp/_work/1/s/bin/debug/net6.0/odinuitests.dll" id="ae9dbbdb-9892-5a6b-166f-e7b658456727">
      <Execution id="d307790c-e85f-49c4-8005-1bc4117e5d02" />
      <TestMethod codeBase="/azp/_work/1/s/bin/Debug/net6.0/OdinUiTests.dll" adapterTypeName="executor://nunit3testexecutor/" className="OdinUiTests.Tests.Discipline.DisciplineStudentTests" name="Страница оценок дисциплины: невозможности выставления оценки студентом" />
    </UnitTest>
    <UnitTest name="Редактирование контрольной: поле 'Режим выполнения' некликабельно" storage="/azp/_work/1/s/bin/debug/net6.0/odinuitests.dll" id="e7a552a7-4893-933f-8e83-941fec5ddef6">
      <Execution id="2b68a5e2-5755-4837-a58c-148602f4d2f4" />
      <TestMethod codeBase="/azp/_work/1/s/bin/Debug/net6.0/OdinUiTests.dll" adapterTypeName="executor://nunit3testexecutor/" className="OdinUiTests.Tests.Activity.TestActivityEditingTests" name="Редактирование контрольной: поле 'Режим выполнения' некликабельно" />
    </UnitTest>
    <UnitTest name="Редактирование профиля пользователя: можно изменить город" storage="/azp/_work/1/s/bin/debug/net6.0/odinuitests.dll" id="1b6185ea-b463-8265-951e-1746dd52d747">
      <Execution id="60fed0a4-9f3e-4d80-8504-956673e31e79" />
      <TestMethod codeBase="/azp/_work/1/s/bin/Debug/net6.0/OdinUiTests.dll" adapterTypeName="executor://nunit3testexecutor/" className="OdinUiTests.Tests.UserProfile.AddressAndContactsEditingTests" name="Редактирование профиля пользователя: можно изменить город" />
    </UnitTest>
    <UnitTest name="Прохождение теста: после прохождения количество попыток уменьшилось на один" storage="/azp/_work/1/s/bin/debug/net6.0/odinuitests.dll" id="ae1a1826-a36e-5f8c-01dc-f55903a7558e">
      <Execution id="bf03d433-d802-4b42-bf0e-006619b5cce0" />
      <TestMethod codeBase="/azp/_work/1/s/bin/Debug/net6.0/OdinUiTests.dll" adapterTypeName="executor://nunit3testexecutor/" className="OdinUiTests.Tests.Activity.TestActivityPassingTests" name="Прохождение теста: после прохождения количество попыток уменьшилось на один" />
    </UnitTest>
    <UnitTest name="Конструктор теста: можно изменить время изучения" storage="/azp/_work/1/s/bin/debug/net6.0/odinuitests.dll" id="f2b6a4f0-63d8-5c1f-3951-32d46e9d56be">
      <Execution id="4eab4f6c-278b-4af8-9ac7-89912213b3c4" />
      <TestMethod codeBase="/azp/_work/1/s/bin/Debug/net6.0/OdinUiTests.dll" adapterTypeName="executor://nunit3testexecutor/" className="OdinUiTests.Tests.Library.TestSettingsValidationTests" name="Конструктор теста: можно изменить время изучения" />
    </UnitTest>
    <UnitTest name="Редактирование активности: невозможно удалить активность с оценками" storage="/azp/_work/1/s/bin/debug/net6.0/odinuitests.dll" id="2ac65478-ded4-04b2-3956-509310f22c3f">
      <Execution id="478f7ee8-631b-443d-9d87-42f4e97c5bb5" />
      <TestMethod codeBase="/azp/_work/1/s/bin/Debug/net6.0/OdinUiTests.dll" adapterTypeName="executor://nunit3testexecutor/" className="OdinUiTests.Tests.Activity.ActivityEditingTests" name="Редактирование активности: невозможно удалить активность с оценками" />
    </UnitTest>
    <UnitTest name="Можно посмотреть список архивных программ" storage="/azp/_work/1/s/bin/debug/net6.0/odinuitests.dll" id="be2351d3-2809-0c28-5c6e-fa869c611bee">
      <Execution id="4a6e2cc4-6a2d-4e23-ae2c-f0cfc89fb40d" />
      <TestMethod codeBase="/azp/_work/1/s/bin/Debug/net6.0/OdinUiTests.dll" adapterTypeName="executor://nunit3testexecutor/" className="OdinUiTests.Tests.Division.DivisionPageTests" name="Можно посмотреть список архивных программ" />
    </UnitTest>
    <UnitTest name="Конструктор теста-тренажера: можно изменить комментарий к вопросу" storage="/azp/_work/1/s/bin/debug/net6.0/odinuitests.dll" id="46381e42-cb30-04a8-e989-03e05f063020">
      <Execution id="94dc57eb-ee01-4d61-8a53-4a79b45e9a84" />
      <TestMethod codeBase="/azp/_work/1/s/bin/Debug/net6.0/OdinUiTests.dll" adapterTypeName="executor://nunit3testexecutor/" className="OdinUiTests.Tests.Library.TestTrainQuestionsValidationTests" name="Конструктор теста-тренажера: можно изменить комментарий к вопросу" />
    </UnitTest>
    <UnitTest name="Конструктор теста: можно добавить вопрос с типом ответа “Свободный ответ” - “Ручная проверка”" storage="/azp/_work/1/s/bin/debug/net6.0/odinuitests.dll" id="400fb931-55fb-694b-4838-1a9e2a23b8d6">
      <Execution id="69913ff8-d392-4704-a87e-7593e9afcd61" />
      <TestMethod codeBase="/azp/_work/1/s/bin/Debug/net6.0/OdinUiTests.dll" adapterTypeName="executor://nunit3testexecutor/" className="OdinUiTests.Tests.Library.TestAddingQuestionsTests" name="Конструктор теста: можно добавить вопрос с типом ответа “Свободный ответ” - “Ручная проверка”" />
    </UnitTest>
    <UnitTest name="Список чатов - обсуждение решения: можно отправить сообщения по нажатию на Enter" storage="/azp/_work/1/s/bin/debug/net6.0/odinuitests.dll" id="151cb6e8-bb7d-8464-ee02-02f6e66be372">
      <Execution id="81b87426-8b17-4fb2-b1b3-2f7850df0786" />
      <TestMethod codeBase="/azp/_work/1/s/bin/Debug/net6.0/OdinUiTests.dll" adapterTypeName="executor://nunit3testexecutor/" className="OdinUiTests.Tests.Chat.TaskChatTests" name="Список чатов - обсуждение решения: можно отправить сообщения по нажатию на Enter" />
    </UnitTest>
    <UnitTest name="Работает кнопка закрепления/открепления из главного меню для студента" storage="/azp/_work/1/s/bin/debug/net6.0/odinuitests.dll" id="b4a0f2f8-b893-b1a7-1344-381e03a8c57d">
      <Execution id="f6aac067-aaad-48a1-97c2-b3a9f993fe19" />
      <TestMethod codeBase="/azp/_work/1/s/bin/Debug/net6.0/OdinUiTests.dll" adapterTypeName="executor://nunit3testexecutor/" className="OdinUiTests.Tests.Discipline.DisciplineStudentTests" name="Работает кнопка закрепления/открепления из главного меню для студента" />
    </UnitTest>
    <UnitTest name="Чат на странице решения: можно отправить текстовое сообщение" storage="/azp/_work/1/s/bin/debug/net6.0/odinuitests.dll" id="761b541f-c40d-22b7-640a-45366333efbe">
      <Execution id="0629afdf-3f4f-41ac-b7da-4ec12e592142" />
      <TestMethod codeBase="/azp/_work/1/s/bin/Debug/net6.0/OdinUiTests.dll" adapterTypeName="executor://nunit3testexecutor/" className="OdinUiTests.Tests.Chat.TaskPageMiniChatTests" name="Чат на странице решения: можно отправить текстовое сообщение" />
    </UnitTest>
    <UnitTest name="Страница профиля пользователя: кнопка 'Редактировать' работает для пользователя" storage="/azp/_work/1/s/bin/debug/net6.0/odinuitests.dll" id="889c6966-c26e-b840-b4b9-ac9c49001f10">
      <Execution id="b649bc9e-3fd8-421e-a82b-103eefb37e3d" />
      <TestMethod codeBase="/azp/_work/1/s/bin/Debug/net6.0/OdinUiTests.dll" adapterTypeName="executor://nunit3testexecutor/" className="OdinUiTests.Tests.UserProfile.UserInfoPageTests" name="Страница профиля пользователя: кнопка 'Редактировать' работает для пользователя" />
    </UnitTest>
    <UnitTest name="Конструктор теста: можно добавить комментарий к варианту ответа" storage="/azp/_work/1/s/bin/debug/net6.0/odinuitests.dll" id="fe0cba57-12b2-42e9-e03f-35d22cb4a1ce">
      <Execution id="e6a2b98b-cc65-4d6e-bf41-b765b3528e8b" />
      <TestMethod codeBase="/azp/_work/1/s/bin/Debug/net6.0/OdinUiTests.dll" adapterTypeName="executor://nunit3testexecutor/" className="OdinUiTests.Tests.Library.TestQuestionAnswersValidationTests" name="Конструктор теста: можно добавить комментарий к варианту ответа" />
    </UnitTest>
    <UnitTest name="Страница индивидуальной контрольной: статус меняется, если преподаватель меняет минимальный порог баллов" storage="/azp/_work/1/s/bin/debug/net6.0/odinuitests.dll" id="f5cc7a55-5a82-ad13-1dfd-c37205d4b759">
      <Execution id="07a9f093-e65d-4605-8a17-2207cc472d7a" />
      <TestMethod codeBase="/azp/_work/1/s/bin/Debug/net6.0/OdinUiTests.dll" adapterTypeName="executor://nunit3testexecutor/" className="OdinUiTests.Tests.Activity.TestActivityStatusWithOneAttemptTests" name="Страница индивидуальной контрольной: статус меняется, если преподаватель меняет минимальный порог баллов" />
    </UnitTest>
    <UnitTest name="Страница дисциплины: можно открыть мини-чат нажав 'Открыть чат дисциплины'" storage="/azp/_work/1/s/bin/debug/net6.0/odinuitests.dll" id="2243a6b1-c4e5-4da5-53ce-77ca719d885e">
      <Execution id="db5e04ee-b9b4-413b-b855-d3ca2a51d06f" />
      <TestMethod codeBase="/azp/_work/1/s/bin/Debug/net6.0/OdinUiTests.dll" adapterTypeName="executor://nunit3testexecutor/" className="OdinUiTests.Tests.Discipline.DisciplineRightMenuTests" name="Страница дисциплины: можно открыть мини-чат нажав 'Открыть чат дисциплины'" />
    </UnitTest>
    <UnitTest name="Конструктор теста: можно удалить теги знаний" storage="/azp/_work/1/s/bin/debug/net6.0/odinuitests.dll" id="f5e27c39-c2a8-bca6-5d96-92126c90cb92">
      <Execution id="cc425236-6e3d-4c11-b243-bcf5b69a6f97" />
      <TestMethod codeBase="/azp/_work/1/s/bin/Debug/net6.0/OdinUiTests.dll" adapterTypeName="executor://nunit3testexecutor/" className="OdinUiTests.Tests.Library.TestSettingsValidationTests" name="Конструктор теста: можно удалить теги знаний" />
    </UnitTest>
    <UnitTest name="Редактирование шаблона контрольной: можно переключать значения в поле 'Оценка по SCORM результату'" storage="/azp/_work/1/s/bin/debug/net6.0/odinuitests.dll" id="292e0379-7da4-8ac4-9e3f-450370bb2b79">
      <Execution id="d54d3205-d0ca-42cb-9108-bd18af71f1f5" />
      <TestMethod codeBase="/azp/_work/1/s/bin/Debug/net6.0/OdinUiTests.dll" adapterTypeName="executor://nunit3testexecutor/" className="OdinUiTests.Tests.Activity.TestTemplateEditingTests" name="Редактирование шаблона контрольной: можно переключать значения в поле 'Оценка по SCORM результату'" />
    </UnitTest>
    <UnitTest name="Редактирование дисциплины: добавление преподавателя по ссылке на профиль" storage="/azp/_work/1/s/bin/debug/net6.0/odinuitests.dll" id="e671112e-7572-5c45-0052-da82f913330c">
      <Execution id="1d2a13ba-a75b-48b7-9760-b74648a6c37f" />
      <TestMethod codeBase="/azp/_work/1/s/bin/Debug/net6.0/OdinUiTests.dll" adapterTypeName="executor://nunit3testexecutor/" className="OdinUiTests.Tests.Discipline.DisContingentEditingTests" name="Редактирование дисциплины: добавление преподавателя по ссылке на профиль" />
    </UnitTest>
    <UnitTest name="Конструктор теста: можно добавить вопрос с типом ответа “Выбор из вариантов”" storage="/azp/_work/1/s/bin/debug/net6.0/odinuitests.dll" id="d5df9b63-6068-2771-a452-19781d5663cc">
      <Execution id="e732ec00-ab45-4134-819b-d1654921c2f9" />
      <TestMethod codeBase="/azp/_work/1/s/bin/Debug/net6.0/OdinUiTests.dll" adapterTypeName="executor://nunit3testexecutor/" className="OdinUiTests.Tests.Library.TestAddingQuestionsTests" name="Конструктор теста: можно добавить вопрос с типом ответа “Выбор из вариантов”" />
    </UnitTest>
    <UnitTest name="Редактирование активности: отображение ошибки валидации для полей даты, если дата окончания меньше даты начала" storage="/azp/_work/1/s/bin/debug/net6.0/odinuitests.dll" id="dd8fdcf6-2034-eb46-18ee-401e2ec2602e">
      <Execution id="dc71059f-ff5c-4fa4-936f-9fd6330bfee8" />
      <TestMethod codeBase="/azp/_work/1/s/bin/Debug/net6.0/OdinUiTests.dll" adapterTypeName="executor://nunit3testexecutor/" className="OdinUiTests.Tests.Activity.ActivityDurationTests" name="Редактирование активности: отображение ошибки валидации для полей даты, если дата окончания меньше даты начала" />
    </UnitTest>
    <UnitTest name="Страница организации: работает переход к библиотеке организации" storage="/azp/_work/1/s/bin/debug/net6.0/odinuitests.dll" id="8000b5da-cd14-6f9e-2248-aa51777eff1b">
      <Execution id="fc2f7a3f-ee02-4d78-ad79-0a18c6989e32" />
      <TestMethod codeBase="/azp/_work/1/s/bin/Debug/net6.0/OdinUiTests.dll" adapterTypeName="executor://nunit3testexecutor/" className="OdinUiTests.Tests.Organization.OrganizationPageTests" name="Страница организации: работает переход к библиотеке организации" />
    </UnitTest>
    <UnitTest name="Создание потока: предупреждение о несоответствии длительности потока для программ длительностью 144 часа" storage="/azp/_work/1/s/bin/debug/net6.0/odinuitests.dll" id="568d5929-e1c7-5741-e788-2318268b1e5d">
      <Execution id="7ed51347-d164-4d11-91ac-66cb42e89b4d" />
      <TestMethod codeBase="/azp/_work/1/s/bin/Debug/net6.0/OdinUiTests.dll" adapterTypeName="executor://nunit3testexecutor/" className="OdinUiTests.Tests.Cohort.CohortCreationWarningModalTests" name="Создание потока: предупреждение о несоответствии длительности потока для программ длительностью 144 часа" />
    </UnitTest>
    <UnitTest name="Конструктор теста: можно дублировать вопрос" storage="/azp/_work/1/s/bin/debug/net6.0/odinuitests.dll" id="cb7a64f4-d7fc-a0d5-b259-65d6a2caedb5">
      <Execution id="4e56048c-4c84-47b8-8bf8-04988492c143" />
      <TestMethod codeBase="/azp/_work/1/s/bin/Debug/net6.0/OdinUiTests.dll" adapterTypeName="executor://nunit3testexecutor/" className="OdinUiTests.Tests.Library.TestBlocksAndVariantsValidationTests" name="Конструктор теста: можно дублировать вопрос" />
    </UnitTest>
    <UnitTest name="Редактирование дисциплины: отображение ошибки валидации для поля 'Название', если поле не заполнено" storage="/azp/_work/1/s/bin/debug/net6.0/odinuitests.dll" id="7fd2317b-fcbb-eaf7-aa35-cbf51fbdf387">
      <Execution id="a8c4a756-bae4-40a7-83c7-8b71b1c9cdc4" />
      <TestMethod codeBase="/azp/_work/1/s/bin/Debug/net6.0/OdinUiTests.dll" adapterTypeName="executor://nunit3testexecutor/" className="OdinUiTests.Tests.Discipline.DisciplineEditingValidationTests" name="Редактирование дисциплины: отображение ошибки валидации для поля 'Название', если поле не заполнено" />
    </UnitTest>
    <UnitTest name="Страница командной контрольной: можно добавить команду" storage="/azp/_work/1/s/bin/debug/net6.0/odinuitests.dll" id="76b5cd4d-f7bf-ab30-b757-097c33471d9d">
      <Execution id="1aa87b77-2682-4f74-8cdd-0667afd93a45" />
      <TestMethod codeBase="/azp/_work/1/s/bin/Debug/net6.0/OdinUiTests.dll" adapterTypeName="executor://nunit3testexecutor/" className="OdinUiTests.Tests.Activity.TestCommandActivityTests" name="Страница командной контрольной: можно добавить команду" />
    </UnitTest>
    <UnitTest name="Редактирование дисциплины: нет возможности редактировать у студента" storage="/azp/_work/1/s/bin/debug/net6.0/odinuitests.dll" id="e280d744-c668-5904-a50b-50b2dcd05890">
      <Execution id="2c97ebb7-42af-40d9-8d98-c87b57728213" />
      <TestMethod codeBase="/azp/_work/1/s/bin/Debug/net6.0/OdinUiTests.dll" adapterTypeName="executor://nunit3testexecutor/" className="OdinUiTests.Tests.Discipline.DisciplineAccessTests" name="Редактирование дисциплины: нет возможности редактировать у студента" />
    </UnitTest>
    <UnitTest name="Страница материала: проверка отображения LaTeX материала" storage="/azp/_work/1/s/bin/debug/net6.0/odinuitests.dll" id="46b67cd3-1f02-7287-a85d-d0b343ec63fe">
      <Execution id="b7ead91e-b3a5-4c7c-b574-fdaef3bf19ca" />
      <TestMethod codeBase="/azp/_work/1/s/bin/Debug/net6.0/OdinUiTests.dll" adapterTypeName="executor://nunit3testexecutor/" className="OdinUiTests.Tests.Library.LibraryMaterialTests" name="Страница материала: проверка отображения LaTeX материала" />
    </UnitTest>
    <UnitTest name="Страница обр программы: Студенты не имеют доступ к материалам архивной обр программы по прямой ссылки " storage="/azp/_work/1/s/bin/debug/net6.0/odinuitests.dll" id="edcde874-f0bf-3204-9042-2819157965d9">
      <Execution id="9a18242b-4716-4029-a626-b0a75bd9c1da" />
      <TestMethod codeBase="/azp/_work/1/s/bin/Debug/net6.0/OdinUiTests.dll" adapterTypeName="executor://nunit3testexecutor/" className="OdinUiTests.Tests.Program.ProgramInfoPageTests" name="Страница обр программы: Студенты не имеют доступ к материалам архивной обр программы по прямой ссылки " />
    </UnitTest>
    <UnitTest name="Библиотека, списочный вид: можно редактировать материал через actions-кнопки" storage="/azp/_work/1/s/bin/debug/net6.0/odinuitests.dll" id="7d1dc91e-9d45-6219-2e74-ee69303f4166">
      <Execution id="124696c4-0f42-473c-8992-448f1830e527" />
      <TestMethod codeBase="/azp/_work/1/s/bin/Debug/net6.0/OdinUiTests.dll" adapterTypeName="executor://nunit3testexecutor/" className="OdinUiTests.Tests.Library.LibraryInListViewTests" name="Библиотека, списочный вид: можно редактировать материал через actions-кнопки" />
    </UnitTest>
    <UnitTest name="Конструктор теста-тренажера: можно добавить еще один вариант ответа в вопрос с типом ответа 'Выбор из вариантов'" storage="/azp/_work/1/s/bin/debug/net6.0/odinuitests.dll" id="e3fb3642-151e-4f55-9665-0d2be79673be">
      <Execution id="ebe3260e-a303-47f7-b238-5235343f0a97" />
      <TestMethod codeBase="/azp/_work/1/s/bin/Debug/net6.0/OdinUiTests.dll" adapterTypeName="executor://nunit3testexecutor/" className="OdinUiTests.Tests.Library.TestTrainQuestionAnswersValidationTests" name="Конструктор теста-тренажера: можно добавить еще один вариант ответа в вопрос с типом ответа 'Выбор из вариантов'" />
    </UnitTest>
    <UnitTest name="Редактирование контрольной: ошибка валидации при отрицательным значением в поле 'Минимальный порог баллов'" storage="/azp/_work/1/s/bin/debug/net6.0/odinuitests.dll" id="1dad3241-954d-e8be-3569-083efc90591d">
      <Execution id="94299553-0fc0-4c36-9546-f237b7fa1c87" />
      <TestMethod codeBase="/azp/_work/1/s/bin/Debug/net6.0/OdinUiTests.dll" adapterTypeName="executor://nunit3testexecutor/" className="OdinUiTests.Tests.Activity.TestActivityEditingTests" name="Редактирование контрольной: ошибка валидации при отрицательным значением в поле 'Минимальный порог баллов'" />
    </UnitTest>
    <UnitTest name="Нельзя создать задание с критериями, если не заполнены баллы критериев" storage="/azp/_work/1/s/bin/debug/net6.0/odinuitests.dll" id="0059ce66-33a0-9f97-02ce-21491864e749">
      <Execution id="c7d6225d-90df-48a0-9afd-c19685c0d9a3" />
      <TestMethod codeBase="/azp/_work/1/s/bin/Debug/net6.0/OdinUiTests.dll" adapterTypeName="executor://nunit3testexecutor/" className="OdinUiTests.Tests.Activity.TaskActivityMulticriteriaTests" name="Нельзя создать задание с критериями, если не заполнены баллы критериев" />
    </UnitTest>
    <UnitTest name="Редактирование дисциплины: наличия ошибки если поле дата начала пустое" storage="/azp/_work/1/s/bin/debug/net6.0/odinuitests.dll" id="03e53aee-5f7c-3c19-4449-b0a00503f668">
      <Execution id="dd9d41b6-b961-438b-8897-70e8ff710488" />
      <TestMethod codeBase="/azp/_work/1/s/bin/Debug/net6.0/OdinUiTests.dll" adapterTypeName="executor://nunit3testexecutor/" className="OdinUiTests.Tests.Discipline.DisciplineDurationTests" name="Редактирование дисциплины: наличия ошибки если поле дата начала пустое" />
    </UnitTest>
    <UnitTest name="Редактирование дисциплины: нет возможности редактировать у администратора подразделения, к которому дисциплина НЕ относится" storage="/azp/_work/1/s/bin/debug/net6.0/odinuitests.dll" id="2ef976bc-6c0a-b4c2-54d0-7da223bff2d1">
      <Execution id="5450b253-bb13-4f50-9727-c3f0d84bf6f3" />
      <TestMethod codeBase="/azp/_work/1/s/bin/Debug/net6.0/OdinUiTests.dll" adapterTypeName="executor://nunit3testexecutor/" className="OdinUiTests.Tests.Discipline.DisciplineAccessTests" name="Редактирование дисциплины: нет возможности редактировать у администратора подразделения, к которому дисциплина НЕ относится" />
    </UnitTest>
    <UnitTest name="Конструктор теста-тренажера: создание теста-тренажера" storage="/azp/_work/1/s/bin/debug/net6.0/odinuitests.dll" id="03ac1e37-393a-569a-469e-d8db204c3ba1">
      <Execution id="1141bcda-d3eb-4ca7-898e-b44710cfc364" />
      <TestMethod codeBase="/azp/_work/1/s/bin/Debug/net6.0/OdinUiTests.dll" adapterTypeName="executor://nunit3testexecutor/" className="OdinUiTests.Tests.Library.TestTrainCreationTests" name="Конструктор теста-тренажера: создание теста-тренажера" />
    </UnitTest>
    <UnitTest name="Редактирование профиля пользователя: можно изменить email" storage="/azp/_work/1/s/bin/debug/net6.0/odinuitests.dll" id="4f5f8f09-70ce-c254-c03c-ddad90e70a29">
      <Execution id="4922aab3-00ac-4b9e-8e91-728ff7fff436" />
      <TestMethod codeBase="/azp/_work/1/s/bin/Debug/net6.0/OdinUiTests.dll" adapterTypeName="executor://nunit3testexecutor/" className="OdinUiTests.Tests.UserProfile.AddressAndContactsEditingTests" name="Редактирование профиля пользователя: можно изменить email" />
    </UnitTest>
    <UnitTest name="Страница дисциплины: создание шаблона из дисциплины" storage="/azp/_work/1/s/bin/debug/net6.0/odinuitests.dll" id="4b69e74e-428c-612c-dd7d-fad19ea4d1cf">
      <Execution id="a94a1d3a-c397-4f46-a9e8-8188977c0957" />
      <TestMethod codeBase="/azp/_work/1/s/bin/Debug/net6.0/OdinUiTests.dll" adapterTypeName="executor://nunit3testexecutor/" className="OdinUiTests.Tests.Discipline.DisciplineRightMenuTests" name="Страница дисциплины: создание шаблона из дисциплины" />
    </UnitTest>
    <UnitTest name="Создание потока: предупреждение о несоответствии длительности потока для программ длительностью 72 часа" storage="/azp/_work/1/s/bin/debug/net6.0/odinuitests.dll" id="5042e708-f7e4-5d14-0ea9-cb3d41901555">
      <Execution id="138036c3-d7ac-453c-868e-3ecae0eec0ba" />
      <TestMethod codeBase="/azp/_work/1/s/bin/Debug/net6.0/OdinUiTests.dll" adapterTypeName="executor://nunit3testexecutor/" className="OdinUiTests.Tests.Cohort.CohortCreationWarningModalTests" name="Создание потока: предупреждение о несоответствии длительности потока для программ длительностью 72 часа" />
    </UnitTest>
    <UnitTest name="Библиотека, плиточный вид: можно загрузить материал типа “Файл” с компьютера" storage="/azp/_work/1/s/bin/debug/net6.0/odinuitests.dll" id="19a426fd-cef7-79b3-2817-abbe2c212cf0">
      <Execution id="e0321d52-fe96-419a-aaff-0a121b5534f9" />
      <TestMethod codeBase="/azp/_work/1/s/bin/Debug/net6.0/OdinUiTests.dll" adapterTypeName="executor://nunit3testexecutor/" className="OdinUiTests.Tests.Library.LibraryActionPanelTests" name="Библиотека, плиточный вид: можно загрузить материал типа “Файл” с компьютера" />
    </UnitTest>
    <UnitTest name="Редактирование активности: видимость материала вне времени проведения активности" storage="/azp/_work/1/s/bin/debug/net6.0/odinuitests.dll" id="775ffa77-2c8d-39f7-a5bf-99ad27eeed4a">
      <Execution id="ae37a37b-b618-40aa-b117-e4f0b730db27" />
      <TestMethod codeBase="/azp/_work/1/s/bin/Debug/net6.0/OdinUiTests.dll" adapterTypeName="executor://nunit3testexecutor/" className="OdinUiTests.Tests.Activity.ActivityContentVisibilityTests" name="Редактирование активности: видимость материала вне времени проведения активности" />
    </UnitTest>
    <UnitTest name="Чат на странице решения: можно прикрепить и отправить файл с компьютера" storage="/azp/_work/1/s/bin/debug/net6.0/odinuitests.dll" id="9c14d48e-1ff8-aff7-b047-c6b41c7c71ef">
      <Execution id="eca37ff8-f0f2-4936-af5d-7b837530f11f" />
      <TestMethod codeBase="/azp/_work/1/s/bin/Debug/net6.0/OdinUiTests.dll" adapterTypeName="executor://nunit3testexecutor/" className="OdinUiTests.Tests.Chat.TaskPageMiniChatTests" name="Чат на странице решения: можно прикрепить и отправить файл с компьютера" />
    </UnitTest>
    <UnitTest name="Редактирование дисциплины: отображение ошибки валидации для поля 'Кредиты' с отрицательным значением" storage="/azp/_work/1/s/bin/debug/net6.0/odinuitests.dll" id="ee2c155f-9f44-bf81-a741-c75b7733d35d">
      <Execution id="e8ccd2f7-fc6d-474e-bad3-72d06e6df1fc" />
      <TestMethod codeBase="/azp/_work/1/s/bin/Debug/net6.0/OdinUiTests.dll" adapterTypeName="executor://nunit3testexecutor/" className="OdinUiTests.Tests.Discipline.DisciplineEditingValidationTests" name="Редактирование дисциплины: отображение ошибки валидации для поля 'Кредиты' с отрицательным значением" />
    </UnitTest>
    <UnitTest name="Страница дисциплины: отображается объём ОА" storage="/azp/_work/1/s/bin/debug/net6.0/odinuitests.dll" id="a6000743-1b54-27fa-383e-cfdff703a9ad">
      <Execution id="d94ab742-59e2-46d0-914d-dad23cb88388" />
      <TestMethod codeBase="/azp/_work/1/s/bin/Debug/net6.0/OdinUiTests.dll" adapterTypeName="executor://nunit3testexecutor/" className="OdinUiTests.Tests.Discipline.DisciplineActivitiesBlockTests" name="Страница дисциплины: отображается объём ОА" />
    </UnitTest>
    <UnitTest name="Конструктор теста-тренажера: можно удалить вариант ответа из вопроса с типом ответа 'Свободный ответ' – 'Точное совпадение'" storage="/azp/_work/1/s/bin/debug/net6.0/odinuitests.dll" id="d1f7f9d4-a2d8-fd8c-989e-2d7a41c253ab">
      <Execution id="6e1003cf-5a98-45fd-8fd1-dc1abc92c27c" />
      <TestMethod codeBase="/azp/_work/1/s/bin/Debug/net6.0/OdinUiTests.dll" adapterTypeName="executor://nunit3testexecutor/" className="OdinUiTests.Tests.Library.TestTrainQuestionAnswersValidationTests" name="Конструктор теста-тренажера: можно удалить вариант ответа из вопроса с типом ответа 'Свободный ответ' – 'Точное совпадение'" />
    </UnitTest>
    <UnitTest name="Проверка кнопки Отмена при создании подразделения" storage="/azp/_work/1/s/bin/debug/net6.0/odinuitests.dll" id="cb0738f9-7168-e96d-3350-715c4a17b7a6">
      <Execution id="57cb0afa-dbf6-4b74-8bd5-93bd08e5fefb" />
      <TestMethod codeBase="/azp/_work/1/s/bin/Debug/net6.0/OdinUiTests.dll" adapterTypeName="executor://nunit3testexecutor/" className="OdinUiTests.Tests.Division.DivisionCreationTests" name="Проверка кнопки Отмена при создании подразделения" />
    </UnitTest>
    <UnitTest name="Создание дисциплины ДО: отображение ошибки валидации для поля 'Описание', если поле не заполнено" storage="/azp/_work/1/s/bin/debug/net6.0/odinuitests.dll" id="7ed4739f-2b5d-d290-4af0-5a4541cc94b1">
      <Execution id="1b3119b7-2243-4cba-be8a-74bdfd90e6f9" />
      <TestMethod codeBase="/azp/_work/1/s/bin/Debug/net6.0/OdinUiTests.dll" adapterTypeName="executor://nunit3testexecutor/" className="OdinUiTests.Tests.Discipline.DisciplineCreationValidationTests" name="Создание дисциплины ДО: отображение ошибки валидации для поля 'Описание', если поле не заполнено" />
    </UnitTest>
    <UnitTest name="Библиотека, списочный вид: можно скопировать материал через actions-кнопки" storage="/azp/_work/1/s/bin/debug/net6.0/odinuitests.dll" id="20e09d9e-acc5-a742-b004-b0120052a188">
      <Execution id="1348904f-375a-4378-b13c-d03fcce55c4f" />
      <TestMethod codeBase="/azp/_work/1/s/bin/Debug/net6.0/OdinUiTests.dll" adapterTypeName="executor://nunit3testexecutor/" className="OdinUiTests.Tests.Library.LibraryInListViewTests" name="Библиотека, списочный вид: можно скопировать материал через actions-кнопки" />
    </UnitTest>
    <UnitTest name="Редактирование потока: ошибка валидации, если даты начала и окончания совпадают" storage="/azp/_work/1/s/bin/debug/net6.0/odinuitests.dll" id="726480f8-adf1-223d-fd00-87f10c7a175e">
      <Execution id="3703f6b1-0bdd-453d-9f46-921bc92ddb3e" />
      <TestMethod codeBase="/azp/_work/1/s/bin/Debug/net6.0/OdinUiTests.dll" adapterTypeName="executor://nunit3testexecutor/" className="OdinUiTests.Tests.Cohort.CohortEditingValidationTests" name="Редактирование потока: ошибка валидации, если даты начала и окончания совпадают" />
    </UnitTest>
    <UnitTest name="Редактирование активности: отображение ошибки валидации для поля 'Объём' с отрицательным значением" storage="/azp/_work/1/s/bin/debug/net6.0/odinuitests.dll" id="884f31dd-1b05-e7e7-c13a-35d9e07a242a">
      <Execution id="bcea10d0-28a5-40e5-9bda-b32eafc3b583" />
      <TestMethod codeBase="/azp/_work/1/s/bin/Debug/net6.0/OdinUiTests.dll" adapterTypeName="executor://nunit3testexecutor/" className="OdinUiTests.Tests.Activity.ActivityDurationTests" name="Редактирование активности: отображение ошибки валидации для поля 'Объём' с отрицательным значением" />
    </UnitTest>
    <UnitTest name="Можно оценить решения значением выше минимального порога баллов" storage="/azp/_work/1/s/bin/debug/net6.0/odinuitests.dll" id="92af0795-c79c-032a-0a0f-c19a34512038">
      <Execution id="220a20c4-495d-4cd1-82d6-2a67c144feed" />
      <TestMethod codeBase="/azp/_work/1/s/bin/Debug/net6.0/OdinUiTests.dll" adapterTypeName="executor://nunit3testexecutor/" className="OdinUiTests.Tests.Activity.TaskActivityTeacherTests" name="Можно оценить решения значением выше минимального порога баллов" />
    </UnitTest>
    <UnitTest name="Страница посещаемости дисциплины: отметки/снятия посещаемости преподавателем" storage="/azp/_work/1/s/bin/debug/net6.0/odinuitests.dll" id="4477a337-0c19-ab6e-aeb0-b0e1bd07a0d8">
      <Execution id="0f0f6abf-4389-44ac-bfa9-bb8f0ff5284f" />
      <TestMethod codeBase="/azp/_work/1/s/bin/Debug/net6.0/OdinUiTests.dll" adapterTypeName="executor://nunit3testexecutor/" className="OdinUiTests.Tests.Discipline.DisciplineMarksAndAttendanceTests" name="Страница посещаемости дисциплины: отметки/снятия посещаемости преподавателем" />
    </UnitTest>
    <UnitTest name="Нет возможности отправить решения за другого студента" storage="/azp/_work/1/s/bin/debug/net6.0/odinuitests.dll" id="0b757631-4497-ce16-b088-f4508a34eafa">
      <Execution id="ac1b2857-8b1d-4ec5-b3cc-6f89bb8f00be" />
      <TestMethod codeBase="/azp/_work/1/s/bin/Debug/net6.0/OdinUiTests.dll" adapterTypeName="executor://nunit3testexecutor/" className="OdinUiTests.Tests.Activity.TaskWithSolutionStudentTests" name="Нет возможности отправить решения за другого студента" />
    </UnitTest>
    <UnitTest name="Библиотека: можно переключать текущий вид Библиотеки с “Плитка” на “Список”" storage="/azp/_work/1/s/bin/debug/net6.0/odinuitests.dll" id="49d73172-71f6-834d-6ce1-f6fc898d25d6">
      <Execution id="683aa2db-e70c-4334-a9fe-482bf543d9b7" />
      <TestMethod codeBase="/azp/_work/1/s/bin/Debug/net6.0/OdinUiTests.dll" adapterTypeName="executor://nunit3testexecutor/" className="OdinUiTests.Tests.Library.LibraryActionPanelTests" name="Библиотека: можно переключать текущий вид Библиотеки с “Плитка” на “Список”" />
    </UnitTest>
    <UnitTest name="Создание дисциплины ДО: отображение ошибки валидации для поля 'Кредиты' с отрицательным значением" storage="/azp/_work/1/s/bin/debug/net6.0/odinuitests.dll" id="731a97e2-64e0-e862-62e6-7244a0d6a24a">
      <Execution id="d39aef58-e9a3-4a74-b8e5-4fdc7b1f53c8" />
      <TestMethod codeBase="/azp/_work/1/s/bin/Debug/net6.0/OdinUiTests.dll" adapterTypeName="executor://nunit3testexecutor/" className="OdinUiTests.Tests.Discipline.DisciplineCreationValidationTests" name="Создание дисциплины ДО: отображение ошибки валидации для поля 'Кредиты' с отрицательным значением" />
    </UnitTest>
    <UnitTest name="Конструктор теста-тренажера: можно удалить один вариант на сопоставление из вопроса с типом ответа ‘Сопоставление’" storage="/azp/_work/1/s/bin/debug/net6.0/odinuitests.dll" id="04f86fb8-e515-5a8c-fc4b-8bbd38e028aa">
      <Execution id="b670dfcd-3ab4-4099-83d8-70babceaa4d4" />
      <TestMethod codeBase="/azp/_work/1/s/bin/Debug/net6.0/OdinUiTests.dll" adapterTypeName="executor://nunit3testexecutor/" className="OdinUiTests.Tests.Library.TestTrainQuestionAnswersValidationTests" name="Конструктор теста-тренажера: можно удалить один вариант на сопоставление из вопроса с типом ответа ‘Сопоставление’" />
    </UnitTest>
    <UnitTest name="Список чатов - комната дисциплины: можно отправить смайлики" storage="/azp/_work/1/s/bin/debug/net6.0/odinuitests.dll" id="d88796de-fdbc-84fb-2ed4-7f16b0bccdfd">
      <Execution id="50878bc1-399b-42fa-82bb-ae31b3cd24df" />
      <TestMethod codeBase="/azp/_work/1/s/bin/Debug/net6.0/OdinUiTests.dll" adapterTypeName="executor://nunit3testexecutor/" className="OdinUiTests.Tests.Chat.DisciplineChatTests" name="Список чатов - комната дисциплины: можно отправить смайлики" />
    </UnitTest>
    <UnitTest name="Библиотека, плиточный вид: можно создать материал типа 'Текстовый материал'" storage="/azp/_work/1/s/bin/debug/net6.0/odinuitests.dll" id="b3528947-3140-19b7-47c1-9186a491c24d">
      <Execution id="baceda9c-a466-4bca-816c-9c06569d3102" />
      <TestMethod codeBase="/azp/_work/1/s/bin/Debug/net6.0/OdinUiTests.dll" adapterTypeName="executor://nunit3testexecutor/" className="OdinUiTests.Tests.Library.LibraryActionPanelTests" name="Библиотека, плиточный вид: можно создать материал типа 'Текстовый материал'" />
    </UnitTest>
    <UnitTest name="Можно задать значения критерия (заполнены поля значения и баллов)" storage="/azp/_work/1/s/bin/debug/net6.0/odinuitests.dll" id="dbb6e3d3-9d9d-3f15-1294-550f0f6f06d3">
      <Execution id="37b4d4cd-576f-45ed-a7a4-3d5817787da2" />
      <TestMethod codeBase="/azp/_work/1/s/bin/Debug/net6.0/OdinUiTests.dll" adapterTypeName="executor://nunit3testexecutor/" className="OdinUiTests.Tests.Activity.TaskActivityMulticriteriaTests" name="Можно задать значения критерия (заполнены поля значения и баллов)" />
    </UnitTest>
    <UnitTest name="Лейблы тип и количество часов отображаются под названием программы" storage="/azp/_work/1/s/bin/debug/net6.0/odinuitests.dll" id="96350540-2050-5392-e2be-140e51621360">
      <Execution id="78954406-b98e-423d-b3d3-35727895625b" />
      <TestMethod codeBase="/azp/_work/1/s/bin/Debug/net6.0/OdinUiTests.dll" adapterTypeName="executor://nunit3testexecutor/" className="OdinUiTests.Tests.Division.DivisionPageTests" name="Лейблы тип и количество часов отображаются под названием программы" />
    </UnitTest>
    <UnitTest name="Список чатов - групповой чат: можно найти отправленное сообщение" storage="/azp/_work/1/s/bin/debug/net6.0/odinuitests.dll" id="c3a5f685-f450-0831-b72f-14c47e4ca1f6">
      <Execution id="e272e825-3bd6-41d6-874d-925c8265932e" />
      <TestMethod codeBase="/azp/_work/1/s/bin/Debug/net6.0/OdinUiTests.dll" adapterTypeName="executor://nunit3testexecutor/" className="OdinUiTests.Tests.Chat.GroupChatTests" name="Список чатов - групповой чат: можно найти отправленное сообщение" />
    </UnitTest>
    <UnitTest name="Страница командной контрольной: статус отображается, если есть хотя бы одна завершенная попытка" storage="/azp/_work/1/s/bin/debug/net6.0/odinuitests.dll" id="d60a8d40-bd1e-6d88-1bf1-4dee752cfd09">
      <Execution id="b353706a-02ce-4723-9e3d-0a8b869bf3f0" />
      <TestMethod codeBase="/azp/_work/1/s/bin/Debug/net6.0/OdinUiTests.dll" adapterTypeName="executor://nunit3testexecutor/" className="OdinUiTests.Tests.Activity.TestActivityStatusWithTwoOrMoreAttemptsTests" name="Страница командной контрольной: статус отображается, если есть хотя бы одна завершенная попытка" />
    </UnitTest>
    <UnitTest name="Список чатов - личный чат: можно раскрывать изображения" storage="/azp/_work/1/s/bin/debug/net6.0/odinuitests.dll" id="50c29655-2dca-1e33-b531-83c89e4a1486">
      <Execution id="eec81526-8ee9-452e-b18d-b5fac1f8caae" />
      <TestMethod codeBase="/azp/_work/1/s/bin/Debug/net6.0/OdinUiTests.dll" adapterTypeName="executor://nunit3testexecutor/" className="OdinUiTests.Tests.Chat.PersonalChatTests" name="Список чатов - личный чат: можно раскрывать изображения" />
    </UnitTest>
    <UnitTest name="Редактирование потока ДО (СЗ): отсутствует кнопка ‘Удалить поток’, если в потоке есть слушатели" storage="/azp/_work/1/s/bin/debug/net6.0/odinuitests.dll" id="6420005d-0a7e-b76b-adf2-95281f84034a">
      <Execution id="e03027ca-4df9-4c87-883f-989cc686e702" />
      <TestMethod codeBase="/azp/_work/1/s/bin/Debug/net6.0/OdinUiTests.dll" adapterTypeName="executor://nunit3testexecutor/" className="OdinUiTests.Tests.Cohort.CohortEditingValidationTests" name="Редактирование потока ДО (СЗ): отсутствует кнопка ‘Удалить поток’, если в потоке есть слушатели" />
    </UnitTest>
    <UnitTest name="Библиотека, списочный вид: можно удалить материал" storage="/azp/_work/1/s/bin/debug/net6.0/odinuitests.dll" id="9a1004e6-edbb-870f-2548-c2e023875b1e">
      <Execution id="a300c0ed-abbe-459b-b14a-19459068e01b" />
      <TestMethod codeBase="/azp/_work/1/s/bin/Debug/net6.0/OdinUiTests.dll" adapterTypeName="executor://nunit3testexecutor/" className="OdinUiTests.Tests.Library.LibraryInListViewTests" name="Библиотека, списочный вид: можно удалить материал" />
    </UnitTest>
    <UnitTest name="Создание дисциплины: добавление преподавателя по ссылке на профиль" storage="/azp/_work/1/s/bin/debug/net6.0/odinuitests.dll" id="d339101f-2b45-9b8b-87f5-3e1c7050d092">
      <Execution id="1ab5d36c-c009-4913-9127-05b193996ec6" />
      <TestMethod codeBase="/azp/_work/1/s/bin/Debug/net6.0/OdinUiTests.dll" adapterTypeName="executor://nunit3testexecutor/" className="OdinUiTests.Tests.Discipline.DisContingentCreationTests" name="Создание дисциплины: добавление преподавателя по ссылке на профиль" />
    </UnitTest>
    <UnitTest name="Страница организации: работает переход к странице импорта сотрудников" storage="/azp/_work/1/s/bin/debug/net6.0/odinuitests.dll" id="66cef1b6-df2b-6c73-abec-c819bbfc8fff">
      <Execution id="8a89936e-edb5-4266-90aa-f1ecf6c811d5" />
      <TestMethod codeBase="/azp/_work/1/s/bin/Debug/net6.0/OdinUiTests.dll" adapterTypeName="executor://nunit3testexecutor/" className="OdinUiTests.Tests.Organization.OrganizationPageTests" name="Страница организации: работает переход к странице импорта сотрудников" />
    </UnitTest>
    <UnitTest name="Редактирование дисциплины: невозможно отключить ИОТ, если в дисциплине есть активности" storage="/azp/_work/1/s/bin/debug/net6.0/odinuitests.dll" id="1bc8cc37-f39e-f9d0-52bd-e40e88e68ce7">
      <Execution id="2400fa98-9b38-4b40-83fc-cdea8c4db50b" />
      <TestMethod codeBase="/azp/_work/1/s/bin/Debug/net6.0/OdinUiTests.dll" adapterTypeName="executor://nunit3testexecutor/" className="OdinUiTests.Tests.Discipline.DisciplineEditingValidationTests" name="Редактирование дисциплины: невозможно отключить ИОТ, если в дисциплине есть активности" />
    </UnitTest>
    <UnitTest name="Библиотека: при попытке удалить выбранных элементов отображается модалка подтверждения" storage="/azp/_work/1/s/bin/debug/net6.0/odinuitests.dll" id="794fc763-fd4b-d2a0-ce36-51523e29ce0f">
      <Execution id="4d630ed9-b2c2-4ba6-b0b3-1c155b7d0b7e" />
      <TestMethod codeBase="/azp/_work/1/s/bin/Debug/net6.0/OdinUiTests.dll" adapterTypeName="executor://nunit3testexecutor/" className="OdinUiTests.Tests.Library.BulkActionsLibraryTests" name="Библиотека: при попытке удалить выбранных элементов отображается модалка подтверждения" />
    </UnitTest>
    <UnitTest name="Список чатов - групповой чат: можно добавить реакцию на сообщение" storage="/azp/_work/1/s/bin/debug/net6.0/odinuitests.dll" id="2b03fb13-bd14-1f04-7b4d-80a79961280f">
      <Execution id="7336e197-1ee8-41c4-8417-d0de00bdcb73" />
      <TestMethod codeBase="/azp/_work/1/s/bin/Debug/net6.0/OdinUiTests.dll" adapterTypeName="executor://nunit3testexecutor/" className="OdinUiTests.Tests.Chat.GroupChatTests" name="Список чатов - групповой чат: можно добавить реакцию на сообщение" />
    </UnitTest>
    <UnitTest name="Редактирование дисциплины: нет возможности редактировать у администратора образовательной программы, к которой дисциплина НЕ относится" storage="/azp/_work/1/s/bin/debug/net6.0/odinuitests.dll" id="e0e1badd-fe3c-bfa2-3deb-ff65c6b82051">
      <Execution id="38263e31-f7be-4274-9bdf-5897eb945e1b" />
      <TestMethod codeBase="/azp/_work/1/s/bin/Debug/net6.0/OdinUiTests.dll" adapterTypeName="executor://nunit3testexecutor/" className="OdinUiTests.Tests.Discipline.DisciplineAccessTests" name="Редактирование дисциплины: нет возможности редактировать у администратора образовательной программы, к которой дисциплина НЕ относится" />
    </UnitTest>
    <UnitTest name="Конструктор теста-тренажера: можно добавить комментарий к вопросу" storage="/azp/_work/1/s/bin/debug/net6.0/odinuitests.dll" id="27a24bbb-5e8a-5815-b7d5-ec44b129227a">
      <Execution id="413eddcb-85b9-4526-ade3-c1226cedfd25" />
      <TestMethod codeBase="/azp/_work/1/s/bin/Debug/net6.0/OdinUiTests.dll" adapterTypeName="executor://nunit3testexecutor/" className="OdinUiTests.Tests.Library.TestTrainQuestionsValidationTests" name="Конструктор теста-тренажера: можно добавить комментарий к вопросу" />
    </UnitTest>
    <UnitTest name="Список чатов - личный чат: можно отправить текстовое сообщение" storage="/azp/_work/1/s/bin/debug/net6.0/odinuitests.dll" id="7d11ee05-8db2-3841-16d7-f2e15843dc7c">
      <Execution id="c5c96bfb-a34e-4b5c-98a3-ccdcd5e242a3" />
      <TestMethod codeBase="/azp/_work/1/s/bin/Debug/net6.0/OdinUiTests.dll" adapterTypeName="executor://nunit3testexecutor/" className="OdinUiTests.Tests.Chat.PersonalChatTests" name="Список чатов - личный чат: можно отправить текстовое сообщение" />
    </UnitTest>
    <UnitTest name="Страница командной контрольной: результат тестирования из попытках зависеть от настройки 'За лучшую попытку'" storage="/azp/_work/1/s/bin/debug/net6.0/odinuitests.dll" id="58abb4f2-9cc4-5246-7133-13980e77f7d7">
      <Execution id="1c33646c-ca53-4191-8f8b-943e7e1f6e47" />
      <TestMethod codeBase="/azp/_work/1/s/bin/Debug/net6.0/OdinUiTests.dll" adapterTypeName="executor://nunit3testexecutor/" className="OdinUiTests.Tests.Activity.TestActivityStatusWithTwoOrMoreAttemptsTests" name="Страница командной контрольной: результат тестирования из попытках зависеть от настройки 'За лучшую попытку'" />
    </UnitTest>
    <UnitTest name="Можно редактировать поставленную оценку к решении другого студента, если включена 'Взаимопроверка'" storage="/azp/_work/1/s/bin/debug/net6.0/odinuitests.dll" id="b05a4d01-a809-8b77-7f9a-99e46d6f68e2">
      <Execution id="c195347b-63b1-4043-9d3a-5b6edb2d4264" />
      <TestMethod codeBase="/azp/_work/1/s/bin/Debug/net6.0/OdinUiTests.dll" adapterTypeName="executor://nunit3testexecutor/" className="OdinUiTests.Tests.Activity.TaskWithSolutionStudentTests" name="Можно редактировать поставленную оценку к решении другого студента, если включена 'Взаимопроверка'" />
    </UnitTest>
    <UnitTest name="Список чатов - обсуждение решения: можно отправить текстовое сообщение" storage="/azp/_work/1/s/bin/debug/net6.0/odinuitests.dll" id="e5adaab7-d170-d4d5-56d3-cf9dbaa3cb5e">
      <Execution id="03d04cc8-e2a2-40ab-8e4b-672bee43d3e7" />
      <TestMethod codeBase="/azp/_work/1/s/bin/Debug/net6.0/OdinUiTests.dll" adapterTypeName="executor://nunit3testexecutor/" className="OdinUiTests.Tests.Chat.TaskChatTests" name="Список чатов - обсуждение решения: можно отправить текстовое сообщение" />
    </UnitTest>
    <UnitTest name="Редактирование потока ДО: работает кнопка 'Отмена', если страница редактирование был открыть со страницы потока" storage="/azp/_work/1/s/bin/debug/net6.0/odinuitests.dll" id="967758ba-81a2-d3ac-ac30-163196b6b15e">
      <Execution id="5410d262-2520-4de2-b9d4-f2f01cf7e3a7" />
      <TestMethod codeBase="/azp/_work/1/s/bin/Debug/net6.0/OdinUiTests.dll" adapterTypeName="executor://nunit3testexecutor/" className="OdinUiTests.Tests.Cohort.CohortEditingTests" name="Редактирование потока ДО: работает кнопка 'Отмена', если страница редактирование был открыть со страницы потока" />
    </UnitTest>
    <UnitTest name="Редактирование потока: успешное сохранение, с корректными значениями в поле ‘Максимальное количество студентов’" storage="/azp/_work/1/s/bin/debug/net6.0/odinuitests.dll" id="07c1656f-3e5b-e496-eea8-427d8adcb4b8">
      <Execution id="e9cd873a-f7a5-46a4-8d34-a9cad663c078" />
      <TestMethod codeBase="/azp/_work/1/s/bin/Debug/net6.0/OdinUiTests.dll" adapterTypeName="executor://nunit3testexecutor/" className="OdinUiTests.Tests.Cohort.CohortEditingTests" name="Редактирование потока: успешное сохранение, с корректными значениями в поле ‘Максимальное количество студентов’" />
    </UnitTest>
    <UnitTest name="Редактирование активности: успешное сохранение, если обе даты корректно заполнены" storage="/azp/_work/1/s/bin/debug/net6.0/odinuitests.dll" id="688c74bd-1e7a-0c02-f36f-95ca834dca89">
      <Execution id="a0d37121-bc63-4869-9f57-ae34bd23cfab" />
      <TestMethod codeBase="/azp/_work/1/s/bin/Debug/net6.0/OdinUiTests.dll" adapterTypeName="executor://nunit3testexecutor/" className="OdinUiTests.Tests.Activity.ActivityDurationTests" name="Редактирование активности: успешное сохранение, если обе даты корректно заполнены" />
    </UnitTest>
    <UnitTest name="Список чатов - групповой чат: можно найти чат в поиске по названию" storage="/azp/_work/1/s/bin/debug/net6.0/odinuitests.dll" id="3c90185c-2fe6-24ef-0507-090755a015e6">
      <Execution id="0f40f24a-5510-4afa-8c21-b585af3ee2d7" />
      <TestMethod codeBase="/azp/_work/1/s/bin/Debug/net6.0/OdinUiTests.dll" adapterTypeName="executor://nunit3testexecutor/" className="OdinUiTests.Tests.Chat.GroupChatTests" name="Список чатов - групповой чат: можно найти чат в поиске по названию" />
    </UnitTest>
    <UnitTest name="Список чатов - групповой чат: можно отправить сообщения по нажатию на Enter" storage="/azp/_work/1/s/bin/debug/net6.0/odinuitests.dll" id="e93084d9-dd88-673a-fa47-5923a02e4ea3">
      <Execution id="7037becc-2d6b-4f3a-9394-210df4343969" />
      <TestMethod codeBase="/azp/_work/1/s/bin/Debug/net6.0/OdinUiTests.dll" adapterTypeName="executor://nunit3testexecutor/" className="OdinUiTests.Tests.Chat.GroupChatTests" name="Список чатов - групповой чат: можно отправить сообщения по нажатию на Enter" />
    </UnitTest>
    <UnitTest name="Редактирование дисциплины: невозможно удалить дисциплину с оценками" storage="/azp/_work/1/s/bin/debug/net6.0/odinuitests.dll" id="a5326072-8e73-59ec-7bf0-ca0a78aa5771">
      <Execution id="1be52107-9ee3-46fb-9d73-c35813aad211" />
      <TestMethod codeBase="/azp/_work/1/s/bin/Debug/net6.0/OdinUiTests.dll" adapterTypeName="executor://nunit3testexecutor/" className="OdinUiTests.Tests.Discipline.DisciplineEditingValidationTests" name="Редактирование дисциплины: невозможно удалить дисциплину с оценками" />
    </UnitTest>
    <UnitTest name="Результат прохождения: можно отметить 'Не верно' ответ вопроса с типом ответа свободный ответ или файл" storage="/azp/_work/1/s/bin/debug/net6.0/odinuitests.dll" id="f12de5d8-e938-0034-8b71-4eb971ae04a8">
      <Execution id="a8c98d68-ca30-40f7-9f80-638239d8407a" />
      <TestMethod codeBase="/azp/_work/1/s/bin/Debug/net6.0/OdinUiTests.dll" adapterTypeName="executor://nunit3testexecutor/" className="OdinUiTests.Tests.Activity.TestActivityResultTests" name="Результат прохождения: можно отметить 'Не верно' ответ вопроса с типом ответа свободный ответ или файл" />
    </UnitTest>
    <UnitTest name="Конструктор теста-тренажера: можно добавить вопрос с типом ответа “Выбор из вариантов”" storage="/azp/_work/1/s/bin/debug/net6.0/odinuitests.dll" id="2d8a2b85-bd9b-e1cd-d9bf-89bfa72356e6">
      <Execution id="3ab3986d-af98-4dfa-ba7c-05fedb391906" />
      <TestMethod codeBase="/azp/_work/1/s/bin/Debug/net6.0/OdinUiTests.dll" adapterTypeName="executor://nunit3testexecutor/" className="OdinUiTests.Tests.Library.TestTrainAddingQuestionsTests" name="Конструктор теста-тренажера: можно добавить вопрос с типом ответа “Выбор из вариантов”" />
    </UnitTest>
    <UnitTest name="Редактирование активности: успешное сохранение при корректных значениях в поля 'Объём'" storage="/azp/_work/1/s/bin/debug/net6.0/odinuitests.dll" id="06573bb4-9841-787f-f5b2-57a0727811af">
      <Execution id="9ddd8f31-cd96-421d-b4a0-0db790d5740a" />
      <TestMethod codeBase="/azp/_work/1/s/bin/Debug/net6.0/OdinUiTests.dll" adapterTypeName="executor://nunit3testexecutor/" className="OdinUiTests.Tests.Activity.ActivityDurationTests" name="Редактирование активности: успешное сохранение при корректных значениях в поля 'Объём'" />
    </UnitTest>
    <UnitTest name="Создание потока: ошибка валидации, если дата начала больше чем дата окончания" storage="/azp/_work/1/s/bin/debug/net6.0/odinuitests.dll" id="a0703b53-0b09-e86e-ca38-cf2474087daf">
      <Execution id="41f0c687-3a1b-4326-ae2c-467dc757f0b7" />
      <TestMethod codeBase="/azp/_work/1/s/bin/Debug/net6.0/OdinUiTests.dll" adapterTypeName="executor://nunit3testexecutor/" className="OdinUiTests.Tests.Cohort.CohortCreationValidationTests" name="Создание потока: ошибка валидации, если дата начала больше чем дата окончания" />
    </UnitTest>
    <UnitTest name="Прохождение теста: можно продолжить выполнение незавершённой попытки" storage="/azp/_work/1/s/bin/debug/net6.0/odinuitests.dll" id="e63379fa-1278-efe2-726f-06fe3c693166">
      <Execution id="757e6739-d13d-4c8a-9e91-cafe9a92144a" />
      <TestMethod codeBase="/azp/_work/1/s/bin/Debug/net6.0/OdinUiTests.dll" adapterTypeName="executor://nunit3testexecutor/" className="OdinUiTests.Tests.Activity.TestActivityPassingTests" name="Прохождение теста: можно продолжить выполнение незавершённой попытки" />
    </UnitTest>
    <UnitTest name="Список чатов - чат для заметок: можно отправить текстовое сообщение" storage="/azp/_work/1/s/bin/debug/net6.0/odinuitests.dll" id="930ec06f-701e-5570-6bd6-289faf85633b">
      <Execution id="6d7d2b0d-8a79-4715-95d1-e12ff8d3a6e2" />
      <TestMethod codeBase="/azp/_work/1/s/bin/Debug/net6.0/OdinUiTests.dll" adapterTypeName="executor://nunit3testexecutor/" className="OdinUiTests.Tests.Chat.NotesChatTests" name="Список чатов - чат для заметок: можно отправить текстовое сообщение" />
    </UnitTest>
    <UnitTest name="Можно создать задание с взаимопроверкой" storage="/azp/_work/1/s/bin/debug/net6.0/odinuitests.dll" id="51607abc-ebf9-3b38-6e6c-56290287c350">
      <Execution id="acd681ed-06e6-4cae-b842-23bcc4d50218" />
      <TestMethod codeBase="/azp/_work/1/s/bin/Debug/net6.0/OdinUiTests.dll" adapterTypeName="executor://nunit3testexecutor/" className="OdinUiTests.Tests.Activity.TaskActivityCreatingTests" name="Можно создать задание с взаимопроверкой" />
    </UnitTest>
    <UnitTest name="Редактирование контрольной: можно отметить или снять галку с чекбокса 'Отображать студентам подробную информацию о результатах'" storage="/azp/_work/1/s/bin/debug/net6.0/odinuitests.dll" id="6b07e82a-8297-2f27-1d94-ef9324b81de0">
      <Execution id="11e68290-e887-4453-b73b-10fd22a5f6b9" />
      <TestMethod codeBase="/azp/_work/1/s/bin/Debug/net6.0/OdinUiTests.dll" adapterTypeName="executor://nunit3testexecutor/" className="OdinUiTests.Tests.Activity.TestActivityEditingTests" name="Редактирование контрольной: можно отметить или снять галку с чекбокса 'Отображать студентам подробную информацию о результатах'" />
    </UnitTest>
    <UnitTest name="Библиотека, списочный вид: можно переместить материал в другой каталог" storage="/azp/_work/1/s/bin/debug/net6.0/odinuitests.dll" id="2ed17502-9672-2f5d-9dec-047abc765e0d">
      <Execution id="8787b1ea-f5a6-4e5d-920b-2c7da669082d" />
      <TestMethod codeBase="/azp/_work/1/s/bin/Debug/net6.0/OdinUiTests.dll" adapterTypeName="executor://nunit3testexecutor/" className="OdinUiTests.Tests.Library.LibraryInListViewTests" name="Библиотека, списочный вид: можно переместить материал в другой каталог" />
    </UnitTest>
    <UnitTest name="Страница дисциплины: отображаются кредиты и объём дисциплины" storage="/azp/_work/1/s/bin/debug/net6.0/odinuitests.dll" id="2f0f48f1-ef9c-25da-5d77-e8495c46dfff">
      <Execution id="ec454817-6ef5-4ec8-a70c-2eaa6e8c71cc" />
      <TestMethod codeBase="/azp/_work/1/s/bin/Debug/net6.0/OdinUiTests.dll" adapterTypeName="executor://nunit3testexecutor/" className="OdinUiTests.Tests.Discipline.DisciplineRightMenuTests" name="Страница дисциплины: отображаются кредиты и объём дисциплины" />
    </UnitTest>
    <UnitTest name="Редактирование шаблона активности: отсутствует поля 'Оценка по SCORM результату', если добавлен SCORM пакет в шаблон активности типов кроме контрольной" storage="/azp/_work/1/s/bin/debug/net6.0/odinuitests.dll" id="0264d258-5adf-41f4-cd4c-fc2bae4fbade">
      <Execution id="55e3302b-a00b-4912-8e99-5cf0cb39eca5" />
      <TestMethod codeBase="/azp/_work/1/s/bin/Debug/net6.0/OdinUiTests.dll" adapterTypeName="executor://nunit3testexecutor/" className="OdinUiTests.Tests.Activity.TemplateEditingValidationTests" name="Редактирование шаблона активности: отсутствует поля 'Оценка по SCORM результату', если добавлен SCORM пакет в шаблон активности типов кроме контрольной" />
    </UnitTest>
    <UnitTest name="Миничат - обсуждение решения: можно отправить текстовое сообщение" storage="/azp/_work/1/s/bin/debug/net6.0/odinuitests.dll" id="800ab951-b79a-9e4a-a62b-3f7c5760abfb">
      <Execution id="4bdf21bf-8975-4c78-b82d-65e352a6e974" />
      <TestMethod codeBase="/azp/_work/1/s/bin/Debug/net6.0/OdinUiTests.dll" adapterTypeName="executor://nunit3testexecutor/" className="OdinUiTests.Tests.Chat.TaskMiniChatTests" name="Миничат - обсуждение решения: можно отправить текстовое сообщение" />
    </UnitTest>
    <UnitTest name="Cоздание активности: можно создать активность в дисциплине без модуля" storage="/azp/_work/1/s/bin/debug/net6.0/odinuitests.dll" id="40b5a07a-0629-ce8c-a6bc-e992d93c6838">
      <Execution id="b37874bb-1ec0-40f4-9712-997c4eef16ed" />
      <TestMethod codeBase="/azp/_work/1/s/bin/Debug/net6.0/OdinUiTests.dll" adapterTypeName="executor://nunit3testexecutor/" className="OdinUiTests.Tests.Activity.ActivityCreatingTests" name="Cоздание активности: можно создать активность в дисциплине без модуля" />
    </UnitTest>
    <UnitTest name="Конструктор теста-тренажера: можно удалить автора" storage="/azp/_work/1/s/bin/debug/net6.0/odinuitests.dll" id="a4cd506b-5588-221c-0d1d-47a2ec9a3019">
      <Execution id="afb1269b-1b1f-4ed2-905b-b4612924ff42" />
      <TestMethod codeBase="/azp/_work/1/s/bin/Debug/net6.0/OdinUiTests.dll" adapterTypeName="executor://nunit3testexecutor/" className="OdinUiTests.Tests.Library.TestTrainSettingsValidationTests" name="Конструктор теста-тренажера: можно удалить автора" />
    </UnitTest>
    <UnitTest name=" Cоздание дисциплины в потоке ДО: работает кнопка 'Отмена'" storage="/azp/_work/1/s/bin/debug/net6.0/odinuitests.dll" id="59ffc6b5-7a92-0e93-7969-c60aa490bb70">
      <Execution id="5d2b3cc9-979a-42d4-b45f-1de3f5bb5c3c" />
      <TestMethod codeBase="/azp/_work/1/s/bin/Debug/net6.0/OdinUiTests.dll" adapterTypeName="executor://nunit3testexecutor/" className="OdinUiTests.Tests.Discipline.DisciplineCreationTests" name=" Cоздание дисциплины в потоке ДО: работает кнопка 'Отмена'" />
    </UnitTest>
    <UnitTest name="Страница звонка: отображается зеленая рамка у карточки собеседника при разговоре" storage="/azp/_work/1/s/bin/debug/net6.0/odinuitests.dll" id="80e2209e-82e1-4ac0-a7ff-59d1e9266202">
      <Execution id="d8dcc3ca-ef7a-4141-88f6-845c5c030de7" />
      <TestMethod codeBase="/azp/_work/1/s/bin/Debug/net6.0/OdinUiTests.dll" adapterTypeName="executor://nunit3testexecutor/" className="OdinUiTests.Tests.Call.CallTests" name="Страница звонка: отображается зеленая рамка у карточки собеседника при разговоре" />
    </UnitTest>
    <UnitTest name="Библиотека: можно отменить режим выбора, нажав на кнопку “Отмена” или сняв отметки с выбранных элементов" storage="/azp/_work/1/s/bin/debug/net6.0/odinuitests.dll" id="361a7c21-7cb6-836c-7e6b-651eee133fc9">
      <Execution id="bbe85f4a-72b6-4b45-b4fd-bd49009ba3e3" />
      <TestMethod codeBase="/azp/_work/1/s/bin/Debug/net6.0/OdinUiTests.dll" adapterTypeName="executor://nunit3testexecutor/" className="OdinUiTests.Tests.Library.BulkActionsLibraryTests" name="Библиотека: можно отменить режим выбора, нажав на кнопку “Отмена” или сняв отметки с выбранных элементов" />
    </UnitTest>
    <UnitTest name="Редактирование дисциплины: можно изменить описание" storage="/azp/_work/1/s/bin/debug/net6.0/odinuitests.dll" id="ff45d043-a889-ddad-bd70-072d4cfa6216">
      <Execution id="aa95e1c3-578a-4177-bad4-c418b97f1d67" />
      <TestMethod codeBase="/azp/_work/1/s/bin/Debug/net6.0/OdinUiTests.dll" adapterTypeName="executor://nunit3testexecutor/" className="OdinUiTests.Tests.Discipline.DisciplineEditingTests" name="Редактирование дисциплины: можно изменить описание" />
    </UnitTest>
    <UnitTest name="Список чатов - личный чат: можно удалить сообщение" storage="/azp/_work/1/s/bin/debug/net6.0/odinuitests.dll" id="df9504f6-6b79-12a1-3bf1-11d0be6e361b">
      <Execution id="31d7a701-a048-43a1-b520-2f7fffe9e2a8" />
      <TestMethod codeBase="/azp/_work/1/s/bin/Debug/net6.0/OdinUiTests.dll" adapterTypeName="executor://nunit3testexecutor/" className="OdinUiTests.Tests.Chat.PersonalChatTests" name="Список чатов - личный чат: можно удалить сообщение" />
    </UnitTest>
    <UnitTest name="Страница звонка: можно включить/отключить микрофон в звонке" storage="/azp/_work/1/s/bin/debug/net6.0/odinuitests.dll" id="ddc15ccb-6106-6fd2-7ac2-0661b0223ef6">
      <Execution id="1a15a901-09db-451d-8392-9b9e25aa6250" />
      <TestMethod codeBase="/azp/_work/1/s/bin/Debug/net6.0/OdinUiTests.dll" adapterTypeName="executor://nunit3testexecutor/" className="OdinUiTests.Tests.Call.CallTests" name="Страница звонка: можно включить/отключить микрофон в звонке" />
    </UnitTest>
    <UnitTest name="Страница дисциплины: работает кнопка 'Редактировать' для преподавателя" storage="/azp/_work/1/s/bin/debug/net6.0/odinuitests.dll" id="05ae5f53-241b-1116-110c-2ecf0df2eace">
      <Execution id="e7f1dbbe-bb61-4aca-a449-5a0f9f118191" />
      <TestMethod codeBase="/azp/_work/1/s/bin/Debug/net6.0/OdinUiTests.dll" adapterTypeName="executor://nunit3testexecutor/" className="OdinUiTests.Tests.Discipline.DisciplineRightMenuTests" name="Страница дисциплины: работает кнопка 'Редактировать' для преподавателя" />
    </UnitTest>
    <UnitTest name="Создание потока ДО (СЗ): нет возможности выбрать галку ‘Разрешена регистрация по ссылке’" storage="/azp/_work/1/s/bin/debug/net6.0/odinuitests.dll" id="8e3debd5-0093-d3e2-0c5e-f702aaec8b1e">
      <Execution id="bc0bcf1c-ac62-4c7f-a189-5672362d0b05" />
      <TestMethod codeBase="/azp/_work/1/s/bin/Debug/net6.0/OdinUiTests.dll" adapterTypeName="executor://nunit3testexecutor/" className="OdinUiTests.Tests.Cohort.CohortCreationValidationTests" name="Создание потока ДО (СЗ): нет возможности выбрать галку ‘Разрешена регистрация по ссылке’" />
    </UnitTest>
    <UnitTest name="Конструктор теста-тренажера: можно добавить вопрос с типом ответа “Сортировка”" storage="/azp/_work/1/s/bin/debug/net6.0/odinuitests.dll" id="a9a908d2-3862-5343-289a-a4264e93defb">
      <Execution id="fe2d7938-7385-4f57-b9a3-66874297d947" />
      <TestMethod codeBase="/azp/_work/1/s/bin/Debug/net6.0/OdinUiTests.dll" adapterTypeName="executor://nunit3testexecutor/" className="OdinUiTests.Tests.Library.TestTrainAddingQuestionsTests" name="Конструктор теста-тренажера: можно добавить вопрос с типом ответа “Сортировка”" />
    </UnitTest>
    <UnitTest name="Создание потока ДО: невозможно создать поток из шаблона программы ВО" storage="/azp/_work/1/s/bin/debug/net6.0/odinuitests.dll" id="2b027fcd-85cd-cf61-502f-52d0ed5d7cc9">
      <Execution id="fe5a66c0-dc03-4d4e-b3ea-6caeab3c43e3" />
      <TestMethod codeBase="/azp/_work/1/s/bin/Debug/net6.0/OdinUiTests.dll" adapterTypeName="executor://nunit3testexecutor/" className="OdinUiTests.Tests.Cohort.CohortCreationValidationTests" name="Создание потока ДО: невозможно создать поток из шаблона программы ВО" />
    </UnitTest>
    <UnitTest name="Можно отправить текстовый ответ" storage="/azp/_work/1/s/bin/debug/net6.0/odinuitests.dll" id="ac1a9b02-54ed-9343-3b86-38106effb0ee">
      <Execution id="64268c6f-7553-4b86-872c-a50490d1960f" />
      <TestMethod codeBase="/azp/_work/1/s/bin/Debug/net6.0/OdinUiTests.dll" adapterTypeName="executor://nunit3testexecutor/" className="OdinUiTests.Tests.Activity.TaskWithoutSolutionStudentTests" name="Можно отправить текстовый ответ" />
    </UnitTest>
    <UnitTest name="Можно поменять тип подразделения" storage="/azp/_work/1/s/bin/debug/net6.0/odinuitests.dll" id="876f5120-4ade-77e7-55e0-644747675e0f">
      <Execution id="9106a661-fe7a-45f5-b7a7-de47cf6c2dfd" />
      <TestMethod codeBase="/azp/_work/1/s/bin/Debug/net6.0/OdinUiTests.dll" adapterTypeName="executor://nunit3testexecutor/" className="OdinUiTests.Tests.Division.DivisionEditingTests" name="Можно поменять тип подразделения" />
    </UnitTest>
    <UnitTest name="Создание дисциплины ДО: отображение ошибки валидации для поля 'Название', если поле не заполнено" storage="/azp/_work/1/s/bin/debug/net6.0/odinuitests.dll" id="e4f80452-faf5-7c2f-9ac8-bb76481dd1eb">
      <Execution id="cefea66e-4910-4716-a848-eef415353b1c" />
      <TestMethod codeBase="/azp/_work/1/s/bin/Debug/net6.0/OdinUiTests.dll" adapterTypeName="executor://nunit3testexecutor/" className="OdinUiTests.Tests.Discipline.DisciplineCreationValidationTests" name="Создание дисциплины ДО: отображение ошибки валидации для поля 'Название', если поле не заполнено" />
    </UnitTest>
    <UnitTest name="Редактирование дисциплины: можно переключать значения в поле 'Язык'" storage="/azp/_work/1/s/bin/debug/net6.0/odinuitests.dll" id="90046b91-a015-f65b-3117-d0987d8a474a">
      <Execution id="84321630-d688-41ae-a916-c0cff841f55a" />
      <TestMethod codeBase="/azp/_work/1/s/bin/Debug/net6.0/OdinUiTests.dll" adapterTypeName="executor://nunit3testexecutor/" className="OdinUiTests.Tests.Discipline.DisciplineEditingTests" name="Редактирование дисциплины: можно переключать значения в поле 'Язык'" />
    </UnitTest>
    <UnitTest name="Страница потока: студенты не имеют доступ к материалам архивного потока по прямой ссылки" storage="/azp/_work/1/s/bin/debug/net6.0/odinuitests.dll" id="6e640e18-41a6-505c-1003-6bfd8f32bbae">
      <Execution id="ba96d1ac-8490-4a59-97f8-2818825d3cae" />
      <TestMethod codeBase="/azp/_work/1/s/bin/Debug/net6.0/OdinUiTests.dll" adapterTypeName="executor://nunit3testexecutor/" className="OdinUiTests.Tests.Cohort.CohortInfoTests" name="Страница потока: студенты не имеют доступ к материалам архивного потока по прямой ссылки" />
    </UnitTest>
    <UnitTest name="Список чатов - чат для заметок: можно редактировать сообщение в течение 4 часов после отправки" storage="/azp/_work/1/s/bin/debug/net6.0/odinuitests.dll" id="e1c017f3-a9cb-eefd-f50b-f36a9130080e">
      <Execution id="dbdc62a1-820d-4c6f-b9b2-b7f0705a8fc7" />
      <TestMethod codeBase="/azp/_work/1/s/bin/Debug/net6.0/OdinUiTests.dll" adapterTypeName="executor://nunit3testexecutor/" className="OdinUiTests.Tests.Chat.NotesChatTests" name="Список чатов - чат для заметок: можно редактировать сообщение в течение 4 часов после отправки" />
    </UnitTest>
    <UnitTest name="Создание дисциплины ДО: можно создать дисциплину, если заполнены обязательные поля" storage="/azp/_work/1/s/bin/debug/net6.0/odinuitests.dll" id="3b795a3c-62c0-b63d-6440-d18a32dc23df">
      <Execution id="df7cadca-2a22-45de-9a1a-b4005f993ce7" />
      <TestMethod codeBase="/azp/_work/1/s/bin/Debug/net6.0/OdinUiTests.dll" adapterTypeName="executor://nunit3testexecutor/" className="OdinUiTests.Tests.Discipline.DisciplineCreationTests" name="Создание дисциплины ДО: можно создать дисциплину, если заполнены обязательные поля" />
    </UnitTest>
    <UnitTest name="Редактирование дисциплины: есть возможность редактировать у администратора подразделения, к которому дисциплина относится" storage="/azp/_work/1/s/bin/debug/net6.0/odinuitests.dll" id="c57a0471-f758-3e83-f84c-6ffd8f03d8d9">
      <Execution id="5707ed94-48d8-438b-ac85-4d27b8eff6b4" />
      <TestMethod codeBase="/azp/_work/1/s/bin/Debug/net6.0/OdinUiTests.dll" adapterTypeName="executor://nunit3testexecutor/" className="OdinUiTests.Tests.Discipline.DisciplineAccessTests" name="Редактирование дисциплины: есть возможность редактировать у администратора подразделения, к которому дисциплина относится" />
    </UnitTest>
    <UnitTest name="Конструктор теста-тренажера: возможность снять отметку “верный” у варианта ответа" storage="/azp/_work/1/s/bin/debug/net6.0/odinuitests.dll" id="89a45def-634f-decc-b633-9e73b92781b0">
      <Execution id="7c821f9f-9c72-4824-a885-cc0de2170c8c" />
      <TestMethod codeBase="/azp/_work/1/s/bin/Debug/net6.0/OdinUiTests.dll" adapterTypeName="executor://nunit3testexecutor/" className="OdinUiTests.Tests.Library.TestTrainQuestionsValidationTests" name="Конструктор теста-тренажера: возможность снять отметку “верный” у варианта ответа" />
    </UnitTest>
    <UnitTest name="Результат прохождения: преподаватель может удалить комментарий к ответу, если включена опция подробная информация о результатах" storage="/azp/_work/1/s/bin/debug/net6.0/odinuitests.dll" id="7f95a53a-dd38-9b22-8cfe-d10e425dbeb7">
      <Execution id="036569b9-682c-4601-af9a-43e50926f889" />
      <TestMethod codeBase="/azp/_work/1/s/bin/Debug/net6.0/OdinUiTests.dll" adapterTypeName="executor://nunit3testexecutor/" className="OdinUiTests.Tests.Activity.TestActivityResultTests" name="Результат прохождения: преподаватель может удалить комментарий к ответу, если включена опция подробная информация о результатах" />
    </UnitTest>
    <UnitTest name="Редактирование активности: видимость материала во время проведения активности" storage="/azp/_work/1/s/bin/debug/net6.0/odinuitests.dll" id="74031c7e-b6c0-77dd-ffdf-6ba418041ad5">
      <Execution id="dd1191f6-345a-436b-a9d8-de4f53b428cb" />
      <TestMethod codeBase="/azp/_work/1/s/bin/Debug/net6.0/OdinUiTests.dll" adapterTypeName="executor://nunit3testexecutor/" className="OdinUiTests.Tests.Activity.ActivityContentVisibilityTests" name="Редактирование активности: видимость материала во время проведения активности" />
    </UnitTest>
    <UnitTest name="Конструктор теста: можно удалить блок" storage="/azp/_work/1/s/bin/debug/net6.0/odinuitests.dll" id="cdbe53ae-1c7b-9dd9-0aba-2801aa8c4447">
      <Execution id="a4275945-2da0-4755-a20b-6e8ec6a99d47" />
      <TestMethod codeBase="/azp/_work/1/s/bin/Debug/net6.0/OdinUiTests.dll" adapterTypeName="executor://nunit3testexecutor/" className="OdinUiTests.Tests.Library.TestBlocksAndVariantsValidationTests" name="Конструктор теста: можно удалить блок" />
    </UnitTest>
    <UnitTest name="Страница профиля пользователя: можно изменить пароль" storage="/azp/_work/1/s/bin/debug/net6.0/odinuitests.dll" id="a90bd517-3d92-b30c-709c-c97b131d2665">
      <Execution id="b2442848-212f-4e12-bde0-2ba3fe0dbbb4" />
      <TestMethod codeBase="/azp/_work/1/s/bin/Debug/net6.0/OdinUiTests.dll" adapterTypeName="executor://nunit3testexecutor/" className="OdinUiTests.Tests.UserProfile.UserInfoPageTests" name="Страница профиля пользователя: можно изменить пароль" />
    </UnitTest>
    <UnitTest name="Список чатов - чат для заметок: можно найти отправленное сообщение" storage="/azp/_work/1/s/bin/debug/net6.0/odinuitests.dll" id="f9feae2b-8e4f-313b-7d18-efc2f865f8f3">
      <Execution id="5066a4a7-afaf-4f1a-b296-675a161ce87d" />
      <TestMethod codeBase="/azp/_work/1/s/bin/Debug/net6.0/OdinUiTests.dll" adapterTypeName="executor://nunit3testexecutor/" className="OdinUiTests.Tests.Chat.NotesChatTests" name="Список чатов - чат для заметок: можно найти отправленное сообщение" />
    </UnitTest>
    <UnitTest name="Нельзя создать задание, если поле 'Минимальный порог баллов' не заполнено" storage="/azp/_work/1/s/bin/debug/net6.0/odinuitests.dll" id="25c56c31-ffa6-14fb-f01b-bf4a1e6d6c7a">
      <Execution id="8b1fb28e-f021-4f27-be47-50fc8e1db9c4" />
      <TestMethod codeBase="/azp/_work/1/s/bin/Debug/net6.0/OdinUiTests.dll" adapterTypeName="executor://nunit3testexecutor/" className="OdinUiTests.Tests.Activity.TaskActivityCreatingTests" name="Нельзя создать задание, если поле 'Минимальный порог баллов' не заполнено" />
    </UnitTest>
    <UnitTest name="Страница организации: отображается тултип при наведении на иконку участника проекта" storage="/azp/_work/1/s/bin/debug/net6.0/odinuitests.dll" id="042d583e-76a4-64df-f6da-63e861fca25a">
      <Execution id="5f7b1bfc-e319-4650-addc-640ff9617c7a" />
      <TestMethod codeBase="/azp/_work/1/s/bin/Debug/net6.0/OdinUiTests.dll" adapterTypeName="executor://nunit3testexecutor/" className="OdinUiTests.Tests.Organization.OrganizationPageTests" name="Страница организации: отображается тултип при наведении на иконку участника проекта" />
    </UnitTest>
    <UnitTest name="Конструктор теста: можно добавить комментария к вопросу" storage="/azp/_work/1/s/bin/debug/net6.0/odinuitests.dll" id="2def859d-cbfd-17d2-533b-0e240c54b2cc">
      <Execution id="c9d111e5-210f-4a86-8b4c-091b79cc80fb" />
      <TestMethod codeBase="/azp/_work/1/s/bin/Debug/net6.0/OdinUiTests.dll" adapterTypeName="executor://nunit3testexecutor/" className="OdinUiTests.Tests.Library.TestQuestionsValidationTests" name="Конструктор теста: можно добавить комментария к вопросу" />
    </UnitTest>
    <UnitTest name="Страница дисциплины: отмена создания модуля" storage="/azp/_work/1/s/bin/debug/net6.0/odinuitests.dll" id="4b51e0ad-84c6-bace-e957-e910a250537c">
      <Execution id="f95ed6cd-2dea-4f57-a84b-75999752973e" />
      <TestMethod codeBase="/azp/_work/1/s/bin/Debug/net6.0/OdinUiTests.dll" adapterTypeName="executor://nunit3testexecutor/" className="OdinUiTests.Tests.Discipline.DisciplineActivitiesBlockTests" name="Страница дисциплины: отмена создания модуля" />
    </UnitTest>
    <UnitTest name="Создание контрольной: можно создать контрольную с режимом выполнения 'Командный'" storage="/azp/_work/1/s/bin/debug/net6.0/odinuitests.dll" id="d728dbea-c73f-a259-c27b-6617b961dcf8">
      <Execution id="cd23a898-a1b0-4afc-b2a1-01098281661e" />
      <TestMethod codeBase="/azp/_work/1/s/bin/Debug/net6.0/OdinUiTests.dll" adapterTypeName="executor://nunit3testexecutor/" className="OdinUiTests.Tests.Activity.TestActivityCreatingTests" name="Создание контрольной: можно создать контрольную с режимом выполнения 'Командный'" />
    </UnitTest>
    <UnitTest name="Проверка запоминания выбора режимов расписания" storage="/azp/_work/1/s/bin/debug/net6.0/odinuitests.dll" id="5af2f66a-3903-7c26-57ab-57a7099fef7e">
      <Execution id="a95e67ef-6a17-4c3d-8985-164e330147f8" />
      <TestMethod codeBase="/azp/_work/1/s/bin/Debug/net6.0/OdinUiTests.dll" adapterTypeName="executor://nunit3testexecutor/" className="OdinUiTests.Tests.Schedule.ScheduleTests" name="Проверка запоминания выбора режимов расписания" />
    </UnitTest>
    <UnitTest name="Редактирование шаблона активности: отображение ошибки валидации для поля 'Объём' с отрицательным значением" storage="/azp/_work/1/s/bin/debug/net6.0/odinuitests.dll" id="326b2a1b-2f30-7b8e-4139-da0dd2bef186">
      <Execution id="6001b95f-3103-4a32-a2b9-85d122d22dd0" />
      <TestMethod codeBase="/azp/_work/1/s/bin/Debug/net6.0/OdinUiTests.dll" adapterTypeName="executor://nunit3testexecutor/" className="OdinUiTests.Tests.Activity.TemplateEditingValidationTests" name="Редактирование шаблона активности: отображение ошибки валидации для поля 'Объём' с отрицательным значением" />
    </UnitTest>
    <UnitTest name="Страница активности: отсутствия доступа к кнопке 'Открыть чат активности', если чат дисциплины заблокирован" storage="/azp/_work/1/s/bin/debug/net6.0/odinuitests.dll" id="b2700a3b-9696-6543-fb78-10647d7b667c">
      <Execution id="405c94ea-3653-478f-93db-102721f04d51" />
      <TestMethod codeBase="/azp/_work/1/s/bin/Debug/net6.0/OdinUiTests.dll" adapterTypeName="executor://nunit3testexecutor/" className="OdinUiTests.Tests.Discipline.DisciplineChatBlockTests" name="Страница активности: отсутствия доступа к кнопке 'Открыть чат активности', если чат дисциплины заблокирован" />
    </UnitTest>
    <UnitTest name="Страница профиля пользователя: студент не может посмотреть пройденные активности другого студента" storage="/azp/_work/1/s/bin/debug/net6.0/odinuitests.dll" id="72d9e34e-29ab-9417-1717-18b46ab05f17">
      <Execution id="07e5c342-87ff-46e9-96ef-8239f46ba7ac" />
      <TestMethod codeBase="/azp/_work/1/s/bin/Debug/net6.0/OdinUiTests.dll" adapterTypeName="executor://nunit3testexecutor/" className="OdinUiTests.Tests.UserProfile.UserInfoPageTests" name="Страница профиля пользователя: студент не может посмотреть пройденные активности другого студента" />
    </UnitTest>
    <UnitTest name="Конструктор теста-тренажера: отсутствует возможность добавить вариант" storage="/azp/_work/1/s/bin/debug/net6.0/odinuitests.dll" id="e2f4f25c-e771-ab86-be85-2b6511952c7a">
      <Execution id="9a010eaf-6586-4d3c-8316-d85aaaa4f222" />
      <TestMethod codeBase="/azp/_work/1/s/bin/Debug/net6.0/OdinUiTests.dll" adapterTypeName="executor://nunit3testexecutor/" className="OdinUiTests.Tests.Library.TestTrainBlocksAndVariantsValidationTests" name="Конструктор теста-тренажера: отсутствует возможность добавить вариант" />
    </UnitTest>
    <UnitTest name="Создание дисциплины: невозможно добавить группу из стороннего потока" storage="/azp/_work/1/s/bin/debug/net6.0/odinuitests.dll" id="e61bf97a-46d8-5aab-f282-75d35bde7e67">
      <Execution id="efba638f-cc89-4624-a432-689695c6cf10" />
      <TestMethod codeBase="/azp/_work/1/s/bin/Debug/net6.0/OdinUiTests.dll" adapterTypeName="executor://nunit3testexecutor/" className="OdinUiTests.Tests.Discipline.DisContingentCreationValidationTests" name="Создание дисциплины: невозможно добавить группу из стороннего потока" />
    </UnitTest>
    <UnitTest name="Список чатов - личный чат: можно найти отправленное сообщение" storage="/azp/_work/1/s/bin/debug/net6.0/odinuitests.dll" id="12b0f6d9-0eb3-91d3-e3b7-29908f0a2122">
      <Execution id="1af78593-9ba8-41a8-8b10-07d984f9025b" />
      <TestMethod codeBase="/azp/_work/1/s/bin/Debug/net6.0/OdinUiTests.dll" adapterTypeName="executor://nunit3testexecutor/" className="OdinUiTests.Tests.Chat.PersonalChatTests" name="Список чатов - личный чат: можно найти отправленное сообщение" />
    </UnitTest>
    <UnitTest name="Редактирование контрольной: отображение ошибки валидации для поля 'Количество попыток сдачи' с значением &gt; 20" storage="/azp/_work/1/s/bin/debug/net6.0/odinuitests.dll" id="831622b0-314b-7323-66a1-e3824518461f">
      <Execution id="5483c4a9-2aa3-448e-8900-6615bc724f06" />
      <TestMethod codeBase="/azp/_work/1/s/bin/Debug/net6.0/OdinUiTests.dll" adapterTypeName="executor://nunit3testexecutor/" className="OdinUiTests.Tests.Activity.TestActivityEditingTests" name="Редактирование контрольной: отображение ошибки валидации для поля 'Количество попыток сдачи' с значением &gt; 20" />
    </UnitTest>
    <UnitTest name="Редактирование шаблона активности: можно удалять материалы" storage="/azp/_work/1/s/bin/debug/net6.0/odinuitests.dll" id="78b09f69-65c8-f252-6e03-05d5b9b32a19">
      <Execution id="65896319-a9a4-456f-8a50-6297a385fbb4" />
      <TestMethod codeBase="/azp/_work/1/s/bin/Debug/net6.0/OdinUiTests.dll" adapterTypeName="executor://nunit3testexecutor/" className="OdinUiTests.Tests.Activity.TemplateAddingTests" name="Редактирование шаблона активности: можно удалять материалы" />
    </UnitTest>
    <UnitTest name="Список чатов - групповой чат: можно отправить чат в архив" storage="/azp/_work/1/s/bin/debug/net6.0/odinuitests.dll" id="487eae17-ca98-26f7-847f-a0fd4618b900">
      <Execution id="33f66461-bf37-4e44-8e3c-5653130cd113" />
      <TestMethod codeBase="/azp/_work/1/s/bin/Debug/net6.0/OdinUiTests.dll" adapterTypeName="executor://nunit3testexecutor/" className="OdinUiTests.Tests.Chat.GroupChatTests" name="Список чатов - групповой чат: можно отправить чат в архив" />
    </UnitTest>
    <UnitTest name="Конструктор теста-тренажера: можно добавить вопрос с типом ответа “Свободный ответ” - “Точное совпадение”" storage="/azp/_work/1/s/bin/debug/net6.0/odinuitests.dll" id="c5a2c8ef-fe52-f075-1a80-5d33b627b04c">
      <Execution id="08182e68-b362-4806-bfb3-ab7f0e2330f6" />
      <TestMethod codeBase="/azp/_work/1/s/bin/Debug/net6.0/OdinUiTests.dll" adapterTypeName="executor://nunit3testexecutor/" className="OdinUiTests.Tests.Library.TestTrainAddingQuestionsTests" name="Конструктор теста-тренажера: можно добавить вопрос с типом ответа “Свободный ответ” - “Точное совпадение”" />
    </UnitTest>
    <UnitTest name="Расписание можно открыть из блока Ближайшие активности" storage="/azp/_work/1/s/bin/debug/net6.0/odinuitests.dll" id="5c80ce58-20c0-132e-ef3a-5daa27ce3035">
      <Execution id="49709ed2-ffe1-4097-b771-4fdb800d6d5d" />
      <TestMethod codeBase="/azp/_work/1/s/bin/Debug/net6.0/OdinUiTests.dll" adapterTypeName="executor://nunit3testexecutor/" className="OdinUiTests.Tests.Schedule.ScheduleTests" name="Расписание можно открыть из блока Ближайшие активности" />
    </UnitTest>
    <UnitTest name="Конструктор теста-тренажера: можно изменить время изучения" storage="/azp/_work/1/s/bin/debug/net6.0/odinuitests.dll" id="cbbc8f11-2d37-c3ca-67e6-6463ba7ab911">
      <Execution id="676e32dc-3de7-41b4-9f48-5d24fc325e91" />
      <TestMethod codeBase="/azp/_work/1/s/bin/Debug/net6.0/OdinUiTests.dll" adapterTypeName="executor://nunit3testexecutor/" className="OdinUiTests.Tests.Library.TestTrainSettingsValidationTests" name="Конструктор теста-тренажера: можно изменить время изучения" />
    </UnitTest>
    <UnitTest name="Список чатов - обсуждение решения: можно отправить смайлики" storage="/azp/_work/1/s/bin/debug/net6.0/odinuitests.dll" id="1eea3540-6db1-a060-6f23-a77268b98efd">
      <Execution id="43ba0c4d-c65d-47e2-9637-5f6bba103751" />
      <TestMethod codeBase="/azp/_work/1/s/bin/Debug/net6.0/OdinUiTests.dll" adapterTypeName="executor://nunit3testexecutor/" className="OdinUiTests.Tests.Chat.TaskChatTests" name="Список чатов - обсуждение решения: можно отправить смайлики" />
    </UnitTest>
    <UnitTest name="Наличие ошибки при отправки пустого решения" storage="/azp/_work/1/s/bin/debug/net6.0/odinuitests.dll" id="55af152c-2506-fd01-5d60-b35c168b6e27">
      <Execution id="80140f5f-e64f-4255-a936-5df5fdfbfeab" />
      <TestMethod codeBase="/azp/_work/1/s/bin/Debug/net6.0/OdinUiTests.dll" adapterTypeName="executor://nunit3testexecutor/" className="OdinUiTests.Tests.Activity.TaskWithoutSolutionStudentTests" name="Наличие ошибки при отправки пустого решения" />
    </UnitTest>
    <UnitTest name="Страница оценок дисциплины: отсутствия кнопки 'Итоговые оценки (ведомость)' у студента" storage="/azp/_work/1/s/bin/debug/net6.0/odinuitests.dll" id="95127249-c5fd-b1de-a206-395b9ac64940">
      <Execution id="07e23a1b-1d9a-49e8-8b8c-a6e8bf64c2fe" />
      <TestMethod codeBase="/azp/_work/1/s/bin/Debug/net6.0/OdinUiTests.dll" adapterTypeName="executor://nunit3testexecutor/" className="OdinUiTests.Tests.Discipline.DisciplineStudentTests" name="Страница оценок дисциплины: отсутствия кнопки 'Итоговые оценки (ведомость)' у студента" />
    </UnitTest>
    <UnitTest name="Редактирование активности: проверка формата активности самостоятельное изучение" storage="/azp/_work/1/s/bin/debug/net6.0/odinuitests.dll" id="66cd675e-9dc1-7f5b-859d-4ce48f2175e9">
      <Execution id="7b334faf-e495-4569-93f4-432ce85a745e" />
      <TestMethod codeBase="/azp/_work/1/s/bin/Debug/net6.0/OdinUiTests.dll" adapterTypeName="executor://nunit3testexecutor/" className="OdinUiTests.Tests.Activity.ActivityEditingFormatTests" name="Редактирование активности: проверка формата активности самостоятельное изучение" />
    </UnitTest>
    <UnitTest name="Страница оценок дисциплины: работает кнопка 'Итоговые оценки (ведомость)' у преподавателя" storage="/azp/_work/1/s/bin/debug/net6.0/odinuitests.dll" id="cac445db-eb07-3e29-19e0-2705da9f235b">
      <Execution id="7009f894-80ee-4637-b1c0-4a02bd1a2982" />
      <TestMethod codeBase="/azp/_work/1/s/bin/Debug/net6.0/OdinUiTests.dll" adapterTypeName="executor://nunit3testexecutor/" className="OdinUiTests.Tests.Discipline.DisciplineMarksAndAttendanceTests" name="Страница оценок дисциплины: работает кнопка 'Итоговые оценки (ведомость)' у преподавателя" />
    </UnitTest>
    <UnitTest name="Страница командной контрольной: статус ожидает проверки, если в попытке есть хотя бы один вопрос, требующий проверки" storage="/azp/_work/1/s/bin/debug/net6.0/odinuitests.dll" id="b2b9b638-812e-9bae-7e45-77c9e547491b">
      <Execution id="f889007f-ffc3-4252-acb6-cf27a14f5e22" />
      <TestMethod codeBase="/azp/_work/1/s/bin/Debug/net6.0/OdinUiTests.dll" adapterTypeName="executor://nunit3testexecutor/" className="OdinUiTests.Tests.Activity.TestActivityStatusWithOneAttemptTests" name="Страница командной контрольной: статус ожидает проверки, если в попытке есть хотя бы один вопрос, требующий проверки" />
    </UnitTest>
    <UnitTest name="Список чатов - чат для заметок: можно удалить сообщение" storage="/azp/_work/1/s/bin/debug/net6.0/odinuitests.dll" id="fe2b3c98-a5cb-193a-4172-4755b80fd785">
      <Execution id="1f442540-cb2a-42ec-8c0d-99a434695b91" />
      <TestMethod codeBase="/azp/_work/1/s/bin/Debug/net6.0/OdinUiTests.dll" adapterTypeName="executor://nunit3testexecutor/" className="OdinUiTests.Tests.Chat.NotesChatTests" name="Список чатов - чат для заметок: можно удалить сообщение" />
    </UnitTest>
    <UnitTest name="Редактирование контрольной: отображение ошибки валидации для поля 'Количество попыток сдачи' с отрицательным значением" storage="/azp/_work/1/s/bin/debug/net6.0/odinuitests.dll" id="3da838e8-0dad-1f40-978c-739bfd0f7ea3">
      <Execution id="fff692b3-a7be-4cf9-bba4-b17253a22a93" />
      <TestMethod codeBase="/azp/_work/1/s/bin/Debug/net6.0/OdinUiTests.dll" adapterTypeName="executor://nunit3testexecutor/" className="OdinUiTests.Tests.Activity.TestActivityEditingTests" name="Редактирование контрольной: отображение ошибки валидации для поля 'Количество попыток сдачи' с отрицательным значением" />
    </UnitTest>
    <UnitTest name="Редактирование дисциплины: нет возможности редактировать у администратора организации, к которому дисциплина НЕ относится" storage="/azp/_work/1/s/bin/debug/net6.0/odinuitests.dll" id="fca67152-8883-2cd1-a8e1-65d62dc3a550">
      <Execution id="158134c6-6ffe-4901-8207-bd773d1233a4" />
      <TestMethod codeBase="/azp/_work/1/s/bin/Debug/net6.0/OdinUiTests.dll" adapterTypeName="executor://nunit3testexecutor/" className="OdinUiTests.Tests.Discipline.DisciplineAccessTests" name="Редактирование дисциплины: нет возможности редактировать у администратора организации, к которому дисциплина НЕ относится" />
    </UnitTest>
    <UnitTest name="Редактирование дисциплины: невозможно добавить группу из стороннего потока" storage="/azp/_work/1/s/bin/debug/net6.0/odinuitests.dll" id="3751798e-b752-1fe6-4a26-c4019048cb73">
      <Execution id="5be8c98d-341e-4937-b7b3-a8c5ae28b905" />
      <TestMethod codeBase="/azp/_work/1/s/bin/Debug/net6.0/OdinUiTests.dll" adapterTypeName="executor://nunit3testexecutor/" className="OdinUiTests.Tests.Discipline.DisContingentEditingValidationTests" name="Редактирование дисциплины: невозможно добавить группу из стороннего потока" />
    </UnitTest>
    <UnitTest name="Проверка отображения прошедших активностей" storage="/azp/_work/1/s/bin/debug/net6.0/odinuitests.dll" id="2a85c624-1a30-cc0c-3137-c2112fd12cca">
      <Execution id="a071f999-ea52-4261-9fde-5d151012bec1" />
      <TestMethod codeBase="/azp/_work/1/s/bin/Debug/net6.0/OdinUiTests.dll" adapterTypeName="executor://nunit3testexecutor/" className="OdinUiTests.Tests.Schedule.ScheduleSettingsTests" name="Проверка отображения прошедших активностей" />
    </UnitTest>
    <UnitTest name="Можно скачать аналитику активности студентов по потокам" storage="/azp/_work/1/s/bin/debug/net6.0/odinuitests.dll" id="9c26ed14-c131-0c2c-7151-6f13a5b07922">
      <Execution id="c3f55aa2-95d4-46d1-9061-7fb07da2b204" />
      <TestMethod codeBase="/azp/_work/1/s/bin/Debug/net6.0/OdinUiTests.dll" adapterTypeName="executor://nunit3testexecutor/" className="OdinUiTests.Tests.Division.DivisionPageTests" name="Можно скачать аналитику активности студентов по потокам" />
    </UnitTest>
    <UnitTest name="Можно создать задание с критерием" storage="/azp/_work/1/s/bin/debug/net6.0/odinuitests.dll" id="8266056b-6696-91c6-c0bf-89899a3a07ae">
      <Execution id="ef8ae852-4c79-4e3a-a189-825187c93065" />
      <TestMethod codeBase="/azp/_work/1/s/bin/Debug/net6.0/OdinUiTests.dll" adapterTypeName="executor://nunit3testexecutor/" className="OdinUiTests.Tests.Activity.TaskActivityMulticriteriaTests" name="Можно создать задание с критерием" />
    </UnitTest>
    <UnitTest name="Список чатов - групповой чат: можно редактировать сообщение в течение 4 часов после отправки" storage="/azp/_work/1/s/bin/debug/net6.0/odinuitests.dll" id="24bd7e98-d3ad-8127-b694-e17d37fd85e2">
      <Execution id="46d9d955-d0ef-40d1-9ca5-a7e9cc40485e" />
      <TestMethod codeBase="/azp/_work/1/s/bin/Debug/net6.0/OdinUiTests.dll" adapterTypeName="executor://nunit3testexecutor/" className="OdinUiTests.Tests.Chat.GroupChatTests" name="Список чатов - групповой чат: можно редактировать сообщение в течение 4 часов после отправки" />
    </UnitTest>
    <UnitTest name="Список чатов - личный чат: можно отправить смайлики" storage="/azp/_work/1/s/bin/debug/net6.0/odinuitests.dll" id="2cb3df5c-f594-5bb4-689c-f5650b3adda0">
      <Execution id="596ac89b-99a6-43c7-b41d-ccef759225ea" />
      <TestMethod codeBase="/azp/_work/1/s/bin/Debug/net6.0/OdinUiTests.dll" adapterTypeName="executor://nunit3testexecutor/" className="OdinUiTests.Tests.Chat.PersonalChatTests" name="Список чатов - личный чат: можно отправить смайлики" />
    </UnitTest>
    <UnitTest name="Редактирование дисциплины: можно изменить краткое название, сделав двойной клик по названию дисциплины" storage="/azp/_work/1/s/bin/debug/net6.0/odinuitests.dll" id="16b57b69-fc60-e930-6366-2ee2e60b2790">
      <Execution id="330fa5a3-f9e9-4fdd-9a72-748ef97239fc" />
      <TestMethod codeBase="/azp/_work/1/s/bin/Debug/net6.0/OdinUiTests.dll" adapterTypeName="executor://nunit3testexecutor/" className="OdinUiTests.Tests.Discipline.DisciplineEditingTests" name="Редактирование дисциплины: можно изменить краткое название, сделав двойной клик по названию дисциплины" />
    </UnitTest>
    <UnitTest name="Создание дисциплины: в выпадающем списке поля Студенты отображаются только студенты потока" storage="/azp/_work/1/s/bin/debug/net6.0/odinuitests.dll" id="0561b830-d5ca-b32f-f133-8b215c820d4a">
      <Execution id="6cc0b67e-30e4-41ad-97d4-3a4a4e249708" />
      <TestMethod codeBase="/azp/_work/1/s/bin/Debug/net6.0/OdinUiTests.dll" adapterTypeName="executor://nunit3testexecutor/" className="OdinUiTests.Tests.Discipline.DisContingentCreationValidationTests" name="Создание дисциплины: в выпадающем списке поля Студенты отображаются только студенты потока" />
    </UnitTest>
    <UnitTest name="Библиотека, плиточный вид: можно скопировать материал в другой каталог" storage="/azp/_work/1/s/bin/debug/net6.0/odinuitests.dll" id="913154bb-ec7c-6f55-992d-d36d78d58c1a">
      <Execution id="ecdd5672-4630-4968-9009-11c728bfce45" />
      <TestMethod codeBase="/azp/_work/1/s/bin/Debug/net6.0/OdinUiTests.dll" adapterTypeName="executor://nunit3testexecutor/" className="OdinUiTests.Tests.Library.LibraryInTileViewTests" name="Библиотека, плиточный вид: можно скопировать материал в другой каталог" />
    </UnitTest>
    <UnitTest name="Редактирование дисциплины: есть возможность редактировать у администратора организации, к которому дисциплина относится" storage="/azp/_work/1/s/bin/debug/net6.0/odinuitests.dll" id="a25feced-02c4-174f-4cb7-4aaebd7c8e2e">
      <Execution id="53475117-515d-4e60-99f6-b93f10058ba4" />
      <TestMethod codeBase="/azp/_work/1/s/bin/Debug/net6.0/OdinUiTests.dll" adapterTypeName="executor://nunit3testexecutor/" className="OdinUiTests.Tests.Discipline.DisciplineAccessTests" name="Редактирование дисциплины: есть возможность редактировать у администратора организации, к которому дисциплина относится" />
    </UnitTest>
    <UnitTest name="Наличие ошибки при удалении решения" storage="/azp/_work/1/s/bin/debug/net6.0/odinuitests.dll" id="22697b6b-c7a8-8e26-b28d-8b453014ff36">
      <Execution id="a1b79862-ee68-4104-a49c-dcc255ab2680" />
      <TestMethod codeBase="/azp/_work/1/s/bin/Debug/net6.0/OdinUiTests.dll" adapterTypeName="executor://nunit3testexecutor/" className="OdinUiTests.Tests.Activity.TaskWithSolutionStudentTests" name="Наличие ошибки при удалении решения" />
    </UnitTest>
    <UnitTest name="Список чатов - чат для заметок: можно цитировать сообщению" storage="/azp/_work/1/s/bin/debug/net6.0/odinuitests.dll" id="0e9ae6f1-ff38-8997-4231-ad6f465f4ef6">
      <Execution id="4312c247-a7ff-4b77-9fb5-4808c1e53513" />
      <TestMethod codeBase="/azp/_work/1/s/bin/Debug/net6.0/OdinUiTests.dll" adapterTypeName="executor://nunit3testexecutor/" className="OdinUiTests.Tests.Chat.NotesChatTests" name="Список чатов - чат для заметок: можно цитировать сообщению" />
    </UnitTest>
    <UnitTest name="Страница обр программы: При восстановлении из архива обр программы появляется модалка подтверждения действия" storage="/azp/_work/1/s/bin/debug/net6.0/odinuitests.dll" id="3f7fe0be-d387-3859-ac6b-dda7f5aa9c86">
      <Execution id="c5076940-42ba-4bcd-9a16-7ecb76698fa2" />
      <TestMethod codeBase="/azp/_work/1/s/bin/Debug/net6.0/OdinUiTests.dll" adapterTypeName="executor://nunit3testexecutor/" className="OdinUiTests.Tests.Program.ProgramInfoPageTests" name="Страница обр программы: При восстановлении из архива обр программы появляется модалка подтверждения действия" />
    </UnitTest>
    <UnitTest name="Редактирование активности: проверка формата активности гибрид" storage="/azp/_work/1/s/bin/debug/net6.0/odinuitests.dll" id="58ebcbbb-f700-1b50-5bdc-ba2c8b1e9ad5">
      <Execution id="a12e49f6-a8c4-4874-b0e6-30ae689c6630" />
      <TestMethod codeBase="/azp/_work/1/s/bin/Debug/net6.0/OdinUiTests.dll" adapterTypeName="executor://nunit3testexecutor/" className="OdinUiTests.Tests.Activity.ActivityEditingFormatTests" name="Редактирование активности: проверка формата активности гибрид" />
    </UnitTest>
    <UnitTest name="Редактирование активности: можно скрыть материал" storage="/azp/_work/1/s/bin/debug/net6.0/odinuitests.dll" id="a15d5ce4-ffd0-f53b-d593-b5bfcb8f92ce">
      <Execution id="52d7cb8a-ae4a-4a63-a83a-d10a9914cd38" />
      <TestMethod codeBase="/azp/_work/1/s/bin/Debug/net6.0/OdinUiTests.dll" adapterTypeName="executor://nunit3testexecutor/" className="OdinUiTests.Tests.Activity.ActivityContentVisibilityTests" name="Редактирование активности: можно скрыть материал" />
    </UnitTest>
    <UnitTest name="Редактирование шаблона активности: можно добавить материал типа SCORM из библиотеки" storage="/azp/_work/1/s/bin/debug/net6.0/odinuitests.dll" id="286a4ee9-1467-8b09-42dc-b1d9cdb71fef">
      <Execution id="82534f98-b840-449e-8f91-8686f3ae7b47" />
      <TestMethod codeBase="/azp/_work/1/s/bin/Debug/net6.0/OdinUiTests.dll" adapterTypeName="executor://nunit3testexecutor/" className="OdinUiTests.Tests.Activity.TemplateAddingTests" name="Редактирование шаблона активности: можно добавить материал типа SCORM из библиотеки" />
    </UnitTest>
    <UnitTest name="Нет возможности удалить значение в поле Тип" storage="/azp/_work/1/s/bin/debug/net6.0/odinuitests.dll" id="52db40dc-741b-a946-a7e3-4e3142923a03">
      <Execution id="3e5db137-a078-42e0-8b51-7c64e8649348" />
      <TestMethod codeBase="/azp/_work/1/s/bin/Debug/net6.0/OdinUiTests.dll" adapterTypeName="executor://nunit3testexecutor/" className="OdinUiTests.Tests.Division.DivisionEditingTests" name="Нет возможности удалить значение в поле Тип" />
    </UnitTest>
    <UnitTest name="Поиск студента по ФИО на странице завершения обучения потока" storage="/azp/_work/1/s/bin/debug/net6.0/odinuitests.dll" id="fbd953d6-8a03-f489-0263-665f257b65e0">
      <Execution id="9bbb808a-82b6-4d5c-a0d4-91d505a75d29" />
      <TestMethod codeBase="/azp/_work/1/s/bin/Debug/net6.0/OdinUiTests.dll" adapterTypeName="executor://nunit3testexecutor/" className="OdinUiTests.Tests.Cohort.EducationCompletionPageTests" name="Поиск студента по ФИО на странице завершения обучения потока" />
    </UnitTest>
    <UnitTest name="Библиотека, плиточный вид: можно переименовать каталог" storage="/azp/_work/1/s/bin/debug/net6.0/odinuitests.dll" id="a4986792-fbf3-74e1-9e23-e9afb21d48f8">
      <Execution id="9998141d-492c-4e42-ad42-4f4497f2714b" />
      <TestMethod codeBase="/azp/_work/1/s/bin/Debug/net6.0/OdinUiTests.dll" adapterTypeName="executor://nunit3testexecutor/" className="OdinUiTests.Tests.Library.LibraryInTileViewTests" name="Библиотека, плиточный вид: можно переименовать каталог" />
    </UnitTest>
    <UnitTest name="Библиотека, плиточный вид: можно переключаться на другую Библиотеку" storage="/azp/_work/1/s/bin/debug/net6.0/odinuitests.dll" id="f28b40c6-b1ac-002a-eb12-cd90a551fe4b">
      <Execution id="122ac0be-a136-49ab-9a9e-1130db1240ec" />
      <TestMethod codeBase="/azp/_work/1/s/bin/Debug/net6.0/OdinUiTests.dll" adapterTypeName="executor://nunit3testexecutor/" className="OdinUiTests.Tests.Library.LibraryActionPanelTests" name="Библиотека, плиточный вид: можно переключаться на другую Библиотеку" />
    </UnitTest>
    <UnitTest name="Можно скопировать скопировать название в поле краткое название двойным кликом" storage="/azp/_work/1/s/bin/debug/net6.0/odinuitests.dll" id="bf6de30e-cd4a-4bef-7780-a2f32da8d9d2">
      <Execution id="b29dda7b-87f2-421b-b37d-4df959d7cd89" />
      <TestMethod codeBase="/azp/_work/1/s/bin/Debug/net6.0/OdinUiTests.dll" adapterTypeName="executor://nunit3testexecutor/" className="OdinUiTests.Tests.Division.DivisionCreationTests" name="Можно скопировать скопировать название в поле краткое название двойным кликом" />
    </UnitTest>
    <UnitTest name="Список чатов - комната дисциплины: можно сделать звонок" storage="/azp/_work/1/s/bin/debug/net6.0/odinuitests.dll" id="3c8b4d0f-9334-8cee-c3ac-a1f1c6a29542">
      <Execution id="7b3e2b2c-067a-4dc8-abe6-571b8caf0adb" />
      <TestMethod codeBase="/azp/_work/1/s/bin/Debug/net6.0/OdinUiTests.dll" adapterTypeName="executor://nunit3testexecutor/" className="OdinUiTests.Tests.Chat.DisciplineChatTests" name="Список чатов - комната дисциплины: можно сделать звонок" />
    </UnitTest>
    <UnitTest name="Страница аналитика дисциплины: при переходе на вкладку “Аналитика” открывается аналитика дисциплины" storage="/azp/_work/1/s/bin/debug/net6.0/odinuitests.dll" id="58f2cd2f-8cf8-1b21-4fdb-707778a85bcf">
      <Execution id="01ec59de-a3de-4c81-8e8a-cc68d20b3e39" />
      <TestMethod codeBase="/azp/_work/1/s/bin/Debug/net6.0/OdinUiTests.dll" adapterTypeName="executor://nunit3testexecutor/" className="OdinUiTests.Tests.Discipline.DisciplineAnalyticsTests" name="Страница аналитика дисциплины: при переходе на вкладку “Аналитика” открывается аналитика дисциплины" />
    </UnitTest>
    <UnitTest name="Можно оценить решения значением '0'" storage="/azp/_work/1/s/bin/debug/net6.0/odinuitests.dll" id="54031811-a1b8-d209-8101-8b77f864950b">
      <Execution id="4910ccc6-07e6-4faf-8219-83df5e2a0eda" />
      <TestMethod codeBase="/azp/_work/1/s/bin/Debug/net6.0/OdinUiTests.dll" adapterTypeName="executor://nunit3testexecutor/" className="OdinUiTests.Tests.Activity.TaskActivityTeacherTests" name="Можно оценить решения значением '0'" />
    </UnitTest>
    <UnitTest name="Список чатов - групповой чат: можно сделать звонок" storage="/azp/_work/1/s/bin/debug/net6.0/odinuitests.dll" id="2e8f2c1b-c001-367f-ffb4-d3d0fb3f3629">
      <Execution id="f5b3fca3-d360-44a6-8d98-bf77446a9641" />
      <TestMethod codeBase="/azp/_work/1/s/bin/Debug/net6.0/OdinUiTests.dll" adapterTypeName="executor://nunit3testexecutor/" className="OdinUiTests.Tests.Chat.GroupChatTests" name="Список чатов - групповой чат: можно сделать звонок" />
    </UnitTest>
    <UnitTest name="Чат на странице решения: можно редактировать сообщение в течение 4 часов после отправки" storage="/azp/_work/1/s/bin/debug/net6.0/odinuitests.dll" id="4d780640-92ea-7dbd-7239-f80cd8b66550">
      <Execution id="9cf29551-81a9-4678-8256-0afb76d97fad" />
      <TestMethod codeBase="/azp/_work/1/s/bin/Debug/net6.0/OdinUiTests.dll" adapterTypeName="executor://nunit3testexecutor/" className="OdinUiTests.Tests.Chat.TaskPageMiniChatTests" name="Чат на странице решения: можно редактировать сообщение в течение 4 часов после отправки" />
    </UnitTest>
    <UnitTest name="Редактирование профиля пользователя: можно изменить ФИО" storage="/azp/_work/1/s/bin/debug/net6.0/odinuitests.dll" id="9854d4ae-d63f-6d41-9835-912fd53f3e86">
      <Execution id="86998bc9-0c85-4913-9703-246a2310975b" />
      <TestMethod codeBase="/azp/_work/1/s/bin/Debug/net6.0/OdinUiTests.dll" adapterTypeName="executor://nunit3testexecutor/" className="OdinUiTests.Tests.UserProfile.GeneralUserInfoEditingTests" name="Редактирование профиля пользователя: можно изменить ФИО" />
    </UnitTest>
    <UnitTest name="Список чатов - чат для заметок: можно отправить сообщения по нажатию на Enter" storage="/azp/_work/1/s/bin/debug/net6.0/odinuitests.dll" id="11be4daf-1a80-0684-b175-d9a40a58d597">
      <Execution id="88d003b3-05ef-458c-8fad-684a3c609304" />
      <TestMethod codeBase="/azp/_work/1/s/bin/Debug/net6.0/OdinUiTests.dll" adapterTypeName="executor://nunit3testexecutor/" className="OdinUiTests.Tests.Chat.NotesChatTests" name="Список чатов - чат для заметок: можно отправить сообщения по нажатию на Enter" />
    </UnitTest>
    <UnitTest name="Страница профиля пользователя: под студентом можно перейти на страницу пройденных активностей" storage="/azp/_work/1/s/bin/debug/net6.0/odinuitests.dll" id="1eb9307d-e5e1-1027-c21c-281a57db54be">
      <Execution id="331f699d-19bc-4bff-b5c4-01612570a33a" />
      <TestMethod codeBase="/azp/_work/1/s/bin/Debug/net6.0/OdinUiTests.dll" adapterTypeName="executor://nunit3testexecutor/" className="OdinUiTests.Tests.UserProfile.UserInfoPageTests" name="Страница профиля пользователя: под студентом можно перейти на страницу пройденных активностей" />
    </UnitTest>
    <UnitTest name="Создание потока: нет предупреждения о несоответствии длительности потока для программ длительностью кроме 72, 144 и 256 часов" storage="/azp/_work/1/s/bin/debug/net6.0/odinuitests.dll" id="471cc151-731f-6811-8625-d435f887b64b">
      <Execution id="e17a34d3-c9ff-44a1-89e9-e076f6dfa129" />
      <TestMethod codeBase="/azp/_work/1/s/bin/Debug/net6.0/OdinUiTests.dll" adapterTypeName="executor://nunit3testexecutor/" className="OdinUiTests.Tests.Cohort.CohortCreationWarningModalTests" name="Создание потока: нет предупреждения о несоответствии длительности потока для программ длительностью кроме 72, 144 и 256 часов" />
    </UnitTest>
    <UnitTest name="Проверка отображение режима 3 дня в мобильной версии" storage="/azp/_work/1/s/bin/debug/net6.0/odinuitests.dll" id="8a3016bc-dc5c-f318-332c-93c00a32625f">
      <Execution id="148535b8-b122-43eb-93a4-d595e39486b6" />
      <TestMethod codeBase="/azp/_work/1/s/bin/Debug/net6.0/OdinUiTests.dll" adapterTypeName="executor://nunit3testexecutor/" className="OdinUiTests.Tests.Schedule.ScheduleTests" name="Проверка отображение режима 3 дня в мобильной версии" />
    </UnitTest>
    <UnitTest name="Редактирование активности: можно удалить активность без оценок" storage="/azp/_work/1/s/bin/debug/net6.0/odinuitests.dll" id="5e95de54-5256-4abf-9c1b-e5ebb33e49cb">
      <Execution id="e8919377-60b2-4a36-8eda-98cfc515047d" />
      <TestMethod codeBase="/azp/_work/1/s/bin/Debug/net6.0/OdinUiTests.dll" adapterTypeName="executor://nunit3testexecutor/" className="OdinUiTests.Tests.Activity.ActivityEditingTests" name="Редактирование активности: можно удалить активность без оценок" />
    </UnitTest>
    <UnitTest name="Библиотека, списочный вид: можно удалить каталог через actions-кнопки" storage="/azp/_work/1/s/bin/debug/net6.0/odinuitests.dll" id="c9938d85-5f8c-1503-d2f8-93829f01fbeb">
      <Execution id="68b15e96-98c1-4395-9709-81826f57e08c" />
      <TestMethod codeBase="/azp/_work/1/s/bin/Debug/net6.0/OdinUiTests.dll" adapterTypeName="executor://nunit3testexecutor/" className="OdinUiTests.Tests.Library.LibraryInListViewTests" name="Библиотека, списочный вид: можно удалить каталог через actions-кнопки" />
    </UnitTest>
    <UnitTest name="Конструктор теста: можно изменить уровень усвоения в добавленном теге знаний" storage="/azp/_work/1/s/bin/debug/net6.0/odinuitests.dll" id="469cd169-cd07-8c24-be10-db9da2d2c1ea">
      <Execution id="743df859-7b74-4d08-b6ae-3c7eb2e19e0d" />
      <TestMethod codeBase="/azp/_work/1/s/bin/Debug/net6.0/OdinUiTests.dll" adapterTypeName="executor://nunit3testexecutor/" className="OdinUiTests.Tests.Library.TestSettingsValidationTests" name="Конструктор теста: можно изменить уровень усвоения в добавленном теге знаний" />
    </UnitTest>
    <UnitTest name="Библиотека, плиточный вид: можно переместить материал в другой каталог" storage="/azp/_work/1/s/bin/debug/net6.0/odinuitests.dll" id="881d65d9-116f-cc02-2b41-0e5e6c7ffcf5">
      <Execution id="8ce4e7f0-c261-49ad-b737-ebc17c79a527" />
      <TestMethod codeBase="/azp/_work/1/s/bin/Debug/net6.0/OdinUiTests.dll" adapterTypeName="executor://nunit3testexecutor/" className="OdinUiTests.Tests.Library.LibraryInTileViewTests" name="Библиотека, плиточный вид: можно переместить материал в другой каталог" />
    </UnitTest>
    <UnitTest name="Страница командной контрольной: можно редактировать команду" storage="/azp/_work/1/s/bin/debug/net6.0/odinuitests.dll" id="9804c22f-ae29-ba3f-d667-333571664677">
      <Execution id="1fac13a7-de30-484e-a456-66936797b5a8" />
      <TestMethod codeBase="/azp/_work/1/s/bin/Debug/net6.0/OdinUiTests.dll" adapterTypeName="executor://nunit3testexecutor/" className="OdinUiTests.Tests.Activity.TestCommandActivityTests" name="Страница командной контрольной: можно редактировать команду" />
    </UnitTest>
    <UnitTest name="Создание дисциплины: добавление преподавателя по email’у" storage="/azp/_work/1/s/bin/debug/net6.0/odinuitests.dll" id="b7ba1de5-d226-a3a1-a723-04f76af8dc1a">
      <Execution id="b9c8dcb2-c184-40d3-8dbd-72651c3154d8" />
      <TestMethod codeBase="/azp/_work/1/s/bin/Debug/net6.0/OdinUiTests.dll" adapterTypeName="executor://nunit3testexecutor/" className="OdinUiTests.Tests.Discipline.DisContingentCreationTests" name="Создание дисциплины: добавление преподавателя по email’у" />
    </UnitTest>
    <UnitTest name="Прохождение теста: можно пройти тест командной контрольной" storage="/azp/_work/1/s/bin/debug/net6.0/odinuitests.dll" id="3eeb3b01-7bba-616f-964e-438dec86d25b">
      <Execution id="2ab93a17-3066-4db4-ba5c-b4c2350587e1" />
      <TestMethod codeBase="/azp/_work/1/s/bin/Debug/net6.0/OdinUiTests.dll" adapterTypeName="executor://nunit3testexecutor/" className="OdinUiTests.Tests.Activity.TestActivityPassingTests" name="Прохождение теста: можно пройти тест командной контрольной" />
    </UnitTest>
    <UnitTest name="Конструктор теста: можно изменить временной лимит" storage="/azp/_work/1/s/bin/debug/net6.0/odinuitests.dll" id="260cb2d3-db1b-4d3a-99da-7a0ce834535e">
      <Execution id="a5648808-4bf6-46ff-95d8-30819ff2f5b7" />
      <TestMethod codeBase="/azp/_work/1/s/bin/Debug/net6.0/OdinUiTests.dll" adapterTypeName="executor://nunit3testexecutor/" className="OdinUiTests.Tests.Library.TestSettingsValidationTests" name="Конструктор теста: можно изменить временной лимит" />
    </UnitTest>
    <UnitTest name="Редактирование дисциплины: есть возможность редактировать у суперадминистратора" storage="/azp/_work/1/s/bin/debug/net6.0/odinuitests.dll" id="5acf62e8-3d8f-735a-02bc-0fa8c134401d">
      <Execution id="84f691db-7d1d-46fa-a65b-982b425b1581" />
      <TestMethod codeBase="/azp/_work/1/s/bin/Debug/net6.0/OdinUiTests.dll" adapterTypeName="executor://nunit3testexecutor/" className="OdinUiTests.Tests.Discipline.DisciplineAccessTests" name="Редактирование дисциплины: есть возможность редактировать у суперадминистратора" />
    </UnitTest>
    <UnitTest name="Список чатов - обсуждение решения: можно цитировать сообщению" storage="/azp/_work/1/s/bin/debug/net6.0/odinuitests.dll" id="08bbbdbd-30f4-e449-22b6-cfe0fa430d18">
      <Execution id="39102e04-854d-4a69-bfcc-96ce71338721" />
      <TestMethod codeBase="/azp/_work/1/s/bin/Debug/net6.0/OdinUiTests.dll" adapterTypeName="executor://nunit3testexecutor/" className="OdinUiTests.Tests.Chat.TaskChatTests" name="Список чатов - обсуждение решения: можно цитировать сообщению" />
    </UnitTest>
    <UnitTest name="Миничат - групповой чат: можно отправить текстовое сообщение" storage="/azp/_work/1/s/bin/debug/net6.0/odinuitests.dll" id="2dd4b63e-7b14-2eb6-42b6-d8adb43b4eac">
      <Execution id="dcc4ddac-9419-45ba-ab6f-05564cf6becb" />
      <TestMethod codeBase="/azp/_work/1/s/bin/Debug/net6.0/OdinUiTests.dll" adapterTypeName="executor://nunit3testexecutor/" className="OdinUiTests.Tests.Chat.GroupMiniChatTests" name="Миничат - групповой чат: можно отправить текстовое сообщение" />
    </UnitTest>
    <UnitTest name="Редактирование активности: успешное сохранение, если заполнена только дата окончания" storage="/azp/_work/1/s/bin/debug/net6.0/odinuitests.dll" id="2a0c7476-033b-b602-2542-e45c3bc02e5b">
      <Execution id="084509c0-54b6-40bb-94d9-bea78e6c2bfb" />
      <TestMethod codeBase="/azp/_work/1/s/bin/Debug/net6.0/OdinUiTests.dll" adapterTypeName="executor://nunit3testexecutor/" className="OdinUiTests.Tests.Activity.ActivityDurationTests" name="Редактирование активности: успешное сохранение, если заполнена только дата окончания" />
    </UnitTest>
    <UnitTest name="Страница Мой тариф: проверка закрытия таблицы активных пользователей" storage="/azp/_work/1/s/bin/debug/net6.0/odinuitests.dll" id="775d70fe-590c-c205-0176-cd6623e45e44">
      <Execution id="1db4d0d2-d455-4903-859d-422f02ea7d94" />
      <TestMethod codeBase="/azp/_work/1/s/bin/Debug/net6.0/OdinUiTests.dll" adapterTypeName="executor://nunit3testexecutor/" className="OdinUiTests.Tests.Organization.MyPlanOrganizationPageTests" name="Страница Мой тариф: проверка закрытия таблицы активных пользователей" />
    </UnitTest>
    <UnitTest name="Страница библиотеки: можно удалить шаблон дисциплины" storage="/azp/_work/1/s/bin/debug/net6.0/odinuitests.dll" id="0971c060-eb72-4da5-e820-fbe5d32e1421">
      <Execution id="17a99212-c8da-4bc2-828f-3a8bc5650389" />
      <TestMethod codeBase="/azp/_work/1/s/bin/Debug/net6.0/OdinUiTests.dll" adapterTypeName="executor://nunit3testexecutor/" className="OdinUiTests.Tests.Library.RemovingTemplatesTests" name="Страница библиотеки: можно удалить шаблон дисциплины" />
    </UnitTest>
    <UnitTest name="Страница потока: при архивации потока появляется модалка подтверждения действия" storage="/azp/_work/1/s/bin/debug/net6.0/odinuitests.dll" id="f733b0b5-068d-23f4-8207-6596c48f6bf5">
      <Execution id="68c4d630-57d8-4376-93dd-df15f4f37104" />
      <TestMethod codeBase="/azp/_work/1/s/bin/Debug/net6.0/OdinUiTests.dll" adapterTypeName="executor://nunit3testexecutor/" className="OdinUiTests.Tests.Cohort.CohortInfoTests" name="Страница потока: при архивации потока появляется модалка подтверждения действия" />
    </UnitTest>
    <UnitTest name="Миничат звонка - комната дисциплины: можно отправить текстовое сообщение" storage="/azp/_work/1/s/bin/debug/net6.0/odinuitests.dll" id="cabf96a9-a1a7-bd87-f408-8dd3b9253bd7">
      <Execution id="71d5f7b8-ed66-4ae8-856e-05fde3df41d4" />
      <TestMethod codeBase="/azp/_work/1/s/bin/Debug/net6.0/OdinUiTests.dll" adapterTypeName="executor://nunit3testexecutor/" className="OdinUiTests.Tests.Chat.DisciplineChatCallTests" name="Миничат звонка - комната дисциплины: можно отправить текстовое сообщение" />
    </UnitTest>
    <UnitTest name="Страница потока: после восстановления из архива восстанавливается доступ к активностям" storage="/azp/_work/1/s/bin/debug/net6.0/odinuitests.dll" id="d685a576-4344-960b-989c-655735ae3d9f">
      <Execution id="93bc940d-8c3d-41e9-ad1e-8f7a2287b049" />
      <TestMethod codeBase="/azp/_work/1/s/bin/Debug/net6.0/OdinUiTests.dll" adapterTypeName="executor://nunit3testexecutor/" className="OdinUiTests.Tests.Cohort.CohortInfoTests" name="Страница потока: после восстановления из архива восстанавливается доступ к активностям" />
    </UnitTest>
    <UnitTest name="Конструктор теста: можно удалить опцию из вопроса с типом ответа 'Сортировка'" storage="/azp/_work/1/s/bin/debug/net6.0/odinuitests.dll" id="9c0b6827-07bf-cd50-4e7d-6cd187bb0480">
      <Execution id="8ade3266-39ba-4a3f-bd34-2bfa5dfdd767" />
      <TestMethod codeBase="/azp/_work/1/s/bin/Debug/net6.0/OdinUiTests.dll" adapterTypeName="executor://nunit3testexecutor/" className="OdinUiTests.Tests.Library.TestQuestionAnswersValidationTests" name="Конструктор теста: можно удалить опцию из вопроса с типом ответа 'Сортировка'" />
    </UnitTest>
    <UnitTest name="Редактирование дисциплины: можно добавлять теги знаний" storage="/azp/_work/1/s/bin/debug/net6.0/odinuitests.dll" id="45afc846-6a06-b54e-a9e0-02e13fa0ad7a">
      <Execution id="848dcd89-8483-4bd3-a4dc-66f333b73591" />
      <TestMethod codeBase="/azp/_work/1/s/bin/Debug/net6.0/OdinUiTests.dll" adapterTypeName="executor://nunit3testexecutor/" className="OdinUiTests.Tests.Discipline.DisciplineEditingTests" name="Редактирование дисциплины: можно добавлять теги знаний" />
    </UnitTest>
    <UnitTest name="Список чатов - личный чат: можно редактировать сообщение в течение 4 часов после отправки" storage="/azp/_work/1/s/bin/debug/net6.0/odinuitests.dll" id="058530c9-0994-307a-4ed3-e4d14e0d7e71">
      <Execution id="63eec180-2472-4e8b-9074-a580ea549054" />
      <TestMethod codeBase="/azp/_work/1/s/bin/Debug/net6.0/OdinUiTests.dll" adapterTypeName="executor://nunit3testexecutor/" className="OdinUiTests.Tests.Chat.PersonalChatTests" name="Список чатов - личный чат: можно редактировать сообщение в течение 4 часов после отправки" />
    </UnitTest>
    <UnitTest name="Cоздание активности: можно создать активность в дисциплине в теме" storage="/azp/_work/1/s/bin/debug/net6.0/odinuitests.dll" id="6c6ce96b-c761-791b-6580-2bd10da109ae">
      <Execution id="c42c01ca-4a93-474f-a7f2-2c280383bf3b" />
      <TestMethod codeBase="/azp/_work/1/s/bin/Debug/net6.0/OdinUiTests.dll" adapterTypeName="executor://nunit3testexecutor/" className="OdinUiTests.Tests.Activity.ActivityCreatingTests" name="Cоздание активности: можно создать активность в дисциплине в теме" />
    </UnitTest>
    <UnitTest name="Конструктор теста-тренажера: можно удалить комментарий к вопросу" storage="/azp/_work/1/s/bin/debug/net6.0/odinuitests.dll" id="35516253-1717-f7d0-72e1-b8c2d83a47fb">
      <Execution id="5c9f5b58-53b5-4795-b27f-1832a902e0ad" />
      <TestMethod codeBase="/azp/_work/1/s/bin/Debug/net6.0/OdinUiTests.dll" adapterTypeName="executor://nunit3testexecutor/" className="OdinUiTests.Tests.Library.TestTrainQuestionsValidationTests" name="Конструктор теста-тренажера: можно удалить комментарий к вопросу" />
    </UnitTest>
    <UnitTest name="Работает кнопка 'Перейти к решениям' для преподавателя" storage="/azp/_work/1/s/bin/debug/net6.0/odinuitests.dll" id="6779bf51-4adb-ca47-d9b3-be0b2265a2a3">
      <Execution id="4ed9a46d-fc43-4503-ad7e-a6d3706e179b" />
      <TestMethod codeBase="/azp/_work/1/s/bin/Debug/net6.0/OdinUiTests.dll" adapterTypeName="executor://nunit3testexecutor/" className="OdinUiTests.Tests.Activity.TaskActivityTeacherTests" name="Работает кнопка 'Перейти к решениям' для преподавателя" />
    </UnitTest>
    <UnitTest name="Можно закрыть/открыть подразделение под суперадминистратором" storage="/azp/_work/1/s/bin/debug/net6.0/odinuitests.dll" id="c46c26f2-8a04-0d52-ba47-dba5aa104132">
      <Execution id="3e86e758-cc7d-4b01-9cd0-4a8fe2bd17b1" />
      <TestMethod codeBase="/azp/_work/1/s/bin/Debug/net6.0/OdinUiTests.dll" adapterTypeName="executor://nunit3testexecutor/" className="OdinUiTests.Tests.Division.DivisionPageTests" name="Можно закрыть/открыть подразделение под суперадминистратором" />
    </UnitTest>
    <UnitTest name="Список чатов - обсуждение решения: можно редактировать сообщение в течение 4 часов после отправки" storage="/azp/_work/1/s/bin/debug/net6.0/odinuitests.dll" id="ae1f6847-56f7-e051-650b-cf4bda03e858">
      <Execution id="91a6bced-b0be-437c-895c-92a304773827" />
      <TestMethod codeBase="/azp/_work/1/s/bin/Debug/net6.0/OdinUiTests.dll" adapterTypeName="executor://nunit3testexecutor/" className="OdinUiTests.Tests.Chat.TaskChatTests" name="Список чатов - обсуждение решения: можно редактировать сообщение в течение 4 часов после отправки" />
    </UnitTest>
    <UnitTest name="Создание потока: ошибка валидации, если название не указано" storage="/azp/_work/1/s/bin/debug/net6.0/odinuitests.dll" id="e9b958c3-07cd-2942-d5ec-53e70dbdf90e">
      <Execution id="2b68ab3f-39d9-4097-bd9b-c7be00bd4830" />
      <TestMethod codeBase="/azp/_work/1/s/bin/Debug/net6.0/OdinUiTests.dll" adapterTypeName="executor://nunit3testexecutor/" className="OdinUiTests.Tests.Cohort.CohortCreationValidationTests" name="Создание потока: ошибка валидации, если название не указано" />
    </UnitTest>
    <UnitTest name="Список чатов - групповой чат: можно добавить новый чат для групп и студентов" storage="/azp/_work/1/s/bin/debug/net6.0/odinuitests.dll" id="0d042fc8-97ea-7b15-e221-b780c5d4b937">
      <Execution id="ab5e99b1-73b1-4992-967f-4d301bb56134" />
      <TestMethod codeBase="/azp/_work/1/s/bin/Debug/net6.0/OdinUiTests.dll" adapterTypeName="executor://nunit3testexecutor/" className="OdinUiTests.Tests.Chat.GroupChatTests" name="Список чатов - групповой чат: можно добавить новый чат для групп и студентов" />
    </UnitTest>
    <UnitTest name="Можно отправить решения на доработку" storage="/azp/_work/1/s/bin/debug/net6.0/odinuitests.dll" id="9adf8e1d-5425-3af4-199c-670091b0e7f2">
      <Execution id="ceeff0ed-24d8-4273-a8f8-bfca7f78a096" />
      <TestMethod codeBase="/azp/_work/1/s/bin/Debug/net6.0/OdinUiTests.dll" adapterTypeName="executor://nunit3testexecutor/" className="OdinUiTests.Tests.Activity.TaskActivityTeacherTests" name="Можно отправить решения на доработку" />
    </UnitTest>
    <UnitTest name="Создание организации: можно создать организацию, если заполнены только обязательные поля" storage="/azp/_work/1/s/bin/debug/net6.0/odinuitests.dll" id="365620f2-3d94-0e30-f5c4-dd0bf520c307">
      <Execution id="65c248b0-77df-49af-bbd6-18fc17787f1a" />
      <TestMethod codeBase="/azp/_work/1/s/bin/Debug/net6.0/OdinUiTests.dll" adapterTypeName="executor://nunit3testexecutor/" className="OdinUiTests.Tests.Organization.OrganizationCreationTests" name="Создание организации: можно создать организацию, если заполнены только обязательные поля" />
    </UnitTest>
    <UnitTest name="Создание потока ДО: работает кнопка 'Отмена', если страница создание был открыть со страницы программы" storage="/azp/_work/1/s/bin/debug/net6.0/odinuitests.dll" id="9442f3d6-90f3-240d-08eb-80f9526e488d">
      <Execution id="a465b39a-2aa3-404c-873c-2ccfb6de83f2" />
      <TestMethod codeBase="/azp/_work/1/s/bin/Debug/net6.0/OdinUiTests.dll" adapterTypeName="executor://nunit3testexecutor/" className="OdinUiTests.Tests.Cohort.CohortCreationTests" name="Создание потока ДО: работает кнопка 'Отмена', если страница создание был открыть со страницы программы" />
    </UnitTest>
    <UnitTest name="Конструктор теста: можно удалить вопрос" storage="/azp/_work/1/s/bin/debug/net6.0/odinuitests.dll" id="6602fe9c-7ebb-097d-a2dd-34c9df7609e1">
      <Execution id="65918f24-0dd6-4c75-8bc7-fcb99e21ef99" />
      <TestMethod codeBase="/azp/_work/1/s/bin/Debug/net6.0/OdinUiTests.dll" adapterTypeName="executor://nunit3testexecutor/" className="OdinUiTests.Tests.Library.TestBlocksAndVariantsValidationTests" name="Конструктор теста: можно удалить вопрос" />
    </UnitTest>
    <UnitTest name="Редактирование дисциплины: наличия ошибки при попытке указать преподавателем студента из поля 'Студенты'" storage="/azp/_work/1/s/bin/debug/net6.0/odinuitests.dll" id="f8e6ae3a-702f-9e15-40ca-a1bcc8724121">
      <Execution id="b6e8b534-83ae-4783-bee6-e90557e57fff" />
      <TestMethod codeBase="/azp/_work/1/s/bin/Debug/net6.0/OdinUiTests.dll" adapterTypeName="executor://nunit3testexecutor/" className="OdinUiTests.Tests.Discipline.DisContingentEditingValidationTests" name="Редактирование дисциплины: наличия ошибки при попытке указать преподавателем студента из поля 'Студенты'" />
    </UnitTest>
    <UnitTest name="Результат прохождения: преподаватель может изменить комментарий к ответу, если включена опция подробная информация о результатах" storage="/azp/_work/1/s/bin/debug/net6.0/odinuitests.dll" id="f6e6225a-f270-0d9c-b143-00762f76023d">
      <Execution id="0fba0636-98cb-486f-9ac5-f3722143713c" />
      <TestMethod codeBase="/azp/_work/1/s/bin/Debug/net6.0/OdinUiTests.dll" adapterTypeName="executor://nunit3testexecutor/" className="OdinUiTests.Tests.Activity.TestActivityResultTests" name="Результат прохождения: преподаватель может изменить комментарий к ответу, если включена опция подробная информация о результатах" />
    </UnitTest>
    <UnitTest name="Конструктор теста: можно изменить баллы для вопроса" storage="/azp/_work/1/s/bin/debug/net6.0/odinuitests.dll" id="c4759228-850f-d517-9d17-6827160bf1d8">
      <Execution id="dd7b3e56-49cd-4224-a52e-6cccec842f95" />
      <TestMethod codeBase="/azp/_work/1/s/bin/Debug/net6.0/OdinUiTests.dll" adapterTypeName="executor://nunit3testexecutor/" className="OdinUiTests.Tests.Library.TestQuestionsValidationTests" name="Конструктор теста: можно изменить баллы для вопроса" />
    </UnitTest>
    <UnitTest name="Создание потока ДО: можно создать поток из шаблона, если все обязательные поля корректно заполнены" storage="/azp/_work/1/s/bin/debug/net6.0/odinuitests.dll" id="032c91e4-a6ac-2e32-ba0d-7ef820366194">
      <Execution id="c706d26d-bc29-452f-8d47-7a45ed84157f" />
      <TestMethod codeBase="/azp/_work/1/s/bin/Debug/net6.0/OdinUiTests.dll" adapterTypeName="executor://nunit3testexecutor/" className="OdinUiTests.Tests.Cohort.CohortCreationTests" name="Создание потока ДО: можно создать поток из шаблона, если все обязательные поля корректно заполнены" />
    </UnitTest>
    <UnitTest name="Редактирование дисциплины: отображение ошибки валидации для поля 'Кредиты' с значением 0" storage="/azp/_work/1/s/bin/debug/net6.0/odinuitests.dll" id="da2ce2ea-4675-3423-7d03-e5eaa196a7e0">
      <Execution id="a9a03d1e-1650-4baa-836f-ff0098a0efa2" />
      <TestMethod codeBase="/azp/_work/1/s/bin/Debug/net6.0/OdinUiTests.dll" adapterTypeName="executor://nunit3testexecutor/" className="OdinUiTests.Tests.Discipline.DisciplineEditingValidationTests" name="Редактирование дисциплины: отображение ошибки валидации для поля 'Кредиты' с значением 0" />
    </UnitTest>
    <UnitTest name="Редактирование активности: отображение ошибки валидации для поля 'Объём' с значением &gt; 100" storage="/azp/_work/1/s/bin/debug/net6.0/odinuitests.dll" id="2a7e10bc-b7aa-47a9-64ed-a953b3d8bd98">
      <Execution id="d338414a-58b3-4eed-bc44-f56b1bd36935" />
      <TestMethod codeBase="/azp/_work/1/s/bin/Debug/net6.0/OdinUiTests.dll" adapterTypeName="executor://nunit3testexecutor/" className="OdinUiTests.Tests.Activity.ActivityDurationTests" name="Редактирование активности: отображение ошибки валидации для поля 'Объём' с значением &gt; 100" />
    </UnitTest>
    <UnitTest name="Страница материала: студенту недоступно выставление своего материала на Биржу" storage="/azp/_work/1/s/bin/debug/net6.0/odinuitests.dll" id="21891b69-8b52-3257-fb35-c3de556a2f53">
      <Execution id="26dbf297-3a0a-4987-bf17-dce03da31970" />
      <TestMethod codeBase="/azp/_work/1/s/bin/Debug/net6.0/OdinUiTests.dll" adapterTypeName="executor://nunit3testexecutor/" className="OdinUiTests.Tests.Library.StudentLibraryTests" name="Страница материала: студенту недоступно выставление своего материала на Биржу" />
    </UnitTest>
    <UnitTest name="Создание шаблона контрольной: если заполнены обязательные поля" storage="/azp/_work/1/s/bin/debug/net6.0/odinuitests.dll" id="75a5c5fe-de35-2461-f91e-be626c7a7c5e">
      <Execution id="d935278f-d45d-4f2f-a0cc-fde57fee0c2d" />
      <TestMethod codeBase="/azp/_work/1/s/bin/Debug/net6.0/OdinUiTests.dll" adapterTypeName="executor://nunit3testexecutor/" className="OdinUiTests.Tests.Activity.TestTemplateCreatingTests" name="Создание шаблона контрольной: если заполнены обязательные поля" />
    </UnitTest>
    <UnitTest name="Страница посещаемости дисциплины: невозможности отметки/снятия посещаемости студентом" storage="/azp/_work/1/s/bin/debug/net6.0/odinuitests.dll" id="a64cd4b7-72d8-8180-44af-724dacdea41f">
      <Execution id="c880f157-e36b-491f-b875-56c5df413fbe" />
      <TestMethod codeBase="/azp/_work/1/s/bin/Debug/net6.0/OdinUiTests.dll" adapterTypeName="executor://nunit3testexecutor/" className="OdinUiTests.Tests.Discipline.DisciplineStudentTests" name="Страница посещаемости дисциплины: невозможности отметки/снятия посещаемости студентом" />
    </UnitTest>
    <UnitTest name="Конструктор теста: можно изменить комментарий к варианту ответа" storage="/azp/_work/1/s/bin/debug/net6.0/odinuitests.dll" id="3e05f26c-5f2e-fdb6-5752-713fa21b4c80">
      <Execution id="a91558f6-8364-456f-8857-2052c6f888ab" />
      <TestMethod codeBase="/azp/_work/1/s/bin/Debug/net6.0/OdinUiTests.dll" adapterTypeName="executor://nunit3testexecutor/" className="OdinUiTests.Tests.Library.TestQuestionAnswersValidationTests" name="Конструктор теста: можно изменить комментарий к варианту ответа" />
    </UnitTest>
    <UnitTest name="Список чатов - комната дисциплины: можно добавить реакцию на сообщение" storage="/azp/_work/1/s/bin/debug/net6.0/odinuitests.dll" id="fd8b4f6c-3004-d98c-6139-f48508cfda01">
      <Execution id="c6375db9-1f75-4575-9bed-1ce3ddb9c834" />
      <TestMethod codeBase="/azp/_work/1/s/bin/Debug/net6.0/OdinUiTests.dll" adapterTypeName="executor://nunit3testexecutor/" className="OdinUiTests.Tests.Chat.DisciplineChatTests" name="Список чатов - комната дисциплины: можно добавить реакцию на сообщение" />
    </UnitTest>
    <UnitTest name="Список чатов - комната дисциплины: невозможно отправить пустое сообщение" storage="/azp/_work/1/s/bin/debug/net6.0/odinuitests.dll" id="e52f4ee1-f49e-d2e6-dacb-11c2493eda85">
      <Execution id="b2195836-5ea3-4152-bdf2-86a58cb9ad1c" />
      <TestMethod codeBase="/azp/_work/1/s/bin/Debug/net6.0/OdinUiTests.dll" adapterTypeName="executor://nunit3testexecutor/" className="OdinUiTests.Tests.Chat.DisciplineChatTests" name="Список чатов - комната дисциплины: невозможно отправить пустое сообщение" />
    </UnitTest>
    <UnitTest name="Страница организации: работает кнопка Редактировать" storage="/azp/_work/1/s/bin/debug/net6.0/odinuitests.dll" id="67a0747c-ba34-03b1-1ead-103b5c193398">
      <Execution id="8944aaf9-5723-47ab-b81f-a954f09d472a" />
      <TestMethod codeBase="/azp/_work/1/s/bin/Debug/net6.0/OdinUiTests.dll" adapterTypeName="executor://nunit3testexecutor/" className="OdinUiTests.Tests.Organization.OrganizationPageTests" name="Страница организации: работает кнопка Редактировать" />
    </UnitTest>
    <UnitTest name="Конструктор теста: создание теста" storage="/azp/_work/1/s/bin/debug/net6.0/odinuitests.dll" id="1e8c849a-5f11-d324-2c86-7c5be492fbd6">
      <Execution id="736cbf36-0971-4347-9c9d-7180939c1c90" />
      <TestMethod codeBase="/azp/_work/1/s/bin/Debug/net6.0/OdinUiTests.dll" adapterTypeName="executor://nunit3testexecutor/" className="OdinUiTests.Tests.Library.TestCreationTests" name="Конструктор теста: создание теста" />
    </UnitTest>
    <UnitTest name="Конструктор теста: можно изменить минимальный порог баллов" storage="/azp/_work/1/s/bin/debug/net6.0/odinuitests.dll" id="23bce9ab-5bd2-6366-fc8a-744834c66f6d">
      <Execution id="194a6283-2c0b-4a57-b4e8-c0763f34bef8" />
      <TestMethod codeBase="/azp/_work/1/s/bin/Debug/net6.0/OdinUiTests.dll" adapterTypeName="executor://nunit3testexecutor/" className="OdinUiTests.Tests.Library.TestSettingsValidationTests" name="Конструктор теста: можно изменить минимальный порог баллов" />
    </UnitTest>
    <UnitTest name="Можно редактировать поля Ответственные лица" storage="/azp/_work/1/s/bin/debug/net6.0/odinuitests.dll" id="1ea5d46c-a695-ce0a-9b1d-8fe23fc17f59">
      <Execution id="6f6c1445-f36a-4b29-a032-08993c5356d1" />
      <TestMethod codeBase="/azp/_work/1/s/bin/Debug/net6.0/OdinUiTests.dll" adapterTypeName="executor://nunit3testexecutor/" className="OdinUiTests.Tests.Division.DivisionEditingTests" name="Можно редактировать поля Ответственные лица" />
    </UnitTest>
    <UnitTest name="Редактирование профиля пользователя: после ввода пароля можно разблокировать полей 'Контакты'" storage="/azp/_work/1/s/bin/debug/net6.0/odinuitests.dll" id="00609bf9-3e29-0661-d8a1-a0581bc3b120">
      <Execution id="415b4512-bac7-4b82-a875-88fd43daef49" />
      <TestMethod codeBase="/azp/_work/1/s/bin/Debug/net6.0/OdinUiTests.dll" adapterTypeName="executor://nunit3testexecutor/" className="OdinUiTests.Tests.UserProfile.AddressAndContactsEditingTests" name="Редактирование профиля пользователя: после ввода пароля можно разблокировать полей 'Контакты'" />
    </UnitTest>
    <UnitTest name="Страница обр программы: Студенты не имеют доступ к активностям архивной обр программы" storage="/azp/_work/1/s/bin/debug/net6.0/odinuitests.dll" id="9fbd8a23-3ddc-3b60-5663-257429bc9dea">
      <Execution id="53d38f35-155e-4674-a10b-824909fb73cd" />
      <TestMethod codeBase="/azp/_work/1/s/bin/Debug/net6.0/OdinUiTests.dll" adapterTypeName="executor://nunit3testexecutor/" className="OdinUiTests.Tests.Program.ProgramInfoPageTests" name="Страница обр программы: Студенты не имеют доступ к активностям архивной обр программы" />
    </UnitTest>
    <UnitTest name="Библиотека, плиточный вид: можно найти материал в поиске по названию" storage="/azp/_work/1/s/bin/debug/net6.0/odinuitests.dll" id="4d9f2789-87ed-41dd-9655-e679a1f14061">
      <Execution id="72176c0b-0443-432a-93d6-37a11ee4bc66" />
      <TestMethod codeBase="/azp/_work/1/s/bin/Debug/net6.0/OdinUiTests.dll" adapterTypeName="executor://nunit3testexecutor/" className="OdinUiTests.Tests.Library.LibraryActionPanelTests" name="Библиотека, плиточный вид: можно найти материал в поиске по названию" />
    </UnitTest>
    <UnitTest name="Список чатов - личный чат: можно цитировать сообщению" storage="/azp/_work/1/s/bin/debug/net6.0/odinuitests.dll" id="1b596ff2-b422-1fd5-1dfc-630f04ef3f3b">
      <Execution id="27934e83-29f0-4d81-8961-90d8e2739609" />
      <TestMethod codeBase="/azp/_work/1/s/bin/Debug/net6.0/OdinUiTests.dll" adapterTypeName="executor://nunit3testexecutor/" className="OdinUiTests.Tests.Chat.PersonalChatTests" name="Список чатов - личный чат: можно цитировать сообщению" />
    </UnitTest>
    <UnitTest name="Редактирование активности: можно добавлять теги знаний" storage="/azp/_work/1/s/bin/debug/net6.0/odinuitests.dll" id="85180199-1e32-9f50-3b30-a55c4a00ff89">
      <Execution id="26dd1c91-9902-4b3c-aea0-753e25c65683" />
      <TestMethod codeBase="/azp/_work/1/s/bin/Debug/net6.0/OdinUiTests.dll" adapterTypeName="executor://nunit3testexecutor/" className="OdinUiTests.Tests.Activity.ActivityEditingTests" name="Редактирование активности: можно добавлять теги знаний" />
    </UnitTest>
    <UnitTest name="Можно загрузить/удалить аватар для подразделения" storage="/azp/_work/1/s/bin/debug/net6.0/odinuitests.dll" id="e60f02b2-15aa-9801-05b0-e71f07c40b34">
      <Execution id="fb4ce0d8-f25e-425b-a0dd-1924d88554c1" />
      <TestMethod codeBase="/azp/_work/1/s/bin/Debug/net6.0/OdinUiTests.dll" adapterTypeName="executor://nunit3testexecutor/" className="OdinUiTests.Tests.Division.DivisionPageTests" name="Можно загрузить/удалить аватар для подразделения" />
    </UnitTest>
    <UnitTest name="Cоздание обр программы ДПО: если заполнить только обязательные поля" storage="/azp/_work/1/s/bin/debug/net6.0/odinuitests.dll" id="2f0acdfb-37ce-fd30-4edc-bb47b3a86596">
      <Execution id="61d1c5e9-c4c2-45e5-9880-fc34193f3af2" />
      <TestMethod codeBase="/azp/_work/1/s/bin/Debug/net6.0/OdinUiTests.dll" adapterTypeName="executor://nunit3testexecutor/" className="OdinUiTests.Tests.Program.ProgramCreationTests" name="Cоздание обр программы ДПО: если заполнить только обязательные поля" />
    </UnitTest>
    <UnitTest name="Конструктор теста: можно добавить вопрос с типом ответа “Свободный ответ” - “Диапазон”" storage="/azp/_work/1/s/bin/debug/net6.0/odinuitests.dll" id="94e06ffe-48f0-10fc-a978-7a0c4c28d7c4">
      <Execution id="93b497a9-1d43-4634-a092-dcd5bd91d2ef" />
      <TestMethod codeBase="/azp/_work/1/s/bin/Debug/net6.0/OdinUiTests.dll" adapterTypeName="executor://nunit3testexecutor/" className="OdinUiTests.Tests.Library.TestAddingQuestionsTests" name="Конструктор теста: можно добавить вопрос с типом ответа “Свободный ответ” - “Диапазон”" />
    </UnitTest>
    <UnitTest name="Редактированиедисциплины: есть возможность сохранить дисциплину выбрав галку ‘Все студенты потока’" storage="/azp/_work/1/s/bin/debug/net6.0/odinuitests.dll" id="c75bd7b0-c53f-900e-902b-e6589cc5971f">
      <Execution id="ea381190-bd0d-483b-b056-3125cd84fd74" />
      <TestMethod codeBase="/azp/_work/1/s/bin/Debug/net6.0/OdinUiTests.dll" adapterTypeName="executor://nunit3testexecutor/" className="OdinUiTests.Tests.Discipline.DisContingentEditingTests" name="Редактированиедисциплины: есть возможность сохранить дисциплину выбрав галку ‘Все студенты потока’" />
    </UnitTest>
    <UnitTest name="Чекбокс многокритериальная проверка не отображается, если выбрана взаимопроверка" storage="/azp/_work/1/s/bin/debug/net6.0/odinuitests.dll" id="469e3971-d495-ccb7-1746-a81e8da9db4c">
      <Execution id="5301cc8d-c697-45a8-93c4-6a257dbeb986" />
      <TestMethod codeBase="/azp/_work/1/s/bin/Debug/net6.0/OdinUiTests.dll" adapterTypeName="executor://nunit3testexecutor/" className="OdinUiTests.Tests.Activity.TaskActivityMulticriteriaTests" name="Чекбокс многокритериальная проверка не отображается, если выбрана взаимопроверка" />
    </UnitTest>
    <UnitTest name="Страница потока: при восстановлении потока из архива появляется модалка подтверждения действия" storage="/azp/_work/1/s/bin/debug/net6.0/odinuitests.dll" id="34c70060-aee4-7faa-e12b-24d7556b20b2">
      <Execution id="a4003ab3-a2ad-494d-aac7-494471cdbb8c" />
      <TestMethod codeBase="/azp/_work/1/s/bin/Debug/net6.0/OdinUiTests.dll" adapterTypeName="executor://nunit3testexecutor/" className="OdinUiTests.Tests.Cohort.CohortInfoTests" name="Страница потока: при восстановлении потока из архива появляется модалка подтверждения действия" />
    </UnitTest>
    <UnitTest name="Редактирование профиля пользователя: поля 'Контакты' заблокированы до ввода пароля" storage="/azp/_work/1/s/bin/debug/net6.0/odinuitests.dll" id="a20ff97d-e10d-12de-525c-30d49114b8c2">
      <Execution id="c0b4daec-c2b3-42ec-b55e-2869ce86a652" />
      <TestMethod codeBase="/azp/_work/1/s/bin/Debug/net6.0/OdinUiTests.dll" adapterTypeName="executor://nunit3testexecutor/" className="OdinUiTests.Tests.UserProfile.AddressAndContactsEditingTests" name="Редактирование профиля пользователя: поля 'Контакты' заблокированы до ввода пароля" />
    </UnitTest>
    <UnitTest name="Редактирование дисциплины: можно включить/отключить ИОТ, если в дисциплине нет активностей" storage="/azp/_work/1/s/bin/debug/net6.0/odinuitests.dll" id="f79cca05-0890-22c6-a7d9-f3b4a5aad9d4">
      <Execution id="331bcbea-5d3f-4ea3-ab03-6a180f974c0b" />
      <TestMethod codeBase="/azp/_work/1/s/bin/Debug/net6.0/OdinUiTests.dll" adapterTypeName="executor://nunit3testexecutor/" className="OdinUiTests.Tests.Discipline.DisciplineEditingTests" name="Редактирование дисциплины: можно включить/отключить ИОТ, если в дисциплине нет активностей" />
    </UnitTest>
    <UnitTest name="Создание дисциплины: невозможно добавить студента из стороннего потока" storage="/azp/_work/1/s/bin/debug/net6.0/odinuitests.dll" id="6bfcb065-d346-3310-4502-68ebb980533d">
      <Execution id="6425fe0c-0192-4052-ab6e-2f2a5142dd5c" />
      <TestMethod codeBase="/azp/_work/1/s/bin/Debug/net6.0/OdinUiTests.dll" adapterTypeName="executor://nunit3testexecutor/" className="OdinUiTests.Tests.Discipline.DisContingentCreationValidationTests" name="Создание дисциплины: невозможно добавить студента из стороннего потока" />
    </UnitTest>
    <UnitTest name="Создание контрольной: можно создать контрольную с режимом выполнения 'Индивидуальный'" storage="/azp/_work/1/s/bin/debug/net6.0/odinuitests.dll" id="6786cf51-faa5-d191-3040-94f7754539ce">
      <Execution id="d3b93862-63cb-49ff-9b75-182ef74499cc" />
      <TestMethod codeBase="/azp/_work/1/s/bin/Debug/net6.0/OdinUiTests.dll" adapterTypeName="executor://nunit3testexecutor/" className="OdinUiTests.Tests.Activity.TestActivityCreatingTests" name="Создание контрольной: можно создать контрольную с режимом выполнения 'Индивидуальный'" />
    </UnitTest>
    <UnitTest name="Редактирование активности: можно загрузить материал типа файл с компьютера" storage="/azp/_work/1/s/bin/debug/net6.0/odinuitests.dll" id="0322d7b9-8b1c-08c4-7a59-cce574dc9bc8">
      <Execution id="2f4d7686-13ac-49b0-b005-3a018b51eff6" />
      <TestMethod codeBase="/azp/_work/1/s/bin/Debug/net6.0/OdinUiTests.dll" adapterTypeName="executor://nunit3testexecutor/" className="OdinUiTests.Tests.Activity.ActivityAddingTests" name="Редактирование активности: можно загрузить материал типа файл с компьютера" />
    </UnitTest>
    <UnitTest name="Конструктор теста-тренажера: можно добавить вопрос с типом ответа “Сопоставление”" storage="/azp/_work/1/s/bin/debug/net6.0/odinuitests.dll" id="66294132-059c-f8ab-9280-ceece92cd8df">
      <Execution id="f9e90947-eab4-48cf-91f8-8179701c7a28" />
      <TestMethod codeBase="/azp/_work/1/s/bin/Debug/net6.0/OdinUiTests.dll" adapterTypeName="executor://nunit3testexecutor/" className="OdinUiTests.Tests.Library.TestTrainAddingQuestionsTests" name="Конструктор теста-тренажера: можно добавить вопрос с типом ответа “Сопоставление”" />
    </UnitTest>
    <UnitTest name="Cоздание активности: можно создать активность из шаблона" storage="/azp/_work/1/s/bin/debug/net6.0/odinuitests.dll" id="51064bef-94a4-0a2b-1e65-f8090d3f52e1">
      <Execution id="820da741-1815-4a48-8603-e373a26164bb" />
      <TestMethod codeBase="/azp/_work/1/s/bin/Debug/net6.0/OdinUiTests.dll" adapterTypeName="executor://nunit3testexecutor/" className="OdinUiTests.Tests.Activity.ActivityCreatingTests" name="Cоздание активности: можно создать активность из шаблона" />
    </UnitTest>
    <UnitTest name="Редактирование активности: можно удалять материалы" storage="/azp/_work/1/s/bin/debug/net6.0/odinuitests.dll" id="ccd8eda3-725e-67ab-ea05-b537707ab910">
      <Execution id="4740cd50-793f-4b64-a40f-72d0d631fca4" />
      <TestMethod codeBase="/azp/_work/1/s/bin/Debug/net6.0/OdinUiTests.dll" adapterTypeName="executor://nunit3testexecutor/" className="OdinUiTests.Tests.Activity.ActivityAddingTests" name="Редактирование активности: можно удалять материалы" />
    </UnitTest>
    <UnitTest name="Конструктор теста: возможность снять отметку “верный” у варианта ответа" storage="/azp/_work/1/s/bin/debug/net6.0/odinuitests.dll" id="e5f1d9f5-c29f-f8fb-62ca-365477e39b3d">
      <Execution id="9c6bb518-eabe-4b67-9829-d7f94e5d5466" />
      <TestMethod codeBase="/azp/_work/1/s/bin/Debug/net6.0/OdinUiTests.dll" adapterTypeName="executor://nunit3testexecutor/" className="OdinUiTests.Tests.Library.TestQuestionsValidationTests" name="Конструктор теста: возможность снять отметку “верный” у варианта ответа" />
    </UnitTest>
    <UnitTest name="Редактирование программы ДО: нет возможности удаления программы у его админа" storage="/azp/_work/1/s/bin/debug/net6.0/odinuitests.dll" id="57c26824-d037-9a67-ff0c-1a78bd86fa67">
      <Execution id="248cc016-8e0d-4bb5-ac9e-a767c85754af" />
      <TestMethod codeBase="/azp/_work/1/s/bin/Debug/net6.0/OdinUiTests.dll" adapterTypeName="executor://nunit3testexecutor/" className="OdinUiTests.Tests.Program.ProgramEditingTests" name="Редактирование программы ДО: нет возможности удаления программы у его админа" />
    </UnitTest>
    <UnitTest name="Конструктор теста: можно удалить вариант ответа из вопроса с типом ответа 'Свободный ответ' – 'Точное совпадение'" storage="/azp/_work/1/s/bin/debug/net6.0/odinuitests.dll" id="9075a8ef-42ab-1d01-c8e9-fb413a7d4b5a">
      <Execution id="368033ca-a3aa-4a47-93d9-2b3d835f9ca5" />
      <TestMethod codeBase="/azp/_work/1/s/bin/Debug/net6.0/OdinUiTests.dll" adapterTypeName="executor://nunit3testexecutor/" className="OdinUiTests.Tests.Library.TestQuestionAnswersValidationTests" name="Конструктор теста: можно удалить вариант ответа из вопроса с типом ответа 'Свободный ответ' – 'Точное совпадение'" />
    </UnitTest>
    <UnitTest name="Редактирование шаблона контрольной: успешное сохранение при положительных значениях в 'Минимальный порог баллов'" storage="/azp/_work/1/s/bin/debug/net6.0/odinuitests.dll" id="733551fb-e7ba-18f4-9f6d-493221dcb625">
      <Execution id="1cd87c68-b1f1-47a1-994c-7d3a9f0d5197" />
      <TestMethod codeBase="/azp/_work/1/s/bin/Debug/net6.0/OdinUiTests.dll" adapterTypeName="executor://nunit3testexecutor/" className="OdinUiTests.Tests.Activity.TestTemplateEditingTests" name="Редактирование шаблона контрольной: успешное сохранение при положительных значениях в 'Минимальный порог баллов'" />
    </UnitTest>
    <UnitTest name="Создание потока ДО: можно создать поток, выбрав галку ‘Разрешена регистрация по ссылке’" storage="/azp/_work/1/s/bin/debug/net6.0/odinuitests.dll" id="e3d3fce4-edf1-dfca-d219-7f139f8bc7c9">
      <Execution id="e0d64977-6a47-4113-8f57-5c55b1550fbf" />
      <TestMethod codeBase="/azp/_work/1/s/bin/Debug/net6.0/OdinUiTests.dll" adapterTypeName="executor://nunit3testexecutor/" className="OdinUiTests.Tests.Cohort.CohortCreationTests" name="Создание потока ДО: можно создать поток, выбрав галку ‘Разрешена регистрация по ссылке’" />
    </UnitTest>
    <UnitTest name="Редактирование потока ДО (СЗ): нет возможности выбрать галку ‘Разрешена регистрация по ссылке’" storage="/azp/_work/1/s/bin/debug/net6.0/odinuitests.dll" id="cc261975-a2e3-9bce-19d6-f7cbe6098e48">
      <Execution id="106f5a6b-6fe7-4f65-8a1c-98ec1ac79596" />
      <TestMethod codeBase="/azp/_work/1/s/bin/Debug/net6.0/OdinUiTests.dll" adapterTypeName="executor://nunit3testexecutor/" className="OdinUiTests.Tests.Cohort.CohortEditingValidationTests" name="Редактирование потока ДО (СЗ): нет возможности выбрать галку ‘Разрешена регистрация по ссылке’" />
    </UnitTest>
    <UnitTest name="В десктопе нет возможности выбрать режим 3 дня" storage="/azp/_work/1/s/bin/debug/net6.0/odinuitests.dll" id="8f8498a3-392f-8ab0-84d5-3d3cd45f2f4d">
      <Execution id="98e0fe64-afb3-4261-8f34-971caf268a5d" />
      <TestMethod codeBase="/azp/_work/1/s/bin/Debug/net6.0/OdinUiTests.dll" adapterTypeName="executor://nunit3testexecutor/" className="OdinUiTests.Tests.Schedule.ScheduleTests" name="В десктопе нет возможности выбрать режим 3 дня" />
    </UnitTest>
    <UnitTest name="Редактирование потока ДО (СЗ): нет возможности редактировать поток программы 2021 года, если в нем есть слушатели" storage="/azp/_work/1/s/bin/debug/net6.0/odinuitests.dll" id="89552b5d-ca08-1714-8f9f-6c8510c744bf">
      <Execution id="e6544fd8-b3a2-4f23-9508-205e15855fbf" />
      <TestMethod codeBase="/azp/_work/1/s/bin/Debug/net6.0/OdinUiTests.dll" adapterTypeName="executor://nunit3testexecutor/" className="OdinUiTests.Tests.Cohort.CohortEditingValidationTests" name="Редактирование потока ДО (СЗ): нет возможности редактировать поток программы 2021 года, если в нем есть слушатели" />
    </UnitTest>
    <UnitTest name="Библиотека: можно переключать текущий вид библиотеки со “Списка” на “Плитку”" storage="/azp/_work/1/s/bin/debug/net6.0/odinuitests.dll" id="70f0bd13-6e85-9ee5-98a5-ca2589593021">
      <Execution id="d0dc5146-b120-4b5f-a798-73330111e1f6" />
      <TestMethod codeBase="/azp/_work/1/s/bin/Debug/net6.0/OdinUiTests.dll" adapterTypeName="executor://nunit3testexecutor/" className="OdinUiTests.Tests.Library.LibraryActionPanelTests" name="Библиотека: можно переключать текущий вид библиотеки со “Списка” на “Плитку”" />
    </UnitTest>
    <UnitTest name="Список чатов - комната дисциплины: можно удалить сообщение" storage="/azp/_work/1/s/bin/debug/net6.0/odinuitests.dll" id="6d6cae07-c9e9-7641-21d6-0f454b1a1335">
      <Execution id="00019af4-5b56-49d6-95df-7071ed0b879d" />
      <TestMethod codeBase="/azp/_work/1/s/bin/Debug/net6.0/OdinUiTests.dll" adapterTypeName="executor://nunit3testexecutor/" className="OdinUiTests.Tests.Chat.DisciplineChatTests" name="Список чатов - комната дисциплины: можно удалить сообщение" />
    </UnitTest>
    <UnitTest name="Список чатов - обсуждение решения: можно добавить реакцию на сообщение" storage="/azp/_work/1/s/bin/debug/net6.0/odinuitests.dll" id="4bb2a74a-b4f5-64b8-b215-8bdb71eb1cbc">
      <Execution id="d2fcebb0-7f1b-431f-9d24-c7a5db39f84e" />
      <TestMethod codeBase="/azp/_work/1/s/bin/Debug/net6.0/OdinUiTests.dll" adapterTypeName="executor://nunit3testexecutor/" className="OdinUiTests.Tests.Chat.TaskChatTests" name="Список чатов - обсуждение решения: можно добавить реакцию на сообщение" />
    </UnitTest>
    <UnitTest name="Создание потока: ошибка валидации, если дата окончания  не указана" storage="/azp/_work/1/s/bin/debug/net6.0/odinuitests.dll" id="5eef4bee-f057-75cc-c9a5-b0a510981caf">
      <Execution id="3ffd4070-1db9-4cea-b565-c61b464ef1d0" />
      <TestMethod codeBase="/azp/_work/1/s/bin/Debug/net6.0/OdinUiTests.dll" adapterTypeName="executor://nunit3testexecutor/" className="OdinUiTests.Tests.Cohort.CohortCreationValidationTests" name="Создание потока: ошибка валидации, если дата окончания  не указана" />
    </UnitTest>
    <UnitTest name="Переход со страницы потока на страницу завершения обучения потока" storage="/azp/_work/1/s/bin/debug/net6.0/odinuitests.dll" id="7b341805-c52d-7eb8-d47a-acf290391878">
      <Execution id="50d8671e-d718-4d12-8baf-70780274f122" />
      <TestMethod codeBase="/azp/_work/1/s/bin/Debug/net6.0/OdinUiTests.dll" adapterTypeName="executor://nunit3testexecutor/" className="OdinUiTests.Tests.Cohort.EducationCompletionPageTests" name="Переход со страницы потока на страницу завершения обучения потока" />
    </UnitTest>
    <UnitTest name="Список чатов - личный чат: можно закреплять сообщения" storage="/azp/_work/1/s/bin/debug/net6.0/odinuitests.dll" id="b22611fb-9889-db7b-0399-a9429a33b11c">
      <Execution id="94f5566d-4327-4aea-9039-fdd6b3e2926d" />
      <TestMethod codeBase="/azp/_work/1/s/bin/Debug/net6.0/OdinUiTests.dll" adapterTypeName="executor://nunit3testexecutor/" className="OdinUiTests.Tests.Chat.PersonalChatTests" name="Список чатов - личный чат: можно закреплять сообщения" />
    </UnitTest>
    <UnitTest name="Превью материала: LaTeX отображается как PDF" storage="/azp/_work/1/s/bin/debug/net6.0/odinuitests.dll" id="0c24c63b-3830-3301-a1e5-5fe7e0645615">
      <Execution id="e45cbc8c-c283-4d4c-ae27-64c4fe271072" />
      <TestMethod codeBase="/azp/_work/1/s/bin/Debug/net6.0/OdinUiTests.dll" adapterTypeName="executor://nunit3testexecutor/" className="OdinUiTests.Tests.Library.LibraryMaterialTests" name="Превью материала: LaTeX отображается как PDF" />
    </UnitTest>
    <UnitTest name="Редактирование дисциплины: можно удалить дисциплину без оценок" storage="/azp/_work/1/s/bin/debug/net6.0/odinuitests.dll" id="a109ce03-a505-fb1b-3351-e149a76a0bd5">
      <Execution id="63c7c26a-9ef5-490f-a72c-e3a0106758b5" />
      <TestMethod codeBase="/azp/_work/1/s/bin/Debug/net6.0/OdinUiTests.dll" adapterTypeName="executor://nunit3testexecutor/" className="OdinUiTests.Tests.Discipline.DisciplineEditingTests" name="Редактирование дисциплины: можно удалить дисциплину без оценок" />
    </UnitTest>
    <UnitTest name="Страница профиля пользователя: под преподавателем отображаются пройденные активности студента" storage="/azp/_work/1/s/bin/debug/net6.0/odinuitests.dll" id="740c167e-5ce5-debb-4b00-1b1a1f429099">
      <Execution id="e609d34f-c048-4d87-b235-a8798e4e0906" />
      <TestMethod codeBase="/azp/_work/1/s/bin/Debug/net6.0/OdinUiTests.dll" adapterTypeName="executor://nunit3testexecutor/" className="OdinUiTests.Tests.UserProfile.UserInfoPageTests" name="Страница профиля пользователя: под преподавателем отображаются пройденные активности студента" />
    </UnitTest>
    <UnitTest name="Кнопка 'Оценить' некликабельна, если решение еще не оценено" storage="/azp/_work/1/s/bin/debug/net6.0/odinuitests.dll" id="def831f7-26f6-0e4f-719e-f16db6aa3e58">
      <Execution id="4e261aef-845b-4f6d-91f7-ba030eecc99d" />
      <TestMethod codeBase="/azp/_work/1/s/bin/Debug/net6.0/OdinUiTests.dll" adapterTypeName="executor://nunit3testexecutor/" className="OdinUiTests.Tests.Activity.TaskActivityTeacherTests" name="Кнопка 'Оценить' некликабельна, если решение еще не оценено" />
    </UnitTest>
    <UnitTest name="Проверка затемнения прошедших активностей" storage="/azp/_work/1/s/bin/debug/net6.0/odinuitests.dll" id="7a14693f-cda4-080d-051f-9aaaf0d3c408">
      <Execution id="bfeb6c9f-d0db-4a50-87ec-1dd5b470cbe5" />
      <TestMethod codeBase="/azp/_work/1/s/bin/Debug/net6.0/OdinUiTests.dll" adapterTypeName="executor://nunit3testexecutor/" className="OdinUiTests.Tests.Schedule.ScheduleSettingsTests" name="Проверка затемнения прошедших активностей" />
    </UnitTest>
    <UnitTest name="Конструктор теста-тренажера: можно удалить блок" storage="/azp/_work/1/s/bin/debug/net6.0/odinuitests.dll" id="53e38347-39f3-e69e-6e13-a3cc5d00bdb7">
      <Execution id="a36a3403-8d77-4d16-bbdb-9f916bd297dc" />
      <TestMethod codeBase="/azp/_work/1/s/bin/Debug/net6.0/OdinUiTests.dll" adapterTypeName="executor://nunit3testexecutor/" className="OdinUiTests.Tests.Library.TestTrainBlocksAndVariantsValidationTests" name="Конструктор теста-тренажера: можно удалить блок" />
    </UnitTest>
    <UnitTest name="Редактирование шаблона контрольной: отображение ошибки валидации для поля 'Количество попыток сдачи' с значением '0'" storage="/azp/_work/1/s/bin/debug/net6.0/odinuitests.dll" id="4ac3e6da-0406-1c61-13ea-a18ca0236ded">
      <Execution id="b8770da7-2e52-4296-a8f3-0f68e6797f28" />
      <TestMethod codeBase="/azp/_work/1/s/bin/Debug/net6.0/OdinUiTests.dll" adapterTypeName="executor://nunit3testexecutor/" className="OdinUiTests.Tests.Activity.TestTemplateEditingTests" name="Редактирование шаблона контрольной: отображение ошибки валидации для поля 'Количество попыток сдачи' с значением '0'" />
    </UnitTest>
    <UnitTest name="Редактирование активности: работает кнопка 'Редактировать' для преподавателя" storage="/azp/_work/1/s/bin/debug/net6.0/odinuitests.dll" id="04774ceb-9321-8f75-0ed6-c43c973e3c1b">
      <Execution id="0080ee9f-9e9b-4681-933b-89857c45a20d" />
      <TestMethod codeBase="/azp/_work/1/s/bin/Debug/net6.0/OdinUiTests.dll" adapterTypeName="executor://nunit3testexecutor/" className="OdinUiTests.Tests.Activity.ActivityEditingTests" name="Редактирование активности: работает кнопка 'Редактировать' для преподавателя" />
    </UnitTest>
    <UnitTest name="Список чатов - групповой чат: можно закреплять сообщения" storage="/azp/_work/1/s/bin/debug/net6.0/odinuitests.dll" id="a588331f-eab4-2c51-c9ad-83ca1df87fab">
      <Execution id="707d3aa3-ac2c-4287-a80c-345bd0bad6bf" />
      <TestMethod codeBase="/azp/_work/1/s/bin/Debug/net6.0/OdinUiTests.dll" adapterTypeName="executor://nunit3testexecutor/" className="OdinUiTests.Tests.Chat.GroupChatTests" name="Список чатов - групповой чат: можно закреплять сообщения" />
    </UnitTest>
    <UnitTest name="Редактирование дисциплины: невозможно добавить студента из стороннего потока" storage="/azp/_work/1/s/bin/debug/net6.0/odinuitests.dll" id="aabfe80d-8d73-3e98-da66-5723852d59da">
      <Execution id="d3e9ad60-fab9-44be-88e8-1c18c77b468a" />
      <TestMethod codeBase="/azp/_work/1/s/bin/Debug/net6.0/OdinUiTests.dll" adapterTypeName="executor://nunit3testexecutor/" className="OdinUiTests.Tests.Discipline.DisContingentEditingValidationTests" name="Редактирование дисциплины: невозможно добавить студента из стороннего потока" />
    </UnitTest>
    <UnitTest name="Редактирование потока: ошибка валидации, если даты начала и окончания не заполнены" storage="/azp/_work/1/s/bin/debug/net6.0/odinuitests.dll" id="4ad99740-516c-32e4-a730-7bd1b81e48e9">
      <Execution id="b9e5de00-486f-40c1-948a-03d0473ea278" />
      <TestMethod codeBase="/azp/_work/1/s/bin/Debug/net6.0/OdinUiTests.dll" adapterTypeName="executor://nunit3testexecutor/" className="OdinUiTests.Tests.Cohort.CohortEditingValidationTests" name="Редактирование потока: ошибка валидации, если даты начала и окончания не заполнены" />
    </UnitTest>
    <UnitTest name="Редактирование шаблона активности: можно добавить материал типа тест-тренажёра из библиотеки не в контрольную" storage="/azp/_work/1/s/bin/debug/net6.0/odinuitests.dll" id="8c8c07f5-1533-e29c-f3ea-8d50ee81049d">
      <Execution id="4318ca87-ef30-46a8-9ad4-df0a89bdaa22" />
      <TestMethod codeBase="/azp/_work/1/s/bin/Debug/net6.0/OdinUiTests.dll" adapterTypeName="executor://nunit3testexecutor/" className="OdinUiTests.Tests.Activity.TemplateAddingTests" name="Редактирование шаблона активности: можно добавить материал типа тест-тренажёра из библиотеки не в контрольную" />
    </UnitTest>
    <UnitTest name="Страница оценок дисциплины: выставления оценки преподавателем" storage="/azp/_work/1/s/bin/debug/net6.0/odinuitests.dll" id="f2e23a87-e9af-6449-2d22-3352d020cecb">
      <Execution id="324f5862-ac5d-486f-83f6-e57c116c2107" />
      <TestMethod codeBase="/azp/_work/1/s/bin/Debug/net6.0/OdinUiTests.dll" adapterTypeName="executor://nunit3testexecutor/" className="OdinUiTests.Tests.Discipline.DisciplineMarksAndAttendanceTests" name="Страница оценок дисциплины: выставления оценки преподавателем" />
    </UnitTest>
    <UnitTest name="Страница индивидуальной контрольной: результат тестирования из попытках зависеть от настройки 'За последнюю попытку'" storage="/azp/_work/1/s/bin/debug/net6.0/odinuitests.dll" id="2d41addb-b548-1192-2b83-046e857697d8">
      <Execution id="f1108a15-abec-4f31-8640-57a5152d3e7c" />
      <TestMethod codeBase="/azp/_work/1/s/bin/Debug/net6.0/OdinUiTests.dll" adapterTypeName="executor://nunit3testexecutor/" className="OdinUiTests.Tests.Activity.TestActivityStatusWithTwoOrMoreAttemptsTests" name="Страница индивидуальной контрольной: результат тестирования из попытках зависеть от настройки 'За последнюю попытку'" />
    </UnitTest>
    <UnitTest name="Создание дисциплины ДО: отображение ошибки валидации для поля 'Кредиты' с значением 0" storage="/azp/_work/1/s/bin/debug/net6.0/odinuitests.dll" id="2f798c01-1979-2f1d-0422-63ef78253c1e">
      <Execution id="c08b6376-c0c0-4cf1-847c-4efa015da9dd" />
      <TestMethod codeBase="/azp/_work/1/s/bin/Debug/net6.0/OdinUiTests.dll" adapterTypeName="executor://nunit3testexecutor/" className="OdinUiTests.Tests.Discipline.DisciplineCreationValidationTests" name="Создание дисциплины ДО: отображение ошибки валидации для поля 'Кредиты' с значением 0" />
    </UnitTest>
    <UnitTest name="Редактирование потока ДО (СЗ): нет возможности удалить поток" storage="/azp/_work/1/s/bin/debug/net6.0/odinuitests.dll" id="8e68a4d0-ada4-e02b-757f-04caeb2912c7">
      <Execution id="82692c11-957b-45f3-a3b1-e9383bfcb48b" />
      <TestMethod codeBase="/azp/_work/1/s/bin/Debug/net6.0/OdinUiTests.dll" adapterTypeName="executor://nunit3testexecutor/" className="OdinUiTests.Tests.Cohort.CohortEditingValidationTests" name="Редактирование потока ДО (СЗ): нет возможности удалить поток" />
    </UnitTest>
    <UnitTest name="Создание дисциплины: добавление преподавателя из списка" storage="/azp/_work/1/s/bin/debug/net6.0/odinuitests.dll" id="aba850e9-acc9-c303-58ba-46e62eb4c1d6">
      <Execution id="969af912-4c1a-4ed9-b158-907847cb86cd" />
      <TestMethod codeBase="/azp/_work/1/s/bin/Debug/net6.0/OdinUiTests.dll" adapterTypeName="executor://nunit3testexecutor/" className="OdinUiTests.Tests.Discipline.DisContingentCreationTests" name="Создание дисциплины: добавление преподавателя из списка" />
    </UnitTest>
    <UnitTest name="Список чатов - обсуждение решения: можно прикрепить и отправить файл с компьютера" storage="/azp/_work/1/s/bin/debug/net6.0/odinuitests.dll" id="b13838e8-dc25-85d7-2868-ae9724efd601">
      <Execution id="e459775f-3698-4ea6-9b15-e46cf7416a82" />
      <TestMethod codeBase="/azp/_work/1/s/bin/Debug/net6.0/OdinUiTests.dll" adapterTypeName="executor://nunit3testexecutor/" className="OdinUiTests.Tests.Chat.TaskChatTests" name="Список чатов - обсуждение решения: можно прикрепить и отправить файл с компьютера" />
    </UnitTest>
    <UnitTest name="Редактирование потока: ошибка валидации, если дата начала больше чем дата окончания" storage="/azp/_work/1/s/bin/debug/net6.0/odinuitests.dll" id="9983c32a-d789-fbb0-a934-f6e2d3f2dc5c">
      <Execution id="a97ad40f-26a4-4c9a-99e0-0f185c8508ed" />
      <TestMethod codeBase="/azp/_work/1/s/bin/Debug/net6.0/OdinUiTests.dll" adapterTypeName="executor://nunit3testexecutor/" className="OdinUiTests.Tests.Cohort.CohortEditingValidationTests" name="Редактирование потока: ошибка валидации, если дата начала больше чем дата окончания" />
    </UnitTest>
    <UnitTest name="Результат прохождения: преподаватель не может оставить комментарий к ответу, если отключена опция подробная информация о результатах" storage="/azp/_work/1/s/bin/debug/net6.0/odinuitests.dll" id="b2dde4b5-7589-b405-148d-580297a8e122">
      <Execution id="cbb4ebc1-b0c8-4b22-9bcf-738da7f25d84" />
      <TestMethod codeBase="/azp/_work/1/s/bin/Debug/net6.0/OdinUiTests.dll" adapterTypeName="executor://nunit3testexecutor/" className="OdinUiTests.Tests.Activity.TestActivityResultTests" name="Результат прохождения: преподаватель не может оставить комментарий к ответу, если отключена опция подробная информация о результатах" />
    </UnitTest>
    <UnitTest name="Создание дисциплины ДО: можно создать дисциплину из шаблона дисциплины без активностей" storage="/azp/_work/1/s/bin/debug/net6.0/odinuitests.dll" id="9eb492cb-e1ec-25f6-8960-2f1b3e979aa6">
      <Execution id="bb17b3c0-2485-47f8-841e-57cc7936a71d" />
      <TestMethod codeBase="/azp/_work/1/s/bin/Debug/net6.0/OdinUiTests.dll" adapterTypeName="executor://nunit3testexecutor/" className="OdinUiTests.Tests.Discipline.DisciplineCreationTests" name="Создание дисциплины ДО: можно создать дисциплину из шаблона дисциплины без активностей" />
    </UnitTest>
    <UnitTest name="Список чатов - личный чат: можно добавить реакцию на сообщение" storage="/azp/_work/1/s/bin/debug/net6.0/odinuitests.dll" id="c25482f1-b800-6fd1-662f-8be1ad84ca23">
      <Execution id="499e5ad2-8614-4865-a9f6-5ed06a0d2fed" />
      <TestMethod codeBase="/azp/_work/1/s/bin/Debug/net6.0/OdinUiTests.dll" adapterTypeName="executor://nunit3testexecutor/" className="OdinUiTests.Tests.Chat.PersonalChatTests" name="Список чатов - личный чат: можно добавить реакцию на сообщение" />
    </UnitTest>
    <UnitTest name="Страница потока: отсутствие доступа студента к выгрузкам" storage="/azp/_work/1/s/bin/debug/net6.0/odinuitests.dll" id="bf20a527-3c6a-42b7-f55d-0b5db4372e05">
      <Execution id="82ef4590-ea1b-4929-b54f-92c187d3487d" />
      <TestMethod codeBase="/azp/_work/1/s/bin/Debug/net6.0/OdinUiTests.dll" adapterTypeName="executor://nunit3testexecutor/" className="OdinUiTests.Tests.Cohort.CohortInfoTests" name="Страница потока: отсутствие доступа студента к выгрузкам" />
    </UnitTest>
    <UnitTest name="Прохождение теста: невозможно пройти тест после окончания активности" storage="/azp/_work/1/s/bin/debug/net6.0/odinuitests.dll" id="ea7678de-57e2-3b3f-01d1-0b35e1bd0bea">
      <Execution id="3628e993-8150-46d5-8eca-9f5445ffa396" />
      <TestMethod codeBase="/azp/_work/1/s/bin/Debug/net6.0/OdinUiTests.dll" adapterTypeName="executor://nunit3testexecutor/" className="OdinUiTests.Tests.Activity.TestActivityPassingTests" name="Прохождение теста: невозможно пройти тест после окончания активности" />
    </UnitTest>
    <UnitTest name="Редактирование программы ДО: можно удалить программу без потоков" storage="/azp/_work/1/s/bin/debug/net6.0/odinuitests.dll" id="07985ff4-e714-32d4-9806-7a3929f34176">
      <Execution id="ebee576e-cd4d-4e54-bcda-8f926e2fa1a4" />
      <TestMethod codeBase="/azp/_work/1/s/bin/Debug/net6.0/OdinUiTests.dll" adapterTypeName="executor://nunit3testexecutor/" className="OdinUiTests.Tests.Program.ProgramEditingTests" name="Редактирование программы ДО: можно удалить программу без потоков" />
    </UnitTest>
    <UnitTest name="Библиотека: при переходе в режим выбора первый элемент должен быть выбран" storage="/azp/_work/1/s/bin/debug/net6.0/odinuitests.dll" id="a972ba6d-8ab2-b680-cda9-6cb0217ab7a3">
      <Execution id="4988ab60-230b-4f5d-a819-fc7c23dbc534" />
      <TestMethod codeBase="/azp/_work/1/s/bin/Debug/net6.0/OdinUiTests.dll" adapterTypeName="executor://nunit3testexecutor/" className="OdinUiTests.Tests.Library.BulkActionsLibraryTests" name="Библиотека: при переходе в режим выбора первый элемент должен быть выбран" />
    </UnitTest>
    <UnitTest name="Конструктор теста: можно изменить комментарий к вопросу" storage="/azp/_work/1/s/bin/debug/net6.0/odinuitests.dll" id="798a67f7-08eb-e95d-5e94-7f25e539d8d8">
      <Execution id="b99c1af0-1381-4bb6-b1fb-f1c7bbe5ae46" />
      <TestMethod codeBase="/azp/_work/1/s/bin/Debug/net6.0/OdinUiTests.dll" adapterTypeName="executor://nunit3testexecutor/" className="OdinUiTests.Tests.Library.TestQuestionsValidationTests" name="Конструктор теста: можно изменить комментарий к вопросу" />
    </UnitTest>
    <UnitTest name="Чекбокс многокритериальная проверка отображается, если выбрана стандартная проверка" storage="/azp/_work/1/s/bin/debug/net6.0/odinuitests.dll" id="8467a62a-55bb-1bb4-1183-a2ad9918beb1">
      <Execution id="d1ade284-40b9-43d0-afdb-6c762b12e94e" />
      <TestMethod codeBase="/azp/_work/1/s/bin/Debug/net6.0/OdinUiTests.dll" adapterTypeName="executor://nunit3testexecutor/" className="OdinUiTests.Tests.Activity.TaskActivityMulticriteriaTests" name="Чекбокс многокритериальная проверка отображается, если выбрана стандартная проверка" />
    </UnitTest>
    <UnitTest name="Редактирование программы ДО: невозможно удалить программу с потоками" storage="/azp/_work/1/s/bin/debug/net6.0/odinuitests.dll" id="c6135017-3a41-e149-fb61-ebfc0d6e7b20">
      <Execution id="cdfcd9cb-a313-46e7-950d-2f57610b6c8a" />
      <TestMethod codeBase="/azp/_work/1/s/bin/Debug/net6.0/OdinUiTests.dll" adapterTypeName="executor://nunit3testexecutor/" className="OdinUiTests.Tests.Program.ProgramEditingTests" name="Редактирование программы ДО: невозможно удалить программу с потоками" />
    </UnitTest>
    <UnitTest name="Страница Мой тариф: отображается тултип при наведении курсора на значок i в блоке Расчет данных" storage="/azp/_work/1/s/bin/debug/net6.0/odinuitests.dll" id="ea9ec0c6-8540-971c-af2b-ef96be7cfc1b">
      <Execution id="eb793123-aee1-4cf0-bd8a-31b6f7c55df4" />
      <TestMethod codeBase="/azp/_work/1/s/bin/Debug/net6.0/OdinUiTests.dll" adapterTypeName="executor://nunit3testexecutor/" className="OdinUiTests.Tests.Organization.MyPlanOrganizationPageTests" name="Страница Мой тариф: отображается тултип при наведении курсора на значок i в блоке Расчет данных" />
    </UnitTest>
    <UnitTest name="Редактирование контрольной: можно переключать значения в поле 'Оценка'" storage="/azp/_work/1/s/bin/debug/net6.0/odinuitests.dll" id="607a6d1f-01b8-f35e-664d-7bce19c0de7e">
      <Execution id="647c8662-57e1-4c59-9ab1-f8aab42adfa3" />
      <TestMethod codeBase="/azp/_work/1/s/bin/Debug/net6.0/OdinUiTests.dll" adapterTypeName="executor://nunit3testexecutor/" className="OdinUiTests.Tests.Activity.TestActivityEditingTests" name="Редактирование контрольной: можно переключать значения в поле 'Оценка'" />
    </UnitTest>
    <UnitTest name="Можно оценить решения значением ниже минимального порога баллов" storage="/azp/_work/1/s/bin/debug/net6.0/odinuitests.dll" id="f113974d-6196-5c99-3688-0cbfb47f7f73">
      <Execution id="8a5e6a7b-b2a3-4184-afc5-9c53ac8d9969" />
      <TestMethod codeBase="/azp/_work/1/s/bin/Debug/net6.0/OdinUiTests.dll" adapterTypeName="executor://nunit3testexecutor/" className="OdinUiTests.Tests.Activity.TaskActivityTeacherTests" name="Можно оценить решения значением ниже минимального порога баллов" />
    </UnitTest>
    <UnitTest name="Конструктор теста-тренажера: можно добавить вопрос с типом ответа “Свободный ответ” - “Диапазон”" storage="/azp/_work/1/s/bin/debug/net6.0/odinuitests.dll" id="a43ebf77-8b96-0511-c783-a748b4052af7">
      <Execution id="71120913-cbce-45e5-b277-54687c540d5f" />
      <TestMethod codeBase="/azp/_work/1/s/bin/Debug/net6.0/OdinUiTests.dll" adapterTypeName="executor://nunit3testexecutor/" className="OdinUiTests.Tests.Library.TestTrainAddingQuestionsTests" name="Конструктор теста-тренажера: можно добавить вопрос с типом ответа “Свободный ответ” - “Диапазон”" />
    </UnitTest>
    <UnitTest name="Создание дисциплины ДО: отображение ошибки валидации для поля 'Краткое название', если поле не заполнено" storage="/azp/_work/1/s/bin/debug/net6.0/odinuitests.dll" id="a87843cf-16eb-d447-3184-a3e58b5a9220">
      <Execution id="476724ea-76cb-44bd-97df-01dbd7866713" />
      <TestMethod codeBase="/azp/_work/1/s/bin/Debug/net6.0/OdinUiTests.dll" adapterTypeName="executor://nunit3testexecutor/" className="OdinUiTests.Tests.Discipline.DisciplineCreationValidationTests" name="Создание дисциплины ДО: отображение ошибки валидации для поля 'Краткое название', если поле не заполнено" />
    </UnitTest>
    <UnitTest name="Страница материала: работает хлебная крошка 'Моя библиотека'" storage="/azp/_work/1/s/bin/debug/net6.0/odinuitests.dll" id="6bb3c6ad-576b-5a63-533e-4a57a3894d8e">
      <Execution id="eab493ea-0bdb-4738-8d78-15cadf6b1ca3" />
      <TestMethod codeBase="/azp/_work/1/s/bin/Debug/net6.0/OdinUiTests.dll" adapterTypeName="executor://nunit3testexecutor/" className="OdinUiTests.Tests.Library.LibraryMaterialTests" name="Страница материала: работает хлебная крошка 'Моя библиотека'" />
    </UnitTest>
    <UnitTest name="Работает кнопка закрепления/открепления из главного меню" storage="/azp/_work/1/s/bin/debug/net6.0/odinuitests.dll" id="64b75120-4798-85ea-00ac-4b2f95c02021">
      <Execution id="a3561cd6-3be2-457d-a87a-a8d20c213829" />
      <TestMethod codeBase="/azp/_work/1/s/bin/Debug/net6.0/OdinUiTests.dll" adapterTypeName="executor://nunit3testexecutor/" className="OdinUiTests.Tests.Division.DivisionPageTests" name="Работает кнопка закрепления/открепления из главного меню" />
    </UnitTest>
    <UnitTest name="Страница Мой тариф: проверка открытия таблицы активных пользователей" storage="/azp/_work/1/s/bin/debug/net6.0/odinuitests.dll" id="defc8f50-2ec7-cb4e-9b35-8f9f0dc4a28f">
      <Execution id="f9f0add8-8b07-477f-94df-7f1364759416" />
      <TestMethod codeBase="/azp/_work/1/s/bin/Debug/net6.0/OdinUiTests.dll" adapterTypeName="executor://nunit3testexecutor/" className="OdinUiTests.Tests.Organization.MyPlanOrganizationPageTests" name="Страница Мой тариф: проверка открытия таблицы активных пользователей" />
    </UnitTest>
    <UnitTest name="Результат прохождения: можно отметить 'Верно' ответ вопроса, который был отмечен как 'Не верно'" storage="/azp/_work/1/s/bin/debug/net6.0/odinuitests.dll" id="44ddd51e-4bea-842b-210d-e3a33d5fe5fe">
      <Execution id="54d17a57-0d2e-4ea6-b042-92ca0affee35" />
      <TestMethod codeBase="/azp/_work/1/s/bin/Debug/net6.0/OdinUiTests.dll" adapterTypeName="executor://nunit3testexecutor/" className="OdinUiTests.Tests.Activity.TestActivityResultTests" name="Результат прохождения: можно отметить 'Верно' ответ вопроса, который был отмечен как 'Не верно'" />
    </UnitTest>
    <UnitTest name="Редактирование дисциплины: невозможно включить ИОТ, если в дисциплине есть активности" storage="/azp/_work/1/s/bin/debug/net6.0/odinuitests.dll" id="3e5511f8-d422-aa86-23dd-fc521938874b">
      <Execution id="f5dca395-0c29-478a-9679-bc1fa00bff73" />
      <TestMethod codeBase="/azp/_work/1/s/bin/Debug/net6.0/OdinUiTests.dll" adapterTypeName="executor://nunit3testexecutor/" className="OdinUiTests.Tests.Discipline.DisciplineEditingValidationTests" name="Редактирование дисциплины: невозможно включить ИОТ, если в дисциплине есть активности" />
    </UnitTest>
    <UnitTest name="Список чатов - групповой чат: невозможно отправить пустое сообщение" storage="/azp/_work/1/s/bin/debug/net6.0/odinuitests.dll" id="eab15f37-78b1-0106-06ff-ada5792ff1b1">
      <Execution id="3db4c406-d895-4427-a6e4-388e9b21d2f3" />
      <TestMethod codeBase="/azp/_work/1/s/bin/Debug/net6.0/OdinUiTests.dll" adapterTypeName="executor://nunit3testexecutor/" className="OdinUiTests.Tests.Chat.GroupChatTests" name="Список чатов - групповой чат: невозможно отправить пустое сообщение" />
    </UnitTest>
    <UnitTest name="Редактирование шаблона контрольной: переключение чекбокса 'Отображать студентам подробную информацию о результатах'" storage="/azp/_work/1/s/bin/debug/net6.0/odinuitests.dll" id="36da5d62-3f4b-95bf-ee5b-07de0fd8bc0b">
      <Execution id="bf0ea6b2-96cf-45e8-9876-1a69fc30473f" />
      <TestMethod codeBase="/azp/_work/1/s/bin/Debug/net6.0/OdinUiTests.dll" adapterTypeName="executor://nunit3testexecutor/" className="OdinUiTests.Tests.Activity.TestTemplateEditingTests" name="Редактирование шаблона контрольной: переключение чекбокса 'Отображать студентам подробную информацию о результатах'" />
    </UnitTest>
    <UnitTest name="Библиотека, списочный вид: можно скопировать материал в другой каталог" storage="/azp/_work/1/s/bin/debug/net6.0/odinuitests.dll" id="cc86f896-74c2-f62a-0b5b-223c6198c817">
      <Execution id="9aa2f763-f4f0-4f81-b283-69548389d285" />
      <TestMethod codeBase="/azp/_work/1/s/bin/Debug/net6.0/OdinUiTests.dll" adapterTypeName="executor://nunit3testexecutor/" className="OdinUiTests.Tests.Library.LibraryInListViewTests" name="Библиотека, списочный вид: можно скопировать материал в другой каталог" />
    </UnitTest>
    <UnitTest name="Страница командной контрольной: результат тестирования из попытках зависеть от настройки 'За последнюю попытку'" storage="/azp/_work/1/s/bin/debug/net6.0/odinuitests.dll" id="a9cce534-0fbd-9d63-9844-99fc62c44ac2">
      <Execution id="1b389a68-9d80-481c-ad7a-dcafb9f8cb5c" />
      <TestMethod codeBase="/azp/_work/1/s/bin/Debug/net6.0/OdinUiTests.dll" adapterTypeName="executor://nunit3testexecutor/" className="OdinUiTests.Tests.Activity.TestActivityStatusWithTwoOrMoreAttemptsTests" name="Страница командной контрольной: результат тестирования из попытках зависеть от настройки 'За последнюю попытку'" />
    </UnitTest>
    <UnitTest name="Можно создать подразделение, если заполнены только обязательные поля" storage="/azp/_work/1/s/bin/debug/net6.0/odinuitests.dll" id="d8e0b270-f565-3dbc-9969-c4893374a4ad">
      <Execution id="ae9d063b-c67f-493a-94cd-1228fee1ff2a" />
      <TestMethod codeBase="/azp/_work/1/s/bin/Debug/net6.0/OdinUiTests.dll" adapterTypeName="executor://nunit3testexecutor/" className="OdinUiTests.Tests.Division.DivisionCreationTests" name="Можно создать подразделение, если заполнены только обязательные поля" />
    </UnitTest>
    <UnitTest name="Чат на странице решения: можно цитировать сообщению" storage="/azp/_work/1/s/bin/debug/net6.0/odinuitests.dll" id="f08de46c-ca20-d8e6-106b-5b2874ffe012">
      <Execution id="702f9ced-fe21-4cf3-9414-d14cc5efa541" />
      <TestMethod codeBase="/azp/_work/1/s/bin/Debug/net6.0/OdinUiTests.dll" adapterTypeName="executor://nunit3testexecutor/" className="OdinUiTests.Tests.Chat.TaskPageMiniChatTests" name="Чат на странице решения: можно цитировать сообщению" />
    </UnitTest>
    <UnitTest name="Список чатов - групповой чат: можно цитировать сообщению" storage="/azp/_work/1/s/bin/debug/net6.0/odinuitests.dll" id="8d72f9b6-a837-5835-9a33-0c6659f97736">
      <Execution id="dccf40e4-cc6f-4e81-bbf2-2ce30828008e" />
      <TestMethod codeBase="/azp/_work/1/s/bin/Debug/net6.0/OdinUiTests.dll" adapterTypeName="executor://nunit3testexecutor/" className="OdinUiTests.Tests.Chat.GroupChatTests" name="Список чатов - групповой чат: можно цитировать сообщению" />
    </UnitTest>
    <UnitTest name="Работает кнопка 'Моё решение' для студента" storage="/azp/_work/1/s/bin/debug/net6.0/odinuitests.dll" id="e90bbb63-b987-dfa9-b16c-40bd6e752c09">
      <Execution id="818576e9-9df4-49fa-81fe-05b4aaa4d559" />
      <TestMethod codeBase="/azp/_work/1/s/bin/Debug/net6.0/OdinUiTests.dll" adapterTypeName="executor://nunit3testexecutor/" className="OdinUiTests.Tests.Activity.TaskWithSolutionStudentTests" name="Работает кнопка 'Моё решение' для студента" />
    </UnitTest>
    <UnitTest name="Редактирование потока: ошибка валидации, если название не заполнено" storage="/azp/_work/1/s/bin/debug/net6.0/odinuitests.dll" id="aebdc582-32b9-e8ee-3afe-c780cf4e9767">
      <Execution id="cc5c385d-52ea-47d0-b0a9-d4aadc39bcae" />
      <TestMethod codeBase="/azp/_work/1/s/bin/Debug/net6.0/OdinUiTests.dll" adapterTypeName="executor://nunit3testexecutor/" className="OdinUiTests.Tests.Cohort.CohortEditingValidationTests" name="Редактирование потока: ошибка валидации, если название не заполнено" />
    </UnitTest>
    <UnitTest name="Редактирование шаблона активности: можно загрузить материал типа файл с компьютера" storage="/azp/_work/1/s/bin/debug/net6.0/odinuitests.dll" id="e9b94031-6a38-99e6-3a0b-2d78215fa4d6">
      <Execution id="8bfae07f-dc8c-4d30-b8ca-1f7a069d9656" />
      <TestMethod codeBase="/azp/_work/1/s/bin/Debug/net6.0/OdinUiTests.dll" adapterTypeName="executor://nunit3testexecutor/" className="OdinUiTests.Tests.Activity.TemplateAddingTests" name="Редактирование шаблона активности: можно загрузить материал типа файл с компьютера" />
    </UnitTest>
    <UnitTest name="Редактирование активности: можно изменить название" storage="/azp/_work/1/s/bin/debug/net6.0/odinuitests.dll" id="46f628a7-d311-645f-80fd-fd39d5356211">
      <Execution id="788b0120-041e-4897-933c-094d606dbc9c" />
      <TestMethod codeBase="/azp/_work/1/s/bin/Debug/net6.0/OdinUiTests.dll" adapterTypeName="executor://nunit3testexecutor/" className="OdinUiTests.Tests.Activity.ActivityEditingTests" name="Редактирование активности: можно изменить название" />
    </UnitTest>
    <UnitTest name="Чат на странице решения: можно раскрывать изображения" storage="/azp/_work/1/s/bin/debug/net6.0/odinuitests.dll" id="61397d24-ada6-f695-9d36-2d76363fed7e">
      <Execution id="225c0436-67ec-4239-9a8f-fda75fd1accb" />
      <TestMethod codeBase="/azp/_work/1/s/bin/Debug/net6.0/OdinUiTests.dll" adapterTypeName="executor://nunit3testexecutor/" className="OdinUiTests.Tests.Chat.TaskPageMiniChatTests" name="Чат на странице решения: можно раскрывать изображения" />
    </UnitTest>
    <UnitTest name="Конструктор теста-тренажера: можно удалить вариант ответа из вопроса с типом ответа 'Выбор из вариантов'" storage="/azp/_work/1/s/bin/debug/net6.0/odinuitests.dll" id="1bcce08a-0425-5e40-4020-38e16957733b">
      <Execution id="49467d36-4480-4447-bac1-bb5b111202bc" />
      <TestMethod codeBase="/azp/_work/1/s/bin/Debug/net6.0/OdinUiTests.dll" adapterTypeName="executor://nunit3testexecutor/" className="OdinUiTests.Tests.Library.TestTrainQuestionAnswersValidationTests" name="Конструктор теста-тренажера: можно удалить вариант ответа из вопроса с типом ответа 'Выбор из вариантов'" />
    </UnitTest>
    <UnitTest name="Создание потока: можно создать поток после внесения правок в длительность потока" storage="/azp/_work/1/s/bin/debug/net6.0/odinuitests.dll" id="3f8b6084-3301-5ee0-5c4f-ae2a2ab967e3">
      <Execution id="ee156b0b-cb84-4540-b00c-782fba8eff2d" />
      <TestMethod codeBase="/azp/_work/1/s/bin/Debug/net6.0/OdinUiTests.dll" adapterTypeName="executor://nunit3testexecutor/" className="OdinUiTests.Tests.Cohort.CohortCreationWarningModalTests" name="Создание потока: можно создать поток после внесения правок в длительность потока" />
    </UnitTest>
    <UnitTest name="Редактирование активности: можно переключать значения в поле 'Оценка по SCORM результату'" storage="/azp/_work/1/s/bin/debug/net6.0/odinuitests.dll" id="9e42c0e3-b278-1dec-799f-6cdbe850e4b6">
      <Execution id="689987b2-8dd7-4376-9f6f-3a6669bae436" />
      <TestMethod codeBase="/azp/_work/1/s/bin/Debug/net6.0/OdinUiTests.dll" adapterTypeName="executor://nunit3testexecutor/" className="OdinUiTests.Tests.Activity.ActivityEditingTests" name="Редактирование активности: можно переключать значения в поле 'Оценка по SCORM результату'" />
    </UnitTest>
    <UnitTest name="Редактирование потока ТГУ: успешное сохранение, с корректными значениями в поле ‘Администраторы потока’" storage="/azp/_work/1/s/bin/debug/net6.0/odinuitests.dll" id="868cbda8-7566-6f8e-7ec4-7fe544019745">
      <Execution id="cebd5147-afc1-475f-a449-038a665838b3" />
      <TestMethod codeBase="/azp/_work/1/s/bin/Debug/net6.0/OdinUiTests.dll" adapterTypeName="executor://nunit3testexecutor/" className="OdinUiTests.Tests.Cohort.CohortEditingTests" name="Редактирование потока ТГУ: успешное сохранение, с корректными значениями в поле ‘Администраторы потока’" />
    </UnitTest>
    <UnitTest name="Конструктор теста-тренажера: возможность отметить вариант ответа как “верный”" storage="/azp/_work/1/s/bin/debug/net6.0/odinuitests.dll" id="20bdaa5c-3146-5942-1f7a-a46c0a0cda8e">
      <Execution id="2bba6e20-2537-4c9b-810c-6c682bb70e7b" />
      <TestMethod codeBase="/azp/_work/1/s/bin/Debug/net6.0/OdinUiTests.dll" adapterTypeName="executor://nunit3testexecutor/" className="OdinUiTests.Tests.Library.TestTrainQuestionsValidationTests" name="Конструктор теста-тренажера: возможность отметить вариант ответа как “верный”" />
    </UnitTest>
    <UnitTest name="Список чатов - комната дисциплины: можно отправить текстовое сообщение" storage="/azp/_work/1/s/bin/debug/net6.0/odinuitests.dll" id="7bf8c8cd-1a48-6a26-5157-530ced9078ea">
      <Execution id="807a7e5c-b867-4bd9-86c5-72381b1195ed" />
      <TestMethod codeBase="/azp/_work/1/s/bin/Debug/net6.0/OdinUiTests.dll" adapterTypeName="executor://nunit3testexecutor/" className="OdinUiTests.Tests.Chat.DisciplineChatTests" name="Список чатов - комната дисциплины: можно отправить текстовое сообщение" />
    </UnitTest>
    <UnitTest name="Редактирование активности: проверка формата активности офлайн" storage="/azp/_work/1/s/bin/debug/net6.0/odinuitests.dll" id="d844a397-e552-f0d0-b83f-8bd4713378de">
      <Execution id="1de57140-3bf3-421f-9c5b-30e7986afc87" />
      <TestMethod codeBase="/azp/_work/1/s/bin/Debug/net6.0/OdinUiTests.dll" adapterTypeName="executor://nunit3testexecutor/" className="OdinUiTests.Tests.Activity.ActivityEditingFormatTests" name="Редактирование активности: проверка формата активности офлайн" />
    </UnitTest>
    <UnitTest name="Список чатов - групповой чат: отображаются участники чата при клике на блок с аватарками" storage="/azp/_work/1/s/bin/debug/net6.0/odinuitests.dll" id="d6eb9e78-ceeb-effc-0439-093be600c131">
      <Execution id="4cb9e94c-b359-44c1-a612-62e168d83cce" />
      <TestMethod codeBase="/azp/_work/1/s/bin/Debug/net6.0/OdinUiTests.dll" adapterTypeName="executor://nunit3testexecutor/" className="OdinUiTests.Tests.Chat.GroupChatTests" name="Список чатов - групповой чат: отображаются участники чата при клике на блок с аватарками" />
    </UnitTest>
    <UnitTest name="Можно создать подразделение, если заполнены все поля" storage="/azp/_work/1/s/bin/debug/net6.0/odinuitests.dll" id="b61f7064-bcd2-291d-5a9f-5296620d74d2">
      <Execution id="12db9f94-c239-46aa-82e6-bb4ed2e21742" />
      <TestMethod codeBase="/azp/_work/1/s/bin/Debug/net6.0/OdinUiTests.dll" adapterTypeName="executor://nunit3testexecutor/" className="OdinUiTests.Tests.Division.DivisionCreationTests" name="Можно создать подразделение, если заполнены все поля" />
    </UnitTest>
    <UnitTest name="Библиотека, списочный вид: можно переименовать материал" storage="/azp/_work/1/s/bin/debug/net6.0/odinuitests.dll" id="03cabd3a-f254-1e66-9b78-cf90588daa73">
      <Execution id="d93e13a8-8892-4c1f-ae39-ea81bfc24bb7" />
      <TestMethod codeBase="/azp/_work/1/s/bin/Debug/net6.0/OdinUiTests.dll" adapterTypeName="executor://nunit3testexecutor/" className="OdinUiTests.Tests.Library.LibraryInListViewTests" name="Библиотека, списочный вид: можно переименовать материал" />
    </UnitTest>
    <UnitTest name="Конструктор теста: можно добавить автора" storage="/azp/_work/1/s/bin/debug/net6.0/odinuitests.dll" id="9b7e6aca-8eb4-7698-f83c-0d4ac404e02b">
      <Execution id="8e392537-3588-4ef7-a058-f0c07f5ff8cf" />
      <TestMethod codeBase="/azp/_work/1/s/bin/Debug/net6.0/OdinUiTests.dll" adapterTypeName="executor://nunit3testexecutor/" className="OdinUiTests.Tests.Library.TestSettingsValidationTests" name="Конструктор теста: можно добавить автора" />
    </UnitTest>
    <UnitTest name="Редактирование дисциплины: нет возможности редактировать у преподавателя другой дисциплины" storage="/azp/_work/1/s/bin/debug/net6.0/odinuitests.dll" id="66cb2d48-46f0-2158-5cad-c044b4653be0">
      <Execution id="5ab2bac6-e3fe-45fb-b295-50a8014d870b" />
      <TestMethod codeBase="/azp/_work/1/s/bin/Debug/net6.0/OdinUiTests.dll" adapterTypeName="executor://nunit3testexecutor/" className="OdinUiTests.Tests.Discipline.DisciplineAccessTests" name="Редактирование дисциплины: нет возможности редактировать у преподавателя другой дисциплины" />
    </UnitTest>
    <UnitTest name="Страница индивидуальной контрольной: отсутствует статус и иконка для одной незавершенной попыткой" storage="/azp/_work/1/s/bin/debug/net6.0/odinuitests.dll" id="c65d7e53-3983-c8a1-2316-5b1b9fc2f0f9">
      <Execution id="eacf68cf-c532-45b4-a8af-daf9f67dfd12" />
      <TestMethod codeBase="/azp/_work/1/s/bin/Debug/net6.0/OdinUiTests.dll" adapterTypeName="executor://nunit3testexecutor/" className="OdinUiTests.Tests.Activity.TestActivityStatusWithOneAttemptTests" name="Страница индивидуальной контрольной: отсутствует статус и иконка для одной незавершенной попыткой" />
    </UnitTest>
    <UnitTest name="Редактирование дисциплины: после снятии галки ‘Все студенты потока’ появляется поля Группы и Студенты" storage="/azp/_work/1/s/bin/debug/net6.0/odinuitests.dll" id="50e9948c-d8fc-b21b-263a-4bed65ee21c4">
      <Execution id="7ff49ccf-2df6-4117-8e90-ffb7000c9006" />
      <TestMethod codeBase="/azp/_work/1/s/bin/Debug/net6.0/OdinUiTests.dll" adapterTypeName="executor://nunit3testexecutor/" className="OdinUiTests.Tests.Discipline.DisContingentEditingValidationTests" name="Редактирование дисциплины: после снятии галки ‘Все студенты потока’ появляется поля Группы и Студенты" />
    </UnitTest>
    <UnitTest name="Прохождение теста: можно отменить отправку для проверки ('Изменить ответы')" storage="/azp/_work/1/s/bin/debug/net6.0/odinuitests.dll" id="47fc73df-b6bd-a70f-e5d2-bc6c1b3a0cce">
      <Execution id="4c8c1008-bf1d-4882-8ca6-6775a3779eb1" />
      <TestMethod codeBase="/azp/_work/1/s/bin/Debug/net6.0/OdinUiTests.dll" adapterTypeName="executor://nunit3testexecutor/" className="OdinUiTests.Tests.Activity.TestActivityPassingTests" name="Прохождение теста: можно отменить отправку для проверки ('Изменить ответы')" />
    </UnitTest>
    <UnitTest name="Редактирование контрольной: можно добавить материал типа тест-тренажёр из библиотеки" storage="/azp/_work/1/s/bin/debug/net6.0/odinuitests.dll" id="34f50da9-ed00-6e35-9dd5-78869aba346b">
      <Execution id="98512197-2d12-4f61-9aae-c19d8892cbc9" />
      <TestMethod codeBase="/azp/_work/1/s/bin/Debug/net6.0/OdinUiTests.dll" adapterTypeName="executor://nunit3testexecutor/" className="OdinUiTests.Tests.Activity.TestActivityAddingTests" name="Редактирование контрольной: можно добавить материал типа тест-тренажёр из библиотеки" />
    </UnitTest>
    <UnitTest name="Редактирование шаблона контрольной: можно добавить материал типа тест из библиотеки" storage="/azp/_work/1/s/bin/debug/net6.0/odinuitests.dll" id="b6c9dd08-049f-6c8d-0458-68f33c88ad6d">
      <Execution id="e97015ca-8f96-4df1-a67c-5110c5262741" />
      <TestMethod codeBase="/azp/_work/1/s/bin/Debug/net6.0/OdinUiTests.dll" adapterTypeName="executor://nunit3testexecutor/" className="OdinUiTests.Tests.Activity.TestTemplateAddingTests" name="Редактирование шаблона контрольной: можно добавить материал типа тест из библиотеки" />
    </UnitTest>
    <UnitTest name="Список чатов - личный чат: можно прикрепить и отправить файл с компьютера" storage="/azp/_work/1/s/bin/debug/net6.0/odinuitests.dll" id="2eddec12-89c4-550b-f76b-6cfcd77f443d">
      <Execution id="646e88d0-711f-4f52-a329-09fc18d27615" />
      <TestMethod codeBase="/azp/_work/1/s/bin/Debug/net6.0/OdinUiTests.dll" adapterTypeName="executor://nunit3testexecutor/" className="OdinUiTests.Tests.Chat.PersonalChatTests" name="Список чатов - личный чат: можно прикрепить и отправить файл с компьютера" />
    </UnitTest>
    <UnitTest name="Редактирование контрольной: можно добавить материал типа тест из библиотеки" storage="/azp/_work/1/s/bin/debug/net6.0/odinuitests.dll" id="f001e7ca-7dbf-ee1c-3ee5-02cdd60a9a05">
      <Execution id="c9108add-646c-4184-81fb-d23b0959867c" />
      <TestMethod codeBase="/azp/_work/1/s/bin/Debug/net6.0/OdinUiTests.dll" adapterTypeName="executor://nunit3testexecutor/" className="OdinUiTests.Tests.Activity.TestActivityAddingTests" name="Редактирование контрольной: можно добавить материал типа тест из библиотеки" />
    </UnitTest>
    <UnitTest name="Редактирование шаблона контрольной: успешное сохранение при положительных значениях в 'Временной лимит'" storage="/azp/_work/1/s/bin/debug/net6.0/odinuitests.dll" id="5949bfbb-e0ee-59c2-daeb-2a59e74eb105">
      <Execution id="fcd6cd03-78ba-4914-8a1f-51327b336344" />
      <TestMethod codeBase="/azp/_work/1/s/bin/Debug/net6.0/OdinUiTests.dll" adapterTypeName="executor://nunit3testexecutor/" className="OdinUiTests.Tests.Activity.TestTemplateEditingTests" name="Редактирование шаблона контрольной: успешное сохранение при положительных значениях в 'Временной лимит'" />
    </UnitTest>
    <UnitTest name="Миничат - групповой чат: можно сделать звонок" storage="/azp/_work/1/s/bin/debug/net6.0/odinuitests.dll" id="a51a6fdf-436c-2cb2-7d11-e995fe5fc7ab">
      <Execution id="3a94bd97-a823-4a51-b2fb-d0311a41a33e" />
      <TestMethod codeBase="/azp/_work/1/s/bin/Debug/net6.0/OdinUiTests.dll" adapterTypeName="executor://nunit3testexecutor/" className="OdinUiTests.Tests.Chat.GroupMiniChatTests" name="Миничат - групповой чат: можно сделать звонок" />
    </UnitTest>
    <UnitTest name="Редактирование дисциплины: наличия ошибки если дата окончания меньше даты начала" storage="/azp/_work/1/s/bin/debug/net6.0/odinuitests.dll" id="249af250-94c8-37ea-37d3-9e90279adc97">
      <Execution id="92ed8083-089c-46d2-9509-9ff5b31cef38" />
      <TestMethod codeBase="/azp/_work/1/s/bin/Debug/net6.0/OdinUiTests.dll" adapterTypeName="executor://nunit3testexecutor/" className="OdinUiTests.Tests.Discipline.DisciplineDurationTests" name="Редактирование дисциплины: наличия ошибки если дата окончания меньше даты начала" />
    </UnitTest>
    <UnitTest name="Список чатов - групповой чат: можно изменить название чата" storage="/azp/_work/1/s/bin/debug/net6.0/odinuitests.dll" id="74a9a422-fb97-fcda-9283-e89d3b4a540b">
      <Execution id="bb941e99-23cc-4a02-9120-f26fc237a2d7" />
      <TestMethod codeBase="/azp/_work/1/s/bin/Debug/net6.0/OdinUiTests.dll" adapterTypeName="executor://nunit3testexecutor/" className="OdinUiTests.Tests.Chat.GroupChatTests" name="Список чатов - групповой чат: можно изменить название чата" />
    </UnitTest>
    <UnitTest name="Конструктор теста: можно удалить комментария к вопросу" storage="/azp/_work/1/s/bin/debug/net6.0/odinuitests.dll" id="3bf8f421-70cc-ab89-c766-621c57ca2a57">
      <Execution id="6405f9e5-21e3-46de-8f73-86c874d1515a" />
      <TestMethod codeBase="/azp/_work/1/s/bin/Debug/net6.0/OdinUiTests.dll" adapterTypeName="executor://nunit3testexecutor/" className="OdinUiTests.Tests.Library.TestQuestionsValidationTests" name="Конструктор теста: можно удалить комментария к вопросу" />
    </UnitTest>
    <UnitTest name="Редактирование шаблона активности: можно добавить материал типа текст из библиотеки" storage="/azp/_work/1/s/bin/debug/net6.0/odinuitests.dll" id="ad7b798d-6d2a-bae1-e77f-864f3f1656fa">
      <Execution id="7427849f-2b0d-4ce2-a9b4-11eaeb0779ac" />
      <TestMethod codeBase="/azp/_work/1/s/bin/Debug/net6.0/OdinUiTests.dll" adapterTypeName="executor://nunit3testexecutor/" className="OdinUiTests.Tests.Activity.TemplateAddingTests" name="Редактирование шаблона активности: можно добавить материал типа текст из библиотеки" />
    </UnitTest>
    <UnitTest name="Редактирование шаблона активности: можно изменить название" storage="/azp/_work/1/s/bin/debug/net6.0/odinuitests.dll" id="b7126675-d717-c811-4be5-d895b949d03e">
      <Execution id="b921fac3-48c6-4f98-9a63-dea77056069c" />
      <TestMethod codeBase="/azp/_work/1/s/bin/Debug/net6.0/OdinUiTests.dll" adapterTypeName="executor://nunit3testexecutor/" className="OdinUiTests.Tests.Activity.TemplateEditingTests" name="Редактирование шаблона активности: можно изменить название" />
    </UnitTest>
    <UnitTest name="Страница командной контрольной: статус меняется, если преподаватель меняет минимальный порог баллов" storage="/azp/_work/1/s/bin/debug/net6.0/odinuitests.dll" id="d41a30d9-fb8c-e2c9-ec33-1aa718b0e276">
      <Execution id="a7a299dc-4254-49a8-bf06-9d143d16eab0" />
      <TestMethod codeBase="/azp/_work/1/s/bin/Debug/net6.0/OdinUiTests.dll" adapterTypeName="executor://nunit3testexecutor/" className="OdinUiTests.Tests.Activity.TestActivityStatusWithOneAttemptTests" name="Страница командной контрольной: статус меняется, если преподаватель меняет минимальный порог баллов" />
    </UnitTest>
    <UnitTest name="Конструктор теста: можно перенести вопрос в другой вариант" storage="/azp/_work/1/s/bin/debug/net6.0/odinuitests.dll" id="352e5091-55e6-f049-e252-404b49b0229c">
      <Execution id="886f2d1f-6beb-43ea-9929-487c6195430c" />
      <TestMethod codeBase="/azp/_work/1/s/bin/Debug/net6.0/OdinUiTests.dll" adapterTypeName="executor://nunit3testexecutor/" className="OdinUiTests.Tests.Library.TestBlocksAndVariantsValidationTests" name="Конструктор теста: можно перенести вопрос в другой вариант" />
    </UnitTest>
    <UnitTest name="Редактирование дисциплины: добавление преподавателя по email’у" storage="/azp/_work/1/s/bin/debug/net6.0/odinuitests.dll" id="c1237e69-46d9-1c0e-8759-24f24b35616a">
      <Execution id="0d63879e-748c-4340-a929-04b4ab8c9b58" />
      <TestMethod codeBase="/azp/_work/1/s/bin/Debug/net6.0/OdinUiTests.dll" adapterTypeName="executor://nunit3testexecutor/" className="OdinUiTests.Tests.Discipline.DisContingentEditingTests" name="Редактирование дисциплины: добавление преподавателя по email’у" />
    </UnitTest>
    <UnitTest name="Список чатов - личный чат: можно добавить новый чат" storage="/azp/_work/1/s/bin/debug/net6.0/odinuitests.dll" id="52a66103-f7ac-c74a-4e36-db65831a08b9">
      <Execution id="96272ebc-cc68-4a93-9af2-ad687592194e" />
      <TestMethod codeBase="/azp/_work/1/s/bin/Debug/net6.0/OdinUiTests.dll" adapterTypeName="executor://nunit3testexecutor/" className="OdinUiTests.Tests.Chat.PersonalChatTests" name="Список чатов - личный чат: можно добавить новый чат" />
    </UnitTest>
    <UnitTest name="Создание потока: ошибка валидации, если даты начала и окончания не указаны" storage="/azp/_work/1/s/bin/debug/net6.0/odinuitests.dll" id="f829df75-7b30-e6a8-2839-d3ef0a057631">
      <Execution id="f265924a-3d06-4890-bcb6-394e0350a0de" />
      <TestMethod codeBase="/azp/_work/1/s/bin/Debug/net6.0/OdinUiTests.dll" adapterTypeName="executor://nunit3testexecutor/" className="OdinUiTests.Tests.Cohort.CohortCreationValidationTests" name="Создание потока: ошибка валидации, если даты начала и окончания не указаны" />
    </UnitTest>
    <UnitTest name="Конструктор теста: можно изменить описание теста" storage="/azp/_work/1/s/bin/debug/net6.0/odinuitests.dll" id="c424bd20-6806-3cd5-ee14-ca549c5c8c6d">
      <Execution id="ef89ec85-4608-4987-81eb-fd11ba8cfb7f" />
      <TestMethod codeBase="/azp/_work/1/s/bin/Debug/net6.0/OdinUiTests.dll" adapterTypeName="executor://nunit3testexecutor/" className="OdinUiTests.Tests.Library.TestSettingsValidationTests" name="Конструктор теста: можно изменить описание теста" />
    </UnitTest>
    <UnitTest name="Создание шаблона дисциплины: невозможно создать шаблон, если не заполнены обязательные поля" storage="/azp/_work/1/s/bin/debug/net6.0/odinuitests.dll" id="7cd99a94-7369-99ad-1b50-46026e760801">
      <Execution id="933bc201-18e4-42a6-bfbc-f1f21f5d729d" />
      <TestMethod codeBase="/azp/_work/1/s/bin/Debug/net6.0/OdinUiTests.dll" adapterTypeName="executor://nunit3testexecutor/" className="OdinUiTests.Tests.Discipline.DisTemplateTests" name="Создание шаблона дисциплины: невозможно создать шаблон, если не заполнены обязательные поля" />
    </UnitTest>
    <UnitTest name="Страница аналитика дисциплины: у заголовок “Активности” и “Объём” есть тултип" storage="/azp/_work/1/s/bin/debug/net6.0/odinuitests.dll" id="47e13314-427e-2ddc-49f3-940cf498ded4">
      <Execution id="eb5b0e75-5a87-4409-9ecf-3be77db8a65b" />
      <TestMethod codeBase="/azp/_work/1/s/bin/Debug/net6.0/OdinUiTests.dll" adapterTypeName="executor://nunit3testexecutor/" className="OdinUiTests.Tests.Discipline.DisciplineAnalyticsTests" name="Страница аналитика дисциплины: у заголовок “Активности” и “Объём” есть тултип" />
    </UnitTest>
    <UnitTest name="Страница аналитика дисциплины: можно раскрывать фильтры таблицы аналитики" storage="/azp/_work/1/s/bin/debug/net6.0/odinuitests.dll" id="f897584a-b7fe-c4db-711c-c67a74bd9da3">
      <Execution id="e66d911b-827d-48cb-8659-e2e2fe54061d" />
      <TestMethod codeBase="/azp/_work/1/s/bin/Debug/net6.0/OdinUiTests.dll" adapterTypeName="executor://nunit3testexecutor/" className="OdinUiTests.Tests.Discipline.DisciplineAnalyticsTests" name="Страница аналитика дисциплины: можно раскрывать фильтры таблицы аналитики" />
    </UnitTest>
    <UnitTest name="Конструктор теста: можно добавить вопрос с типом ответа “Свободный ответ” - “Точное совпадение”" storage="/azp/_work/1/s/bin/debug/net6.0/odinuitests.dll" id="ac559f1b-8ede-6748-3c3b-3f92548280fb">
      <Execution id="4f806b84-01e7-4df1-a546-6dd96bf9141c" />
      <TestMethod codeBase="/azp/_work/1/s/bin/Debug/net6.0/OdinUiTests.dll" adapterTypeName="executor://nunit3testexecutor/" className="OdinUiTests.Tests.Library.TestAddingQuestionsTests" name="Конструктор теста: можно добавить вопрос с типом ответа “Свободный ответ” - “Точное совпадение”" />
    </UnitTest>
    <UnitTest name="Отображение ошибки валидации для поля баллы, если вводить пробел" storage="/azp/_work/1/s/bin/debug/net6.0/odinuitests.dll" id="5d8858bf-b8d0-70cb-fc95-d71ea249fac9">
      <Execution id="1e911cb5-e147-4014-8124-b69e5b277c5b" />
      <TestMethod codeBase="/azp/_work/1/s/bin/Debug/net6.0/OdinUiTests.dll" adapterTypeName="executor://nunit3testexecutor/" className="OdinUiTests.Tests.Activity.TaskActivityTeacherTests" name="Отображение ошибки валидации для поля баллы, если вводить пробел" />
    </UnitTest>
    <UnitTest name="Список чатов - комната дисциплины: отображаются участники чата при клике на блок с аватарками" storage="/azp/_work/1/s/bin/debug/net6.0/odinuitests.dll" id="6f87d73c-34cf-adc7-9aed-a6c3c6d2ee7c">
      <Execution id="06a47aca-212a-446b-a6e3-f876489437af" />
      <TestMethod codeBase="/azp/_work/1/s/bin/Debug/net6.0/OdinUiTests.dll" adapterTypeName="executor://nunit3testexecutor/" className="OdinUiTests.Tests.Chat.DisciplineChatTests" name="Список чатов - комната дисциплины: отображаются участники чата при клике на блок с аватарками" />
    </UnitTest>
    <UnitTest name="Создание дисциплины (СЗ): галка ‘Все студенты потока’ дизаблена и невозможно его снять" storage="/azp/_work/1/s/bin/debug/net6.0/odinuitests.dll" id="2f092469-c778-b068-65aa-686b85051585">
      <Execution id="b0327ca1-d435-4f86-b7ea-0be6c87fb575" />
      <TestMethod codeBase="/azp/_work/1/s/bin/Debug/net6.0/OdinUiTests.dll" adapterTypeName="executor://nunit3testexecutor/" className="OdinUiTests.Tests.Discipline.DisContingentCreationValidationTests" name="Создание дисциплины (СЗ): галка ‘Все студенты потока’ дизаблена и невозможно его снять" />
    </UnitTest>
    <UnitTest name="Работает кнопка закрепления/открепления из главного меню для преподавателя" storage="/azp/_work/1/s/bin/debug/net6.0/odinuitests.dll" id="940063f4-3148-3422-c6cb-8991c20ece25">
      <Execution id="f599abb1-7369-4ae4-bc65-5df1f00cb140" />
      <TestMethod codeBase="/azp/_work/1/s/bin/Debug/net6.0/OdinUiTests.dll" adapterTypeName="executor://nunit3testexecutor/" className="OdinUiTests.Tests.Discipline.DisciplineRightMenuTests" name="Работает кнопка закрепления/открепления из главного меню для преподавателя" />
    </UnitTest>
    <UnitTest name="Редактирование дисциплины: галка ‘Все студенты потока’ дизаблена и невозможно его снять, если дисциплина относится к нацпроекту" storage="/azp/_work/1/s/bin/debug/net6.0/odinuitests.dll" id="e46e354e-fbb8-714a-fbac-3ca7308b9753">
      <Execution id="f918ddd4-d638-45e8-bf86-7c140666e9c3" />
      <TestMethod codeBase="/azp/_work/1/s/bin/Debug/net6.0/OdinUiTests.dll" adapterTypeName="executor://nunit3testexecutor/" className="OdinUiTests.Tests.Discipline.DisContingentEditingValidationTests" name="Редактирование дисциплины: галка ‘Все студенты потока’ дизаблена и невозможно его снять, если дисциплина относится к нацпроекту" />
    </UnitTest>
    <UnitTest name="Библиотека: появление кнопок переместить, удалить, и отмена при активации режима выбора" storage="/azp/_work/1/s/bin/debug/net6.0/odinuitests.dll" id="b5e53efe-85ff-ac10-4333-c56df4ce3c73">
      <Execution id="6a46e91a-3272-4185-a6b2-d6247422e039" />
      <TestMethod codeBase="/azp/_work/1/s/bin/Debug/net6.0/OdinUiTests.dll" adapterTypeName="executor://nunit3testexecutor/" className="OdinUiTests.Tests.Library.BulkActionsLibraryTests" name="Библиотека: появление кнопок переместить, удалить, и отмена при активации режима выбора" />
    </UnitTest>
    <UnitTest name="Редактирование шаблона активности: можно изменить описание" storage="/azp/_work/1/s/bin/debug/net6.0/odinuitests.dll" id="68629bf2-86ef-fd53-935e-f72b2fad1be9">
      <Execution id="f4566475-69ab-4e58-b85a-e6c77e860a34" />
      <TestMethod codeBase="/azp/_work/1/s/bin/Debug/net6.0/OdinUiTests.dll" adapterTypeName="executor://nunit3testexecutor/" className="OdinUiTests.Tests.Activity.TemplateEditingTests" name="Редактирование шаблона активности: можно изменить описание" />
    </UnitTest>
    <UnitTest name="Страница шаблона дисциплины: можно добавить шаблон активности создав его" storage="/azp/_work/1/s/bin/debug/net6.0/odinuitests.dll" id="44f16558-e066-b202-692c-849b6408fdc7">
      <Execution id="655052aa-01ea-4a8c-80f8-2f6e0be2ed2f" />
      <TestMethod codeBase="/azp/_work/1/s/bin/Debug/net6.0/OdinUiTests.dll" adapterTypeName="executor://nunit3testexecutor/" className="OdinUiTests.Tests.Discipline.DisTemplateTests" name="Страница шаблона дисциплины: можно добавить шаблон активности создав его" />
    </UnitTest>
    <UnitTest name="Конструктор теста-тренажера: можно изменить описание теста-тренажера" storage="/azp/_work/1/s/bin/debug/net6.0/odinuitests.dll" id="6ce4b2af-99b2-2887-dd9e-ffaa7949e87c">
      <Execution id="ef07d457-50f1-4b3f-bd48-724fcba8b712" />
      <TestMethod codeBase="/azp/_work/1/s/bin/Debug/net6.0/OdinUiTests.dll" adapterTypeName="executor://nunit3testexecutor/" className="OdinUiTests.Tests.Library.TestTrainSettingsValidationTests" name="Конструктор теста-тренажера: можно изменить описание теста-тренажера" />
    </UnitTest>
    <UnitTest name="Результат прохождения: преподаватель может оставить комментарий к ответу, если включена опция подробная информация о результатах" storage="/azp/_work/1/s/bin/debug/net6.0/odinuitests.dll" id="884215b4-0444-93b9-03c7-e9768620aee2">
      <Execution id="f308efd6-14cf-49f7-9a97-a4cc609e61aa" />
      <TestMethod codeBase="/azp/_work/1/s/bin/Debug/net6.0/OdinUiTests.dll" adapterTypeName="executor://nunit3testexecutor/" className="OdinUiTests.Tests.Activity.TestActivityResultTests" name="Результат прохождения: преподаватель может оставить комментарий к ответу, если включена опция подробная информация о результатах" />
    </UnitTest>
    <UnitTest name="Конструктор теста-тренажера: можно удалить опцию из вопроса с типом ответа 'Сортировка'" storage="/azp/_work/1/s/bin/debug/net6.0/odinuitests.dll" id="1cafecf2-7632-839d-159c-41a7b90f05a8">
      <Execution id="ae4ad6c6-f7c0-48d7-967b-dde42f301909" />
      <TestMethod codeBase="/azp/_work/1/s/bin/Debug/net6.0/OdinUiTests.dll" adapterTypeName="executor://nunit3testexecutor/" className="OdinUiTests.Tests.Library.TestTrainQuestionAnswersValidationTests" name="Конструктор теста-тренажера: можно удалить опцию из вопроса с типом ответа 'Сортировка'" />
    </UnitTest>
    <UnitTest name="Проверка кнопки Отмена синхронизации с Google календарем" storage="/azp/_work/1/s/bin/debug/net6.0/odinuitests.dll" id="d1020b62-0221-c907-38c1-65f245862ef0">
      <Execution id="818afbf6-82a1-4956-973b-13006c14414d" />
      <TestMethod codeBase="/azp/_work/1/s/bin/Debug/net6.0/OdinUiTests.dll" adapterTypeName="executor://nunit3testexecutor/" className="OdinUiTests.Tests.Schedule.ScheduleSettingsTests" name="Проверка кнопки Отмена синхронизации с Google календарем" />
    </UnitTest>
    <UnitTest name="Список чатов - групповой чат: можно восстановить чат из архива" storage="/azp/_work/1/s/bin/debug/net6.0/odinuitests.dll" id="06fb7c6b-1047-cf1d-b016-f30258c62e6b">
      <Execution id="14f0461e-5a96-4d26-960f-b39d2638f315" />
      <TestMethod codeBase="/azp/_work/1/s/bin/Debug/net6.0/OdinUiTests.dll" adapterTypeName="executor://nunit3testexecutor/" className="OdinUiTests.Tests.Chat.GroupChatTests" name="Список чатов - групповой чат: можно восстановить чат из архива" />
    </UnitTest>
    <UnitTest name="Страница чата: отсутствия блокированного чата в списке чатов" storage="/azp/_work/1/s/bin/debug/net6.0/odinuitests.dll" id="80f65ed4-f354-9d2d-b92e-f309ab878d58">
      <Execution id="4a8d8b1e-d718-4fab-ae04-37ddcb42d73b" />
      <TestMethod codeBase="/azp/_work/1/s/bin/Debug/net6.0/OdinUiTests.dll" adapterTypeName="executor://nunit3testexecutor/" className="OdinUiTests.Tests.Discipline.DisciplineChatBlockTests" name="Страница чата: отсутствия блокированного чата в списке чатов" />
    </UnitTest>
    <UnitTest name="Список чатов - комната дисциплины: можно найти отправленное сообщение" storage="/azp/_work/1/s/bin/debug/net6.0/odinuitests.dll" id="cbc76eac-f0a4-6fec-2bf8-444f27dac594">
      <Execution id="e6d475cb-1d1a-4a57-b85a-6791289fb176" />
      <TestMethod codeBase="/azp/_work/1/s/bin/Debug/net6.0/OdinUiTests.dll" adapterTypeName="executor://nunit3testexecutor/" className="OdinUiTests.Tests.Chat.DisciplineChatTests" name="Список чатов - комната дисциплины: можно найти отправленное сообщение" />
    </UnitTest>
    <UnitTest name="Страница аналитика дисциплины: наличие тридот меню на вкладке “Аналитика”" storage="/azp/_work/1/s/bin/debug/net6.0/odinuitests.dll" id="aeecf389-67af-3fd9-c8b0-27667e546e43">
      <Execution id="a9431950-f2c7-468b-8b30-4906dd8fb077" />
      <TestMethod codeBase="/azp/_work/1/s/bin/Debug/net6.0/OdinUiTests.dll" adapterTypeName="executor://nunit3testexecutor/" className="OdinUiTests.Tests.Discipline.DisciplineAnalyticsTests" name="Страница аналитика дисциплины: наличие тридот меню на вкладке “Аналитика”" />
    </UnitTest>
    <UnitTest name="Страница дисциплины: создание модуля" storage="/azp/_work/1/s/bin/debug/net6.0/odinuitests.dll" id="c7658bab-9a8e-209e-311f-467c1b198783">
      <Execution id="0c332643-24e8-4c5b-887a-aa72e242ea22" />
      <TestMethod codeBase="/azp/_work/1/s/bin/Debug/net6.0/OdinUiTests.dll" adapterTypeName="executor://nunit3testexecutor/" className="OdinUiTests.Tests.Discipline.DisciplineActivitiesBlockTests" name="Страница дисциплины: создание модуля" />
    </UnitTest>
    <UnitTest name="Список чатов - чат для заметок: можно отправить смайлики" storage="/azp/_work/1/s/bin/debug/net6.0/odinuitests.dll" id="ae5cb392-ff0d-557e-5f2d-ad64330f62cf">
      <Execution id="209b26a7-9478-4369-a80f-f5417f21f1eb" />
      <TestMethod codeBase="/azp/_work/1/s/bin/Debug/net6.0/OdinUiTests.dll" adapterTypeName="executor://nunit3testexecutor/" className="OdinUiTests.Tests.Chat.NotesChatTests" name="Список чатов - чат для заметок: можно отправить смайлики" />
    </UnitTest>
    <UnitTest name="Страница аналитика дисциплины: отображается график действия студента" storage="/azp/_work/1/s/bin/debug/net6.0/odinuitests.dll" id="fd31f0e3-582e-68cd-1acc-f417bb79c414">
      <Execution id="d7c3f13a-c6f4-4ce6-87b8-b79ad49444e9" />
      <TestMethod codeBase="/azp/_work/1/s/bin/Debug/net6.0/OdinUiTests.dll" adapterTypeName="executor://nunit3testexecutor/" className="OdinUiTests.Tests.Discipline.DisciplineAnalyticsTests" name="Страница аналитика дисциплины: отображается график действия студента" />
    </UnitTest>
    <UnitTest name="Редактирование активности: наличия ошибки при добавлении теста из библиотеки не в контрольную" storage="/azp/_work/1/s/bin/debug/net6.0/odinuitests.dll" id="3bf51eab-5fc9-9dc5-71b7-e81e27a41f8c">
      <Execution id="29b1e45f-c604-4edb-bb5f-c985dc92ecdd" />
      <TestMethod codeBase="/azp/_work/1/s/bin/Debug/net6.0/OdinUiTests.dll" adapterTypeName="executor://nunit3testexecutor/" className="OdinUiTests.Tests.Activity.ActivityAddingTests" name="Редактирование активности: наличия ошибки при добавлении теста из библиотеки не в контрольную" />
    </UnitTest>
    <UnitTest name="Создание потока ДО (СЗ): невозможно создать поток без исправления длительности потока" storage="/azp/_work/1/s/bin/debug/net6.0/odinuitests.dll" id="e4fe49e3-149a-b017-5e24-ad215b97565b">
      <Execution id="dc4b07f0-c8ee-4c86-8528-87f758819f87" />
      <TestMethod codeBase="/azp/_work/1/s/bin/Debug/net6.0/OdinUiTests.dll" adapterTypeName="executor://nunit3testexecutor/" className="OdinUiTests.Tests.Cohort.CohortCreationWarningModalTests" name="Создание потока ДО (СЗ): невозможно создать поток без исправления длительности потока" />
    </UnitTest>
    <UnitTest name="Лейбл образовательного проекта отображается под названием программы ДО" storage="/azp/_work/1/s/bin/debug/net6.0/odinuitests.dll" id="628e6413-ffb8-20ef-887e-10b4ecf77c18">
      <Execution id="1329938b-4915-4df6-a72c-97f4292f4238" />
      <TestMethod codeBase="/azp/_work/1/s/bin/Debug/net6.0/OdinUiTests.dll" adapterTypeName="executor://nunit3testexecutor/" className="OdinUiTests.Tests.Division.DivisionPageTests" name="Лейбл образовательного проекта отображается под названием программы ДО" />
    </UnitTest>
    <UnitTest name="Список чатов - комната дисциплины: можно раскрывать изображения" storage="/azp/_work/1/s/bin/debug/net6.0/odinuitests.dll" id="2dd19d07-bd00-b96c-f660-b78cc13fb241">
      <Execution id="5f8015bf-acab-43a3-99ad-66fd1f462085" />
      <TestMethod codeBase="/azp/_work/1/s/bin/Debug/net6.0/OdinUiTests.dll" adapterTypeName="executor://nunit3testexecutor/" className="OdinUiTests.Tests.Chat.DisciplineChatTests" name="Список чатов - комната дисциплины: можно раскрывать изображения" />
    </UnitTest>
    <UnitTest name="Создание дисциплины ДО: можно создать дисциплину из шаблона дисциплины с активностями" storage="/azp/_work/1/s/bin/debug/net6.0/odinuitests.dll" id="1bcb02af-6d43-6000-6ac9-0cbc50ca1718">
      <Execution id="a4db85b7-96ee-4185-8189-dd15fd711555" />
      <TestMethod codeBase="/azp/_work/1/s/bin/Debug/net6.0/OdinUiTests.dll" adapterTypeName="executor://nunit3testexecutor/" className="OdinUiTests.Tests.Discipline.DisciplineCreationTests" name="Создание дисциплины ДО: можно создать дисциплину из шаблона дисциплины с активностями" />
    </UnitTest>
    <UnitTest name="Редактирование дисциплины: есть возможность редактировать у преподавателя этой дисциплины" storage="/azp/_work/1/s/bin/debug/net6.0/odinuitests.dll" id="8a20b4c1-aaaa-7349-1cc0-676cdc351d8b">
      <Execution id="666e603f-f299-4ede-85fa-98a010ffc5a5" />
      <TestMethod codeBase="/azp/_work/1/s/bin/Debug/net6.0/OdinUiTests.dll" adapterTypeName="executor://nunit3testexecutor/" className="OdinUiTests.Tests.Discipline.DisciplineAccessTests" name="Редактирование дисциплины: есть возможность редактировать у преподавателя этой дисциплины" />
    </UnitTest>
    <UnitTest name="Библиотека, списочный вид: можно удалить материал через actions-кнопки" storage="/azp/_work/1/s/bin/debug/net6.0/odinuitests.dll" id="7aebf582-86bd-187f-33f1-50b1db9c3a94">
      <Execution id="1e09193a-64ba-4d42-b030-e2d872445e43" />
      <TestMethod codeBase="/azp/_work/1/s/bin/Debug/net6.0/OdinUiTests.dll" adapterTypeName="executor://nunit3testexecutor/" className="OdinUiTests.Tests.Library.LibraryInListViewTests" name="Библиотека, списочный вид: можно удалить материал через actions-кнопки" />
    </UnitTest>
    <UnitTest name="Библиотека: наличие пункта “Выбрать” в меню при правом клике на каталог или материал" storage="/azp/_work/1/s/bin/debug/net6.0/odinuitests.dll" id="4a1ed136-e236-4f66-48b3-0f2c02687ec1">
      <Execution id="b951d26a-5aab-454c-a237-3da223c2448d" />
      <TestMethod codeBase="/azp/_work/1/s/bin/Debug/net6.0/OdinUiTests.dll" adapterTypeName="executor://nunit3testexecutor/" className="OdinUiTests.Tests.Library.BulkActionsLibraryTests" name="Библиотека: наличие пункта “Выбрать” в меню при правом клике на каталог или материал" />
    </UnitTest>
    <UnitTest name="Создание потока: ошибка валидации, если дата начала и окончания совпадают" storage="/azp/_work/1/s/bin/debug/net6.0/odinuitests.dll" id="fb3edcd3-829e-0e17-ce66-6b4e53e49a80">
      <Execution id="b7e567a9-3c83-45c2-9cbe-975037e91182" />
      <TestMethod codeBase="/azp/_work/1/s/bin/Debug/net6.0/OdinUiTests.dll" adapterTypeName="executor://nunit3testexecutor/" className="OdinUiTests.Tests.Cohort.CohortCreationValidationTests" name="Создание потока: ошибка валидации, если дата начала и окончания совпадают" />
    </UnitTest>
    <UnitTest name="Редактирование контрольной: успешное сохранение при положительных значениях в поле 'Временной лимит'" storage="/azp/_work/1/s/bin/debug/net6.0/odinuitests.dll" id="6595ead7-c47e-c127-a855-6f94d702a389">
      <Execution id="616c5684-0ebd-4451-9d81-2abc1a2fdc30" />
      <TestMethod codeBase="/azp/_work/1/s/bin/Debug/net6.0/OdinUiTests.dll" adapterTypeName="executor://nunit3testexecutor/" className="OdinUiTests.Tests.Activity.TestActivityEditingTests" name="Редактирование контрольной: успешное сохранение при положительных значениях в поле 'Временной лимит'" />
    </UnitTest>
    <UnitTest name="Проверка отключения синхронизации с Google календарем" storage="/azp/_work/1/s/bin/debug/net6.0/odinuitests.dll" id="8af9d7fc-a79b-db13-db54-3bee4b491fd2">
      <Execution id="137e27db-b151-4fc6-930d-8ce1c4f8a7e6" />
      <TestMethod codeBase="/azp/_work/1/s/bin/Debug/net6.0/OdinUiTests.dll" adapterTypeName="executor://nunit3testexecutor/" className="OdinUiTests.Tests.Schedule.ScheduleSettingsTests" name="Проверка отключения синхронизации с Google календарем" />
    </UnitTest>
    <UnitTest name="Редактирование контрольной: невозможно удалить контрольную при наличии оценок" storage="/azp/_work/1/s/bin/debug/net6.0/odinuitests.dll" id="4c6018b6-a2d0-a2ea-3985-8139c247d4e7">
      <Execution id="21acaded-842d-4a05-93a9-9bc569fd2371" />
      <TestMethod codeBase="/azp/_work/1/s/bin/Debug/net6.0/OdinUiTests.dll" adapterTypeName="executor://nunit3testexecutor/" className="OdinUiTests.Tests.Activity.TestActivityEditingTests" name="Редактирование контрольной: невозможно удалить контрольную при наличии оценок" />
    </UnitTest>
    <UnitTest name="Редактирование организации: работает кнопка Отмена" storage="/azp/_work/1/s/bin/debug/net6.0/odinuitests.dll" id="dc12c86e-6b9b-088b-e716-cc63e6f67cf7">
      <Execution id="f8f1f314-5a0d-445e-b2d3-f11c6a1b6727" />
      <TestMethod codeBase="/azp/_work/1/s/bin/Debug/net6.0/OdinUiTests.dll" adapterTypeName="executor://nunit3testexecutor/" className="OdinUiTests.Tests.Organization.OrganizationEditingTests" name="Редактирование организации: работает кнопка Отмена" />
    </UnitTest>
    <UnitTest name="Изменение текста кнопки после затемнения прошедших активностей в списке настроек" storage="/azp/_work/1/s/bin/debug/net6.0/odinuitests.dll" id="6465c79f-dced-df88-c94d-02c59ff2535b">
      <Execution id="02faed0d-1d2a-466e-9e38-67ee927b1219" />
      <TestMethod codeBase="/azp/_work/1/s/bin/Debug/net6.0/OdinUiTests.dll" adapterTypeName="executor://nunit3testexecutor/" className="OdinUiTests.Tests.Schedule.ScheduleSettingsTests" name="Изменение текста кнопки после затемнения прошедших активностей в списке настроек" />
    </UnitTest>
    <UnitTest name="Редактирование активности: можно добавить материал типа SCORM из библиотеки" storage="/azp/_work/1/s/bin/debug/net6.0/odinuitests.dll" id="2212394e-4321-c3ee-4ac1-4465b0448ff8">
      <Execution id="3a8c8a29-20e1-4016-a122-ca4868858cd0" />
      <TestMethod codeBase="/azp/_work/1/s/bin/Debug/net6.0/OdinUiTests.dll" adapterTypeName="executor://nunit3testexecutor/" className="OdinUiTests.Tests.Activity.ActivityAddingTests" name="Редактирование активности: можно добавить материал типа SCORM из библиотеки" />
    </UnitTest>
    <UnitTest name="Можно оценить решения другого студента, если включена 'Взаимопроверка'" storage="/azp/_work/1/s/bin/debug/net6.0/odinuitests.dll" id="31e6d50f-a1ff-a2d7-8308-7de1157476c2">
      <Execution id="cd65321a-aa89-47ac-bb8f-4a6a8676636a" />
      <TestMethod codeBase="/azp/_work/1/s/bin/Debug/net6.0/OdinUiTests.dll" adapterTypeName="executor://nunit3testexecutor/" className="OdinUiTests.Tests.Activity.TaskWithSolutionStudentTests" name="Можно оценить решения другого студента, если включена 'Взаимопроверка'" />
    </UnitTest>
    <UnitTest name="Страница Мой тариф: проверка перехода в профиль пользователя из таблицы активных пользователей" storage="/azp/_work/1/s/bin/debug/net6.0/odinuitests.dll" id="96a65cd1-e333-f0c0-da98-f4d34cabc902">
      <Execution id="c7b501e1-fb31-4421-a2d7-d76f5f8278b7" />
      <TestMethod codeBase="/azp/_work/1/s/bin/Debug/net6.0/OdinUiTests.dll" adapterTypeName="executor://nunit3testexecutor/" className="OdinUiTests.Tests.Organization.MyPlanOrganizationPageTests" name="Страница Мой тариф: проверка перехода в профиль пользователя из таблицы активных пользователей" />
    </UnitTest>
    <UnitTest name="Создание организации: можно скопировать название в поле краткое название двойным кликом" storage="/azp/_work/1/s/bin/debug/net6.0/odinuitests.dll" id="5c1f95f8-0aaa-151a-e37f-c55c5080aaf7">
      <Execution id="5268b847-f2bb-4e66-a1b9-4ccd37958941" />
      <TestMethod codeBase="/azp/_work/1/s/bin/Debug/net6.0/OdinUiTests.dll" adapterTypeName="executor://nunit3testexecutor/" className="OdinUiTests.Tests.Organization.OrganizationCreationTests" name="Создание организации: можно скопировать название в поле краткое название двойным кликом" />
    </UnitTest>
    <UnitTest name="Чат на странице решения: можно отправить смайлики" storage="/azp/_work/1/s/bin/debug/net6.0/odinuitests.dll" id="35b6a854-dcee-7845-46ed-4a556f5d6616">
      <Execution id="4570cc77-3c15-4193-b1c8-76cfd0747e59" />
      <TestMethod codeBase="/azp/_work/1/s/bin/Debug/net6.0/OdinUiTests.dll" adapterTypeName="executor://nunit3testexecutor/" className="OdinUiTests.Tests.Chat.TaskPageMiniChatTests" name="Чат на странице решения: можно отправить смайлики" />
    </UnitTest>
    <UnitTest name="Редактирование дисциплины: отображение ошибки валидации для поля 'Описание', если поле не заполнено" storage="/azp/_work/1/s/bin/debug/net6.0/odinuitests.dll" id="0065a262-c7b0-4e8b-ded6-3060cc5f4c75">
      <Execution id="867b066c-df12-490c-8ddd-5d95a955e8d3" />
      <TestMethod codeBase="/azp/_work/1/s/bin/Debug/net6.0/OdinUiTests.dll" adapterTypeName="executor://nunit3testexecutor/" className="OdinUiTests.Tests.Discipline.DisciplineEditingValidationTests" name="Редактирование дисциплины: отображение ошибки валидации для поля 'Описание', если поле не заполнено" />
    </UnitTest>
    <UnitTest name="Редактирование потока: можно удалить поток без дисциплин и семестров" storage="/azp/_work/1/s/bin/debug/net6.0/odinuitests.dll" id="3ecc3323-afc1-93f4-0484-47e1090adc18">
      <Execution id="cafbbec0-00b3-40e1-8544-c252a38e1850" />
      <TestMethod codeBase="/azp/_work/1/s/bin/Debug/net6.0/OdinUiTests.dll" adapterTypeName="executor://nunit3testexecutor/" className="OdinUiTests.Tests.Cohort.CohortEditingTests" name="Редактирование потока: можно удалить поток без дисциплин и семестров" />
    </UnitTest>
    <UnitTest name="Можно установить индивидуальный срок сдачи" storage="/azp/_work/1/s/bin/debug/net6.0/odinuitests.dll" id="21a081d0-20ff-cf7b-5852-2a8733bf0d5d">
      <Execution id="a3d85439-084c-472b-90b9-878677de4ec8" />
      <TestMethod codeBase="/azp/_work/1/s/bin/Debug/net6.0/OdinUiTests.dll" adapterTypeName="executor://nunit3testexecutor/" className="OdinUiTests.Tests.Activity.TaskActivityTeacherTests" name="Можно установить индивидуальный срок сдачи" />
    </UnitTest>
    <UnitTest name="Страница индивидуальной контрольной: статус отображается, если есть хотя бы одна завершенная попытка" storage="/azp/_work/1/s/bin/debug/net6.0/odinuitests.dll" id="c94d05a6-9f28-f772-9fff-a2019ff301f5">
      <Execution id="deec20a4-5566-4084-9e84-98c8ee265201" />
      <TestMethod codeBase="/azp/_work/1/s/bin/Debug/net6.0/OdinUiTests.dll" adapterTypeName="executor://nunit3testexecutor/" className="OdinUiTests.Tests.Activity.TestActivityStatusWithTwoOrMoreAttemptsTests" name="Страница индивидуальной контрольной: статус отображается, если есть хотя бы одна завершенная попытка" />
    </UnitTest>
    <UnitTest name="Страница индивидуальной контрольной: статус и цвет у количества баллов в попытке различаются в зависимости от успешности" storage="/azp/_work/1/s/bin/debug/net6.0/odinuitests.dll" id="82fa71c2-e9c2-0bac-e2bf-53b514a36b03">
      <Execution id="e2997d84-eb23-4598-b178-87483272d948" />
      <TestMethod codeBase="/azp/_work/1/s/bin/Debug/net6.0/OdinUiTests.dll" adapterTypeName="executor://nunit3testexecutor/" className="OdinUiTests.Tests.Activity.TestActivityStatusWithOneAttemptTests" name="Страница индивидуальной контрольной: статус и цвет у количества баллов в попытке различаются в зависимости от успешности" />
    </UnitTest>
    <UnitTest name="Страница организации: переход на страницу Мой тариф" storage="/azp/_work/1/s/bin/debug/net6.0/odinuitests.dll" id="cda854bb-329c-0768-15bc-32e34689ae57">
      <Execution id="57ac0297-c820-4cc0-af17-de70f74c4bb6" />
      <TestMethod codeBase="/azp/_work/1/s/bin/Debug/net6.0/OdinUiTests.dll" adapterTypeName="executor://nunit3testexecutor/" className="OdinUiTests.Tests.Organization.MyPlanOrganizationPageTests" name="Страница организации: переход на страницу Мой тариф" />
    </UnitTest>
    <UnitTest name="Страница оценок дисциплины: редактирования формулы промежуточного результата" storage="/azp/_work/1/s/bin/debug/net6.0/odinuitests.dll" id="85810f4e-11ff-dd89-0c0c-36c32e311790">
      <Execution id="53327182-1166-4c5a-a636-bbe2ed2a6386" />
      <TestMethod codeBase="/azp/_work/1/s/bin/Debug/net6.0/OdinUiTests.dll" adapterTypeName="executor://nunit3testexecutor/" className="OdinUiTests.Tests.Discipline.DisciplineMarksAndAttendanceTests" name="Страница оценок дисциплины: редактирования формулы промежуточного результата" />
    </UnitTest>
    <UnitTest name="Библиотека: можно переместить несколько выбранных элементов в другой каталог" storage="/azp/_work/1/s/bin/debug/net6.0/odinuitests.dll" id="31fa9a43-97f9-5abd-5b05-721ec4212250">
      <Execution id="c59c136c-64fe-488c-86b6-8af3d0ecc620" />
      <TestMethod codeBase="/azp/_work/1/s/bin/Debug/net6.0/OdinUiTests.dll" adapterTypeName="executor://nunit3testexecutor/" className="OdinUiTests.Tests.Library.BulkActionsLibraryTests" name="Библиотека: можно переместить несколько выбранных элементов в другой каталог" />
    </UnitTest>
    <UnitTest name="Список чатов - комната дисциплины: можно прикрепить и отправить файл с компьютера" storage="/azp/_work/1/s/bin/debug/net6.0/odinuitests.dll" id="d8272636-2373-4c8b-6fe8-d9c2103eab1e">
      <Execution id="4f621d57-77db-45dd-9843-9ecfb81bfdb7" />
      <TestMethod codeBase="/azp/_work/1/s/bin/Debug/net6.0/OdinUiTests.dll" adapterTypeName="executor://nunit3testexecutor/" className="OdinUiTests.Tests.Chat.DisciplineChatTests" name="Список чатов - комната дисциплины: можно прикрепить и отправить файл с компьютера" />
    </UnitTest>
    <UnitTest name="Редактирование шаблона активности: наличия ошибки при добавлении теста из библиотеки не в контрольную" storage="/azp/_work/1/s/bin/debug/net6.0/odinuitests.dll" id="8f8ea1d8-bc7d-c32a-3a3b-27e2a6a7062f">
      <Execution id="60716702-f22d-4ef9-a014-8441cbcaa118" />
      <TestMethod codeBase="/azp/_work/1/s/bin/Debug/net6.0/OdinUiTests.dll" adapterTypeName="executor://nunit3testexecutor/" className="OdinUiTests.Tests.Activity.TemplateAddingTests" name="Редактирование шаблона активности: наличия ошибки при добавлении теста из библиотеки не в контрольную" />
    </UnitTest>
    <UnitTest name="Список чатов - чат для заметок: можно раскрывать изображения" storage="/azp/_work/1/s/bin/debug/net6.0/odinuitests.dll" id="ca1a14ef-1308-2e1a-893d-e8453cf3f7aa">
      <Execution id="22ec70a5-8dfe-498f-b35d-5fed8b0a0366" />
      <TestMethod codeBase="/azp/_work/1/s/bin/Debug/net6.0/OdinUiTests.dll" adapterTypeName="executor://nunit3testexecutor/" className="OdinUiTests.Tests.Chat.NotesChatTests" name="Список чатов - чат для заметок: можно раскрывать изображения" />
    </UnitTest>
    <UnitTest name="Ошибка валидации в обязательных полях, если они не заполнены" storage="/azp/_work/1/s/bin/debug/net6.0/odinuitests.dll" id="a14ca053-aae4-f91a-2c83-435378104530">
      <Execution id="f87caa36-2947-4d20-b4da-0650c96b8993" />
      <TestMethod codeBase="/azp/_work/1/s/bin/Debug/net6.0/OdinUiTests.dll" adapterTypeName="executor://nunit3testexecutor/" className="OdinUiTests.Tests.Division.DivisionCreationTests" name="Ошибка валидации в обязательных полях, если они не заполнены" />
    </UnitTest>
    <UnitTest name="Список чатов - личный чат: можно отправить сообщения по нажатию на Enter" storage="/azp/_work/1/s/bin/debug/net6.0/odinuitests.dll" id="0a98c2be-7969-46c7-3afc-163d44cc5c8e">
      <Execution id="e174783c-3c6e-4dc9-881f-6311844a3c65" />
      <TestMethod codeBase="/azp/_work/1/s/bin/Debug/net6.0/OdinUiTests.dll" adapterTypeName="executor://nunit3testexecutor/" className="OdinUiTests.Tests.Chat.PersonalChatTests" name="Список чатов - личный чат: можно отправить сообщения по нажатию на Enter" />
    </UnitTest>
    <UnitTest name="Конструктор теста: можно добавить вопрос с типом ответа “Сопоставление”" storage="/azp/_work/1/s/bin/debug/net6.0/odinuitests.dll" id="a900f6b6-fb06-ba3c-88e1-a88be70c9454">
      <Execution id="5a78dc1f-5cdb-46c3-b05d-9184f1661064" />
      <TestMethod codeBase="/azp/_work/1/s/bin/Debug/net6.0/OdinUiTests.dll" adapterTypeName="executor://nunit3testexecutor/" className="OdinUiTests.Tests.Library.TestAddingQuestionsTests" name="Конструктор теста: можно добавить вопрос с типом ответа “Сопоставление”" />
    </UnitTest>
    <UnitTest name="Редактирование потока: ошибка валидации, если дата окончания не заполнена" storage="/azp/_work/1/s/bin/debug/net6.0/odinuitests.dll" id="f81f53f7-2ca4-e98c-8b1c-bb518564459f">
      <Execution id="c7d2a4bb-0fcf-4baa-9658-7ce9624e2f78" />
      <TestMethod codeBase="/azp/_work/1/s/bin/Debug/net6.0/OdinUiTests.dll" adapterTypeName="executor://nunit3testexecutor/" className="OdinUiTests.Tests.Cohort.CohortEditingValidationTests" name="Редактирование потока: ошибка валидации, если дата окончания не заполнена" />
    </UnitTest>
    <UnitTest name="Редактирование дисциплины: отображение ошибки валидации для поля 'Краткое название', если поле не заполнено" storage="/azp/_work/1/s/bin/debug/net6.0/odinuitests.dll" id="1f4778d4-35d6-7674-d009-ba2463f09fba">
      <Execution id="c7dd0351-3916-42bb-8d51-02fa8f3b8577" />
      <TestMethod codeBase="/azp/_work/1/s/bin/Debug/net6.0/OdinUiTests.dll" adapterTypeName="executor://nunit3testexecutor/" className="OdinUiTests.Tests.Discipline.DisciplineEditingValidationTests" name="Редактирование дисциплины: отображение ошибки валидации для поля 'Краткое название', если поле не заполнено" />
    </UnitTest>
    <UnitTest name="Список чатов - чат для заметок: можно прикрепить и отправить файл с компьютера" storage="/azp/_work/1/s/bin/debug/net6.0/odinuitests.dll" id="af53318c-ab91-1673-79d5-6c192c5c2788">
      <Execution id="dce9aa43-7be6-4974-941c-9135d54bde4b" />
      <TestMethod codeBase="/azp/_work/1/s/bin/Debug/net6.0/OdinUiTests.dll" adapterTypeName="executor://nunit3testexecutor/" className="OdinUiTests.Tests.Chat.NotesChatTests" name="Список чатов - чат для заметок: можно прикрепить и отправить файл с компьютера" />
    </UnitTest>
    <UnitTest name="Редактирование контрольной: успешное сохранение при корректных значениях в 'Количество попыток сдачи'" storage="/azp/_work/1/s/bin/debug/net6.0/odinuitests.dll" id="238e3b0f-3b46-f696-2c95-70dc1d3faf82">
      <Execution id="306c8ca1-f4f4-4c9f-8bcd-379097b65067" />
      <TestMethod codeBase="/azp/_work/1/s/bin/Debug/net6.0/OdinUiTests.dll" adapterTypeName="executor://nunit3testexecutor/" className="OdinUiTests.Tests.Activity.TestActivityEditingTests" name="Редактирование контрольной: успешное сохранение при корректных значениях в 'Количество попыток сдачи'" />
    </UnitTest>
    <UnitTest name="Конструктор теста: можно добавить блок" storage="/azp/_work/1/s/bin/debug/net6.0/odinuitests.dll" id="de32d5df-9189-92e3-6a8c-3d247ec71657">
      <Execution id="b3371548-6151-41aa-b0cb-74175a338661" />
      <TestMethod codeBase="/azp/_work/1/s/bin/Debug/net6.0/OdinUiTests.dll" adapterTypeName="executor://nunit3testexecutor/" className="OdinUiTests.Tests.Library.TestBlocksAndVariantsValidationTests" name="Конструктор теста: можно добавить блок" />
    </UnitTest>
    <UnitTest name="Страница аналитика дисциплины: работает кнопка “Сбросить”" storage="/azp/_work/1/s/bin/debug/net6.0/odinuitests.dll" id="69293062-6893-5c2d-5fe9-08a62c46a9d1">
      <Execution id="0d8b215a-7794-4328-8f1f-420fcfb72759" />
      <TestMethod codeBase="/azp/_work/1/s/bin/Debug/net6.0/OdinUiTests.dll" adapterTypeName="executor://nunit3testexecutor/" className="OdinUiTests.Tests.Discipline.DisciplineAnalyticsTests" name="Страница аналитика дисциплины: работает кнопка “Сбросить”" />
    </UnitTest>
    <UnitTest name="Можно создать задание с открытыми решениями" storage="/azp/_work/1/s/bin/debug/net6.0/odinuitests.dll" id="5cf05b58-cf0c-1105-c446-5d289ecaf6a6">
      <Execution id="79838c56-34eb-4bec-a9b0-2292f1d5b7b9" />
      <TestMethod codeBase="/azp/_work/1/s/bin/Debug/net6.0/OdinUiTests.dll" adapterTypeName="executor://nunit3testexecutor/" className="OdinUiTests.Tests.Activity.TaskActivityCreatingTests" name="Можно создать задание с открытыми решениями" />
    </UnitTest>
    <UnitTest name="Страница библиотеки: можно удалить шаблон программы по которому был создан поток" storage="/azp/_work/1/s/bin/debug/net6.0/odinuitests.dll" id="3c462a51-b626-394c-6a10-466f92411ceb">
      <Execution id="cd708fa0-014a-4c50-95da-c2fab8679cf8" />
      <TestMethod codeBase="/azp/_work/1/s/bin/Debug/net6.0/OdinUiTests.dll" adapterTypeName="executor://nunit3testexecutor/" className="OdinUiTests.Tests.Library.RemovingTemplatesTests" name="Страница библиотеки: можно удалить шаблон программы по которому был создан поток" />
    </UnitTest>
    <UnitTest name="Редактирование потока ДО: работает кнопка 'Отмена', если страница редактирование был открыть по прямой ссылке" storage="/azp/_work/1/s/bin/debug/net6.0/odinuitests.dll" id="3a6f087f-a3d3-b750-328b-e4e75ee74f91">
      <Execution id="298b2701-7fa3-4c66-a157-1a01d1546326" />
      <TestMethod codeBase="/azp/_work/1/s/bin/Debug/net6.0/OdinUiTests.dll" adapterTypeName="executor://nunit3testexecutor/" className="OdinUiTests.Tests.Cohort.CohortEditingTests" name="Редактирование потока ДО: работает кнопка 'Отмена', если страница редактирование был открыть по прямой ссылке" />
    </UnitTest>
    <UnitTest name="Редактирование потока: успешное сохранение, если все обязательные поля корректно заполнены" storage="/azp/_work/1/s/bin/debug/net6.0/odinuitests.dll" id="c3fe49f6-7162-5f8a-6a18-4f2a0146acea">
      <Execution id="da201c56-2b92-4aee-9d34-a0d78d2da0a1" />
      <TestMethod codeBase="/azp/_work/1/s/bin/Debug/net6.0/OdinUiTests.dll" adapterTypeName="executor://nunit3testexecutor/" className="OdinUiTests.Tests.Cohort.CohortEditingTests" name="Редактирование потока: успешное сохранение, если все обязательные поля корректно заполнены" />
    </UnitTest>
    <UnitTest name="Редактирование дисциплины: можно очистить теги знаний" storage="/azp/_work/1/s/bin/debug/net6.0/odinuitests.dll" id="348a55a5-0fcc-d6ff-5270-9d1230a9d465">
      <Execution id="55101a8a-5513-40c6-b681-88f8da0c813b" />
      <TestMethod codeBase="/azp/_work/1/s/bin/Debug/net6.0/OdinUiTests.dll" adapterTypeName="executor://nunit3testexecutor/" className="OdinUiTests.Tests.Discipline.DisciplineEditingTests" name="Редактирование дисциплины: можно очистить теги знаний" />
    </UnitTest>
    <UnitTest name="Результат прохождения: студент не может просматривать подробную информацию о результатах, если отключена соответственная опция" storage="/azp/_work/1/s/bin/debug/net6.0/odinuitests.dll" id="f4b29e79-b725-906a-8b9a-dd8edabb5bbc">
      <Execution id="0446a69e-e04f-4080-99ee-a4f5bc432272" />
      <TestMethod codeBase="/azp/_work/1/s/bin/Debug/net6.0/OdinUiTests.dll" adapterTypeName="executor://nunit3testexecutor/" className="OdinUiTests.Tests.Activity.TestActivityResultTests" name="Результат прохождения: студент не может просматривать подробную информацию о результатах, если отключена соответственная опция" />
    </UnitTest>
    <UnitTest name="Список чатов - обсуждение решения: невозможно отправить пустое сообщение" storage="/azp/_work/1/s/bin/debug/net6.0/odinuitests.dll" id="eacba0aa-7293-a1da-3130-9015ff196f5a">
      <Execution id="bf874f08-3988-48d9-b51d-f885dd2f3764" />
      <TestMethod codeBase="/azp/_work/1/s/bin/Debug/net6.0/OdinUiTests.dll" adapterTypeName="executor://nunit3testexecutor/" className="OdinUiTests.Tests.Chat.TaskChatTests" name="Список чатов - обсуждение решения: невозможно отправить пустое сообщение" />
    </UnitTest>
    <UnitTest name="Страница индивидуальной контрольной: результат тестирования из попытках зависеть от настройки 'За лучшую попытку'" storage="/azp/_work/1/s/bin/debug/net6.0/odinuitests.dll" id="90b46759-8302-16c2-e946-7a80a5d62e3d">
      <Execution id="8a38a248-cc38-4375-aa0c-13b3ed27713a" />
      <TestMethod codeBase="/azp/_work/1/s/bin/Debug/net6.0/OdinUiTests.dll" adapterTypeName="executor://nunit3testexecutor/" className="OdinUiTests.Tests.Activity.TestActivityStatusWithTwoOrMoreAttemptsTests" name="Страница индивидуальной контрольной: результат тестирования из попытках зависеть от настройки 'За лучшую попытку'" />
    </UnitTest>
    <UnitTest name="Страница профиля пользователя: для студента отображаются пройденные активности" storage="/azp/_work/1/s/bin/debug/net6.0/odinuitests.dll" id="8f40ec6c-ad6b-a8ef-ce17-78e864a88b9c">
      <Execution id="238a53a9-3da0-40b6-a7a6-617533f6dd9d" />
      <TestMethod codeBase="/azp/_work/1/s/bin/Debug/net6.0/OdinUiTests.dll" adapterTypeName="executor://nunit3testexecutor/" className="OdinUiTests.Tests.UserProfile.UserInfoPageTests" name="Страница профиля пользователя: для студента отображаются пройденные активности" />
    </UnitTest>
    <UnitTest name="Создание шаблона дисциплины: можно создать шаблон, если заполнены все обязательные поля" storage="/azp/_work/1/s/bin/debug/net6.0/odinuitests.dll" id="b34d15d9-312f-46d7-8673-b1aea0eb7764">
      <Execution id="c7a3a6c0-977c-443f-9c89-f191f8896e86" />
      <TestMethod codeBase="/azp/_work/1/s/bin/Debug/net6.0/OdinUiTests.dll" adapterTypeName="executor://nunit3testexecutor/" className="OdinUiTests.Tests.Discipline.DisTemplateTests" name="Создание шаблона дисциплины: можно создать шаблон, если заполнены все обязательные поля" />
    </UnitTest>
    <UnitTest name="Редактирование активности: можно очистить теги знаний" storage="/azp/_work/1/s/bin/debug/net6.0/odinuitests.dll" id="600fbf16-7497-dc66-1752-e29b89a4a85d">
      <Execution id="60a4fd0b-1334-44d6-8bf1-b9d5c5c46521" />
      <TestMethod codeBase="/azp/_work/1/s/bin/Debug/net6.0/OdinUiTests.dll" adapterTypeName="executor://nunit3testexecutor/" className="OdinUiTests.Tests.Activity.ActivityEditingTests" name="Редактирование активности: можно очистить теги знаний" />
    </UnitTest>
    <UnitTest name="Список чатов - обсуждение решения: можно удалить сообщение" storage="/azp/_work/1/s/bin/debug/net6.0/odinuitests.dll" id="2283d8fa-dba7-193b-a501-cca0d5350c9b">
      <Execution id="2ee1eda5-616b-436f-86c6-db2d91441055" />
      <TestMethod codeBase="/azp/_work/1/s/bin/Debug/net6.0/OdinUiTests.dll" adapterTypeName="executor://nunit3testexecutor/" className="OdinUiTests.Tests.Chat.TaskChatTests" name="Список чатов - обсуждение решения: можно удалить сообщение" />
    </UnitTest>
    <UnitTest name="Редактирование потока: появление модалки, если продолжительность потока меньше часов программы" storage="/azp/_work/1/s/bin/debug/net6.0/odinuitests.dll" id="14871b1e-fee8-8f64-d3ec-b37f2f42c405">
      <Execution id="39be78e8-363b-4306-9ab6-aaa7795a58e7" />
      <TestMethod codeBase="/azp/_work/1/s/bin/Debug/net6.0/OdinUiTests.dll" adapterTypeName="executor://nunit3testexecutor/" className="OdinUiTests.Tests.Cohort.CohortEditingTests" name="Редактирование потока: появление модалки, если продолжительность потока меньше часов программы" />
    </UnitTest>
    <UnitTest name="Cоздание обр программы ДПО: если заполнить все поля" storage="/azp/_work/1/s/bin/debug/net6.0/odinuitests.dll" id="7f3812f3-f9f9-4449-a2cc-8f6767794a83">
      <Execution id="c0d393e5-da96-492d-9118-8293cf8e50c7" />
      <TestMethod codeBase="/azp/_work/1/s/bin/Debug/net6.0/OdinUiTests.dll" adapterTypeName="executor://nunit3testexecutor/" className="OdinUiTests.Tests.Program.ProgramCreationTests" name="Cоздание обр программы ДПО: если заполнить все поля" />
    </UnitTest>
    <UnitTest name="Редактирование дисциплины: добавление преподавателя из списка" storage="/azp/_work/1/s/bin/debug/net6.0/odinuitests.dll" id="66eb31ef-63e7-cd48-9208-4c6754b4c71b">
      <Execution id="ce9210bb-af85-4645-a382-77e0a6da852b" />
      <TestMethod codeBase="/azp/_work/1/s/bin/Debug/net6.0/OdinUiTests.dll" adapterTypeName="executor://nunit3testexecutor/" className="OdinUiTests.Tests.Discipline.DisContingentEditingTests" name="Редактирование дисциплины: добавление преподавателя из списка" />
    </UnitTest>
    <UnitTest name="Список чатов - комната дисциплины: можно закреплять сообщения" storage="/azp/_work/1/s/bin/debug/net6.0/odinuitests.dll" id="0148a763-45e8-0475-d89a-c6043d681427">
      <Execution id="127334d3-296c-4c91-9c56-45a55f0a32f5" />
      <TestMethod codeBase="/azp/_work/1/s/bin/Debug/net6.0/OdinUiTests.dll" adapterTypeName="executor://nunit3testexecutor/" className="OdinUiTests.Tests.Chat.DisciplineChatTests" name="Список чатов - комната дисциплины: можно закреплять сообщения" />
    </UnitTest>
    <UnitTest name="Список чатов - комната дисциплины: можно найти чат в поиске по названию" storage="/azp/_work/1/s/bin/debug/net6.0/odinuitests.dll" id="bfc70571-9e7c-214f-1cd4-e8084fa18cbc">
      <Execution id="a3bf0091-b1fb-4149-aaf6-6b5c64981fcf" />
      <TestMethod codeBase="/azp/_work/1/s/bin/Debug/net6.0/OdinUiTests.dll" adapterTypeName="executor://nunit3testexecutor/" className="OdinUiTests.Tests.Chat.DisciplineChatTests" name="Список чатов - комната дисциплины: можно найти чат в поиске по названию" />
    </UnitTest>
    <UnitTest name="Редактирование потока: ошибка валидации, если дата начала не заполнена" storage="/azp/_work/1/s/bin/debug/net6.0/odinuitests.dll" id="caab16fa-0336-e291-9f6e-a16befa87b37">
      <Execution id="8a9f0b66-2194-4a74-ae47-a6a72bbdd9d6" />
      <TestMethod codeBase="/azp/_work/1/s/bin/Debug/net6.0/OdinUiTests.dll" adapterTypeName="executor://nunit3testexecutor/" className="OdinUiTests.Tests.Cohort.CohortEditingValidationTests" name="Редактирование потока: ошибка валидации, если дата начала не заполнена" />
    </UnitTest>
    <UnitTest name="Страница Мой тариф: проверка перехода аудитора по прямой ссылке" storage="/azp/_work/1/s/bin/debug/net6.0/odinuitests.dll" id="6b2f80c2-6587-4b6f-21e9-396068480691">
      <Execution id="7c3e0c55-9a59-46c4-93ec-a7738c1bf310" />
      <TestMethod codeBase="/azp/_work/1/s/bin/Debug/net6.0/OdinUiTests.dll" adapterTypeName="executor://nunit3testexecutor/" className="OdinUiTests.Tests.Organization.MyPlanOrganizationPageTests" name="Страница Мой тариф: проверка перехода аудитора по прямой ссылке" />
    </UnitTest>
    <UnitTest name="Конструктор теста: можно переименовать блок" storage="/azp/_work/1/s/bin/debug/net6.0/odinuitests.dll" id="44a72527-b69f-20ab-95c9-9771b8dd7e6f">
      <Execution id="0cedc293-c5a5-4705-94f1-6b8627ec1b64" />
      <TestMethod codeBase="/azp/_work/1/s/bin/Debug/net6.0/OdinUiTests.dll" adapterTypeName="executor://nunit3testexecutor/" className="OdinUiTests.Tests.Library.TestBlocksAndVariantsValidationTests" name="Конструктор теста: можно переименовать блок" />
    </UnitTest>
    <UnitTest name="Редактирование профиля пользователя: можно изменить страну" storage="/azp/_work/1/s/bin/debug/net6.0/odinuitests.dll" id="4b30ecde-747b-bc92-780f-fffbeb91f297">
      <Execution id="e636a813-6e91-43a7-b2b7-3c1efa442866" />
      <TestMethod codeBase="/azp/_work/1/s/bin/Debug/net6.0/OdinUiTests.dll" adapterTypeName="executor://nunit3testexecutor/" className="OdinUiTests.Tests.UserProfile.AddressAndContactsEditingTests" name="Редактирование профиля пользователя: можно изменить страну" />
    </UnitTest>
    <UnitTest name="Страница оценок дисциплины: добавления формулы промежуточного результата" storage="/azp/_work/1/s/bin/debug/net6.0/odinuitests.dll" id="03a2e946-36f6-61d3-34e0-8f7e7b0fa688">
      <Execution id="879dab36-eef6-4566-bc42-9cb73428dfce" />
      <TestMethod codeBase="/azp/_work/1/s/bin/Debug/net6.0/OdinUiTests.dll" adapterTypeName="executor://nunit3testexecutor/" className="OdinUiTests.Tests.Discipline.DisciplineMarksAndAttendanceTests" name="Страница оценок дисциплины: добавления формулы промежуточного результата" />
    </UnitTest>
    <UnitTest name="Создание дисциплины ДО: отображение ошибки валидации для поля 'Кредиты' с значением &gt; 15" storage="/azp/_work/1/s/bin/debug/net6.0/odinuitests.dll" id="3a8b9b5d-e8dc-71f3-7c09-70e07e1d22e1">
      <Execution id="6a327c80-ef57-4b1f-8d48-6562136c49a8" />
      <TestMethod codeBase="/azp/_work/1/s/bin/Debug/net6.0/OdinUiTests.dll" adapterTypeName="executor://nunit3testexecutor/" className="OdinUiTests.Tests.Discipline.DisciplineCreationValidationTests" name="Создание дисциплины ДО: отображение ошибки валидации для поля 'Кредиты' с значением &gt; 15" />
    </UnitTest>
    <UnitTest name="Страница командной контрольной: статус и цвет у количества баллов в попытке различаются в зависимости от успешности" storage="/azp/_work/1/s/bin/debug/net6.0/odinuitests.dll" id="07523d1f-e91c-effe-41f2-ada415cbdc4a">
      <Execution id="0f2d4ec4-ee3a-4e7f-8a64-d15f442c154b" />
      <TestMethod codeBase="/azp/_work/1/s/bin/Debug/net6.0/OdinUiTests.dll" adapterTypeName="executor://nunit3testexecutor/" className="OdinUiTests.Tests.Activity.TestActivityStatusWithOneAttemptTests" name="Страница командной контрольной: статус и цвет у количества баллов в попытке различаются в зависимости от успешности" />
    </UnitTest>
    <UnitTest name="Работает переход к библиотеке подразделения" storage="/azp/_work/1/s/bin/debug/net6.0/odinuitests.dll" id="c2eb0682-ea06-9e1a-0778-74de4f584ac4">
      <Execution id="d372f80c-7feb-47cc-94fa-3878d3a87e26" />
      <TestMethod codeBase="/azp/_work/1/s/bin/Debug/net6.0/OdinUiTests.dll" adapterTypeName="executor://nunit3testexecutor/" className="OdinUiTests.Tests.Division.DivisionPageTests" name="Работает переход к библиотеке подразделения" />
    </UnitTest>
    <UnitTest name="Отображается цветовая легенда событий расписания" storage="/azp/_work/1/s/bin/debug/net6.0/odinuitests.dll" id="cdc8ee0a-649d-4bab-d466-9faa44cb9844">
      <Execution id="a0ae9491-22bc-4e2e-903f-fc3fb32cff6f" />
      <TestMethod codeBase="/azp/_work/1/s/bin/Debug/net6.0/OdinUiTests.dll" adapterTypeName="executor://nunit3testexecutor/" className="OdinUiTests.Tests.Schedule.ScheduleTests" name="Отображается цветовая легенда событий расписания" />
    </UnitTest>
    <UnitTest name="Редактирование потока ДО: успешное сохранение, при отметке/снятии галки ‘Разрешена регистрация по ссылке’" storage="/azp/_work/1/s/bin/debug/net6.0/odinuitests.dll" id="9d6acc42-1727-9b74-247e-c3c419bd3ce6">
      <Execution id="7a3fd482-5898-41fc-a1e7-446f56fd7949" />
      <TestMethod codeBase="/azp/_work/1/s/bin/Debug/net6.0/OdinUiTests.dll" adapterTypeName="executor://nunit3testexecutor/" className="OdinUiTests.Tests.Cohort.CohortEditingTests" name="Редактирование потока ДО: успешное сохранение, при отметке/снятии галки ‘Разрешена регистрация по ссылке’" />
    </UnitTest>
    <UnitTest name="Страница звонка: можно включить/отключить камеру в звонке" storage="/azp/_work/1/s/bin/debug/net6.0/odinuitests.dll" id="25cee678-c497-127f-c659-e1179d4365f7">
      <Execution id="5803c95c-9fc6-4415-a3eb-934536c07e72" />
      <TestMethod codeBase="/azp/_work/1/s/bin/Debug/net6.0/OdinUiTests.dll" adapterTypeName="executor://nunit3testexecutor/" className="OdinUiTests.Tests.Call.CallTests" name="Страница звонка: можно включить/отключить камеру в звонке" />
    </UnitTest>
    <UnitTest name="Редактирование профиля пользователя: можно переключить свитч транслитерации" storage="/azp/_work/1/s/bin/debug/net6.0/odinuitests.dll" id="6c61d271-6f48-a020-c9f2-12837d76e289">
      <Execution id="5eeadf06-f58d-48e3-a0ff-b96216e259c1" />
      <TestMethod codeBase="/azp/_work/1/s/bin/Debug/net6.0/OdinUiTests.dll" adapterTypeName="executor://nunit3testexecutor/" className="OdinUiTests.Tests.UserProfile.GeneralUserInfoEditingTests" name="Редактирование профиля пользователя: можно переключить свитч транслитерации" />
    </UnitTest>
    <UnitTest name="Редактирование активности: можно изменить описание" storage="/azp/_work/1/s/bin/debug/net6.0/odinuitests.dll" id="ddabda8b-a6bd-1c55-fc68-ff4b4aff4e62">
      <Execution id="2eec9ca0-795c-4afa-ad32-70dd332b1c83" />
      <TestMethod codeBase="/azp/_work/1/s/bin/Debug/net6.0/OdinUiTests.dll" adapterTypeName="executor://nunit3testexecutor/" className="OdinUiTests.Tests.Activity.ActivityEditingTests" name="Редактирование активности: можно изменить описание" />
    </UnitTest>
    <UnitTest name="Создание потока: предупреждение о несоответствии длительности потока для программ длительностью 256 часов" storage="/azp/_work/1/s/bin/debug/net6.0/odinuitests.dll" id="a80e2b84-c913-a3b3-db95-d444c37bd229">
      <Execution id="f4b4aa79-4992-4ac6-9995-73f8f1ce86f6" />
      <TestMethod codeBase="/azp/_work/1/s/bin/Debug/net6.0/OdinUiTests.dll" adapterTypeName="executor://nunit3testexecutor/" className="OdinUiTests.Tests.Cohort.CohortCreationWarningModalTests" name="Создание потока: предупреждение о несоответствии длительности потока для программ длительностью 256 часов" />
    </UnitTest>
    <UnitTest name="Редактирование активности: отсутствия поля оценка по SCORM результату, если не добавлен SCORM пакет" storage="/azp/_work/1/s/bin/debug/net6.0/odinuitests.dll" id="de31985c-2603-1141-3748-461729132b8e">
      <Execution id="d019d090-d64d-40dd-b120-54ce90836d25" />
      <TestMethod codeBase="/azp/_work/1/s/bin/Debug/net6.0/OdinUiTests.dll" adapterTypeName="executor://nunit3testexecutor/" className="OdinUiTests.Tests.Activity.ActivityAddingTests" name="Редактирование активности: отсутствия поля оценка по SCORM результату, если не добавлен SCORM пакет" />
    </UnitTest>
    <UnitTest name="Конструктор теста: можно добавить еще один вариант на сопоставление в вопрос с типом ответа 'Сопоставление'" storage="/azp/_work/1/s/bin/debug/net6.0/odinuitests.dll" id="1670871d-d292-208e-19d6-10cb9fd6a5e5">
      <Execution id="e716035c-45c2-4892-832d-ce6a4e77aa32" />
      <TestMethod codeBase="/azp/_work/1/s/bin/Debug/net6.0/OdinUiTests.dll" adapterTypeName="executor://nunit3testexecutor/" className="OdinUiTests.Tests.Library.TestQuestionAnswersValidationTests" name="Конструктор теста: можно добавить еще один вариант на сопоставление в вопрос с типом ответа 'Сопоставление'" />
    </UnitTest>
    <UnitTest name="Результат прохождения: студент может просматривать подробную информацию о результатах, если включена соответственная опция" storage="/azp/_work/1/s/bin/debug/net6.0/odinuitests.dll" id="f5006b00-e4be-982d-0d4a-1ffaca12ed3b">
      <Execution id="4a556c5a-0ee8-48d0-a899-9833ecbca292" />
      <TestMethod codeBase="/azp/_work/1/s/bin/Debug/net6.0/OdinUiTests.dll" adapterTypeName="executor://nunit3testexecutor/" className="OdinUiTests.Tests.Activity.TestActivityResultTests" name="Результат прохождения: студент может просматривать подробную информацию о результатах, если включена соответственная опция" />
    </UnitTest>
    <UnitTest name="Прохождение теста: можно пройти тест индивидуальной контрольной" storage="/azp/_work/1/s/bin/debug/net6.0/odinuitests.dll" id="a3a8a15d-33e9-91b3-a564-7eca72e6ed70">
      <Execution id="6ce4578e-faf4-4008-bc73-64556e7c9a8f" />
      <TestMethod codeBase="/azp/_work/1/s/bin/Debug/net6.0/OdinUiTests.dll" adapterTypeName="executor://nunit3testexecutor/" className="OdinUiTests.Tests.Activity.TestActivityPassingTests" name="Прохождение теста: можно пройти тест индивидуальной контрольной" />
    </UnitTest>
    <UnitTest name="Редактирование программы ДО: можно удалить платную программу без потоков" storage="/azp/_work/1/s/bin/debug/net6.0/odinuitests.dll" id="09ad64c8-9c28-8c89-6c8b-698430956027">
      <Execution id="70df1ebf-4e11-4fbc-83a5-27bf623aca9d" />
      <TestMethod codeBase="/azp/_work/1/s/bin/Debug/net6.0/OdinUiTests.dll" adapterTypeName="executor://nunit3testexecutor/" className="OdinUiTests.Tests.Program.ProgramEditingTests" name="Редактирование программы ДО: можно удалить платную программу без потоков" />
    </UnitTest>
    <UnitTest name="Страница аналитика дисциплины: работает фильтр по имени студента" storage="/azp/_work/1/s/bin/debug/net6.0/odinuitests.dll" id="9590c891-ca84-62e9-fc0f-6fd552178470">
      <Execution id="dd46d77c-aae9-44e5-bec2-b39126841009" />
      <TestMethod codeBase="/azp/_work/1/s/bin/Debug/net6.0/OdinUiTests.dll" adapterTypeName="executor://nunit3testexecutor/" className="OdinUiTests.Tests.Discipline.DisciplineAnalyticsTests" name="Страница аналитика дисциплины: работает фильтр по имени студента" />
    </UnitTest>
    <UnitTest name="Список чатов - групповой чат: можно прикрепить и отправить файл с компьютера" storage="/azp/_work/1/s/bin/debug/net6.0/odinuitests.dll" id="6beeac4f-f631-3fb2-6bc3-028899483618">
      <Execution id="6b059de1-eaa5-4802-8c74-d29e35dc8eb8" />
      <TestMethod codeBase="/azp/_work/1/s/bin/Debug/net6.0/OdinUiTests.dll" adapterTypeName="executor://nunit3testexecutor/" className="OdinUiTests.Tests.Chat.GroupChatTests" name="Список чатов - групповой чат: можно прикрепить и отправить файл с компьютера" />
    </UnitTest>
    <UnitTest name="Создание шаблона контрольной: с режимом выполнения 'Командный'" storage="/azp/_work/1/s/bin/debug/net6.0/odinuitests.dll" id="dcac3bc5-e484-1f7e-d009-6776ae737b23">
      <Execution id="f60f61f3-ab3c-4344-aa86-e5d3866e7764" />
      <TestMethod codeBase="/azp/_work/1/s/bin/Debug/net6.0/OdinUiTests.dll" adapterTypeName="executor://nunit3testexecutor/" className="OdinUiTests.Tests.Activity.TestTemplateCreatingTests" name="Создание шаблона контрольной: с режимом выполнения 'Командный'" />
    </UnitTest>
    <UnitTest name="Создание контрольной: можно создать контрольную, если заполнены обязательные поля" storage="/azp/_work/1/s/bin/debug/net6.0/odinuitests.dll" id="c36ba2cc-b009-25c0-6514-287e5c64e217">
      <Execution id="668df535-2e35-4b96-890d-4085b75fd9fe" />
      <TestMethod codeBase="/azp/_work/1/s/bin/Debug/net6.0/OdinUiTests.dll" adapterTypeName="executor://nunit3testexecutor/" className="OdinUiTests.Tests.Activity.TestActivityCreatingTests" name="Создание контрольной: можно создать контрольную, если заполнены обязательные поля" />
    </UnitTest>
    <UnitTest name="Конструктор теста: можно добавить еще одну опцию в вопрос с типом ответа 'Сортировка'" storage="/azp/_work/1/s/bin/debug/net6.0/odinuitests.dll" id="a239c67d-5c84-b792-4a4c-efade1c84cee">
      <Execution id="4f33daf6-602f-4859-9294-33476606f19f" />
      <TestMethod codeBase="/azp/_work/1/s/bin/Debug/net6.0/OdinUiTests.dll" adapterTypeName="executor://nunit3testexecutor/" className="OdinUiTests.Tests.Library.TestQuestionAnswersValidationTests" name="Конструктор теста: можно добавить еще одну опцию в вопрос с типом ответа 'Сортировка'" />
    </UnitTest>
    <UnitTest name="Конструктор теста-тренажера: можно добавлять теги знаний" storage="/azp/_work/1/s/bin/debug/net6.0/odinuitests.dll" id="d5532f31-dd55-50a2-0c75-ce189325a488">
      <Execution id="e04c8a83-55e1-4b54-8bbb-2c88b33500a8" />
      <TestMethod codeBase="/azp/_work/1/s/bin/Debug/net6.0/OdinUiTests.dll" adapterTypeName="executor://nunit3testexecutor/" className="OdinUiTests.Tests.Library.TestTrainSettingsValidationTests" name="Конструктор теста-тренажера: можно добавлять теги знаний" />
    </UnitTest>
    <UnitTest name="Библиотека, списочный вид: можно переместить материал через actions-кнопки" storage="/azp/_work/1/s/bin/debug/net6.0/odinuitests.dll" id="a9613c64-985d-460b-3e91-6768a8983667">
      <Execution id="09dd56cb-6c77-41a9-8ba0-9a1c8fba3022" />
      <TestMethod codeBase="/azp/_work/1/s/bin/Debug/net6.0/OdinUiTests.dll" adapterTypeName="executor://nunit3testexecutor/" className="OdinUiTests.Tests.Library.LibraryInListViewTests" name="Библиотека, списочный вид: можно переместить материал через actions-кнопки" />
    </UnitTest>
    <UnitTest name="Редактирование организации: администратор организации может редактировать только поля ответственных лиц" storage="/azp/_work/1/s/bin/debug/net6.0/odinuitests.dll" id="24b47269-5ed4-6bd3-cf4d-e3682162383e">
      <Execution id="0cbecb42-34a2-4a30-9649-832d88993c5f" />
      <TestMethod codeBase="/azp/_work/1/s/bin/Debug/net6.0/OdinUiTests.dll" adapterTypeName="executor://nunit3testexecutor/" className="OdinUiTests.Tests.Organization.OrganizationEditingTests" name="Редактирование организации: администратор организации может редактировать только поля ответственных лиц" />
    </UnitTest>
    <UnitTest name="Конструктор теста: можно дублировать вариант" storage="/azp/_work/1/s/bin/debug/net6.0/odinuitests.dll" id="eb83f97b-9899-a203-b623-6e370654ab56">
      <Execution id="bfff6748-4453-4817-881a-895e7823d1f9" />
      <TestMethod codeBase="/azp/_work/1/s/bin/Debug/net6.0/OdinUiTests.dll" adapterTypeName="executor://nunit3testexecutor/" className="OdinUiTests.Tests.Library.TestBlocksAndVariantsValidationTests" name="Конструктор теста: можно дублировать вариант" />
    </UnitTest>
    <UnitTest name="Редактирование шаблона контрольной: можно добавить материал типа тест-тренажёр из библиотеки" storage="/azp/_work/1/s/bin/debug/net6.0/odinuitests.dll" id="d04cd17b-68e4-a1b0-c86b-ee7040942d07">
      <Execution id="155e21a3-b023-4cc1-af7c-3f85b3bb6f50" />
      <TestMethod codeBase="/azp/_work/1/s/bin/Debug/net6.0/OdinUiTests.dll" adapterTypeName="executor://nunit3testexecutor/" className="OdinUiTests.Tests.Activity.TestTemplateAddingTests" name="Редактирование шаблона контрольной: можно добавить материал типа тест-тренажёр из библиотеки" />
    </UnitTest>
    <UnitTest name="Конструктор теста: возможность отметить вариант ответа как “верный”" storage="/azp/_work/1/s/bin/debug/net6.0/odinuitests.dll" id="383d6d05-3112-2646-390d-42194e72507f">
      <Execution id="5b70ba0f-b3fc-42d9-87e5-6b2e301e92b5" />
      <TestMethod codeBase="/azp/_work/1/s/bin/Debug/net6.0/OdinUiTests.dll" adapterTypeName="executor://nunit3testexecutor/" className="OdinUiTests.Tests.Library.TestQuestionsValidationTests" name="Конструктор теста: возможность отметить вариант ответа как “верный”" />
    </UnitTest>
    <UnitTest name="Страница шаблона дисциплины: можно добавить модуль" storage="/azp/_work/1/s/bin/debug/net6.0/odinuitests.dll" id="d29d2770-0cd4-cf07-d3b1-34c56bee6b22">
      <Execution id="839f5871-4a6e-44a5-a316-e10512c3146e" />
      <TestMethod codeBase="/azp/_work/1/s/bin/Debug/net6.0/OdinUiTests.dll" adapterTypeName="executor://nunit3testexecutor/" className="OdinUiTests.Tests.Discipline.DisTemplateTests" name="Страница шаблона дисциплины: можно добавить модуль" />
    </UnitTest>
    <UnitTest name="Список чатов - комната дисциплины: можно редактировать сообщение в течение 4 часов после отправки" storage="/azp/_work/1/s/bin/debug/net6.0/odinuitests.dll" id="de806d01-67f3-fb7f-c409-05e703183095">
      <Execution id="833c13d8-0baf-45da-9b89-678cb2791fc5" />
      <TestMethod codeBase="/azp/_work/1/s/bin/Debug/net6.0/OdinUiTests.dll" adapterTypeName="executor://nunit3testexecutor/" className="OdinUiTests.Tests.Chat.DisciplineChatTests" name="Список чатов - комната дисциплины: можно редактировать сообщение в течение 4 часов после отправки" />
    </UnitTest>
    <UnitTest name="Страница аналитика дисциплины: работает фильтр по названию группы" storage="/azp/_work/1/s/bin/debug/net6.0/odinuitests.dll" id="130efcca-a0cd-8336-7ba1-0550cf42543d">
      <Execution id="61189e22-f5e9-4b27-977f-0786fa08053f" />
      <TestMethod codeBase="/azp/_work/1/s/bin/Debug/net6.0/OdinUiTests.dll" adapterTypeName="executor://nunit3testexecutor/" className="OdinUiTests.Tests.Discipline.DisciplineAnalyticsTests" name="Страница аналитика дисциплины: работает фильтр по названию группы" />
    </UnitTest>
    <UnitTest name="Библиотека: можно выбрать несколько элементов" storage="/azp/_work/1/s/bin/debug/net6.0/odinuitests.dll" id="c9a73d7d-999f-34c2-9b46-e125b89763d8">
      <Execution id="f15ff1d3-8333-499d-8829-83a94e4311f3" />
      <TestMethod codeBase="/azp/_work/1/s/bin/Debug/net6.0/OdinUiTests.dll" adapterTypeName="executor://nunit3testexecutor/" className="OdinUiTests.Tests.Library.BulkActionsLibraryTests" name="Библиотека: можно выбрать несколько элементов" />
    </UnitTest>
    <UnitTest name="Библиотека, плиточный вид: можно переименовать материал" storage="/azp/_work/1/s/bin/debug/net6.0/odinuitests.dll" id="629704bf-84e0-c230-a183-dfaf72f0925e">
      <Execution id="fff95e87-c4fa-4143-a230-5f62edda6cbc" />
      <TestMethod codeBase="/azp/_work/1/s/bin/Debug/net6.0/OdinUiTests.dll" adapterTypeName="executor://nunit3testexecutor/" className="OdinUiTests.Tests.Library.LibraryInTileViewTests" name="Библиотека, плиточный вид: можно переименовать материал" />
    </UnitTest>
    <UnitTest name="Библиотека, плиточный вид: можно создать каталог" storage="/azp/_work/1/s/bin/debug/net6.0/odinuitests.dll" id="cf8b3a9e-b4a3-e5ae-0d92-17c4a104611e">
      <Execution id="940fb72d-1fff-427d-be4d-40f4207dd919" />
      <TestMethod codeBase="/azp/_work/1/s/bin/Debug/net6.0/OdinUiTests.dll" adapterTypeName="executor://nunit3testexecutor/" className="OdinUiTests.Tests.Library.LibraryActionPanelTests" name="Библиотека, плиточный вид: можно создать каталог" />
    </UnitTest>
    <UnitTest name="Страница аналитика дисциплины: работает экспорт аналитики дисциплины" storage="/azp/_work/1/s/bin/debug/net6.0/odinuitests.dll" id="747bc255-ea69-11a9-e918-bf0cb4ba68a9">
      <Execution id="bb19e12f-a29f-426c-8530-33bebb2d9e0c" />
      <TestMethod codeBase="/azp/_work/1/s/bin/Debug/net6.0/OdinUiTests.dll" adapterTypeName="executor://nunit3testexecutor/" className="OdinUiTests.Tests.Discipline.DisciplineAnalyticsTests" name="Страница аналитика дисциплины: работает экспорт аналитики дисциплины" />
    </UnitTest>
    <UnitTest name="Редактирование дисциплины: можно изменить название" storage="/azp/_work/1/s/bin/debug/net6.0/odinuitests.dll" id="194c895d-9c79-0483-e1e9-fb8f2ae3e254">
      <Execution id="cf4fb08c-6db2-4f1b-802a-4a68870dd180" />
      <TestMethod codeBase="/azp/_work/1/s/bin/Debug/net6.0/OdinUiTests.dll" adapterTypeName="executor://nunit3testexecutor/" className="OdinUiTests.Tests.Discipline.DisciplineEditingTests" name="Редактирование дисциплины: можно изменить название" />
    </UnitTest>
    <UnitTest name="Редактирование дисциплины: можно переключать значения в поле 'Вид контроля'" storage="/azp/_work/1/s/bin/debug/net6.0/odinuitests.dll" id="d25276ca-a3f2-976f-8c0e-0fc092b84445">
      <Execution id="186af667-3290-44b1-b53a-27ec91eddb01" />
      <TestMethod codeBase="/azp/_work/1/s/bin/Debug/net6.0/OdinUiTests.dll" adapterTypeName="executor://nunit3testexecutor/" className="OdinUiTests.Tests.Discipline.DisciplineEditingTests" name="Редактирование дисциплины: можно переключать значения в поле 'Вид контроля'" />
    </UnitTest>
    <UnitTest name="Редактирование активности: можно переключать значения в поле 'Тип активности'" storage="/azp/_work/1/s/bin/debug/net6.0/odinuitests.dll" id="aa4d6e82-419b-2803-e601-2b1c979e341e">
      <Execution id="d64a3b74-b031-4342-820e-8da73e5f6f39" />
      <TestMethod codeBase="/azp/_work/1/s/bin/Debug/net6.0/OdinUiTests.dll" adapterTypeName="executor://nunit3testexecutor/" className="OdinUiTests.Tests.Activity.ActivityEditingTests" name="Редактирование активности: можно переключать значения в поле 'Тип активности'" />
    </UnitTest>
    <UnitTest name="Страница обр программы: При архивации обр программы появляется модалка подтверждения действия" storage="/azp/_work/1/s/bin/debug/net6.0/odinuitests.dll" id="f30d9e35-d646-d030-91d3-5146d5b59372">
      <Execution id="e2d015d2-33c3-410b-905a-ef75d2b3e987" />
      <TestMethod codeBase="/azp/_work/1/s/bin/Debug/net6.0/OdinUiTests.dll" adapterTypeName="executor://nunit3testexecutor/" className="OdinUiTests.Tests.Program.ProgramInfoPageTests" name="Страница обр программы: При архивации обр программы появляется модалка подтверждения действия" />
    </UnitTest>
    <UnitTest name="Создание организации: ошибка валидации в обязательных полях, если они не заполнены" storage="/azp/_work/1/s/bin/debug/net6.0/odinuitests.dll" id="67e2b0df-2c5d-8206-8554-ddd549d4880d">
      <Execution id="894ba8cc-2104-4bda-bbe4-b3bd7cc6764b" />
      <TestMethod codeBase="/azp/_work/1/s/bin/Debug/net6.0/OdinUiTests.dll" adapterTypeName="executor://nunit3testexecutor/" className="OdinUiTests.Tests.Organization.OrganizationCreationTests" name="Создание организации: ошибка валидации в обязательных полях, если они не заполнены" />
    </UnitTest>
    <UnitTest name="Конструктор теста-тренажера: можно добавить еще один вариант на сопоставление в вопрос с типом ответа 'Сопоставление'" storage="/azp/_work/1/s/bin/debug/net6.0/odinuitests.dll" id="15c7da74-b350-4349-7881-6e807cf84c2d">
      <Execution id="58d4ae98-8003-4473-8883-9e5b53fbbd36" />
      <TestMethod codeBase="/azp/_work/1/s/bin/Debug/net6.0/OdinUiTests.dll" adapterTypeName="executor://nunit3testexecutor/" className="OdinUiTests.Tests.Library.TestTrainQuestionAnswersValidationTests" name="Конструктор теста-тренажера: можно добавить еще один вариант на сопоставление в вопрос с типом ответа 'Сопоставление'" />
    </UnitTest>
    <UnitTest name="Редактирование дисциплины: наличия ошибки при попытке указать преподавателем студента из группы" storage="/azp/_work/1/s/bin/debug/net6.0/odinuitests.dll" id="2cffa16e-5937-e7a9-92a7-710a9488e38c">
      <Execution id="fed15482-66d8-4e90-b9be-7cdd80f3d7ba" />
      <TestMethod codeBase="/azp/_work/1/s/bin/Debug/net6.0/OdinUiTests.dll" adapterTypeName="executor://nunit3testexecutor/" className="OdinUiTests.Tests.Discipline.DisContingentEditingValidationTests" name="Редактирование дисциплины: наличия ошибки при попытке указать преподавателем студента из группы" />
    </UnitTest>
    <UnitTest name="Список чатов - групповой чат: можно отправить смайлики" storage="/azp/_work/1/s/bin/debug/net6.0/odinuitests.dll" id="4ad882d2-80e2-cfe6-2cdd-b50e12fd0638">
      <Execution id="e4b10ccd-41e4-4fe0-a988-1743ce5e4352" />
      <TestMethod codeBase="/azp/_work/1/s/bin/Debug/net6.0/OdinUiTests.dll" adapterTypeName="executor://nunit3testexecutor/" className="OdinUiTests.Tests.Chat.GroupChatTests" name="Список чатов - групповой чат: можно отправить смайлики" />
    </UnitTest>
    <UnitTest name="Отображение ошибки валидации для поля баллы с отрицательным значением" storage="/azp/_work/1/s/bin/debug/net6.0/odinuitests.dll" id="34f75f61-a249-d285-b33c-9974330a3c0c">
      <Execution id="4b9292ea-523a-40cf-baba-7ed64139f098" />
      <TestMethod codeBase="/azp/_work/1/s/bin/Debug/net6.0/OdinUiTests.dll" adapterTypeName="executor://nunit3testexecutor/" className="OdinUiTests.Tests.Activity.TaskActivityTeacherTests" name="Отображение ошибки валидации для поля баллы с отрицательным значением" />
    </UnitTest>
    <UnitTest name="Нельзя создать задание с критериями, если не заполнены названия критериев" storage="/azp/_work/1/s/bin/debug/net6.0/odinuitests.dll" id="52298d88-51da-fbcd-be13-a4f42edbb0cf">
      <Execution id="836ec4cf-29c2-4676-97aa-81e1b497f65c" />
      <TestMethod codeBase="/azp/_work/1/s/bin/Debug/net6.0/OdinUiTests.dll" adapterTypeName="executor://nunit3testexecutor/" className="OdinUiTests.Tests.Activity.TaskActivityMulticriteriaTests" name="Нельзя создать задание с критериями, если не заполнены названия критериев" />
    </UnitTest>
    <UnitTest name="Конструктор теста: можно добавлять теги знаний" storage="/azp/_work/1/s/bin/debug/net6.0/odinuitests.dll" id="d3a0540c-d54f-b545-fbf2-c2535a970255">
      <Execution id="fd14593a-0314-42b2-8538-825a24b3d4a4" />
      <TestMethod codeBase="/azp/_work/1/s/bin/Debug/net6.0/OdinUiTests.dll" adapterTypeName="executor://nunit3testexecutor/" className="OdinUiTests.Tests.Library.TestSettingsValidationTests" name="Конструктор теста: можно добавлять теги знаний" />
    </UnitTest>
    <UnitTest name="Можно редактировать название подразделения" storage="/azp/_work/1/s/bin/debug/net6.0/odinuitests.dll" id="02fa0e24-cfba-bcbe-7517-04c5366978d1">
      <Execution id="42e1229a-ca08-4f97-a890-e96bc789a320" />
      <TestMethod codeBase="/azp/_work/1/s/bin/Debug/net6.0/OdinUiTests.dll" adapterTypeName="executor://nunit3testexecutor/" className="OdinUiTests.Tests.Division.DivisionEditingTests" name="Можно редактировать название подразделения" />
    </UnitTest>
    <UnitTest name="Редактирование активности: можно добавить материал типа тест-тренажёра из библиотеки не в контрольную" storage="/azp/_work/1/s/bin/debug/net6.0/odinuitests.dll" id="f0fd50cc-de21-cc73-10ee-ea0eb06682a7">
      <Execution id="1778abf3-ff7c-4c4f-b3f7-376fa54fd274" />
      <TestMethod codeBase="/azp/_work/1/s/bin/Debug/net6.0/OdinUiTests.dll" adapterTypeName="executor://nunit3testexecutor/" className="OdinUiTests.Tests.Activity.ActivityAddingTests" name="Редактирование активности: можно добавить материал типа тест-тренажёра из библиотеки не в контрольную" />
    </UnitTest>
    <UnitTest name="Cоздание обр программы ДПО: если не заполнить одно обязательное поле" storage="/azp/_work/1/s/bin/debug/net6.0/odinuitests.dll" id="dfe4bad9-e99d-71e6-5e58-444e8b8320a6">
      <Execution id="c43bf08c-ce0f-433a-8e50-a6c345bb25d8" />
      <TestMethod codeBase="/azp/_work/1/s/bin/Debug/net6.0/OdinUiTests.dll" adapterTypeName="executor://nunit3testexecutor/" className="OdinUiTests.Tests.Program.ProgramCreationTests" name="Cоздание обр программы ДПО: если не заполнить одно обязательное поле" />
    </UnitTest>
    <UnitTest name="Конструктор теста-тренажера: можно переименовать блок" storage="/azp/_work/1/s/bin/debug/net6.0/odinuitests.dll" id="0e3f5a22-8956-eb9a-64b4-0d0f0c63a36e">
      <Execution id="b270d8d4-77f7-43b4-8b19-560ca85d021b" />
      <TestMethod codeBase="/azp/_work/1/s/bin/Debug/net6.0/OdinUiTests.dll" adapterTypeName="executor://nunit3testexecutor/" className="OdinUiTests.Tests.Library.TestTrainBlocksAndVariantsValidationTests" name="Конструктор теста-тренажера: можно переименовать блок" />
    </UnitTest>
    <UnitTest name="Редактирование шаблона активности: отсутствия поля оценка по SCORM результату, если не добавлен SCORM пакет" storage="/azp/_work/1/s/bin/debug/net6.0/odinuitests.dll" id="78d410d0-83cf-2c12-7fb4-001e4d8b8cd9">
      <Execution id="398b5d9c-5b3a-4501-8c29-89a30d0bf5ac" />
      <TestMethod codeBase="/azp/_work/1/s/bin/Debug/net6.0/OdinUiTests.dll" adapterTypeName="executor://nunit3testexecutor/" className="OdinUiTests.Tests.Activity.TemplateAddingTests" name="Редактирование шаблона активности: отсутствия поля оценка по SCORM результату, если не добавлен SCORM пакет" />
    </UnitTest>
    <UnitTest name="Список чатов - чат для заметок: можно закреплять сообщения" storage="/azp/_work/1/s/bin/debug/net6.0/odinuitests.dll" id="77f6afa4-ee3a-1756-c0f7-acd006e7342d">
      <Execution id="bedf8d70-55c4-476f-9eba-eaba361c31e8" />
      <TestMethod codeBase="/azp/_work/1/s/bin/Debug/net6.0/OdinUiTests.dll" adapterTypeName="executor://nunit3testexecutor/" className="OdinUiTests.Tests.Chat.NotesChatTests" name="Список чатов - чат для заметок: можно закреплять сообщения" />
    </UnitTest>
    <UnitTest name="Редактирование дисциплины: открепления от дисциплины групп и студентов" storage="/azp/_work/1/s/bin/debug/net6.0/odinuitests.dll" id="2b6d4d06-2cb8-2fc5-8776-fd2cac4659bd">
      <Execution id="e01fa26f-a3ab-4c2b-bea3-6157e03b0516" />
      <TestMethod codeBase="/azp/_work/1/s/bin/Debug/net6.0/OdinUiTests.dll" adapterTypeName="executor://nunit3testexecutor/" className="OdinUiTests.Tests.Discipline.DisContingentEditingTests" name="Редактирование дисциплины: открепления от дисциплины групп и студентов" />
    </UnitTest>
    <UnitTest name="Библиотека: можно удалить несколько выбранных элементов" storage="/azp/_work/1/s/bin/debug/net6.0/odinuitests.dll" id="10376a94-0528-9fc7-042d-b0a4233352dc">
      <Execution id="0e89bcd7-a07b-4f27-a7de-ade032581812" />
      <TestMethod codeBase="/azp/_work/1/s/bin/Debug/net6.0/OdinUiTests.dll" adapterTypeName="executor://nunit3testexecutor/" className="OdinUiTests.Tests.Library.BulkActionsLibraryTests" name="Библиотека: можно удалить несколько выбранных элементов" />
    </UnitTest>
    <UnitTest name="Редактирование шаблона контрольной: успешное сохранение при корректных значениях в 'Количество попыток сдачи'" storage="/azp/_work/1/s/bin/debug/net6.0/odinuitests.dll" id="897abd2a-5c74-28af-71da-6a5f5067bbab">
      <Execution id="344c4220-329d-44cd-89a9-127191a2eddc" />
      <TestMethod codeBase="/azp/_work/1/s/bin/Debug/net6.0/OdinUiTests.dll" adapterTypeName="executor://nunit3testexecutor/" className="OdinUiTests.Tests.Activity.TestTemplateEditingTests" name="Редактирование шаблона контрольной: успешное сохранение при корректных значениях в 'Количество попыток сдачи'" />
    </UnitTest>
    <UnitTest name="Конструктор теста-тренажера: можно добавить автора" storage="/azp/_work/1/s/bin/debug/net6.0/odinuitests.dll" id="310a599d-1d06-9cba-a86a-335545b6fbe8">
      <Execution id="4780317d-286c-40fb-82ae-ee25ecfc1205" />
      <TestMethod codeBase="/azp/_work/1/s/bin/Debug/net6.0/OdinUiTests.dll" adapterTypeName="executor://nunit3testexecutor/" className="OdinUiTests.Tests.Library.TestTrainSettingsValidationTests" name="Конструктор теста-тренажера: можно добавить автора" />
    </UnitTest>
    <UnitTest name="Редактирование контрольной: успешное сохранение при положительных значениях в поле 'Минимальный порог баллов'" storage="/azp/_work/1/s/bin/debug/net6.0/odinuitests.dll" id="d648abaa-f145-e261-dbd2-6c1ff9a0695f">
      <Execution id="291acd5a-513c-445d-a1a6-193246d9eabe" />
      <TestMethod codeBase="/azp/_work/1/s/bin/Debug/net6.0/OdinUiTests.dll" adapterTypeName="executor://nunit3testexecutor/" className="OdinUiTests.Tests.Activity.TestActivityEditingTests" name="Редактирование контрольной: успешное сохранение при положительных значениях в поле 'Минимальный порог баллов'" />
    </UnitTest>
    <UnitTest name="Редактирование дисциплины: работает кнопка Отмена" storage="/azp/_work/1/s/bin/debug/net6.0/odinuitests.dll" id="a53be47d-0bd9-83b0-2fa7-08cc1b1349d0">
      <Execution id="8049720f-017a-434b-86b5-ffd4f8179d01" />
      <TestMethod codeBase="/azp/_work/1/s/bin/Debug/net6.0/OdinUiTests.dll" adapterTypeName="executor://nunit3testexecutor/" className="OdinUiTests.Tests.Discipline.DisciplineEditingTests" name="Редактирование дисциплины: работает кнопка Отмена" />
    </UnitTest>
    <UnitTest name="Редактирование шаблона активности: отображение ошибки валидации для поля 'Объём' с значением '0'" storage="/azp/_work/1/s/bin/debug/net6.0/odinuitests.dll" id="fff48b64-68fb-8b7e-568b-c9a81e30d633">
      <Execution id="e04c2f2a-567b-495c-b500-51ead538002e" />
      <TestMethod codeBase="/azp/_work/1/s/bin/Debug/net6.0/OdinUiTests.dll" adapterTypeName="executor://nunit3testexecutor/" className="OdinUiTests.Tests.Activity.TemplateEditingValidationTests" name="Редактирование шаблона активности: отображение ошибки валидации для поля 'Объём' с значением '0'" />
    </UnitTest>
    <UnitTest name="Конструктор теста-тренажера: можно добавить еще один вариант ответа в вопрос с типом ответа 'Свободный ответ - точное совпадение'" storage="/azp/_work/1/s/bin/debug/net6.0/odinuitests.dll" id="05d8c10d-9144-42d3-febc-f0a45aef28e3">
      <Execution id="217d52b2-86a6-4e8e-955b-e34440336e5b" />
      <TestMethod codeBase="/azp/_work/1/s/bin/Debug/net6.0/OdinUiTests.dll" adapterTypeName="executor://nunit3testexecutor/" className="OdinUiTests.Tests.Library.TestTrainQuestionAnswersValidationTests" name="Конструктор теста-тренажера: можно добавить еще один вариант ответа в вопрос с типом ответа 'Свободный ответ - точное совпадение'" />
    </UnitTest>
    <UnitTest name="Конструктор теста: можно добавить вариант" storage="/azp/_work/1/s/bin/debug/net6.0/odinuitests.dll" id="2809e633-4209-c126-c88f-0fa533a55121">
      <Execution id="02aa3219-0406-489e-a27f-6e3690cf4466" />
      <TestMethod codeBase="/azp/_work/1/s/bin/Debug/net6.0/OdinUiTests.dll" adapterTypeName="executor://nunit3testexecutor/" className="OdinUiTests.Tests.Library.TestBlocksAndVariantsValidationTests" name="Конструктор теста: можно добавить вариант" />
    </UnitTest>
    <UnitTest name="Список чатов - чат для заметок: можно добавить реакцию на сообщение" storage="/azp/_work/1/s/bin/debug/net6.0/odinuitests.dll" id="4dbc08cd-cfaa-c77e-2dc1-5eb174ee8586">
      <Execution id="baf91047-1378-4341-bcb8-682b14ff7252" />
      <TestMethod codeBase="/azp/_work/1/s/bin/Debug/net6.0/OdinUiTests.dll" adapterTypeName="executor://nunit3testexecutor/" className="OdinUiTests.Tests.Chat.NotesChatTests" name="Список чатов - чат для заметок: можно добавить реакцию на сообщение" />
    </UnitTest>
    <UnitTest name="Редактирование дисциплины: есть возможность редактировать у администратора образовательной программы, к которой дисциплина относится" storage="/azp/_work/1/s/bin/debug/net6.0/odinuitests.dll" id="04ec1356-2e14-2bc5-09d5-c0433536a590">
      <Execution id="256f8a50-4d7e-413b-a86d-520270aa5c6b" />
      <TestMethod codeBase="/azp/_work/1/s/bin/Debug/net6.0/OdinUiTests.dll" adapterTypeName="executor://nunit3testexecutor/" className="OdinUiTests.Tests.Discipline.DisciplineAccessTests" name="Редактирование дисциплины: есть возможность редактировать у администратора образовательной программы, к которой дисциплина относится" />
    </UnitTest>
    <UnitTest name="Список чатов - групповой чат: невозможно добавить чат, если не заполнен поля 'Название'" storage="/azp/_work/1/s/bin/debug/net6.0/odinuitests.dll" id="ca42bf12-6688-144a-4783-0d7efede3e1a">
      <Execution id="33338b72-2f5c-44a5-80a7-627a7da59466" />
      <TestMethod codeBase="/azp/_work/1/s/bin/Debug/net6.0/OdinUiTests.dll" adapterTypeName="executor://nunit3testexecutor/" className="OdinUiTests.Tests.Chat.GroupChatTests" name="Список чатов - групповой чат: невозможно добавить чат, если не заполнен поля 'Название'" />
    </UnitTest>
    <UnitTest name="Список чатов - личный чат: невозможно отправить пустое сообщение" storage="/azp/_work/1/s/bin/debug/net6.0/odinuitests.dll" id="78b6dadd-3734-eb34-ae54-7a7cdb54ec90">
      <Execution id="f19422f7-583e-4266-bfc2-ffe255514ae4" />
      <TestMethod codeBase="/azp/_work/1/s/bin/Debug/net6.0/OdinUiTests.dll" adapterTypeName="executor://nunit3testexecutor/" className="OdinUiTests.Tests.Chat.PersonalChatTests" name="Список чатов - личный чат: невозможно отправить пустое сообщение" />
    </UnitTest>
    <UnitTest name="Чат на странице решения: невозможно отправить пустое сообщение" storage="/azp/_work/1/s/bin/debug/net6.0/odinuitests.dll" id="e1813d35-5b77-82b8-8bd4-f49e34412e95">
      <Execution id="602f8c25-3365-489b-9702-d5994bd76d60" />
      <TestMethod codeBase="/azp/_work/1/s/bin/Debug/net6.0/OdinUiTests.dll" adapterTypeName="executor://nunit3testexecutor/" className="OdinUiTests.Tests.Chat.TaskPageMiniChatTests" name="Чат на странице решения: невозможно отправить пустое сообщение" />
    </UnitTest>
    <UnitTest name="Список чатов - личный чат: можно найти чат в поиске по названию" storage="/azp/_work/1/s/bin/debug/net6.0/odinuitests.dll" id="e056f1a4-d86d-a2f0-293c-bee950ea1448">
      <Execution id="7f044b38-df94-4d65-b4a2-6baaf6ff0c47" />
      <TestMethod codeBase="/azp/_work/1/s/bin/Debug/net6.0/OdinUiTests.dll" adapterTypeName="executor://nunit3testexecutor/" className="OdinUiTests.Tests.Chat.PersonalChatTests" name="Список чатов - личный чат: можно найти чат в поиске по названию" />
    </UnitTest>
    <UnitTest name="Редактирование шаблона активности: успешное сохранение при корректных значениях в поля 'Объём'" storage="/azp/_work/1/s/bin/debug/net6.0/odinuitests.dll" id="3f10660f-9211-8ac7-62ec-98dd6f37810a">
      <Execution id="679c87f8-2d98-47d3-9c00-c43c1103e105" />
      <TestMethod codeBase="/azp/_work/1/s/bin/Debug/net6.0/OdinUiTests.dll" adapterTypeName="executor://nunit3testexecutor/" className="OdinUiTests.Tests.Activity.TemplateEditingTests" name="Редактирование шаблона активности: успешное сохранение при корректных значениях в поля 'Объём'" />
    </UnitTest>
  </TestDefinitions>
  <TestEntries>
    <TestEntry testId="5eff0c45-6b57-f7a1-5ea2-508cae1dc1d8" executionId="8b88b46f-d5ea-445d-a82d-45b65987ce70" testListId="8c84fa94-04c1-424b-9868-57a2d4851a1d" />
    <TestEntry testId="c1237e69-46d9-1c0e-8759-24f24b35616a" executionId="0d63879e-748c-4340-a929-04b4ab8c9b58" testListId="8c84fa94-04c1-424b-9868-57a2d4851a1d" />
    <TestEntry testId="04774ceb-9321-8f75-0ed6-c43c973e3c1b" executionId="0080ee9f-9e9b-4681-933b-89857c45a20d" testListId="8c84fa94-04c1-424b-9868-57a2d4851a1d" />
    <TestEntry testId="2d41addb-b548-1192-2b83-046e857697d8" executionId="f1108a15-abec-4f31-8640-57a5152d3e7c" testListId="8c84fa94-04c1-424b-9868-57a2d4851a1d" />
    <TestEntry testId="7a14693f-cda4-080d-051f-9aaaf0d3c408" executionId="bfeb6c9f-d0db-4a50-87ec-1dd5b470cbe5" testListId="8c84fa94-04c1-424b-9868-57a2d4851a1d" />
    <TestEntry testId="07985ff4-e714-32d4-9806-7a3929f34176" executionId="ebee576e-cd4d-4e54-bcda-8f926e2fa1a4" testListId="8c84fa94-04c1-424b-9868-57a2d4851a1d" />
    <TestEntry testId="688c74bd-1e7a-0c02-f36f-95ca834dca89" executionId="a0d37121-bc63-4869-9f57-ae34bd23cfab" testListId="8c84fa94-04c1-424b-9868-57a2d4851a1d" />
    <TestEntry testId="aa4d6e82-419b-2803-e601-2b1c979e341e" executionId="d64a3b74-b031-4342-820e-8da73e5f6f39" testListId="8c84fa94-04c1-424b-9868-57a2d4851a1d" />
    <TestEntry testId="9c0b6827-07bf-cd50-4e7d-6cd187bb0480" executionId="8ade3266-39ba-4a3f-bd34-2bfa5dfdd767" testListId="8c84fa94-04c1-424b-9868-57a2d4851a1d" />
    <TestEntry testId="c75bd7b0-c53f-900e-902b-e6589cc5971f" executionId="ea381190-bd0d-483b-b056-3125cd84fd74" testListId="8c84fa94-04c1-424b-9868-57a2d4851a1d" />
    <TestEntry testId="dbb6e3d3-9d9d-3f15-1294-550f0f6f06d3" executionId="37b4d4cd-576f-45ed-a7a4-3d5817787da2" testListId="8c84fa94-04c1-424b-9868-57a2d4851a1d" />
    <TestEntry testId="2d07909d-caa8-6ce5-0918-744aa3fa602c" executionId="aa5152c0-8e5b-4139-b000-7a93e3638143" testListId="8c84fa94-04c1-424b-9868-57a2d4851a1d" />
    <TestEntry testId="9373291b-6ae0-9db6-a833-b3b87e402b73" executionId="b6e1ffe5-6a4f-4037-be2d-e067501049af" testListId="8c84fa94-04c1-424b-9868-57a2d4851a1d" />
    <TestEntry testId="f733b0b5-068d-23f4-8207-6596c48f6bf5" executionId="68c4d630-57d8-4376-93dd-df15f4f37104" testListId="8c84fa94-04c1-424b-9868-57a2d4851a1d" />
    <TestEntry testId="4477a337-0c19-ab6e-aeb0-b0e1bd07a0d8" executionId="0f0f6abf-4389-44ac-bfa9-bb8f0ff5284f" testListId="8c84fa94-04c1-424b-9868-57a2d4851a1d" />
    <TestEntry testId="d339101f-2b45-9b8b-87f5-3e1c7050d092" executionId="1ab5d36c-c009-4913-9127-05b193996ec6" testListId="8c84fa94-04c1-424b-9868-57a2d4851a1d" />
    <TestEntry testId="d9fef17c-a951-1fd0-3045-be3ee7163a4a" executionId="68a96998-031a-42ae-bba2-4ad9855d09f1" testListId="8c84fa94-04c1-424b-9868-57a2d4851a1d" />
    <TestEntry testId="6d6cae07-c9e9-7641-21d6-0f454b1a1335" executionId="00019af4-5b56-49d6-95df-7071ed0b879d" testListId="8c84fa94-04c1-424b-9868-57a2d4851a1d" />
    <TestEntry testId="84e96ac4-1fe5-86b2-9375-337b2f68960e" executionId="8f991cbe-464a-4b23-95cf-b6bfb9fc572c" testListId="8c84fa94-04c1-424b-9868-57a2d4851a1d" />
    <TestEntry testId="8dcf0449-053b-ff4a-34ab-9712d9130fdb" executionId="a7bf8dac-087b-417e-8da7-4111e57f5387" testListId="8c84fa94-04c1-424b-9868-57a2d4851a1d" />
    <TestEntry testId="31e6d50f-a1ff-a2d7-8308-7de1157476c2" executionId="cd65321a-aa89-47ac-bb8f-4a6a8676636a" testListId="8c84fa94-04c1-424b-9868-57a2d4851a1d" />
    <TestEntry testId="ff45d043-a889-ddad-bd70-072d4cfa6216" executionId="aa95e1c3-578a-4177-bad4-c418b97f1d67" testListId="8c84fa94-04c1-424b-9868-57a2d4851a1d" />
    <TestEntry testId="cac445db-eb07-3e29-19e0-2705da9f235b" executionId="7009f894-80ee-4637-b1c0-4a02bd1a2982" testListId="8c84fa94-04c1-424b-9868-57a2d4851a1d" />
    <TestEntry testId="df9504f6-6b79-12a1-3bf1-11d0be6e361b" executionId="31d7a701-a048-43a1-b520-2f7fffe9e2a8" testListId="8c84fa94-04c1-424b-9868-57a2d4851a1d" />
    <TestEntry testId="6a431132-d31c-9b86-b365-ce03e7cf8aa2" executionId="18dea9a4-fbe7-45a6-94e2-5d1f9c6728e3" testListId="8c84fa94-04c1-424b-9868-57a2d4851a1d" />
    <TestEntry testId="5acf62e8-3d8f-735a-02bc-0fa8c134401d" executionId="84f691db-7d1d-46fa-a65b-982b425b1581" testListId="8c84fa94-04c1-424b-9868-57a2d4851a1d" />
    <TestEntry testId="dcac3bc5-e484-1f7e-d009-6776ae737b23" executionId="f60f61f3-ab3c-4344-aa86-e5d3866e7764" testListId="8c84fa94-04c1-424b-9868-57a2d4851a1d" />
    <TestEntry testId="733551fb-e7ba-18f4-9f6d-493221dcb625" executionId="1cd87c68-b1f1-47a1-994c-7d3a9f0d5197" testListId="8c84fa94-04c1-424b-9868-57a2d4851a1d" />
    <TestEntry testId="884215b4-0444-93b9-03c7-e9768620aee2" executionId="f308efd6-14cf-49f7-9a97-a4cc609e61aa" testListId="8c84fa94-04c1-424b-9868-57a2d4851a1d" />
    <TestEntry testId="8a3016bc-dc5c-f318-332c-93c00a32625f" executionId="148535b8-b122-43eb-93a4-d595e39486b6" testListId="8c84fa94-04c1-424b-9868-57a2d4851a1d" />
    <TestEntry testId="3b795a3c-62c0-b63d-6440-d18a32dc23df" executionId="df7cadca-2a22-45de-9a1a-b4005f993ce7" testListId="8c84fa94-04c1-424b-9868-57a2d4851a1d" />
    <TestEntry testId="bb17a9fd-7898-9aba-aa70-6421975d8071" executionId="fc283060-8df4-4e1a-be3a-7d241d2680ea" testListId="8c84fa94-04c1-424b-9868-57a2d4851a1d" />
    <TestEntry testId="4c6018b6-a2d0-a2ea-3985-8139c247d4e7" executionId="21acaded-842d-4a05-93a9-9bc569fd2371" testListId="8c84fa94-04c1-424b-9868-57a2d4851a1d" />
    <TestEntry testId="118e9903-9130-2c33-d159-3c4519bc8fd8" executionId="1a1860b6-6486-44b9-a29b-a7005b9140df" testListId="8c84fa94-04c1-424b-9868-57a2d4851a1d" />
    <TestEntry testId="0322d7b9-8b1c-08c4-7a59-cce574dc9bc8" executionId="2f4d7686-13ac-49b0-b005-3a018b51eff6" testListId="8c84fa94-04c1-424b-9868-57a2d4851a1d" />
    <TestEntry testId="eacba0aa-7293-a1da-3130-9015ff196f5a" executionId="bf874f08-3988-48d9-b51d-f885dd2f3764" testListId="8c84fa94-04c1-424b-9868-57a2d4851a1d" />
    <TestEntry testId="f113974d-6196-5c99-3688-0cbfb47f7f73" executionId="8a5e6a7b-b2a3-4184-afc5-9c53ac8d9969" testListId="8c84fa94-04c1-424b-9868-57a2d4851a1d" />
    <TestEntry testId="e6698e3a-8089-9ea9-379a-4c111103df76" executionId="8bd9e232-15aa-4656-a632-c30f89bb31f1" testListId="8c84fa94-04c1-424b-9868-57a2d4851a1d" />
    <TestEntry testId="d5532f31-dd55-50a2-0c75-ce189325a488" executionId="e04c8a83-55e1-4b54-8bbb-2c88b33500a8" testListId="8c84fa94-04c1-424b-9868-57a2d4851a1d" />
    <TestEntry testId="f3446903-7b41-79ae-13d2-c61d34cd7f11" executionId="13c5d3ed-7bc6-4cc6-ac0d-31dbc15518f9" testListId="8c84fa94-04c1-424b-9868-57a2d4851a1d" />
    <TestEntry testId="9b7e6aca-8eb4-7698-f83c-0d4ac404e02b" executionId="8e392537-3588-4ef7-a058-f0c07f5ff8cf" testListId="8c84fa94-04c1-424b-9868-57a2d4851a1d" />
    <TestEntry testId="a239c67d-5c84-b792-4a4c-efade1c84cee" executionId="4f33daf6-602f-4859-9294-33476606f19f" testListId="8c84fa94-04c1-424b-9868-57a2d4851a1d" />
    <TestEntry testId="4ea828aa-4b25-b6aa-5678-2a0ebe1a61bb" executionId="77847bdb-97ab-494a-819c-3d3ec7537a1c" testListId="8c84fa94-04c1-424b-9868-57a2d4851a1d" />
    <TestEntry testId="6b4e95ab-9fc7-e72e-2f6b-a35ca163b7a3" executionId="66489e5e-031c-4fec-90d1-d0517c42abdb" testListId="8c84fa94-04c1-424b-9868-57a2d4851a1d" />
    <TestEntry testId="85180199-1e32-9f50-3b30-a55c4a00ff89" executionId="26dd1c91-9902-4b3c-aea0-753e25c65683" testListId="8c84fa94-04c1-424b-9868-57a2d4851a1d" />
    <TestEntry testId="cbbc8f11-2d37-c3ca-67e6-6463ba7ab911" executionId="676e32dc-3de7-41b4-9f48-5d24fc325e91" testListId="8c84fa94-04c1-424b-9868-57a2d4851a1d" />
    <TestEntry testId="0b757631-4497-ce16-b088-f4508a34eafa" executionId="ac1b2857-8b1d-4ec5-b3cc-6f89bb8f00be" testListId="8c84fa94-04c1-424b-9868-57a2d4851a1d" />
    <TestEntry testId="47166a22-e9ee-f46f-4a3c-7d574c1f81ea" executionId="593910aa-078b-40f2-8f50-b7000f1fc017" testListId="8c84fa94-04c1-424b-9868-57a2d4851a1d" />
    <TestEntry testId="9ecf621e-cfbc-f21c-8c35-869ec7749a1a" executionId="08de6f05-85b7-4732-8b9c-997b5b603fa5" testListId="8c84fa94-04c1-424b-9868-57a2d4851a1d" />
    <TestEntry testId="fb3edcd3-829e-0e17-ce66-6b4e53e49a80" executionId="b7e567a9-3c83-45c2-9cbe-975037e91182" testListId="8c84fa94-04c1-424b-9868-57a2d4851a1d" />
    <TestEntry testId="eb83f97b-9899-a203-b623-6e370654ab56" executionId="bfff6748-4453-4817-881a-895e7823d1f9" testListId="8c84fa94-04c1-424b-9868-57a2d4851a1d" />
    <TestEntry testId="9a1004e6-edbb-870f-2548-c2e023875b1e" executionId="a300c0ed-abbe-459b-b14a-19459068e01b" testListId="8c84fa94-04c1-424b-9868-57a2d4851a1d" />
    <TestEntry testId="b05a4d01-a809-8b77-7f9a-99e46d6f68e2" executionId="c195347b-63b1-4043-9d3a-5b6edb2d4264" testListId="8c84fa94-04c1-424b-9868-57a2d4851a1d" />
    <TestEntry testId="4d9f2789-87ed-41dd-9655-e679a1f14061" executionId="72176c0b-0443-432a-93d6-37a11ee4bc66" testListId="8c84fa94-04c1-424b-9868-57a2d4851a1d" />
    <TestEntry testId="fe2b3c98-a5cb-193a-4172-4755b80fd785" executionId="1f442540-cb2a-42ec-8c0d-99a434695b91" testListId="8c84fa94-04c1-424b-9868-57a2d4851a1d" />
    <TestEntry testId="36da5d62-3f4b-95bf-ee5b-07de0fd8bc0b" executionId="bf0ea6b2-96cf-45e8-9876-1a69fc30473f" testListId="8c84fa94-04c1-424b-9868-57a2d4851a1d" />
    <TestEntry testId="b6c9dd08-049f-6c8d-0458-68f33c88ad6d" executionId="e97015ca-8f96-4df1-a67c-5110c5262741" testListId="8c84fa94-04c1-424b-9868-57a2d4851a1d" />
    <TestEntry testId="24bd7e98-d3ad-8127-b694-e17d37fd85e2" executionId="46d9d955-d0ef-40d1-9ca5-a7e9cc40485e" testListId="8c84fa94-04c1-424b-9868-57a2d4851a1d" />
    <TestEntry testId="469e3971-d495-ccb7-1746-a81e8da9db4c" executionId="5301cc8d-c697-45a8-93c4-6a257dbeb986" testListId="8c84fa94-04c1-424b-9868-57a2d4851a1d" />
    <TestEntry testId="a25feced-02c4-174f-4cb7-4aaebd7c8e2e" executionId="53475117-515d-4e60-99f6-b93f10058ba4" testListId="8c84fa94-04c1-424b-9868-57a2d4851a1d" />
    <TestEntry testId="bf20a527-3c6a-42b7-f55d-0b5db4372e05" executionId="82ef4590-ea1b-4929-b54f-92c187d3487d" testListId="8c84fa94-04c1-424b-9868-57a2d4851a1d" />
    <TestEntry testId="4ad99740-516c-32e4-a730-7bd1b81e48e9" executionId="b9e5de00-486f-40c1-948a-03d0473ea278" testListId="8c84fa94-04c1-424b-9868-57a2d4851a1d" />
    <TestEntry testId="27cb08c4-5264-0f56-2030-75eecc0db0f8" executionId="b75c413d-13f1-43fa-a809-282e0187212e" testListId="8c84fa94-04c1-424b-9868-57a2d4851a1d" />
    <TestEntry testId="597466f3-f67f-05d2-1832-0fc509d6df4f" executionId="ffaffab7-6566-4051-8e05-cd22202f9c91" testListId="8c84fa94-04c1-424b-9868-57a2d4851a1d" />
    <TestEntry testId="f2e23a87-e9af-6449-2d22-3352d020cecb" executionId="324f5862-ac5d-486f-83f6-e57c116c2107" testListId="8c84fa94-04c1-424b-9868-57a2d4851a1d" />
    <TestEntry testId="b7ba1de5-d226-a3a1-a723-04f76af8dc1a" executionId="b9c8dcb2-c184-40d3-8dbd-72651c3154d8" testListId="8c84fa94-04c1-424b-9868-57a2d4851a1d" />
    <TestEntry testId="d1020b62-0221-c907-38c1-65f245862ef0" executionId="818afbf6-82a1-4956-973b-13006c14414d" testListId="8c84fa94-04c1-424b-9868-57a2d4851a1d" />
    <TestEntry testId="34f50da9-ed00-6e35-9dd5-78869aba346b" executionId="98512197-2d12-4f61-9aae-c19d8892cbc9" testListId="8c84fa94-04c1-424b-9868-57a2d4851a1d" />
    <TestEntry testId="5c761efb-3ab3-7c37-22f8-1afed1ef02df" executionId="33e4c154-38e7-4569-a4d0-cda4f960276e" testListId="8c84fa94-04c1-424b-9868-57a2d4851a1d" />
    <TestEntry testId="cb9d0c98-e853-302e-ed02-acc18ba7a8cb" executionId="06302a64-326a-4186-88d1-452df5c69683" testListId="8c84fa94-04c1-424b-9868-57a2d4851a1d" />
    <TestEntry testId="20e09d9e-acc5-a742-b004-b0120052a188" executionId="1348904f-375a-4378-b13c-d03fcce55c4f" testListId="8c84fa94-04c1-424b-9868-57a2d4851a1d" />
    <TestEntry testId="775d70fe-590c-c205-0176-cd6623e45e44" executionId="1db4d0d2-d455-4903-859d-422f02ea7d94" testListId="8c84fa94-04c1-424b-9868-57a2d4851a1d" />
    <TestEntry testId="f08e2940-03b5-962a-9157-b78053acc8bb" executionId="a9497da7-c907-435e-ad92-4a0342861d89" testListId="8c84fa94-04c1-424b-9868-57a2d4851a1d" />
    <TestEntry testId="aebdc582-32b9-e8ee-3afe-c780cf4e9767" executionId="cc5c385d-52ea-47d0-b0a9-d4aadc39bcae" testListId="8c84fa94-04c1-424b-9868-57a2d4851a1d" />
    <TestEntry testId="3751798e-b752-1fe6-4a26-c4019048cb73" executionId="5be8c98d-341e-4937-b7b3-a8c5ae28b905" testListId="8c84fa94-04c1-424b-9868-57a2d4851a1d" />
    <TestEntry testId="09ad64c8-9c28-8c89-6c8b-698430956027" executionId="70df1ebf-4e11-4fbc-83a5-27bf623aca9d" testListId="8c84fa94-04c1-424b-9868-57a2d4851a1d" />
    <TestEntry testId="14871b1e-fee8-8f64-d3ec-b37f2f42c405" executionId="39be78e8-363b-4306-9ab6-aaa7795a58e7" testListId="8c84fa94-04c1-424b-9868-57a2d4851a1d" />
    <TestEntry testId="6420005d-0a7e-b76b-adf2-95281f84034a" executionId="e03027ca-4df9-4c87-883f-989cc686e702" testListId="8c84fa94-04c1-424b-9868-57a2d4851a1d" />
    <TestEntry testId="fd31f0e3-582e-68cd-1acc-f417bb79c414" executionId="d7c3f13a-c6f4-4ce6-87b8-b79ad49444e9" testListId="8c84fa94-04c1-424b-9868-57a2d4851a1d" />
    <TestEntry testId="dfe4bad9-e99d-71e6-5e58-444e8b8320a6" executionId="c43bf08c-ce0f-433a-8e50-a6c345bb25d8" testListId="8c84fa94-04c1-424b-9868-57a2d4851a1d" />
    <TestEntry testId="9adf8e1d-5425-3af4-199c-670091b0e7f2" executionId="ceeff0ed-24d8-4273-a8f8-bfca7f78a096" testListId="8c84fa94-04c1-424b-9868-57a2d4851a1d" />
    <TestEntry testId="04ec1356-2e14-2bc5-09d5-c0433536a590" executionId="256f8a50-4d7e-413b-a86d-520270aa5c6b" testListId="8c84fa94-04c1-424b-9868-57a2d4851a1d" />
    <TestEntry testId="a9cce534-0fbd-9d63-9844-99fc62c44ac2" executionId="1b389a68-9d80-481c-ad7a-dcafb9f8cb5c" testListId="8c84fa94-04c1-424b-9868-57a2d4851a1d" />
    <TestEntry testId="66cef1b6-df2b-6c73-abec-c819bbfc8fff" executionId="8a89936e-edb5-4266-90aa-f1ecf6c811d5" testListId="8c84fa94-04c1-424b-9868-57a2d4851a1d" />
    <TestEntry testId="46b67cd3-1f02-7287-a85d-d0b343ec63fe" executionId="b7ead91e-b3a5-4c7c-b574-fdaef3bf19ca" testListId="8c84fa94-04c1-424b-9868-57a2d4851a1d" />
    <TestEntry testId="f829df75-7b30-e6a8-2839-d3ef0a057631" executionId="f265924a-3d06-4890-bcb6-394e0350a0de" testListId="8c84fa94-04c1-424b-9868-57a2d4851a1d" />
    <TestEntry testId="c46c26f2-8a04-0d52-ba47-dba5aa104132" executionId="3e86e758-cc7d-4b01-9cd0-4a8fe2bd17b1" testListId="8c84fa94-04c1-424b-9868-57a2d4851a1d" />
    <TestEntry testId="f79cca05-0890-22c6-a7d9-f3b4a5aad9d4" executionId="331bcbea-5d3f-4ea3-ab03-6a180f974c0b" testListId="8c84fa94-04c1-424b-9868-57a2d4851a1d" />
    <TestEntry testId="d28a03eb-b85a-14a9-f631-d3105779f09a" executionId="c2c7c72a-49af-408f-ae59-7ac7e7a4ac1b" testListId="8c84fa94-04c1-424b-9868-57a2d4851a1d" />
    <TestEntry testId="9d6520d1-af7d-bea7-c7de-86d60ce16f98" executionId="979268de-bf6f-4ed1-aa96-03d3589142c5" testListId="8c84fa94-04c1-424b-9868-57a2d4851a1d" />
    <TestEntry testId="756b69b6-d74d-d7ed-87d0-147bb1cde5d6" executionId="43432f66-92ca-4524-81e2-8db80c47c24e" testListId="8c84fa94-04c1-424b-9868-57a2d4851a1d" />
    <TestEntry testId="666cda51-e005-db06-1d08-820838bbda64" executionId="07136221-d655-45d7-9320-1f114633cce7" testListId="8c84fa94-04c1-424b-9868-57a2d4851a1d" />
    <TestEntry testId="2d8a2b85-bd9b-e1cd-d9bf-89bfa72356e6" executionId="3ab3986d-af98-4dfa-ba7c-05fedb391906" testListId="8c84fa94-04c1-424b-9868-57a2d4851a1d" />
    <TestEntry testId="f5006b00-e4be-982d-0d4a-1ffaca12ed3b" executionId="4a556c5a-0ee8-48d0-a899-9833ecbca292" testListId="8c84fa94-04c1-424b-9868-57a2d4851a1d" />
    <TestEntry testId="f08de46c-ca20-d8e6-106b-5b2874ffe012" executionId="702f9ced-fe21-4cf3-9414-d14cc5efa541" testListId="8c84fa94-04c1-424b-9868-57a2d4851a1d" />
    <TestEntry testId="a15d5ce4-ffd0-f53b-d593-b5bfcb8f92ce" executionId="52d7cb8a-ae4a-4a63-a83a-d10a9914cd38" testListId="8c84fa94-04c1-424b-9868-57a2d4851a1d" />
    <TestEntry testId="e3c788c4-9f38-f0d1-0f76-b0577fc9ebe1" executionId="db84572f-b5a1-443b-96d9-73f8cb60a9f7" testListId="8c84fa94-04c1-424b-9868-57a2d4851a1d" />
    <TestEntry testId="aeecf389-67af-3fd9-c8b0-27667e546e43" executionId="a9431950-f2c7-468b-8b30-4906dd8fb077" testListId="8c84fa94-04c1-424b-9868-57a2d4851a1d" />
    <TestEntry testId="0c24c63b-3830-3301-a1e5-5fe7e0645615" executionId="e45cbc8c-c283-4d4c-ae27-64c4fe271072" testListId="8c84fa94-04c1-424b-9868-57a2d4851a1d" />
    <TestEntry testId="d844a397-e552-f0d0-b83f-8bd4713378de" executionId="1de57140-3bf3-421f-9c5b-30e7986afc87" testListId="8c84fa94-04c1-424b-9868-57a2d4851a1d" />
    <TestEntry testId="52a66103-f7ac-c74a-4e36-db65831a08b9" executionId="96272ebc-cc68-4a93-9af2-ad687592194e" testListId="8c84fa94-04c1-424b-9868-57a2d4851a1d" />
    <TestEntry testId="17956988-fbb9-e1e1-7909-4be3b13a756c" executionId="224bdc26-1cf4-4e9a-8b13-4182af9ed926" testListId="8c84fa94-04c1-424b-9868-57a2d4851a1d" />
    <TestEntry testId="a9a908d2-3862-5343-289a-a4264e93defb" executionId="fe2d7938-7385-4f57-b9a3-66874297d947" testListId="8c84fa94-04c1-424b-9868-57a2d4851a1d" />
    <TestEntry testId="693eff82-1c67-fdd6-eae1-9f510e5dbd34" executionId="ba7e895a-e145-491d-b88f-1d6610d2bd5e" testListId="8c84fa94-04c1-424b-9868-57a2d4851a1d" />
    <TestEntry testId="831622b0-314b-7323-66a1-e3824518461f" executionId="5483c4a9-2aa3-448e-8900-6615bc724f06" testListId="8c84fa94-04c1-424b-9868-57a2d4851a1d" />
    <TestEntry testId="2a7e10bc-b7aa-47a9-64ed-a953b3d8bd98" executionId="d338414a-58b3-4eed-bc44-f56b1bd36935" testListId="8c84fa94-04c1-424b-9868-57a2d4851a1d" />
    <TestEntry testId="471cc151-731f-6811-8625-d435f887b64b" executionId="e17a34d3-c9ff-44a1-89e9-e076f6dfa129" testListId="8c84fa94-04c1-424b-9868-57a2d4851a1d" />
    <TestEntry testId="57c26824-d037-9a67-ff0c-1a78bd86fa67" executionId="248cc016-8e0d-4bb5-ac9e-a767c85754af" testListId="8c84fa94-04c1-424b-9868-57a2d4851a1d" />
    <TestEntry testId="21891b69-8b52-3257-fb35-c3de556a2f53" executionId="26dbf297-3a0a-4987-bf17-dce03da31970" testListId="8c84fa94-04c1-424b-9868-57a2d4851a1d" />
    <TestEntry testId="ee2c155f-9f44-bf81-a741-c75b7733d35d" executionId="e8ccd2f7-fc6d-474e-bad3-72d06e6df1fc" testListId="8c84fa94-04c1-424b-9868-57a2d4851a1d" />
    <TestEntry testId="c406669d-57b4-4913-dd09-68dc4162e40a" executionId="e9503b52-3fbf-4617-a049-10e3fb11ed17" testListId="8c84fa94-04c1-424b-9868-57a2d4851a1d" />
    <TestEntry testId="4a1ed136-e236-4f66-48b3-0f2c02687ec1" executionId="b951d26a-5aab-454c-a237-3da223c2448d" testListId="8c84fa94-04c1-424b-9868-57a2d4851a1d" />
    <TestEntry testId="47f1f8d9-e02d-e2a5-ffdf-d6fdd03bfe92" executionId="7536fd30-2075-4cce-8a7b-d0291cf9ac5e" testListId="8c84fa94-04c1-424b-9868-57a2d4851a1d" />
    <TestEntry testId="884f31dd-1b05-e7e7-c13a-35d9e07a242a" executionId="bcea10d0-28a5-40e5-9bda-b32eafc3b583" testListId="8c84fa94-04c1-424b-9868-57a2d4851a1d" />
    <TestEntry testId="f0fd50cc-de21-cc73-10ee-ea0eb06682a7" executionId="1778abf3-ff7c-4c4f-b3f7-376fa54fd274" testListId="8c84fa94-04c1-424b-9868-57a2d4851a1d" />
    <TestEntry testId="7d11ee05-8db2-3841-16d7-f2e15843dc7c" executionId="c5c96bfb-a34e-4b5c-98a3-ccdcd5e242a3" testListId="8c84fa94-04c1-424b-9868-57a2d4851a1d" />
    <TestEntry testId="1cafecf2-7632-839d-159c-41a7b90f05a8" executionId="ae4ad6c6-f7c0-48d7-967b-dde42f301909" testListId="8c84fa94-04c1-424b-9868-57a2d4851a1d" />
    <TestEntry testId="e5adaab7-d170-d4d5-56d3-cf9dbaa3cb5e" executionId="03d04cc8-e2a2-40ab-8e4b-672bee43d3e7" testListId="8c84fa94-04c1-424b-9868-57a2d4851a1d" />
    <TestEntry testId="95127249-c5fd-b1de-a206-395b9ac64940" executionId="07e23a1b-1d9a-49e8-8b8c-a6e8bf64c2fe" testListId="8c84fa94-04c1-424b-9868-57a2d4851a1d" />
    <TestEntry testId="6bfcb065-d346-3310-4502-68ebb980533d" executionId="6425fe0c-0192-4052-ab6e-2f2a5142dd5c" testListId="8c84fa94-04c1-424b-9868-57a2d4851a1d" />
    <TestEntry testId="2b6d4d06-2cb8-2fc5-8776-fd2cac4659bd" executionId="e01fa26f-a3ab-4c2b-bea3-6157e03b0516" testListId="8c84fa94-04c1-424b-9868-57a2d4851a1d" />
    <TestEntry testId="032c91e4-a6ac-2e32-ba0d-7ef820366194" executionId="c706d26d-bc29-452f-8d47-7a45ed84157f" testListId="8c84fa94-04c1-424b-9868-57a2d4851a1d" />
    <TestEntry testId="11be4daf-1a80-0684-b175-d9a40a58d597" executionId="88d003b3-05ef-458c-8fad-684a3c609304" testListId="8c84fa94-04c1-424b-9868-57a2d4851a1d" />
    <TestEntry testId="c3a5f685-f450-0831-b72f-14c47e4ca1f6" executionId="e272e825-3bd6-41d6-874d-925c8265932e" testListId="8c84fa94-04c1-424b-9868-57a2d4851a1d" />
    <TestEntry testId="03a2e946-36f6-61d3-34e0-8f7e7b0fa688" executionId="879dab36-eef6-4566-bc42-9cb73428dfce" testListId="8c84fa94-04c1-424b-9868-57a2d4851a1d" />
    <TestEntry testId="bf0b0ed6-93e3-ee89-27a4-8510ec3c05b4" executionId="809623cf-8954-415f-b828-3701bd90f9c0" testListId="8c84fa94-04c1-424b-9868-57a2d4851a1d" />
    <TestEntry testId="70f0bd13-6e85-9ee5-98a5-ca2589593021" executionId="d0dc5146-b120-4b5f-a798-73330111e1f6" testListId="8c84fa94-04c1-424b-9868-57a2d4851a1d" />
    <TestEntry testId="27a24bbb-5e8a-5815-b7d5-ec44b129227a" executionId="413eddcb-85b9-4526-ade3-c1226cedfd25" testListId="8c84fa94-04c1-424b-9868-57a2d4851a1d" />
    <TestEntry testId="e5f1d9f5-c29f-f8fb-62ca-365477e39b3d" executionId="9c6bb518-eabe-4b67-9829-d7f94e5d5466" testListId="8c84fa94-04c1-424b-9868-57a2d4851a1d" />
    <TestEntry testId="c3fe49f6-7162-5f8a-6a18-4f2a0146acea" executionId="da201c56-2b92-4aee-9d34-a0d78d2da0a1" testListId="8c84fa94-04c1-424b-9868-57a2d4851a1d" />
    <TestEntry testId="3aa406a4-801b-40e4-fc5e-76a260e196d7" executionId="ddd9ca83-79d6-409e-b28c-d3b7e85eadf9" testListId="8c84fa94-04c1-424b-9868-57a2d4851a1d" />
    <TestEntry testId="f4b29e79-b725-906a-8b9a-dd8edabb5bbc" executionId="0446a69e-e04f-4080-99ee-a4f5bc432272" testListId="8c84fa94-04c1-424b-9868-57a2d4851a1d" />
    <TestEntry testId="a7b3c0c7-0cb6-68bb-d534-ede8473da958" executionId="f6c1ab86-3e07-439f-ad5d-057bfe5e2d0b" testListId="8c84fa94-04c1-424b-9868-57a2d4851a1d" />
    <TestEntry testId="9804c22f-ae29-ba3f-d667-333571664677" executionId="1fac13a7-de30-484e-a456-66936797b5a8" testListId="8c84fa94-04c1-424b-9868-57a2d4851a1d" />
    <TestEntry testId="e1813d35-5b77-82b8-8bd4-f49e34412e95" executionId="602f8c25-3365-489b-9702-d5994bd76d60" testListId="8c84fa94-04c1-424b-9868-57a2d4851a1d" />
    <TestEntry testId="74a9a422-fb97-fcda-9283-e89d3b4a540b" executionId="bb941e99-23cc-4a02-9120-f26fc237a2d7" testListId="8c84fa94-04c1-424b-9868-57a2d4851a1d" />
    <TestEntry testId="f12de5d8-e938-0034-8b71-4eb971ae04a8" executionId="a8c98d68-ca30-40f7-9f80-638239d8407a" testListId="8c84fa94-04c1-424b-9868-57a2d4851a1d" />
    <TestEntry testId="c9938d85-5f8c-1503-d2f8-93829f01fbeb" executionId="68b15e96-98c1-4395-9709-81826f57e08c" testListId="8c84fa94-04c1-424b-9868-57a2d4851a1d" />
    <TestEntry testId="292e0379-7da4-8ac4-9e3f-450370bb2b79" executionId="d54d3205-d0ca-42cb-9108-bd18af71f1f5" testListId="8c84fa94-04c1-424b-9868-57a2d4851a1d" />
    <TestEntry testId="2ef976bc-6c0a-b4c2-54d0-7da223bff2d1" executionId="5450b253-bb13-4f50-9727-c3f0d84bf6f3" testListId="8c84fa94-04c1-424b-9868-57a2d4851a1d" />
    <TestEntry testId="46f628a7-d311-645f-80fd-fd39d5356211" executionId="788b0120-041e-4897-933c-094d606dbc9c" testListId="8c84fa94-04c1-424b-9868-57a2d4851a1d" />
    <TestEntry testId="cabf96a9-a1a7-bd87-f408-8dd3b9253bd7" executionId="71d5f7b8-ed66-4ae8-856e-05fde3df41d4" testListId="8c84fa94-04c1-424b-9868-57a2d4851a1d" />
    <TestEntry testId="76c1bbb2-a2a1-178c-efcd-a072f54f3f04" executionId="c2be09a0-b596-466e-bdb4-b7c9e916d71f" testListId="8c84fa94-04c1-424b-9868-57a2d4851a1d" />
    <TestEntry testId="249af250-94c8-37ea-37d3-9e90279adc97" executionId="92ed8083-089c-46d2-9509-9ff5b31cef38" testListId="8c84fa94-04c1-424b-9868-57a2d4851a1d" />
    <TestEntry testId="74031c7e-b6c0-77dd-ffdf-6ba418041ad5" executionId="dd1191f6-345a-436b-a9d8-de4f53b428cb" testListId="8c84fa94-04c1-424b-9868-57a2d4851a1d" />
    <TestEntry testId="348a55a5-0fcc-d6ff-5270-9d1230a9d465" executionId="55101a8a-5513-40c6-b681-88f8da0c813b" testListId="8c84fa94-04c1-424b-9868-57a2d4851a1d" />
    <TestEntry testId="07523d1f-e91c-effe-41f2-ada415cbdc4a" executionId="0f2d4ec4-ee3a-4e7f-8a64-d15f442c154b" testListId="8c84fa94-04c1-424b-9868-57a2d4851a1d" />
    <TestEntry testId="58abb4f2-9cc4-5246-7133-13980e77f7d7" executionId="1c33646c-ca53-4191-8f8b-943e7e1f6e47" testListId="8c84fa94-04c1-424b-9868-57a2d4851a1d" />
    <TestEntry testId="c65d7e53-3983-c8a1-2316-5b1b9fc2f0f9" executionId="eacf68cf-c532-45b4-a8af-daf9f67dfd12" testListId="8c84fa94-04c1-424b-9868-57a2d4851a1d" />
    <TestEntry testId="361a7c21-7cb6-836c-7e6b-651eee133fc9" executionId="bbe85f4a-72b6-4b45-b4fd-bd49009ba3e3" testListId="8c84fa94-04c1-424b-9868-57a2d4851a1d" />
    <TestEntry testId="25cee678-c497-127f-c659-e1179d4365f7" executionId="5803c95c-9fc6-4415-a3eb-934536c07e72" testListId="8c84fa94-04c1-424b-9868-57a2d4851a1d" />
    <TestEntry testId="9442f3d6-90f3-240d-08eb-80f9526e488d" executionId="a465b39a-2aa3-404c-873c-2ccfb6de83f2" testListId="8c84fa94-04c1-424b-9868-57a2d4851a1d" />
    <TestEntry testId="ae5cb392-ff0d-557e-5f2d-ad64330f62cf" executionId="209b26a7-9478-4369-a80f-f5417f21f1eb" testListId="8c84fa94-04c1-424b-9868-57a2d4851a1d" />
    <TestEntry testId="8467a62a-55bb-1bb4-1183-a2ad9918beb1" executionId="d1ade284-40b9-43d0-afdb-6c762b12e94e" testListId="8c84fa94-04c1-424b-9868-57a2d4851a1d" />
    <TestEntry testId="03cabd3a-f254-1e66-9b78-cf90588daa73" executionId="d93e13a8-8892-4c1f-ae39-ea81bfc24bb7" testListId="8c84fa94-04c1-424b-9868-57a2d4851a1d" />
    <TestEntry testId="caab16fa-0336-e291-9f6e-a16befa87b37" executionId="8a9f0b66-2194-4a74-ae47-a6a72bbdd9d6" testListId="8c84fa94-04c1-424b-9868-57a2d4851a1d" />
    <TestEntry testId="a87843cf-16eb-d447-3184-a3e58b5a9220" executionId="476724ea-76cb-44bd-97df-01dbd7866713" testListId="8c84fa94-04c1-424b-9868-57a2d4851a1d" />
    <TestEntry testId="ea7678de-57e2-3b3f-01d1-0b35e1bd0bea" executionId="3628e993-8150-46d5-8eca-9f5445ffa396" testListId="8c84fa94-04c1-424b-9868-57a2d4851a1d" />
    <TestEntry testId="5c052b40-b637-57c8-be60-633e8de9a5d4" executionId="e67838c3-c78e-4f7a-935f-6de0e3d5cb82" testListId="8c84fa94-04c1-424b-9868-57a2d4851a1d" />
    <TestEntry testId="629704bf-84e0-c230-a183-dfaf72f0925e" executionId="fff95e87-c4fa-4143-a230-5f62edda6cbc" testListId="8c84fa94-04c1-424b-9868-57a2d4851a1d" />
    <TestEntry testId="66cd675e-9dc1-7f5b-859d-4ce48f2175e9" executionId="7b334faf-e495-4569-93f4-432ce85a745e" testListId="8c84fa94-04c1-424b-9868-57a2d4851a1d" />
    <TestEntry testId="2ed17502-9672-2f5d-9dec-047abc765e0d" executionId="8787b1ea-f5a6-4e5d-920b-2c7da669082d" testListId="8c84fa94-04c1-424b-9868-57a2d4851a1d" />
    <TestEntry testId="e63379fa-1278-efe2-726f-06fe3c693166" executionId="757e6739-d13d-4c8a-9e91-cafe9a92144a" testListId="8c84fa94-04c1-424b-9868-57a2d4851a1d" />
    <TestEntry testId="134dda9b-9265-22a5-a050-705108f3b467" executionId="a93c832a-ceb7-4e48-9820-bfffe7d298cf" testListId="8c84fa94-04c1-424b-9868-57a2d4851a1d" />
    <TestEntry testId="d1f7f9d4-a2d8-fd8c-989e-2d7a41c253ab" executionId="6e1003cf-5a98-45fd-8fd1-dc1abc92c27c" testListId="8c84fa94-04c1-424b-9868-57a2d4851a1d" />
    <TestEntry testId="eab15f37-78b1-0106-06ff-ada5792ff1b1" executionId="3db4c406-d895-4427-a6e4-388e9b21d2f3" testListId="8c84fa94-04c1-424b-9868-57a2d4851a1d" />
    <TestEntry testId="de806d01-67f3-fb7f-c409-05e703183095" executionId="833c13d8-0baf-45da-9b89-678cb2791fc5" testListId="8c84fa94-04c1-424b-9868-57a2d4851a1d" />
    <TestEntry testId="930ec06f-701e-5570-6bd6-289faf85633b" executionId="6d7d2b0d-8a79-4715-95d1-e12ff8d3a6e2" testListId="8c84fa94-04c1-424b-9868-57a2d4851a1d" />
    <TestEntry testId="628e6413-ffb8-20ef-887e-10b4ecf77c18" executionId="1329938b-4915-4df6-a72c-97f4292f4238" testListId="8c84fa94-04c1-424b-9868-57a2d4851a1d" />
    <TestEntry testId="de32d5df-9189-92e3-6a8c-3d247ec71657" executionId="b3371548-6151-41aa-b0cb-74175a338661" testListId="8c84fa94-04c1-424b-9868-57a2d4851a1d" />
    <TestEntry testId="89a45def-634f-decc-b633-9e73b92781b0" executionId="7c821f9f-9c72-4824-a885-cc0de2170c8c" testListId="8c84fa94-04c1-424b-9868-57a2d4851a1d" />
    <TestEntry testId="1670871d-d292-208e-19d6-10cb9fd6a5e5" executionId="e716035c-45c2-4892-832d-ce6a4e77aa32" testListId="8c84fa94-04c1-424b-9868-57a2d4851a1d" />
    <TestEntry testId="89552b5d-ca08-1714-8f9f-6c8510c744bf" executionId="e6544fd8-b3a2-4f23-9508-205e15855fbf" testListId="8c84fa94-04c1-424b-9868-57a2d4851a1d" />
    <TestEntry testId="47fc73df-b6bd-a70f-e5d2-bc6c1b3a0cce" executionId="4c8c1008-bf1d-4882-8ca6-6775a3779eb1" testListId="8c84fa94-04c1-424b-9868-57a2d4851a1d" />
    <TestEntry testId="600fbf16-7497-dc66-1752-e29b89a4a85d" executionId="60a4fd0b-1334-44d6-8bf1-b9d5c5c46521" testListId="8c84fa94-04c1-424b-9868-57a2d4851a1d" />
    <TestEntry testId="9c26ed14-c131-0c2c-7151-6f13a5b07922" executionId="c3f55aa2-95d4-46d1-9061-7fb07da2b204" testListId="8c84fa94-04c1-424b-9868-57a2d4851a1d" />
    <TestEntry testId="a4986792-fbf3-74e1-9e23-e9afb21d48f8" executionId="9998141d-492c-4e42-ad42-4f4497f2714b" testListId="8c84fa94-04c1-424b-9868-57a2d4851a1d" />
    <TestEntry testId="b7126675-d717-c811-4be5-d895b949d03e" executionId="b921fac3-48c6-4f98-9a63-dea77056069c" testListId="8c84fa94-04c1-424b-9868-57a2d4851a1d" />
    <TestEntry testId="cb5ae8f8-0206-01b1-8aaa-55ca4e09a16a" executionId="6b259483-2bb4-4807-af66-76bceefd848b" testListId="8c84fa94-04c1-424b-9868-57a2d4851a1d" />
    <TestEntry testId="e46e354e-fbb8-714a-fbac-3ca7308b9753" executionId="f918ddd4-d638-45e8-bf86-7c140666e9c3" testListId="8c84fa94-04c1-424b-9868-57a2d4851a1d" />
    <TestEntry testId="a14ca053-aae4-f91a-2c83-435378104530" executionId="f87caa36-2947-4d20-b4da-0650c96b8993" testListId="8c84fa94-04c1-424b-9868-57a2d4851a1d" />
    <TestEntry testId="8e68a4d0-ada4-e02b-757f-04caeb2912c7" executionId="82692c11-957b-45f3-a3b1-e9383bfcb48b" testListId="8c84fa94-04c1-424b-9868-57a2d4851a1d" />
    <TestEntry testId="52db40dc-741b-a946-a7e3-4e3142923a03" executionId="3e5db137-a078-42e0-8b51-7c64e8649348" testListId="8c84fa94-04c1-424b-9868-57a2d4851a1d" />
    <TestEntry testId="3bf8f421-70cc-ab89-c766-621c57ca2a57" executionId="6405f9e5-21e3-46de-8f73-86c874d1515a" testListId="8c84fa94-04c1-424b-9868-57a2d4851a1d" />
    <TestEntry testId="58ebcbbb-f700-1b50-5bdc-ba2c8b1e9ad5" executionId="a12e49f6-a8c4-4874-b0e6-30ae689c6630" testListId="8c84fa94-04c1-424b-9868-57a2d4851a1d" />
    <TestEntry testId="3e676587-930b-79ad-eab1-73552e8aff13" executionId="2c361d0b-5ebe-42a8-8509-0c93d36982e1" testListId="8c84fa94-04c1-424b-9868-57a2d4851a1d" />
    <TestEntry testId="50c29655-2dca-1e33-b531-83c89e4a1486" executionId="eec81526-8ee9-452e-b18d-b5fac1f8caae" testListId="8c84fa94-04c1-424b-9868-57a2d4851a1d" />
    <TestEntry testId="9fbd8a23-3ddc-3b60-5663-257429bc9dea" executionId="53d38f35-155e-4674-a10b-824909fb73cd" testListId="8c84fa94-04c1-424b-9868-57a2d4851a1d" />
    <TestEntry testId="286a4ee9-1467-8b09-42dc-b1d9cdb71fef" executionId="82534f98-b840-449e-8f91-8686f3ae7b47" testListId="8c84fa94-04c1-424b-9868-57a2d4851a1d" />
    <TestEntry testId="d2ee4913-764d-4b99-1fb8-f3cc3a0fa713" executionId="92a23cab-a516-42bf-993b-cdb1350e90d9" testListId="8c84fa94-04c1-424b-9868-57a2d4851a1d" />
    <TestEntry testId="03e53aee-5f7c-3c19-4449-b0a00503f668" executionId="dd9d41b6-b961-438b-8897-70e8ff710488" testListId="8c84fa94-04c1-424b-9868-57a2d4851a1d" />
    <TestEntry testId="c2eb0682-ea06-9e1a-0778-74de4f584ac4" executionId="d372f80c-7feb-47cc-94fa-3878d3a87e26" testListId="8c84fa94-04c1-424b-9868-57a2d4851a1d" />
    <TestEntry testId="aadffcae-e212-5779-e982-5c2ab00351d0" executionId="0e36761e-62e0-4d2e-a378-5b697641b5e1" testListId="8c84fa94-04c1-424b-9868-57a2d4851a1d" />
    <TestEntry testId="72d9e34e-29ab-9417-1717-18b46ab05f17" executionId="07e5c342-87ff-46e9-96ef-8239f46ba7ac" testListId="8c84fa94-04c1-424b-9868-57a2d4851a1d" />
    <TestEntry testId="5cf05b58-cf0c-1105-c446-5d289ecaf6a6" executionId="79838c56-34eb-4bec-a9b0-2292f1d5b7b9" testListId="8c84fa94-04c1-424b-9868-57a2d4851a1d" />
    <TestEntry testId="90046b91-a015-f65b-3117-d0987d8a474a" executionId="84321630-d688-41ae-a916-c0cff841f55a" testListId="8c84fa94-04c1-424b-9868-57a2d4851a1d" />
    <TestEntry testId="747bc255-ea69-11a9-e918-bf0cb4ba68a9" executionId="bb19e12f-a29f-426c-8530-33bebb2d9e0c" testListId="8c84fa94-04c1-424b-9868-57a2d4851a1d" />
    <TestEntry testId="c36ba2cc-b009-25c0-6514-287e5c64e217" executionId="668df535-2e35-4b96-890d-4085b75fd9fe" testListId="8c84fa94-04c1-424b-9868-57a2d4851a1d" />
    <TestEntry testId="03ac1e37-393a-569a-469e-d8db204c3ba1" executionId="1141bcda-d3eb-4ca7-898e-b44710cfc364" testListId="8c84fa94-04c1-424b-9868-57a2d4851a1d" />
    <TestEntry testId="d20ab570-8e7c-d996-c24d-e785e9625105" executionId="adad243a-d3ab-492c-baa9-7cdbed3ec473" testListId="8c84fa94-04c1-424b-9868-57a2d4851a1d" />
    <TestEntry testId="92af0795-c79c-032a-0a0f-c19a34512038" executionId="220a20c4-495d-4cd1-82d6-2a67c144feed" testListId="8c84fa94-04c1-424b-9868-57a2d4851a1d" />
    <TestEntry testId="ae1a1826-a36e-5f8c-01dc-f55903a7558e" executionId="bf03d433-d802-4b42-bf0e-006619b5cce0" testListId="8c84fa94-04c1-424b-9868-57a2d4851a1d" />
    <TestEntry testId="55af152c-2506-fd01-5d60-b35c168b6e27" executionId="80140f5f-e64f-4255-a936-5df5fdfbfeab" testListId="8c84fa94-04c1-424b-9868-57a2d4851a1d" />
    <TestEntry testId="372627ba-98be-3a65-1c16-1c0d00192966" executionId="618bb637-f7db-47ff-afb2-8b978092d37d" testListId="8c84fa94-04c1-424b-9868-57a2d4851a1d" />
    <TestEntry testId="49d73172-71f6-834d-6ce1-f6fc898d25d6" executionId="683aa2db-e70c-4334-a9fe-482bf543d9b7" testListId="8c84fa94-04c1-424b-9868-57a2d4851a1d" />
    <TestEntry testId="8f8498a3-392f-8ab0-84d5-3d3cd45f2f4d" executionId="98e0fe64-afb3-4261-8f34-971caf268a5d" testListId="8c84fa94-04c1-424b-9868-57a2d4851a1d" />
    <TestEntry testId="b13838e8-dc25-85d7-2868-ae9724efd601" executionId="e459775f-3698-4ea6-9b15-e46cf7416a82" testListId="8c84fa94-04c1-424b-9868-57a2d4851a1d" />
    <TestEntry testId="2f092469-c778-b068-65aa-686b85051585" executionId="b0327ca1-d435-4f86-b7ea-0be6c87fb575" testListId="8c84fa94-04c1-424b-9868-57a2d4851a1d" />
    <TestEntry testId="5e251074-b1d3-8dd8-0947-f92a2661c4ab" executionId="84f8e64f-57ca-4734-862e-d740a0492190" testListId="8c84fa94-04c1-424b-9868-57a2d4851a1d" />
    <TestEntry testId="0561b830-d5ca-b32f-f133-8b215c820d4a" executionId="6cc0b67e-30e4-41ad-97d4-3a4a4e249708" testListId="8c84fa94-04c1-424b-9868-57a2d4851a1d" />
    <TestEntry testId="f001e7ca-7dbf-ee1c-3ee5-02cdd60a9a05" executionId="c9108add-646c-4184-81fb-d23b0959867c" testListId="8c84fa94-04c1-424b-9868-57a2d4851a1d" />
    <TestEntry testId="868cbda8-7566-6f8e-7ec4-7fe544019745" executionId="cebd5147-afc1-475f-a449-038a665838b3" testListId="8c84fa94-04c1-424b-9868-57a2d4851a1d" />
    <TestEntry testId="c55510f0-0e78-a526-4e2e-0d125599cb34" executionId="09008173-4b91-4747-af20-c348d2db9e16" testListId="8c84fa94-04c1-424b-9868-57a2d4851a1d" />
    <TestEntry testId="3eeb3b01-7bba-616f-964e-438dec86d25b" executionId="2ab93a17-3066-4db4-ba5c-b4c2350587e1" testListId="8c84fa94-04c1-424b-9868-57a2d4851a1d" />
    <TestEntry testId="d25276ca-a3f2-976f-8c0e-0fc092b84445" executionId="186af667-3290-44b1-b53a-27ec91eddb01" testListId="8c84fa94-04c1-424b-9868-57a2d4851a1d" />
    <TestEntry testId="568d5929-e1c7-5741-e788-2318268b1e5d" executionId="7ed51347-d164-4d11-91ac-66cb42e89b4d" testListId="8c84fa94-04c1-424b-9868-57a2d4851a1d" />
    <TestEntry testId="dfc4dfbc-7269-6b28-e1f5-9f0b0d377671" executionId="44f99197-39b3-46bb-8d50-5561bc09f007" testListId="8c84fa94-04c1-424b-9868-57a2d4851a1d" />
    <TestEntry testId="af9141b5-210f-61b7-923e-d267e81f195b" executionId="4812df1c-e0bb-45af-a675-992834e72717" testListId="8c84fa94-04c1-424b-9868-57a2d4851a1d" />
    <TestEntry testId="6f87d73c-34cf-adc7-9aed-a6c3c6d2ee7c" executionId="06a47aca-212a-446b-a6e3-f876489437af" testListId="8c84fa94-04c1-424b-9868-57a2d4851a1d" />
    <TestEntry testId="de31985c-2603-1141-3748-461729132b8e" executionId="d019d090-d64d-40dd-b120-54ce90836d25" testListId="8c84fa94-04c1-424b-9868-57a2d4851a1d" />
    <TestEntry testId="4b51e0ad-84c6-bace-e957-e910a250537c" executionId="f95ed6cd-2dea-4f57-a84b-75999752973e" testListId="8c84fa94-04c1-424b-9868-57a2d4851a1d" />
    <TestEntry testId="e61bf97a-46d8-5aab-f282-75d35bde7e67" executionId="efba638f-cc89-4624-a432-689695c6cf10" testListId="8c84fa94-04c1-424b-9868-57a2d4851a1d" />
    <TestEntry testId="d29d2770-0cd4-cf07-d3b1-34c56bee6b22" executionId="839f5871-4a6e-44a5-a316-e10512c3146e" testListId="8c84fa94-04c1-424b-9868-57a2d4851a1d" />
    <TestEntry testId="03ba1923-c55e-38be-1a10-a26a40017b0c" executionId="87999fe1-d041-4633-999a-5cc3574ea3fb" testListId="8c84fa94-04c1-424b-9868-57a2d4851a1d" />
    <TestEntry testId="b3528947-3140-19b7-47c1-9186a491c24d" executionId="baceda9c-a466-4bca-816c-9c06569d3102" testListId="8c84fa94-04c1-424b-9868-57a2d4851a1d" />
    <TestEntry testId="c2f5a41a-b201-fdbb-bb2a-458987fa1194" executionId="0c0153db-9fc2-4db9-a0c8-eaab15a65ad6" testListId="8c84fa94-04c1-424b-9868-57a2d4851a1d" />
    <TestEntry testId="44f16558-e066-b202-692c-849b6408fdc7" executionId="655052aa-01ea-4a8c-80f8-2f6e0be2ed2f" testListId="8c84fa94-04c1-424b-9868-57a2d4851a1d" />
    <TestEntry testId="0e3f5a22-8956-eb9a-64b4-0d0f0c63a36e" executionId="b270d8d4-77f7-43b4-8b19-560ca85d021b" testListId="8c84fa94-04c1-424b-9868-57a2d4851a1d" />
    <TestEntry testId="fd8b4f6c-3004-d98c-6139-f48508cfda01" executionId="c6375db9-1f75-4575-9bed-1ce3ddb9c834" testListId="8c84fa94-04c1-424b-9868-57a2d4851a1d" />
    <TestEntry testId="2f0f48f1-ef9c-25da-5d77-e8495c46dfff" executionId="ec454817-6ef5-4ec8-a70c-2eaa6e8c71cc" testListId="8c84fa94-04c1-424b-9868-57a2d4851a1d" />
    <TestEntry testId="00609bf9-3e29-0661-d8a1-a0581bc3b120" executionId="415b4512-bac7-4b82-a875-88fd43daef49" testListId="8c84fa94-04c1-424b-9868-57a2d4851a1d" />
    <TestEntry testId="c6135017-3a41-e149-fb61-ebfc0d6e7b20" executionId="cdfcd9cb-a313-46e7-950d-2f57610b6c8a" testListId="8c84fa94-04c1-424b-9868-57a2d4851a1d" />
    <TestEntry testId="042d583e-76a4-64df-f6da-63e861fca25a" executionId="5f7b1bfc-e319-4650-addc-640ff9617c7a" testListId="8c84fa94-04c1-424b-9868-57a2d4851a1d" />
    <TestEntry testId="2def859d-cbfd-17d2-533b-0e240c54b2cc" executionId="c9d111e5-210f-4a86-8b4c-091b79cc80fb" testListId="8c84fa94-04c1-424b-9868-57a2d4851a1d" />
    <TestEntry testId="6b2f80c2-6587-4b6f-21e9-396068480691" executionId="7c3e0c55-9a59-46c4-93ec-a7738c1bf310" testListId="8c84fa94-04c1-424b-9868-57a2d4851a1d" />
    <TestEntry testId="5e95de54-5256-4abf-9c1b-e5ebb33e49cb" executionId="e8919377-60b2-4a36-8eda-98cfc515047d" testListId="8c84fa94-04c1-424b-9868-57a2d4851a1d" />
    <TestEntry testId="dd3301a2-77d8-c5ed-b6d0-f67e48c5b7d7" executionId="eb706ab3-f02d-4802-a770-8665a820e90e" testListId="8c84fa94-04c1-424b-9868-57a2d4851a1d" />
    <TestEntry testId="6c75e26f-4585-a581-2610-3a7c062d019a" executionId="b4925a7f-352a-4976-8302-3bc53ed78c4b" testListId="8c84fa94-04c1-424b-9868-57a2d4851a1d" />
    <TestEntry testId="7fd2317b-fcbb-eaf7-aa35-cbf51fbdf387" executionId="a8c4a756-bae4-40a7-83c7-8b71b1c9cdc4" testListId="8c84fa94-04c1-424b-9868-57a2d4851a1d" />
    <TestEntry testId="7f3b5f50-58ee-a48a-8d1f-126281948d8c" executionId="7f09ca9b-6d02-4c22-b701-7e2cc0f25a93" testListId="8c84fa94-04c1-424b-9868-57a2d4851a1d" />
    <TestEntry testId="44ddd51e-4bea-842b-210d-e3a33d5fe5fe" executionId="54d17a57-0d2e-4ea6-b042-92ca0affee35" testListId="8c84fa94-04c1-424b-9868-57a2d4851a1d" />
    <TestEntry testId="3e5511f8-d422-aa86-23dd-fc521938874b" executionId="f5dca395-0c29-478a-9679-bc1fa00bff73" testListId="8c84fa94-04c1-424b-9868-57a2d4851a1d" />
    <TestEntry testId="3da838e8-0dad-1f40-978c-739bfd0f7ea3" executionId="fff692b3-a7be-4cf9-bba4-b17253a22a93" testListId="8c84fa94-04c1-424b-9868-57a2d4851a1d" />
    <TestEntry testId="f2b6a4f0-63d8-5c1f-3951-32d46e9d56be" executionId="4eab4f6c-278b-4af8-9ac7-89912213b3c4" testListId="8c84fa94-04c1-424b-9868-57a2d4851a1d" />
    <TestEntry testId="4d8c25f0-d7bd-92ed-37ad-d86c2d55245a" executionId="70273882-b91d-4c97-95f5-eb8e3deb3339" testListId="8c84fa94-04c1-424b-9868-57a2d4851a1d" />
    <TestEntry testId="6c61d271-6f48-a020-c9f2-12837d76e289" executionId="5eeadf06-f58d-48e3-a0ff-b96216e259c1" testListId="8c84fa94-04c1-424b-9868-57a2d4851a1d" />
    <TestEntry testId="b29cf85a-7ab1-f473-4921-adfc0d0bf4a3" executionId="b0e6545a-c7b9-4a89-a97f-f8df04abc031" testListId="8c84fa94-04c1-424b-9868-57a2d4851a1d" />
    <TestEntry testId="400fb931-55fb-694b-4838-1a9e2a23b8d6" executionId="69913ff8-d392-4704-a87e-7593e9afcd61" testListId="8c84fa94-04c1-424b-9868-57a2d4851a1d" />
    <TestEntry testId="66315720-2e8f-5e11-250b-d5028e9fa527" executionId="eb6c88d3-73b9-41bb-93e3-6ace875c3783" testListId="8c84fa94-04c1-424b-9868-57a2d4851a1d" />
    <TestEntry testId="fbd953d6-8a03-f489-0263-665f257b65e0" executionId="9bbb808a-82b6-4d5c-a0d4-91d505a75d29" testListId="8c84fa94-04c1-424b-9868-57a2d4851a1d" />
    <TestEntry testId="24b47269-5ed4-6bd3-cf4d-e3682162383e" executionId="0cbecb42-34a2-4a30-9649-832d88993c5f" testListId="8c84fa94-04c1-424b-9868-57a2d4851a1d" />
    <TestEntry testId="12b0f6d9-0eb3-91d3-e3b7-29908f0a2122" executionId="1af78593-9ba8-41a8-8b10-07d984f9025b" testListId="8c84fa94-04c1-424b-9868-57a2d4851a1d" />
    <TestEntry testId="0065a262-c7b0-4e8b-ded6-3060cc5f4c75" executionId="867b066c-df12-490c-8ddd-5d95a955e8d3" testListId="8c84fa94-04c1-424b-9868-57a2d4851a1d" />
    <TestEntry testId="9eb492cb-e1ec-25f6-8960-2f1b3e979aa6" executionId="bb17b3c0-2485-47f8-841e-57cc7936a71d" testListId="8c84fa94-04c1-424b-9868-57a2d4851a1d" />
    <TestEntry testId="726480f8-adf1-223d-fd00-87f10c7a175e" executionId="3703f6b1-0bdd-453d-9f46-921bc92ddb3e" testListId="8c84fa94-04c1-424b-9868-57a2d4851a1d" />
    <TestEntry testId="04f86fb8-e515-5a8c-fc4b-8bbd38e028aa" executionId="b670dfcd-3ab4-4099-83d8-70babceaa4d4" testListId="8c84fa94-04c1-424b-9868-57a2d4851a1d" />
    <TestEntry testId="e671112e-7572-5c45-0052-da82f913330c" executionId="1d2a13ba-a75b-48b7-9760-b74648a6c37f" testListId="8c84fa94-04c1-424b-9868-57a2d4851a1d" />
    <TestEntry testId="1bcb02af-6d43-6000-6ac9-0cbc50ca1718" executionId="a4db85b7-96ee-4185-8189-dd15fd711555" testListId="8c84fa94-04c1-424b-9868-57a2d4851a1d" />
    <TestEntry testId="4b69e74e-428c-612c-dd7d-fad19ea4d1cf" executionId="a94a1d3a-c397-4f46-a9e8-8188977c0957" testListId="8c84fa94-04c1-424b-9868-57a2d4851a1d" />
    <TestEntry testId="f6e6225a-f270-0d9c-b143-00762f76023d" executionId="0fba0636-98cb-486f-9ac5-f3722143713c" testListId="8c84fa94-04c1-424b-9868-57a2d4851a1d" />
    <TestEntry testId="6b07e82a-8297-2f27-1d94-ef9324b81de0" executionId="11e68290-e887-4453-b73b-10fd22a5f6b9" testListId="8c84fa94-04c1-424b-9868-57a2d4851a1d" />
    <TestEntry testId="b2700a3b-9696-6543-fb78-10647d7b667c" executionId="405c94ea-3653-478f-93db-102721f04d51" testListId="8c84fa94-04c1-424b-9868-57a2d4851a1d" />
    <TestEntry testId="0059ce66-33a0-9f97-02ce-21491864e749" executionId="c7d6225d-90df-48a0-9afd-c19685c0d9a3" testListId="8c84fa94-04c1-424b-9868-57a2d4851a1d" />
    <TestEntry testId="b5e53efe-85ff-ac10-4333-c56df4ce3c73" executionId="6a46e91a-3272-4185-a6b2-d6247422e039" testListId="8c84fa94-04c1-424b-9868-57a2d4851a1d" />
    <TestEntry testId="05ae5f53-241b-1116-110c-2ecf0df2eace" executionId="e7f1dbbe-bb61-4aca-a449-5a0f9f118191" testListId="8c84fa94-04c1-424b-9868-57a2d4851a1d" />
    <TestEntry testId="21a081d0-20ff-cf7b-5852-2a8733bf0d5d" executionId="a3d85439-084c-472b-90b9-878677de4ec8" testListId="8c84fa94-04c1-424b-9868-57a2d4851a1d" />
    <TestEntry testId="87fdff37-c751-b85e-1e39-a252b9a31448" executionId="d9f27117-0a33-400d-954d-5daa8111ab47" testListId="8c84fa94-04c1-424b-9868-57a2d4851a1d" />
    <TestEntry testId="578a090e-de90-a9cf-7fad-ae610cdb14b0" executionId="08290fac-3f77-4e9e-8f20-331733495a65" testListId="8c84fa94-04c1-424b-9868-57a2d4851a1d" />
    <TestEntry testId="c051f8d1-5715-d750-7cf9-3203ad4b5bd1" executionId="88ee095b-abd9-4c9d-a330-611cae334ad1" testListId="8c84fa94-04c1-424b-9868-57a2d4851a1d" />
    <TestEntry testId="46381e42-cb30-04a8-e989-03e05f063020" executionId="94dc57eb-ee01-4d61-8a53-4a79b45e9a84" testListId="8c84fa94-04c1-424b-9868-57a2d4851a1d" />
    <TestEntry testId="e9b94031-6a38-99e6-3a0b-2d78215fa4d6" executionId="8bfae07f-dc8c-4d30-b8ca-1f7a069d9656" testListId="8c84fa94-04c1-424b-9868-57a2d4851a1d" />
    <TestEntry testId="e280d744-c668-5904-a50b-50b2dcd05890" executionId="2c97ebb7-42af-40d9-8d98-c87b57728213" testListId="8c84fa94-04c1-424b-9868-57a2d4851a1d" />
    <TestEntry testId="e2f4f25c-e771-ab86-be85-2b6511952c7a" executionId="9a010eaf-6586-4d3c-8316-d85aaaa4f222" testListId="8c84fa94-04c1-424b-9868-57a2d4851a1d" />
    <TestEntry testId="3c90185c-2fe6-24ef-0507-090755a015e6" executionId="0f40f24a-5510-4afa-8c21-b585af3ee2d7" testListId="8c84fa94-04c1-424b-9868-57a2d4851a1d" />
    <TestEntry testId="77f6afa4-ee3a-1756-c0f7-acd006e7342d" executionId="bedf8d70-55c4-476f-9eba-eaba361c31e8" testListId="8c84fa94-04c1-424b-9868-57a2d4851a1d" />
    <TestEntry testId="897abd2a-5c74-28af-71da-6a5f5067bbab" executionId="344c4220-329d-44cd-89a9-127191a2eddc" testListId="8c84fa94-04c1-424b-9868-57a2d4851a1d" />
    <TestEntry testId="3a8b9b5d-e8dc-71f3-7c09-70e07e1d22e1" executionId="6a327c80-ef57-4b1f-8d48-6562136c49a8" testListId="8c84fa94-04c1-424b-9868-57a2d4851a1d" />
    <TestEntry testId="cda854bb-329c-0768-15bc-32e34689ae57" executionId="57ac0297-c820-4cc0-af17-de70f74c4bb6" testListId="8c84fa94-04c1-424b-9868-57a2d4851a1d" />
    <TestEntry testId="8af9d7fc-a79b-db13-db54-3bee4b491fd2" executionId="137e27db-b151-4fc6-930d-8ce1c4f8a7e6" testListId="8c84fa94-04c1-424b-9868-57a2d4851a1d" />
    <TestEntry testId="8c8c07f5-1533-e29c-f3ea-8d50ee81049d" executionId="4318ca87-ef30-46a8-9ad4-df0a89bdaa22" testListId="8c84fa94-04c1-424b-9868-57a2d4851a1d" />
    <TestEntry testId="78d410d0-83cf-2c12-7fb4-001e4d8b8cd9" executionId="398b5d9c-5b3a-4501-8c29-89a30d0bf5ac" testListId="8c84fa94-04c1-424b-9868-57a2d4851a1d" />
    <TestEntry testId="cdbe53ae-1c7b-9dd9-0aba-2801aa8c4447" executionId="a4275945-2da0-4755-a20b-6e8ec6a99d47" testListId="8c84fa94-04c1-424b-9868-57a2d4851a1d" />
    <TestEntry testId="61c2d682-8402-2c84-5509-2ef8e6164a80" executionId="0b4e41b0-757d-400a-a93e-0d38a8b4b766" testListId="8c84fa94-04c1-424b-9868-57a2d4851a1d" />
    <TestEntry testId="e90bbb63-b987-dfa9-b16c-40bd6e752c09" executionId="818576e9-9df4-49fa-81fe-05b4aaa4d559" testListId="8c84fa94-04c1-424b-9868-57a2d4851a1d" />
    <TestEntry testId="b2b9b638-812e-9bae-7e45-77c9e547491b" executionId="f889007f-ffc3-4252-acb6-cf27a14f5e22" testListId="8c84fa94-04c1-424b-9868-57a2d4851a1d" />
    <TestEntry testId="e4fe49e3-149a-b017-5e24-ad215b97565b" executionId="dc4b07f0-c8ee-4c86-8528-87f758819f87" testListId="8c84fa94-04c1-424b-9868-57a2d4851a1d" />
    <TestEntry testId="1bc8cc37-f39e-f9d0-52bd-e40e88e68ce7" executionId="2400fa98-9b38-4b40-83fc-cdea8c4db50b" testListId="8c84fa94-04c1-424b-9868-57a2d4851a1d" />
    <TestEntry testId="33d84a51-ba3a-6750-5e59-0c76779ae702" executionId="668f5ad2-db5b-4851-9814-f71e2390a574" testListId="8c84fa94-04c1-424b-9868-57a2d4851a1d" />
    <TestEntry testId="8f40ec6c-ad6b-a8ef-ce17-78e864a88b9c" executionId="238a53a9-3da0-40b6-a7a6-617533f6dd9d" testListId="8c84fa94-04c1-424b-9868-57a2d4851a1d" />
    <TestEntry testId="d21db16f-9a32-fb5e-d56c-93228ccaa793" executionId="79a4fbe1-1f1d-48b7-a17c-db9ab2a29247" testListId="8c84fa94-04c1-424b-9868-57a2d4851a1d" />
    <TestEntry testId="f5e27c39-c2a8-bca6-5d96-92126c90cb92" executionId="cc425236-6e3d-4c11-b243-bcf5b69a6f97" testListId="8c84fa94-04c1-424b-9868-57a2d4851a1d" />
    <TestEntry testId="34f75f61-a249-d285-b33c-9974330a3c0c" executionId="4b9292ea-523a-40cf-baba-7ed64139f098" testListId="8c84fa94-04c1-424b-9868-57a2d4851a1d" />
    <TestEntry testId="6465c79f-dced-df88-c94d-02c59ff2535b" executionId="02faed0d-1d2a-466e-9e38-67ee927b1219" testListId="8c84fa94-04c1-424b-9868-57a2d4851a1d" />
    <TestEntry testId="35516253-1717-f7d0-72e1-b8c2d83a47fb" executionId="5c9f5b58-53b5-4795-b27f-1832a902e0ad" testListId="8c84fa94-04c1-424b-9868-57a2d4851a1d" />
    <TestEntry testId="19a426fd-cef7-79b3-2817-abbe2c212cf0" executionId="e0321d52-fe96-419a-aaff-0a121b5534f9" testListId="8c84fa94-04c1-424b-9868-57a2d4851a1d" />
    <TestEntry testId="ddc15ccb-6106-6fd2-7ac2-0661b0223ef6" executionId="1a15a901-09db-451d-8392-9b9e25aa6250" testListId="8c84fa94-04c1-424b-9868-57a2d4851a1d" />
    <TestEntry testId="c5a2c8ef-fe52-f075-1a80-5d33b627b04c" executionId="08182e68-b362-4806-bfb3-ab7f0e2330f6" testListId="8c84fa94-04c1-424b-9868-57a2d4851a1d" />
    <TestEntry testId="ac1a9b02-54ed-9343-3b86-38106effb0ee" executionId="64268c6f-7553-4b86-872c-a50490d1960f" testListId="8c84fa94-04c1-424b-9868-57a2d4851a1d" />
    <TestEntry testId="7bf8c8cd-1a48-6a26-5157-530ced9078ea" executionId="807a7e5c-b867-4bd9-86c5-72381b1195ed" testListId="8c84fa94-04c1-424b-9868-57a2d4851a1d" />
    <TestEntry testId="9c60ce7b-d130-87aa-efc6-346103063e10" executionId="7d360240-f09c-4b71-8b98-32009dfd9b2d" testListId="8c84fa94-04c1-424b-9868-57a2d4851a1d" />
    <TestEntry testId="800ab951-b79a-9e4a-a62b-3f7c5760abfb" executionId="4bdf21bf-8975-4c78-b82d-65e352a6e974" testListId="8c84fa94-04c1-424b-9868-57a2d4851a1d" />
    <TestEntry testId="2283d8fa-dba7-193b-a501-cca0d5350c9b" executionId="2ee1eda5-616b-436f-86c6-db2d91441055" testListId="8c84fa94-04c1-424b-9868-57a2d4851a1d" />
    <TestEntry testId="6bb3c6ad-576b-5a63-533e-4a57a3894d8e" executionId="eab493ea-0bdb-4738-8d78-15cadf6b1ca3" testListId="8c84fa94-04c1-424b-9868-57a2d4851a1d" />
    <TestEntry testId="52298d88-51da-fbcd-be13-a4f42edbb0cf" executionId="836ec4cf-29c2-4676-97aa-81e1b497f65c" testListId="8c84fa94-04c1-424b-9868-57a2d4851a1d" />
    <TestEntry testId="d04cd17b-68e4-a1b0-c86b-ee7040942d07" executionId="155e21a3-b023-4cc1-af7c-3f85b3bb6f50" testListId="8c84fa94-04c1-424b-9868-57a2d4851a1d" />
    <TestEntry testId="77ef3ded-f026-6671-cefe-a9d8711da357" executionId="00c8f6f9-63a9-4bcf-a9ce-9e6fa3e17cce" testListId="8c84fa94-04c1-424b-9868-57a2d4851a1d" />
    <TestEntry testId="80e2209e-82e1-4ac0-a7ff-59d1e9266202" executionId="d8dcc3ca-ef7a-4141-88f6-845c5c030de7" testListId="8c84fa94-04c1-424b-9868-57a2d4851a1d" />
    <TestEntry testId="9e42c0e3-b278-1dec-799f-6cdbe850e4b6" executionId="689987b2-8dd7-4376-9f6f-3a6669bae436" testListId="8c84fa94-04c1-424b-9868-57a2d4851a1d" />
    <TestEntry testId="2243a6b1-c4e5-4da5-53ce-77ca719d885e" executionId="db5e04ee-b9b4-413b-b855-d3ca2a51d06f" testListId="8c84fa94-04c1-424b-9868-57a2d4851a1d" />
    <TestEntry testId="fb06e447-4335-90a8-1b33-b9cc0cdbed09" executionId="7a68bd5d-f1dc-4c15-9231-4de498ee6bab" testListId="8c84fa94-04c1-424b-9868-57a2d4851a1d" />
    <TestEntry testId="d70fa4b5-6936-17b6-6610-a4a0287009c3" executionId="00778b71-af7c-4777-af40-d6186e6fecc9" testListId="8c84fa94-04c1-424b-9868-57a2d4851a1d" />
    <TestEntry testId="cbc76eac-f0a4-6fec-2bf8-444f27dac594" executionId="e6d475cb-1d1a-4a57-b85a-6791289fb176" testListId="8c84fa94-04c1-424b-9868-57a2d4851a1d" />
    <TestEntry testId="4bb2a74a-b4f5-64b8-b215-8bdb71eb1cbc" executionId="d2fcebb0-7f1b-431f-9d24-c7a5db39f84e" testListId="8c84fa94-04c1-424b-9868-57a2d4851a1d" />
    <TestEntry testId="5042e708-f7e4-5d14-0ea9-cb3d41901555" executionId="138036c3-d7ac-453c-868e-3ecae0eec0ba" testListId="8c84fa94-04c1-424b-9868-57a2d4851a1d" />
    <TestEntry testId="1eea3540-6db1-a060-6f23-a77268b98efd" executionId="43ba0c4d-c65d-47e2-9637-5f6bba103751" testListId="8c84fa94-04c1-424b-9868-57a2d4851a1d" />
    <TestEntry testId="6e640e18-41a6-505c-1003-6bfd8f32bbae" executionId="ba96d1ac-8490-4a59-97f8-2818825d3cae" testListId="8c84fa94-04c1-424b-9868-57a2d4851a1d" />
    <TestEntry testId="2eddec12-89c4-550b-f76b-6cfcd77f443d" executionId="646e88d0-711f-4f52-a329-09fc18d27615" testListId="8c84fa94-04c1-424b-9868-57a2d4851a1d" />
    <TestEntry testId="dd8fdcf6-2034-eb46-18ee-401e2ec2602e" executionId="dc71059f-ff5c-4fa4-936f-9fd6330bfee8" testListId="8c84fa94-04c1-424b-9868-57a2d4851a1d" />
    <TestEntry testId="d1aa405b-40f0-4f14-e25f-26f965150240" executionId="07f08c4f-8ae9-4fc1-8418-c03d5cef7eb4" testListId="8c84fa94-04c1-424b-9868-57a2d4851a1d" />
    <TestEntry testId="4b30ecde-747b-bc92-780f-fffbeb91f297" executionId="e636a813-6e91-43a7-b2b7-3c1efa442866" testListId="8c84fa94-04c1-424b-9868-57a2d4851a1d" />
    <TestEntry testId="940063f4-3148-3422-c6cb-8991c20ece25" executionId="f599abb1-7369-4ae4-bc65-5df1f00cb140" testListId="8c84fa94-04c1-424b-9868-57a2d4851a1d" />
    <TestEntry testId="c424bd20-6806-3cd5-ee14-ca549c5c8c6d" executionId="ef89ec85-4608-4987-81eb-fd11ba8cfb7f" testListId="8c84fa94-04c1-424b-9868-57a2d4851a1d" />
    <TestEntry testId="7f3812f3-f9f9-4449-a2cc-8f6767794a83" executionId="c0d393e5-da96-492d-9118-8293cf8e50c7" testListId="8c84fa94-04c1-424b-9868-57a2d4851a1d" />
    <TestEntry testId="7b341805-c52d-7eb8-d47a-acf290391878" executionId="50d8671e-d718-4d12-8baf-70780274f122" testListId="8c84fa94-04c1-424b-9868-57a2d4851a1d" />
    <TestEntry testId="d8272636-2373-4c8b-6fe8-d9c2103eab1e" executionId="4f621d57-77db-45dd-9843-9ecfb81bfdb7" testListId="8c84fa94-04c1-424b-9868-57a2d4851a1d" />
    <TestEntry testId="94e06ffe-48f0-10fc-a978-7a0c4c28d7c4" executionId="93b497a9-1d43-4634-a092-dcd5bd91d2ef" testListId="8c84fa94-04c1-424b-9868-57a2d4851a1d" />
    <TestEntry testId="0264d258-5adf-41f4-cd4c-fc2bae4fbade" executionId="55e3302b-a00b-4912-8e99-5cf0cb39eca5" testListId="8c84fa94-04c1-424b-9868-57a2d4851a1d" />
    <TestEntry testId="8d72f9b6-a837-5835-9a33-0c6659f97736" executionId="dccf40e4-cc6f-4e81-bbf2-2ce30828008e" testListId="8c84fa94-04c1-424b-9868-57a2d4851a1d" />
    <TestEntry testId="1b6185ea-b463-8265-951e-1746dd52d747" executionId="60fed0a4-9f3e-4d80-8504-956673e31e79" testListId="8c84fa94-04c1-424b-9868-57a2d4851a1d" />
    <TestEntry testId="7f95a53a-dd38-9b22-8cfe-d10e425dbeb7" executionId="036569b9-682c-4601-af9a-43e50926f889" testListId="8c84fa94-04c1-424b-9868-57a2d4851a1d" />
    <TestEntry testId="fe82d60b-2c93-7158-9549-5b173ec76f4b" executionId="76251375-aab1-43fe-9354-c1e82f75e442" testListId="8c84fa94-04c1-424b-9868-57a2d4851a1d" />
    <TestEntry testId="8000b5da-cd14-6f9e-2248-aa51777eff1b" executionId="fc2f7a3f-ee02-4d78-ad79-0a18c6989e32" testListId="8c84fa94-04c1-424b-9868-57a2d4851a1d" />
    <TestEntry testId="775ffa77-2c8d-39f7-a5bf-99ad27eeed4a" executionId="ae37a37b-b618-40aa-b117-e4f0b730db27" testListId="8c84fa94-04c1-424b-9868-57a2d4851a1d" />
    <TestEntry testId="c4759228-850f-d517-9d17-6827160bf1d8" executionId="dd7b3e56-49cd-4224-a52e-6cccec842f95" testListId="8c84fa94-04c1-424b-9868-57a2d4851a1d" />
    <TestEntry testId="4d780640-92ea-7dbd-7239-f80cd8b66550" executionId="9cf29551-81a9-4678-8256-0afb76d97fad" testListId="8c84fa94-04c1-424b-9868-57a2d4851a1d" />
    <TestEntry testId="0a98c2be-7969-46c7-3afc-163d44cc5c8e" executionId="e174783c-3c6e-4dc9-881f-6311844a3c65" testListId="8c84fa94-04c1-424b-9868-57a2d4851a1d" />
    <TestEntry testId="c7658bab-9a8e-209e-311f-467c1b198783" executionId="0c332643-24e8-4c5b-887a-aa72e242ea22" testListId="8c84fa94-04c1-424b-9868-57a2d4851a1d" />
    <TestEntry testId="7d1dc91e-9d45-6219-2e74-ee69303f4166" executionId="124696c4-0f42-473c-8992-448f1830e527" testListId="8c84fa94-04c1-424b-9868-57a2d4851a1d" />
    <TestEntry testId="a2bb32b5-3861-16f4-a6af-9e1df78ef0d5" executionId="9459d4e1-a71a-4f72-a691-e5204baad1bd" testListId="8c84fa94-04c1-424b-9868-57a2d4851a1d" />
    <TestEntry testId="67a0747c-ba34-03b1-1ead-103b5c193398" executionId="8944aaf9-5723-47ab-b81f-a954f09d472a" testListId="8c84fa94-04c1-424b-9868-57a2d4851a1d" />
    <TestEntry testId="5c80ce58-20c0-132e-ef3a-5daa27ce3035" executionId="49709ed2-ffe1-4097-b771-4fdb800d6d5d" testListId="8c84fa94-04c1-424b-9868-57a2d4851a1d" />
    <TestEntry testId="7cd99a94-7369-99ad-1b50-46026e760801" executionId="933bc201-18e4-42a6-bfbc-f1f21f5d729d" testListId="8c84fa94-04c1-424b-9868-57a2d4851a1d" />
    <TestEntry testId="b62175a4-4251-7149-85ec-50beb94cc8e0" executionId="6b39448f-5a35-4d49-83da-c0f9c3a20056" testListId="8c84fa94-04c1-424b-9868-57a2d4851a1d" />
    <TestEntry testId="794fc763-fd4b-d2a0-ce36-51523e29ce0f" executionId="4d630ed9-b2c2-4ba6-b0b3-1c155b7d0b7e" testListId="8c84fa94-04c1-424b-9868-57a2d4851a1d" />
    <TestEntry testId="6779bf51-4adb-ca47-d9b3-be0b2265a2a3" executionId="4ed9a46d-fc43-4503-ad7e-a6d3706e179b" testListId="8c84fa94-04c1-424b-9868-57a2d4851a1d" />
    <TestEntry testId="326b2a1b-2f30-7b8e-4139-da0dd2bef186" executionId="6001b95f-3103-4a32-a2b9-85d122d22dd0" testListId="8c84fa94-04c1-424b-9868-57a2d4851a1d" />
    <TestEntry testId="6b0a2d90-ad80-1988-54ae-9e83fd2ffa5e" executionId="341d148c-607b-474b-853f-d180a55ac83f" testListId="8c84fa94-04c1-424b-9868-57a2d4851a1d" />
    <TestEntry testId="a9613c64-985d-460b-3e91-6768a8983667" executionId="09dd56cb-6c77-41a9-8ba0-9a1c8fba3022" testListId="8c84fa94-04c1-424b-9868-57a2d4851a1d" />
    <TestEntry testId="ac559f1b-8ede-6748-3c3b-3f92548280fb" executionId="4f806b84-01e7-4df1-a546-6dd96bf9141c" testListId="8c84fa94-04c1-424b-9868-57a2d4851a1d" />
    <TestEntry testId="e4f80452-faf5-7c2f-9ac8-bb76481dd1eb" executionId="cefea66e-4910-4716-a848-eef415353b1c" testListId="8c84fa94-04c1-424b-9868-57a2d4851a1d" />
    <TestEntry testId="a64cd4b7-72d8-8180-44af-724dacdea41f" executionId="c880f157-e36b-491f-b875-56c5df413fbe" testListId="8c84fa94-04c1-424b-9868-57a2d4851a1d" />
    <TestEntry testId="76b5cd4d-f7bf-ab30-b757-097c33471d9d" executionId="1aa87b77-2682-4f74-8cdd-0667afd93a45" testListId="8c84fa94-04c1-424b-9868-57a2d4851a1d" />
    <TestEntry testId="50e9948c-d8fc-b21b-263a-4bed65ee21c4" executionId="7ff49ccf-2df6-4117-8e90-ffb7000c9006" testListId="8c84fa94-04c1-424b-9868-57a2d4851a1d" />
    <TestEntry testId="31fa9a43-97f9-5abd-5b05-721ec4212250" executionId="c59c136c-64fe-488c-86b6-8af3d0ecc620" testListId="8c84fa94-04c1-424b-9868-57a2d4851a1d" />
    <TestEntry testId="d476c305-755a-73cb-0c54-41d2d6f1f2d5" executionId="9a5887db-210a-4d82-a6bd-fb5ac065a24e" testListId="8c84fa94-04c1-424b-9868-57a2d4851a1d" />
    <TestEntry testId="122f8a4e-d67a-d20e-7dd2-a2414bd8b195" executionId="a56cf29f-7129-40fe-b755-1da27e03964d" testListId="8c84fa94-04c1-424b-9868-57a2d4851a1d" />
    <TestEntry testId="913154bb-ec7c-6f55-992d-d36d78d58c1a" executionId="ecdd5672-4630-4968-9009-11c728bfce45" testListId="8c84fa94-04c1-424b-9868-57a2d4851a1d" />
    <TestEntry testId="0971c060-eb72-4da5-e820-fbe5d32e1421" executionId="17a99212-c8da-4bc2-828f-3a8bc5650389" testListId="8c84fa94-04c1-424b-9868-57a2d4851a1d" />
    <TestEntry testId="ad7b798d-6d2a-bae1-e77f-864f3f1656fa" executionId="7427849f-2b0d-4ce2-a9b4-11eaeb0779ac" testListId="8c84fa94-04c1-424b-9868-57a2d4851a1d" />
    <TestEntry testId="e056f1a4-d86d-a2f0-293c-bee950ea1448" executionId="7f044b38-df94-4d65-b4a2-6baaf6ff0c47" testListId="8c84fa94-04c1-424b-9868-57a2d4851a1d" />
    <TestEntry testId="e60f02b2-15aa-9801-05b0-e71f07c40b34" executionId="fb4ce0d8-f25e-425b-a0dd-1924d88554c1" testListId="8c84fa94-04c1-424b-9868-57a2d4851a1d" />
    <TestEntry testId="a53be47d-0bd9-83b0-2fa7-08cc1b1349d0" executionId="8049720f-017a-434b-86b5-ffd4f8179d01" testListId="8c84fa94-04c1-424b-9868-57a2d4851a1d" />
    <TestEntry testId="1b596ff2-b422-1fd5-1dfc-630f04ef3f3b" executionId="27934e83-29f0-4d81-8961-90d8e2739609" testListId="8c84fa94-04c1-424b-9868-57a2d4851a1d" />
    <TestEntry testId="cf8b3a9e-b4a3-e5ae-0d92-17c4a104611e" executionId="940fb72d-1fff-427d-be4d-40f4207dd919" testListId="8c84fa94-04c1-424b-9868-57a2d4851a1d" />
    <TestEntry testId="41575e40-e625-2885-53e0-5baa543c42ff" executionId="eb6634e8-50a1-48ce-aad7-b1c5e098b769" testListId="8c84fa94-04c1-424b-9868-57a2d4851a1d" />
    <TestEntry testId="02fa0e24-cfba-bcbe-7517-04c5366978d1" executionId="42e1229a-ca08-4f97-a890-e96bc789a320" testListId="8c84fa94-04c1-424b-9868-57a2d4851a1d" />
    <TestEntry testId="260cb2d3-db1b-4d3a-99da-7a0ce834535e" executionId="a5648808-4bf6-46ff-95d8-30819ff2f5b7" testListId="8c84fa94-04c1-424b-9868-57a2d4851a1d" />
    <TestEntry testId="cdc8ee0a-649d-4bab-d466-9faa44cb9844" executionId="a0ae9491-22bc-4e2e-903f-fc3fb32cff6f" testListId="8c84fa94-04c1-424b-9868-57a2d4851a1d" />
    <TestEntry testId="e93084d9-dd88-673a-fa47-5923a02e4ea3" executionId="7037becc-2d6b-4f3a-9394-210df4343969" testListId="8c84fa94-04c1-424b-9868-57a2d4851a1d" />
    <TestEntry testId="238e3b0f-3b46-f696-2c95-70dc1d3faf82" executionId="306c8ca1-f4f4-4c9f-8bcd-379097b65067" testListId="8c84fa94-04c1-424b-9868-57a2d4851a1d" />
    <TestEntry testId="96350540-2050-5392-e2be-140e51621360" executionId="78954406-b98e-423d-b3d3-35727895625b" testListId="8c84fa94-04c1-424b-9868-57a2d4851a1d" />
    <TestEntry testId="e76ffd5c-4292-51c7-41ca-614e26be80fe" executionId="2917d93a-1bfc-4aaf-a71f-b7770b262442" testListId="8c84fa94-04c1-424b-9868-57a2d4851a1d" />
    <TestEntry testId="6c6ce96b-c761-791b-6580-2bd10da109ae" executionId="c42c01ca-4a93-474f-a7f2-2c280383bf3b" testListId="8c84fa94-04c1-424b-9868-57a2d4851a1d" />
    <TestEntry testId="86443cb6-fe62-791f-cd3b-ec82863f9a1b" executionId="31798033-bfdc-49ec-8ef4-6d017f5948e9" testListId="8c84fa94-04c1-424b-9868-57a2d4851a1d" />
    <TestEntry testId="5c1f95f8-0aaa-151a-e37f-c55c5080aaf7" executionId="5268b847-f2bb-4e66-a1b9-4ccd37958941" testListId="8c84fa94-04c1-424b-9868-57a2d4851a1d" />
    <TestEntry testId="ae9dbbdb-9892-5a6b-166f-e7b658456727" executionId="d307790c-e85f-49c4-8005-1bc4117e5d02" testListId="8c84fa94-04c1-424b-9868-57a2d4851a1d" />
    <TestEntry testId="6c63e1c3-4609-f923-ae8e-afae025ceabe" executionId="eea21738-3cda-42d7-814e-1e93e0c04e25" testListId="8c84fa94-04c1-424b-9868-57a2d4851a1d" />
    <TestEntry testId="6602fe9c-7ebb-097d-a2dd-34c9df7609e1" executionId="65918f24-0dd6-4c75-8bc7-fcb99e21ef99" testListId="8c84fa94-04c1-424b-9868-57a2d4851a1d" />
    <TestEntry testId="a972ba6d-8ab2-b680-cda9-6cb0217ab7a3" executionId="4988ab60-230b-4f5d-a819-fc7c23dbc534" testListId="8c84fa94-04c1-424b-9868-57a2d4851a1d" />
    <TestEntry testId="4dbc08cd-cfaa-c77e-2dc1-5eb174ee8586" executionId="baf91047-1378-4341-bcb8-682b14ff7252" testListId="8c84fa94-04c1-424b-9868-57a2d4851a1d" />
    <TestEntry testId="3e103376-f81f-b59a-30f8-6788669ab00c" executionId="cc767b43-cdb1-41a8-b7e6-8cebcb50f4ac" testListId="8c84fa94-04c1-424b-9868-57a2d4851a1d" />
    <TestEntry testId="1bcce08a-0425-5e40-4020-38e16957733b" executionId="49467d36-4480-4447-bac1-bb5b111202bc" testListId="8c84fa94-04c1-424b-9868-57a2d4851a1d" />
    <TestEntry testId="22697b6b-c7a8-8e26-b28d-8b453014ff36" executionId="a1b79862-ee68-4104-a49c-dcc255ab2680" testListId="8c84fa94-04c1-424b-9868-57a2d4851a1d" />
    <TestEntry testId="a0703b53-0b09-e86e-ca38-cf2474087daf" executionId="41f0c687-3a1b-4326-ae2c-467dc757f0b7" testListId="8c84fa94-04c1-424b-9868-57a2d4851a1d" />
    <TestEntry testId="9d0d4807-c76c-07a1-259c-794a5152f5bd" executionId="16fd365e-c789-420c-8c06-13a1a014c57b" testListId="8c84fa94-04c1-424b-9868-57a2d4851a1d" />
    <TestEntry testId="4eb75397-9426-777a-523b-8d39d04d0039" executionId="798db78c-8acd-479e-ad3d-47060430f9c6" testListId="8c84fa94-04c1-424b-9868-57a2d4851a1d" />
    <TestEntry testId="889c6966-c26e-b840-b4b9-ac9c49001f10" executionId="b649bc9e-3fd8-421e-a82b-103eefb37e3d" testListId="8c84fa94-04c1-424b-9868-57a2d4851a1d" />
    <TestEntry testId="b61f7064-bcd2-291d-5a9f-5296620d74d2" executionId="12db9f94-c239-46aa-82e6-bb4ed2e21742" testListId="8c84fa94-04c1-424b-9868-57a2d4851a1d" />
    <TestEntry testId="cb0738f9-7168-e96d-3350-715c4a17b7a6" executionId="57cb0afa-dbf6-4b74-8bd5-93bd08e5fefb" testListId="8c84fa94-04c1-424b-9868-57a2d4851a1d" />
    <TestEntry testId="cc261975-a2e3-9bce-19d6-f7cbe6098e48" executionId="106f5a6b-6fe7-4f65-8a1c-98ec1ac79596" testListId="8c84fa94-04c1-424b-9868-57a2d4851a1d" />
    <TestEntry testId="1eb9307d-e5e1-1027-c21c-281a57db54be" executionId="331f699d-19bc-4bff-b5c4-01612570a33a" testListId="8c84fa94-04c1-424b-9868-57a2d4851a1d" />
    <TestEntry testId="fe0cba57-12b2-42e9-e03f-35d22cb4a1ce" executionId="e6a2b98b-cc65-4d6e-bf41-b765b3528e8b" testListId="8c84fa94-04c1-424b-9868-57a2d4851a1d" />
    <TestEntry testId="a5326072-8e73-59ec-7bf0-ca0a78aa5771" executionId="1be52107-9ee3-46fb-9d73-c35813aad211" testListId="8c84fa94-04c1-424b-9868-57a2d4851a1d" />
    <TestEntry testId="44a72527-b69f-20ab-95c9-9771b8dd7e6f" executionId="0cedc293-c5a5-4705-94f1-6b8627ec1b64" testListId="8c84fa94-04c1-424b-9868-57a2d4851a1d" />
    <TestEntry testId="51607abc-ebf9-3b38-6e6c-56290287c350" executionId="acd681ed-06e6-4cae-b842-23bcc4d50218" testListId="8c84fa94-04c1-424b-9868-57a2d4851a1d" />
    <TestEntry testId="9590c891-ca84-62e9-fc0f-6fd552178470" executionId="dd46d77c-aae9-44e5-bec2-b39126841009" testListId="8c84fa94-04c1-424b-9868-57a2d4851a1d" />
    <TestEntry testId="be2351d3-2809-0c28-5c6e-fa869c611bee" executionId="4a6e2cc4-6a2d-4e23-ae2c-f0cfc89fb40d" testListId="8c84fa94-04c1-424b-9868-57a2d4851a1d" />
    <TestEntry testId="5722e1c6-2651-bbbb-7c5e-21067c25bef8" executionId="49e4ca76-dffa-4c56-86fa-950eb594015e" testListId="8c84fa94-04c1-424b-9868-57a2d4851a1d" />
    <TestEntry testId="2cffa16e-5937-e7a9-92a7-710a9488e38c" executionId="fed15482-66d8-4e90-b9be-7cdd80f3d7ba" testListId="8c84fa94-04c1-424b-9868-57a2d4851a1d" />
    <TestEntry testId="3c462a51-b626-394c-6a10-466f92411ceb" executionId="cd708fa0-014a-4c50-95da-c2fab8679cf8" testListId="8c84fa94-04c1-424b-9868-57a2d4851a1d" />
    <TestEntry testId="75a5c5fe-de35-2461-f91e-be626c7a7c5e" executionId="d935278f-d45d-4f2f-a0cc-fde57fee0c2d" testListId="8c84fa94-04c1-424b-9868-57a2d4851a1d" />
    <TestEntry testId="4ad882d2-80e2-cfe6-2cdd-b50e12fd0638" executionId="e4b10ccd-41e4-4fe0-a988-1743ce5e4352" testListId="8c84fa94-04c1-424b-9868-57a2d4851a1d" />
    <TestEntry testId="036a3e5d-7cda-31c2-f3cb-864a26d0097d" executionId="db63e990-ac22-42ab-aeb0-bc090f7583a1" testListId="8c84fa94-04c1-424b-9868-57a2d4851a1d" />
    <TestEntry testId="68629bf2-86ef-fd53-935e-f72b2fad1be9" executionId="f4566475-69ab-4e58-b85a-e6c77e860a34" testListId="8c84fa94-04c1-424b-9868-57a2d4851a1d" />
    <TestEntry testId="cc86f896-74c2-f62a-0b5b-223c6198c817" executionId="9aa2f763-f4f0-4f81-b283-69548389d285" testListId="8c84fa94-04c1-424b-9868-57a2d4851a1d" />
    <TestEntry testId="15c7da74-b350-4349-7881-6e807cf84c2d" executionId="58d4ae98-8003-4473-8883-9e5b53fbbd36" testListId="8c84fa94-04c1-424b-9868-57a2d4851a1d" />
    <TestEntry testId="761b541f-c40d-22b7-640a-45366333efbe" executionId="0629afdf-3f4f-41ac-b7da-4ec12e592142" testListId="8c84fa94-04c1-424b-9868-57a2d4851a1d" />
    <TestEntry testId="def831f7-26f6-0e4f-719e-f16db6aa3e58" executionId="4e261aef-845b-4f6d-91f7-ba030eecc99d" testListId="8c84fa94-04c1-424b-9868-57a2d4851a1d" />
    <TestEntry testId="1dad3241-954d-e8be-3569-083efc90591d" executionId="94299553-0fc0-4c36-9546-f237b7fa1c87" testListId="8c84fa94-04c1-424b-9868-57a2d4851a1d" />
    <TestEntry testId="c94d05a6-9f28-f772-9fff-a2019ff301f5" executionId="deec20a4-5566-4084-9e84-98c8ee265201" testListId="8c84fa94-04c1-424b-9868-57a2d4851a1d" />
    <TestEntry testId="d1086f3c-5f1e-6187-cb9f-70a10e3bc7d0" executionId="3953f2ac-9565-4bf6-9077-10038cf24c84" testListId="8c84fa94-04c1-424b-9868-57a2d4851a1d" />
    <TestEntry testId="5eef4bee-f057-75cc-c9a5-b0a510981caf" executionId="3ffd4070-1db9-4cea-b565-c61b464ef1d0" testListId="8c84fa94-04c1-424b-9868-57a2d4851a1d" />
    <TestEntry testId="e0e1badd-fe3c-bfa2-3deb-ff65c6b82051" executionId="38263e31-f7be-4274-9bdf-5897eb945e1b" testListId="8c84fa94-04c1-424b-9868-57a2d4851a1d" />
    <TestEntry testId="a900f6b6-fb06-ba3c-88e1-a88be70c9454" executionId="5a78dc1f-5cdb-46c3-b05d-9184f1661064" testListId="8c84fa94-04c1-424b-9868-57a2d4851a1d" />
    <TestEntry testId="86659c14-ff78-12fc-e363-4c2df3070390" executionId="bf4a3489-0998-44fe-978c-7533a630d97f" testListId="8c84fa94-04c1-424b-9868-57a2d4851a1d" />
    <TestEntry testId="1e8c849a-5f11-d324-2c86-7c5be492fbd6" executionId="736cbf36-0971-4347-9c9d-7180939c1c90" testListId="8c84fa94-04c1-424b-9868-57a2d4851a1d" />
    <TestEntry testId="ea9ec0c6-8540-971c-af2b-ef96be7cfc1b" executionId="eb793123-aee1-4cf0-bd8a-31b6f7c55df4" testListId="8c84fa94-04c1-424b-9868-57a2d4851a1d" />
    <TestEntry testId="9dabd341-6a8e-a563-1e52-b8447ef7c0bc" executionId="63581c74-a292-42cf-9e50-930fdba6411e" testListId="8c84fa94-04c1-424b-9868-57a2d4851a1d" />
    <TestEntry testId="ca1f6b33-d26d-60f5-fffb-566ce5205d52" executionId="bfeeba66-417b-4a57-9af4-156a3a749095" testListId="8c84fa94-04c1-424b-9868-57a2d4851a1d" />
    <TestEntry testId="ddabda8b-a6bd-1c55-fc68-ff4b4aff4e62" executionId="2eec9ca0-795c-4afa-ad32-70dd332b1c83" testListId="8c84fa94-04c1-424b-9868-57a2d4851a1d" />
    <TestEntry testId="20bdaa5c-3146-5942-1f7a-a46c0a0cda8e" executionId="2bba6e20-2537-4c9b-810c-6c682bb70e7b" testListId="8c84fa94-04c1-424b-9868-57a2d4851a1d" />
    <TestEntry testId="2ac65478-ded4-04b2-3956-509310f22c3f" executionId="478f7ee8-631b-443d-9d87-42f4e97c5bb5" testListId="8c84fa94-04c1-424b-9868-57a2d4851a1d" />
    <TestEntry testId="93a72291-224c-85ba-6878-c39a01d8203e" executionId="ff581fe5-5dee-40fd-90a6-3af8bc1fd6e4" testListId="8c84fa94-04c1-424b-9868-57a2d4851a1d" />
    <TestEntry testId="e3fb3642-151e-4f55-9665-0d2be79673be" executionId="ebe3260e-a303-47f7-b238-5235343f0a97" testListId="8c84fa94-04c1-424b-9868-57a2d4851a1d" />
    <TestEntry testId="58f2cd2f-8cf8-1b21-4fdb-707778a85bcf" executionId="01ec59de-a3de-4c81-8e8a-cc68d20b3e39" testListId="8c84fa94-04c1-424b-9868-57a2d4851a1d" />
    <TestEntry testId="731a97e2-64e0-e862-62e6-7244a0d6a24a" executionId="d39aef58-e9a3-4a74-b8e5-4fdc7b1f53c8" testListId="8c84fa94-04c1-424b-9868-57a2d4851a1d" />
    <TestEntry testId="2dd19d07-bd00-b96c-f660-b78cc13fb241" executionId="5f8015bf-acab-43a3-99ad-66fd1f462085" testListId="8c84fa94-04c1-424b-9868-57a2d4851a1d" />
    <TestEntry testId="3f10660f-9211-8ac7-62ec-98dd6f37810a" executionId="679c87f8-2d98-47d3-9c00-c43c1103e105" testListId="8c84fa94-04c1-424b-9868-57a2d4851a1d" />
    <TestEntry testId="d88796de-fdbc-84fb-2ed4-7f16b0bccdfd" executionId="50878bc1-399b-42fa-82bb-ae31b3cd24df" testListId="8c84fa94-04c1-424b-9868-57a2d4851a1d" />
    <TestEntry testId="08bbbdbd-30f4-e449-22b6-cfe0fa430d18" executionId="39102e04-854d-4a69-bfcc-96ce71338721" testListId="8c84fa94-04c1-424b-9868-57a2d4851a1d" />
    <TestEntry testId="9854d4ae-d63f-6d41-9835-912fd53f3e86" executionId="86998bc9-0c85-4913-9703-246a2310975b" testListId="8c84fa94-04c1-424b-9868-57a2d4851a1d" />
    <TestEntry testId="130efcca-a0cd-8336-7ba1-0550cf42543d" executionId="61189e22-f5e9-4b27-977f-0786fa08053f" testListId="8c84fa94-04c1-424b-9868-57a2d4851a1d" />
    <TestEntry testId="2b027fcd-85cd-cf61-502f-52d0ed5d7cc9" executionId="fe5a66c0-dc03-4d4e-b3ea-6caeab3c43e3" testListId="8c84fa94-04c1-424b-9868-57a2d4851a1d" />
    <TestEntry testId="d685a576-4344-960b-989c-655735ae3d9f" executionId="93bc940d-8c3d-41e9-ad1e-8f7a2287b049" testListId="8c84fa94-04c1-424b-9868-57a2d4851a1d" />
    <TestEntry testId="310a599d-1d06-9cba-a86a-335545b6fbe8" executionId="4780317d-286c-40fb-82ae-ee25ecfc1205" testListId="8c84fa94-04c1-424b-9868-57a2d4851a1d" />
    <TestEntry testId="058530c9-0994-307a-4ed3-e4d14e0d7e71" executionId="63eec180-2472-4e8b-9074-a580ea549054" testListId="8c84fa94-04c1-424b-9868-57a2d4851a1d" />
    <TestEntry testId="f8e6ae3a-702f-9e15-40ca-a1bcc8724121" executionId="b6e8b534-83ae-4783-bee6-e90557e57fff" testListId="8c84fa94-04c1-424b-9868-57a2d4851a1d" />
    <TestEntry testId="edcde874-f0bf-3204-9042-2819157965d9" executionId="9a18242b-4716-4029-a626-b0a75bd9c1da" testListId="8c84fa94-04c1-424b-9868-57a2d4851a1d" />
    <TestEntry testId="3b4c8ef1-5bf6-72a6-d341-6786d5c780e5" executionId="de713709-b130-402a-a3c4-05bedd7375bb" testListId="8c84fa94-04c1-424b-9868-57a2d4851a1d" />
    <TestEntry testId="1ea5d46c-a695-ce0a-9b1d-8fe23fc17f59" executionId="6f6c1445-f36a-4b29-a032-08993c5356d1" testListId="8c84fa94-04c1-424b-9868-57a2d4851a1d" />
    <TestEntry testId="34c70060-aee4-7faa-e12b-24d7556b20b2" executionId="a4003ab3-a2ad-494d-aac7-494471cdbb8c" testListId="8c84fa94-04c1-424b-9868-57a2d4851a1d" />
    <TestEntry testId="0d0da75d-b751-90c9-8063-2341403e25a5" executionId="92379966-2a02-4295-992d-07851bc7276d" testListId="8c84fa94-04c1-424b-9868-57a2d4851a1d" />
    <TestEntry testId="2b03fb13-bd14-1f04-7b4d-80a79961280f" executionId="7336e197-1ee8-41c4-8417-d0de00bdcb73" testListId="8c84fa94-04c1-424b-9868-57a2d4851a1d" />
    <TestEntry testId="da2ce2ea-4675-3423-7d03-e5eaa196a7e0" executionId="a9a03d1e-1650-4baa-836f-ff0098a0efa2" testListId="8c84fa94-04c1-424b-9868-57a2d4851a1d" />
    <TestEntry testId="2a85c624-1a30-cc0c-3137-c2112fd12cca" executionId="a071f999-ea52-4261-9fde-5d151012bec1" testListId="8c84fa94-04c1-424b-9868-57a2d4851a1d" />
    <TestEntry testId="aabfe80d-8d73-3e98-da66-5723852d59da" executionId="d3e9ad60-fab9-44be-88e8-1c18c77b468a" testListId="8c84fa94-04c1-424b-9868-57a2d4851a1d" />
    <TestEntry testId="a588331f-eab4-2c51-c9ad-83ca1df87fab" executionId="707d3aa3-ac2c-4287-a80c-345bd0bad6bf" testListId="8c84fa94-04c1-424b-9868-57a2d4851a1d" />
    <TestEntry testId="e3d3fce4-edf1-dfca-d219-7f139f8bc7c9" executionId="e0d64977-6a47-4113-8f57-5c55b1550fbf" testListId="8c84fa94-04c1-424b-9868-57a2d4851a1d" />
    <TestEntry testId="a3a8a15d-33e9-91b3-a564-7eca72e6ed70" executionId="6ce4578e-faf4-4008-bc73-64556e7c9a8f" testListId="8c84fa94-04c1-424b-9868-57a2d4851a1d" />
    <TestEntry testId="2dd4b63e-7b14-2eb6-42b6-d8adb43b4eac" executionId="dcc4ddac-9419-45ba-ab6f-05564cf6becb" testListId="8c84fa94-04c1-424b-9868-57a2d4851a1d" />
    <TestEntry testId="f28b40c6-b1ac-002a-eb12-cd90a551fe4b" executionId="122ac0be-a136-49ab-9a9e-1130db1240ec" testListId="8c84fa94-04c1-424b-9868-57a2d4851a1d" />
    <TestEntry testId="2f798c01-1979-2f1d-0422-63ef78253c1e" executionId="c08b6376-c0c0-4cf1-847c-4efa015da9dd" testListId="8c84fa94-04c1-424b-9868-57a2d4851a1d" />
    <TestEntry testId="469cd169-cd07-8c24-be10-db9da2d2c1ea" executionId="743df859-7b74-4d08-b6ae-3c7eb2e19e0d" testListId="8c84fa94-04c1-424b-9868-57a2d4851a1d" />
    <TestEntry testId="f897584a-b7fe-c4db-711c-c67a74bd9da3" executionId="e66d911b-827d-48cb-8659-e2e2fe54061d" testListId="8c84fa94-04c1-424b-9868-57a2d4851a1d" />
    <TestEntry testId="05d8c10d-9144-42d3-febc-f0a45aef28e3" executionId="217d52b2-86a6-4e8e-955b-e34440336e5b" testListId="8c84fa94-04c1-424b-9868-57a2d4851a1d" />
    <TestEntry testId="90b46759-8302-16c2-e946-7a80a5d62e3d" executionId="8a38a248-cc38-4375-aa0c-13b3ed27713a" testListId="8c84fa94-04c1-424b-9868-57a2d4851a1d" />
    <TestEntry testId="94f01e03-ae55-3f1c-0067-18be2af6f18d" executionId="2d59a375-b678-489a-879e-c9517bce23ad" testListId="8c84fa94-04c1-424b-9868-57a2d4851a1d" />
    <TestEntry testId="ca1a14ef-1308-2e1a-893d-e8453cf3f7aa" executionId="22ec70a5-8dfe-498f-b35d-5fed8b0a0366" testListId="8c84fa94-04c1-424b-9868-57a2d4851a1d" />
    <TestEntry testId="3f8b6084-3301-5ee0-5c4f-ae2a2ab967e3" executionId="ee156b0b-cb84-4540-b00c-782fba8eff2d" testListId="8c84fa94-04c1-424b-9868-57a2d4851a1d" />
    <TestEntry testId="a109ce03-a505-fb1b-3351-e149a76a0bd5" executionId="63c7c26a-9ef5-490f-a72c-e3a0106758b5" testListId="8c84fa94-04c1-424b-9868-57a2d4851a1d" />
    <TestEntry testId="2cb3df5c-f594-5bb4-689c-f5650b3adda0" executionId="596ac89b-99a6-43c7-b41d-ccef759225ea" testListId="8c84fa94-04c1-424b-9868-57a2d4851a1d" />
    <TestEntry testId="967758ba-81a2-d3ac-ac30-163196b6b15e" executionId="5410d262-2520-4de2-b9d4-f2f01cf7e3a7" testListId="8c84fa94-04c1-424b-9868-57a2d4851a1d" />
    <TestEntry testId="06573bb4-9841-787f-f5b2-57a0727811af" executionId="9ddd8f31-cd96-421d-b4a0-0db790d5740a" testListId="8c84fa94-04c1-424b-9868-57a2d4851a1d" />
    <TestEntry testId="78b6dadd-3734-eb34-ae54-7a7cdb54ec90" executionId="f19422f7-583e-4266-bfc2-ffe255514ae4" testListId="8c84fa94-04c1-424b-9868-57a2d4851a1d" />
    <TestEntry testId="c25482f1-b800-6fd1-662f-8be1ad84ca23" executionId="499e5ad2-8614-4865-a9f6-5ed06a0d2fed" testListId="8c84fa94-04c1-424b-9868-57a2d4851a1d" />
    <TestEntry testId="f81f53f7-2ca4-e98c-8b1c-bb518564459f" executionId="c7d2a4bb-0fcf-4baa-9658-7ce9624e2f78" testListId="8c84fa94-04c1-424b-9868-57a2d4851a1d" />
    <TestEntry testId="f9feae2b-8e4f-313b-7d18-efc2f865f8f3" executionId="5066a4a7-afaf-4f1a-b296-675a161ce87d" testListId="8c84fa94-04c1-424b-9868-57a2d4851a1d" />
    <TestEntry testId="c81adebf-d77b-4d93-dd9b-afd3bf7435eb" executionId="25c2b4b2-26cd-45eb-ad6c-532aae7c553d" testListId="8c84fa94-04c1-424b-9868-57a2d4851a1d" />
    <TestEntry testId="e9b958c3-07cd-2942-d5ec-53e70dbdf90e" executionId="2b68ab3f-39d9-4097-bd9b-c7be00bd4830" testListId="8c84fa94-04c1-424b-9868-57a2d4851a1d" />
    <TestEntry testId="9983c32a-d789-fbb0-a934-f6e2d3f2dc5c" executionId="a97ad40f-26a4-4c9a-99e0-0f185c8508ed" testListId="8c84fa94-04c1-424b-9868-57a2d4851a1d" />
    <TestEntry testId="7c8c27e6-5f2d-f8b9-17b7-0e554c428bb9" executionId="c7620a93-c290-4bbe-a1f0-ba11e12253ba" testListId="8c84fa94-04c1-424b-9868-57a2d4851a1d" />
    <TestEntry testId="798a67f7-08eb-e95d-5e94-7f25e539d8d8" executionId="b99c1af0-1381-4bb6-b1fb-f1c7bbe5ae46" testListId="8c84fa94-04c1-424b-9868-57a2d4851a1d" />
    <TestEntry testId="f5cc7a55-5a82-ad13-1dfd-c37205d4b759" executionId="07a9f093-e65d-4605-8a17-2207cc472d7a" testListId="8c84fa94-04c1-424b-9868-57a2d4851a1d" />
    <TestEntry testId="69293062-6893-5c2d-5fe9-08a62c46a9d1" executionId="0d8b215a-7794-4328-8f1f-420fcfb72759" testListId="8c84fa94-04c1-424b-9868-57a2d4851a1d" />
    <TestEntry testId="25c56c31-ffa6-14fb-f01b-bf4a1e6d6c7a" executionId="8b1fb28e-f021-4f27-be47-50fc8e1db9c4" testListId="8c84fa94-04c1-424b-9868-57a2d4851a1d" />
    <TestEntry testId="2a0c7476-033b-b602-2542-e45c3bc02e5b" executionId="084509c0-54b6-40bb-94d9-bea78e6c2bfb" testListId="8c84fa94-04c1-424b-9868-57a2d4851a1d" />
    <TestEntry testId="7e314efc-a14e-66c1-4891-045f06aca8ff" executionId="40f56147-965b-4137-a7e4-4efb19e89dda" testListId="8c84fa94-04c1-424b-9868-57a2d4851a1d" />
    <TestEntry testId="8266056b-6696-91c6-c0bf-89899a3a07ae" executionId="ef8ae852-4c79-4e3a-a189-825187c93065" testListId="8c84fa94-04c1-424b-9868-57a2d4851a1d" />
    <TestEntry testId="bfc70571-9e7c-214f-1cd4-e8084fa18cbc" executionId="a3bf0091-b1fb-4149-aaf6-6b5c64981fcf" testListId="8c84fa94-04c1-424b-9868-57a2d4851a1d" />
    <TestEntry testId="8f8ea1d8-bc7d-c32a-3a3b-27e2a6a7062f" executionId="60716702-f22d-4ef9-a014-8441cbcaa118" testListId="8c84fa94-04c1-424b-9868-57a2d4851a1d" />
    <TestEntry testId="c9a73d7d-999f-34c2-9b46-e125b89763d8" executionId="f15ff1d3-8333-499d-8829-83a94e4311f3" testListId="8c84fa94-04c1-424b-9868-57a2d4851a1d" />
    <TestEntry testId="3f7fe0be-d387-3859-ac6b-dda7f5aa9c86" executionId="c5076940-42ba-4bcd-9a16-7ecb76698fa2" testListId="8c84fa94-04c1-424b-9868-57a2d4851a1d" />
    <TestEntry testId="194c895d-9c79-0483-e1e9-fb8f2ae3e254" executionId="cf4fb08c-6db2-4f1b-802a-4a68870dd180" testListId="8c84fa94-04c1-424b-9868-57a2d4851a1d" />
    <TestEntry testId="a80e2b84-c913-a3b3-db95-d444c37bd229" executionId="f4b4aa79-4992-4ac6-9995-73f8f1ce86f6" testListId="8c84fa94-04c1-424b-9868-57a2d4851a1d" />
    <TestEntry testId="66cb2d48-46f0-2158-5cad-c044b4653be0" executionId="5ab2bac6-e3fe-45fb-b295-50a8014d870b" testListId="8c84fa94-04c1-424b-9868-57a2d4851a1d" />
    <TestEntry testId="4ac3e6da-0406-1c61-13ea-a18ca0236ded" executionId="b8770da7-2e52-4296-a8f3-0f68e6797f28" testListId="8c84fa94-04c1-424b-9868-57a2d4851a1d" />
    <TestEntry testId="3bf51eab-5fc9-9dc5-71b7-e81e27a41f8c" executionId="29b1e45f-c604-4edb-bb5f-c985dc92ecdd" testListId="8c84fa94-04c1-424b-9868-57a2d4851a1d" />
    <TestEntry testId="d60a8d40-bd1e-6d88-1bf1-4dee752cfd09" executionId="b353706a-02ce-4723-9e3d-0a8b869bf3f0" testListId="8c84fa94-04c1-424b-9868-57a2d4851a1d" />
    <TestEntry testId="b4a0f2f8-b893-b1a7-1344-381e03a8c57d" executionId="f6aac067-aaad-48a1-97c2-b3a9f993fe19" testListId="8c84fa94-04c1-424b-9868-57a2d4851a1d" />
    <TestEntry testId="40b5a07a-0629-ce8c-a6bc-e992d93c6838" executionId="b37874bb-1ec0-40f4-9712-997c4eef16ed" testListId="8c84fa94-04c1-424b-9868-57a2d4851a1d" />
    <TestEntry testId="b34d15d9-312f-46d7-8673-b1aea0eb7764" executionId="c7a3a6c0-977c-443f-9c89-f191f8896e86" testListId="8c84fa94-04c1-424b-9868-57a2d4851a1d" />
    <TestEntry testId="a4cd506b-5588-221c-0d1d-47a2ec9a3019" executionId="afb1269b-1b1f-4ed2-905b-b4612924ff42" testListId="8c84fa94-04c1-424b-9868-57a2d4851a1d" />
    <TestEntry testId="27b27571-4ecd-7e5c-dd41-997ead47ed32" executionId="6058707d-77f1-4b49-abd8-cbbac4bc927d" testListId="8c84fa94-04c1-424b-9868-57a2d4851a1d" />
    <TestEntry testId="128f317f-3f70-3b68-da6f-277fc5d6163e" executionId="4cab0e1f-1046-48df-b610-d57f6fd48711" testListId="8c84fa94-04c1-424b-9868-57a2d4851a1d" />
    <TestEntry testId="35b6a854-dcee-7845-46ed-4a556f5d6616" executionId="4570cc77-3c15-4193-b1c8-76cfd0747e59" testListId="8c84fa94-04c1-424b-9868-57a2d4851a1d" />
    <TestEntry testId="85810f4e-11ff-dd89-0c0c-36c32e311790" executionId="53327182-1166-4c5a-a636-bbe2ed2a6386" testListId="8c84fa94-04c1-424b-9868-57a2d4851a1d" />
    <TestEntry testId="9075a8ef-42ab-1d01-c8e9-fb413a7d4b5a" executionId="368033ca-a3aa-4a47-93d9-2b3d835f9ca5" testListId="8c84fa94-04c1-424b-9868-57a2d4851a1d" />
    <TestEntry testId="aba850e9-acc9-c303-58ba-46e62eb4c1d6" executionId="969af912-4c1a-4ed9-b158-907847cb86cd" testListId="8c84fa94-04c1-424b-9868-57a2d4851a1d" />
    <TestEntry testId="affe17d8-cf90-1b44-26a5-930325023634" executionId="48b74063-ed96-4c05-9661-f3fb27b7f369" testListId="8c84fa94-04c1-424b-9868-57a2d4851a1d" />
    <TestEntry testId="d648abaa-f145-e261-dbd2-6c1ff9a0695f" executionId="291acd5a-513c-445d-a1a6-193246d9eabe" testListId="8c84fa94-04c1-424b-9868-57a2d4851a1d" />
    <TestEntry testId="5d8858bf-b8d0-70cb-fc95-d71ea249fac9" executionId="1e911cb5-e147-4014-8124-b69e5b277c5b" testListId="8c84fa94-04c1-424b-9868-57a2d4851a1d" />
    <TestEntry testId="82fa71c2-e9c2-0bac-e2bf-53b514a36b03" executionId="e2997d84-eb23-4598-b178-87483272d948" testListId="8c84fa94-04c1-424b-9868-57a2d4851a1d" />
    <TestEntry testId="b4c7aa5f-9e5c-7607-de89-bac74aa325a7" executionId="27102c15-440f-4bdf-a5d6-b95a91ecebc3" testListId="8c84fa94-04c1-424b-9868-57a2d4851a1d" />
    <TestEntry testId="8a20b4c1-aaaa-7349-1cc0-676cdc351d8b" executionId="666e603f-f299-4ede-85fa-98a010ffc5a5" testListId="8c84fa94-04c1-424b-9868-57a2d4851a1d" />
    <TestEntry testId="b2dde4b5-7589-b405-148d-580297a8e122" executionId="cbb4ebc1-b0c8-4b22-9bcf-738da7f25d84" testListId="8c84fa94-04c1-424b-9868-57a2d4851a1d" />
    <TestEntry testId="ae1f6847-56f7-e051-650b-cf4bda03e858" executionId="91a6bced-b0be-437c-895c-92a304773827" testListId="8c84fa94-04c1-424b-9868-57a2d4851a1d" />
    <TestEntry testId="bf6de30e-cd4a-4bef-7780-a2f32da8d9d2" executionId="b29dda7b-87f2-421b-b37d-4df959d7cd89" testListId="8c84fa94-04c1-424b-9868-57a2d4851a1d" />
    <TestEntry testId="51064bef-94a4-0a2b-1e65-f8090d3f52e1" executionId="820da741-1815-4a48-8603-e373a26164bb" testListId="8c84fa94-04c1-424b-9868-57a2d4851a1d" />
    <TestEntry testId="af53318c-ab91-1673-79d5-6c192c5c2788" executionId="dce9aa43-7be6-4974-941c-9135d54bde4b" testListId="8c84fa94-04c1-424b-9868-57a2d4851a1d" />
    <TestEntry testId="e1c017f3-a9cb-eefd-f50b-f36a9130080e" executionId="dbdc62a1-820d-4c6f-b9b2-b7f0705a8fc7" testListId="8c84fa94-04c1-424b-9868-57a2d4851a1d" />
    <TestEntry testId="2b36b066-1980-2658-eecc-fa070bc3b82d" executionId="fe1ceea0-4132-476c-9b2e-819b03064e8d" testListId="8c84fa94-04c1-424b-9868-57a2d4851a1d" />
    <TestEntry testId="7afa2dfe-438c-1616-e085-a385a3958085" executionId="06f8d390-df12-4fb6-acdb-12f8098db19c" testListId="8c84fa94-04c1-424b-9868-57a2d4851a1d" />
    <TestEntry testId="45afc846-6a06-b54e-a9e0-02e13fa0ad7a" executionId="848dcd89-8483-4bd3-a4dc-66f333b73591" testListId="8c84fa94-04c1-424b-9868-57a2d4851a1d" />
    <TestEntry testId="2f0acdfb-37ce-fd30-4edc-bb47b3a86596" executionId="61d1c5e9-c4c2-45e5-9880-fc34193f3af2" testListId="8c84fa94-04c1-424b-9868-57a2d4851a1d" />
    <TestEntry testId="1f4778d4-35d6-7674-d009-ba2463f09fba" executionId="c7dd0351-3916-42bb-8d51-02fa8f3b8577" testListId="8c84fa94-04c1-424b-9868-57a2d4851a1d" />
    <TestEntry testId="7ed4739f-2b5d-d290-4af0-5a4541cc94b1" executionId="1b3119b7-2243-4cba-be8a-74bdfd90e6f9" testListId="8c84fa94-04c1-424b-9868-57a2d4851a1d" />
    <TestEntry testId="4536b1a4-2b12-204c-4bdc-47d605daf463" executionId="669dad77-76c6-4b3f-b4c4-2af5f04da77a" testListId="8c84fa94-04c1-424b-9868-57a2d4851a1d" />
    <TestEntry testId="a51a6fdf-436c-2cb2-7d11-e995fe5fc7ab" executionId="3a94bd97-a823-4a51-b2fb-d0311a41a33e" testListId="8c84fa94-04c1-424b-9868-57a2d4851a1d" />
    <TestEntry testId="d3a0540c-d54f-b545-fbf2-c2535a970255" executionId="fd14593a-0314-42b2-8538-825a24b3d4a4" testListId="8c84fa94-04c1-424b-9868-57a2d4851a1d" />
    <TestEntry testId="6955b7ff-43d3-666d-5010-e16be0a9f2bd" executionId="4c10c3e8-97d3-4e0b-8f88-dcecf5fee054" testListId="8c84fa94-04c1-424b-9868-57a2d4851a1d" />
    <TestEntry testId="07c1656f-3e5b-e496-eea8-427d8adcb4b8" executionId="e9cd873a-f7a5-46a4-8d34-a9cad663c078" testListId="8c84fa94-04c1-424b-9868-57a2d4851a1d" />
    <TestEntry testId="06fb7c6b-1047-cf1d-b016-f30258c62e6b" executionId="14f0461e-5a96-4d26-960f-b39d2638f315" testListId="8c84fa94-04c1-424b-9868-57a2d4851a1d" />
    <TestEntry testId="0e9ae6f1-ff38-8997-4231-ad6f465f4ef6" executionId="4312c247-a7ff-4b77-9fb5-4808c1e53513" testListId="8c84fa94-04c1-424b-9868-57a2d4851a1d" />
    <TestEntry testId="67e2b0df-2c5d-8206-8554-ddd549d4880d" executionId="894ba8cc-2104-4bda-bbe4-b3bd7cc6764b" testListId="8c84fa94-04c1-424b-9868-57a2d4851a1d" />
    <TestEntry testId="9d6acc42-1727-9b74-247e-c3c419bd3ce6" executionId="7a3fd482-5898-41fc-a1e7-446f56fd7949" testListId="8c84fa94-04c1-424b-9868-57a2d4851a1d" />
    <TestEntry testId="66294132-059c-f8ab-9280-ceece92cd8df" executionId="f9e90947-eab4-48cf-91f8-8179701c7a28" testListId="8c84fa94-04c1-424b-9868-57a2d4851a1d" />
    <TestEntry testId="c3eb416a-781e-461e-61f5-e46a47ea9c21" executionId="0238022e-e3e7-405a-9fbe-632d90aa6797" testListId="8c84fa94-04c1-424b-9868-57a2d4851a1d" />
    <TestEntry testId="78b09f69-65c8-f252-6e03-05d5b9b32a19" executionId="65896319-a9a4-456f-8a50-6297a385fbb4" testListId="8c84fa94-04c1-424b-9868-57a2d4851a1d" />
    <TestEntry testId="7aebf582-86bd-187f-33f1-50b1db9c3a94" executionId="1e09193a-64ba-4d42-b030-e2d872445e43" testListId="8c84fa94-04c1-424b-9868-57a2d4851a1d" />
    <TestEntry testId="c506c4c4-9cae-8a11-17a7-3c1fa36f9c04" executionId="f149f72a-9be6-4d6f-b5a0-0bbefaae37f7" testListId="8c84fa94-04c1-424b-9868-57a2d4851a1d" />
    <TestEntry testId="a7a48f79-5468-1f63-f29c-807c3125f810" executionId="98d5f515-6f66-446c-b52d-fdeb1fad4f5d" testListId="8c84fa94-04c1-424b-9868-57a2d4851a1d" />
    <TestEntry testId="d5df9b63-6068-2771-a452-19781d5663cc" executionId="e732ec00-ab45-4134-819b-d1654921c2f9" testListId="8c84fa94-04c1-424b-9868-57a2d4851a1d" />
    <TestEntry testId="0148a763-45e8-0475-d89a-c6043d681427" executionId="127334d3-296c-4c91-9c56-45a55f0a32f5" testListId="8c84fa94-04c1-424b-9868-57a2d4851a1d" />
    <TestEntry testId="a6000743-1b54-27fa-383e-cfdff703a9ad" executionId="d94ab742-59e2-46d0-914d-dad23cb88388" testListId="8c84fa94-04c1-424b-9868-57a2d4851a1d" />
    <TestEntry testId="e7bd0d96-b4e4-83c5-ee9a-b6a12ab49ed2" executionId="108dc582-3425-4d9f-bfb1-9669caf95818" testListId="8c84fa94-04c1-424b-9868-57a2d4851a1d" />
    <TestEntry testId="61397d24-ada6-f695-9d36-2d76363fed7e" executionId="225c0436-67ec-4239-9a8f-fda75fd1accb" testListId="8c84fa94-04c1-424b-9868-57a2d4851a1d" />
    <TestEntry testId="80f65ed4-f354-9d2d-b92e-f309ab878d58" executionId="4a8d8b1e-d718-4fab-ae04-37ddcb42d73b" testListId="8c84fa94-04c1-424b-9868-57a2d4851a1d" />
    <TestEntry testId="fff48b64-68fb-8b7e-568b-c9a81e30d633" executionId="e04c2f2a-567b-495c-b500-51ead538002e" testListId="8c84fa94-04c1-424b-9868-57a2d4851a1d" />
    <TestEntry testId="d8e0b270-f565-3dbc-9969-c4893374a4ad" executionId="ae9d063b-c67f-493a-94cd-1228fee1ff2a" testListId="8c84fa94-04c1-424b-9868-57a2d4851a1d" />
    <TestEntry testId="d6eb9e78-ceeb-effc-0439-093be600c131" executionId="4cb9e94c-b359-44c1-a612-62e168d83cce" testListId="8c84fa94-04c1-424b-9868-57a2d4851a1d" />
    <TestEntry testId="d41a30d9-fb8c-e2c9-ec33-1aa718b0e276" executionId="a7a299dc-4254-49a8-bf06-9d143d16eab0" testListId="8c84fa94-04c1-424b-9868-57a2d4851a1d" />
    <TestEntry testId="c57a0471-f758-3e83-f84c-6ffd8f03d8d9" executionId="5707ed94-48d8-438b-ac85-4d27b8eff6b4" testListId="8c84fa94-04c1-424b-9868-57a2d4851a1d" />
    <TestEntry testId="8e3debd5-0093-d3e2-0c5e-f702aaec8b1e" executionId="bc0bcf1c-ac62-4c7f-a189-5672362d0b05" testListId="8c84fa94-04c1-424b-9868-57a2d4851a1d" />
    <TestEntry testId="16b57b69-fc60-e930-6366-2ee2e60b2790" executionId="330fa5a3-f9e9-4fdd-9a72-748ef97239fc" testListId="8c84fa94-04c1-424b-9868-57a2d4851a1d" />
    <TestEntry testId="10a0b907-da6a-6ebf-b065-51075f117fe7" executionId="9470e5b9-144e-4ff9-b514-759c3d32f7c9" testListId="8c84fa94-04c1-424b-9868-57a2d4851a1d" />
    <TestEntry testId="d83d5b8e-297b-193d-ff0e-3e2dc464b89e" executionId="c84eaa85-9346-41ac-b35b-f940e468fe56" testListId="8c84fa94-04c1-424b-9868-57a2d4851a1d" />
    <TestEntry testId="151cb6e8-bb7d-8464-ee02-02f6e66be372" executionId="81b87426-8b17-4fb2-b1b3-2f7850df0786" testListId="8c84fa94-04c1-424b-9868-57a2d4851a1d" />
    <TestEntry testId="6644673e-93ba-aec8-d940-cf487df41102" executionId="a2204f4c-cb87-46ba-bbc5-713db7937b15" testListId="8c84fa94-04c1-424b-9868-57a2d4851a1d" />
    <TestEntry testId="53e38347-39f3-e69e-6e13-a3cc5d00bdb7" executionId="a36a3403-8d77-4d16-bbdb-9f916bd297dc" testListId="8c84fa94-04c1-424b-9868-57a2d4851a1d" />
    <TestEntry testId="11c22979-58a7-7dc7-cec6-e476f05a742b" executionId="0d3039bb-a04c-49fc-a84c-600d6fab1997" testListId="8c84fa94-04c1-424b-9868-57a2d4851a1d" />
    <TestEntry testId="876f5120-4ade-77e7-55e0-644747675e0f" executionId="9106a661-fe7a-45f5-b7a7-de47cf6c2dfd" testListId="8c84fa94-04c1-424b-9868-57a2d4851a1d" />
    <TestEntry testId="9c14d48e-1ff8-aff7-b047-c6b41c7c71ef" executionId="eca37ff8-f0f2-4936-af5d-7b837530f11f" testListId="8c84fa94-04c1-424b-9868-57a2d4851a1d" />
    <TestEntry testId="6ce4b2af-99b2-2887-dd9e-ffaa7949e87c" executionId="ef07d457-50f1-4b3f-bd48-724fcba8b712" testListId="8c84fa94-04c1-424b-9868-57a2d4851a1d" />
    <TestEntry testId="0d042fc8-97ea-7b15-e221-b780c5d4b937" executionId="ab5e99b1-73b1-4992-967f-4d301bb56134" testListId="8c84fa94-04c1-424b-9868-57a2d4851a1d" />
    <TestEntry testId="5949bfbb-e0ee-59c2-daeb-2a59e74eb105" executionId="fcd6cd03-78ba-4914-8a1f-51327b336344" testListId="8c84fa94-04c1-424b-9868-57a2d4851a1d" />
    <TestEntry testId="881d65d9-116f-cc02-2b41-0e5e6c7ffcf5" executionId="8ce4e7f0-c261-49ad-b737-ebc17c79a527" testListId="8c84fa94-04c1-424b-9868-57a2d4851a1d" />
    <TestEntry testId="66eb31ef-63e7-cd48-9208-4c6754b4c71b" executionId="ce9210bb-af85-4645-a382-77e0a6da852b" testListId="8c84fa94-04c1-424b-9868-57a2d4851a1d" />
    <TestEntry testId="4f5f8f09-70ce-c254-c03c-ddad90e70a29" executionId="4922aab3-00ac-4b9e-8e91-728ff7fff436" testListId="8c84fa94-04c1-424b-9868-57a2d4851a1d" />
    <TestEntry testId="49575d02-e263-6780-2d93-4a6baada1042" executionId="2b17895f-1243-41b6-9c27-f6b4a15177ba" testListId="8c84fa94-04c1-424b-9868-57a2d4851a1d" />
    <TestEntry testId="10376a94-0528-9fc7-042d-b0a4233352dc" executionId="0e89bcd7-a07b-4f27-a7de-ade032581812" testListId="8c84fa94-04c1-424b-9868-57a2d4851a1d" />
    <TestEntry testId="a20ff97d-e10d-12de-525c-30d49114b8c2" executionId="c0b4daec-c2b3-42ec-b55e-2869ce86a652" testListId="8c84fa94-04c1-424b-9868-57a2d4851a1d" />
    <TestEntry testId="383d6d05-3112-2646-390d-42194e72507f" executionId="5b70ba0f-b3fc-42d9-87e5-6b2e301e92b5" testListId="8c84fa94-04c1-424b-9868-57a2d4851a1d" />
    <TestEntry testId="c0e95000-f2c6-ec8a-22b2-d3380a0133a8" executionId="e3e9426b-ab3f-4ad7-87c3-b09f1d2e4d25" testListId="8c84fa94-04c1-424b-9868-57a2d4851a1d" />
    <TestEntry testId="54031811-a1b8-d209-8101-8b77f864950b" executionId="4910ccc6-07e6-4faf-8219-83df5e2a0eda" testListId="8c84fa94-04c1-424b-9868-57a2d4851a1d" />
    <TestEntry testId="2e8f2c1b-c001-367f-ffb4-d3d0fb3f3629" executionId="f5b3fca3-d360-44a6-8d98-bf77446a9641" testListId="8c84fa94-04c1-424b-9868-57a2d4851a1d" />
    <TestEntry testId="defc8f50-2ec7-cb4e-9b35-8f9f0dc4a28f" executionId="f9f0add8-8b07-477f-94df-7f1364759416" testListId="8c84fa94-04c1-424b-9868-57a2d4851a1d" />
    <TestEntry testId="dc12c86e-6b9b-088b-e716-cc63e6f67cf7" executionId="f8f1f314-5a0d-445e-b2d3-f11c6a1b6727" testListId="8c84fa94-04c1-424b-9868-57a2d4851a1d" />
    <TestEntry testId="f30d9e35-d646-d030-91d3-5146d5b59372" executionId="e2d015d2-33c3-410b-905a-ef75d2b3e987" testListId="8c84fa94-04c1-424b-9868-57a2d4851a1d" />
    <TestEntry testId="e52f4ee1-f49e-d2e6-dacb-11c2493eda85" executionId="b2195836-5ea3-4152-bdf2-86a58cb9ad1c" testListId="8c84fa94-04c1-424b-9868-57a2d4851a1d" />
    <TestEntry testId="740c167e-5ce5-debb-4b00-1b1a1f429099" executionId="e609d34f-c048-4d87-b235-a8798e4e0906" testListId="8c84fa94-04c1-424b-9868-57a2d4851a1d" />
    <TestEntry testId="3c8b4d0f-9334-8cee-c3ac-a1f1c6a29542" executionId="7b3e2b2c-067a-4dc8-abe6-571b8caf0adb" testListId="8c84fa94-04c1-424b-9868-57a2d4851a1d" />
    <TestEntry testId="39d6e622-2d3a-7c72-8a50-27a6f3659fb2" executionId="aed925c7-9283-419b-9f27-84a86ab7bb8d" testListId="8c84fa94-04c1-424b-9868-57a2d4851a1d" />
    <TestEntry testId="2809e633-4209-c126-c88f-0fa533a55121" executionId="02aa3219-0406-489e-a27f-6e3690cf4466" testListId="8c84fa94-04c1-424b-9868-57a2d4851a1d" />
    <TestEntry testId="a43ebf77-8b96-0511-c783-a748b4052af7" executionId="71120913-cbce-45e5-b277-54687c540d5f" testListId="8c84fa94-04c1-424b-9868-57a2d4851a1d" />
    <TestEntry testId="6595ead7-c47e-c127-a855-6f94d702a389" executionId="616c5684-0ebd-4451-9d81-2abc1a2fdc30" testListId="8c84fa94-04c1-424b-9868-57a2d4851a1d" />
    <TestEntry testId="3e05f26c-5f2e-fdb6-5752-713fa21b4c80" executionId="a91558f6-8364-456f-8857-2052c6f888ab" testListId="8c84fa94-04c1-424b-9868-57a2d4851a1d" />
    <TestEntry testId="487eae17-ca98-26f7-847f-a0fd4618b900" executionId="33f66461-bf37-4e44-8e3c-5653130cd113" testListId="8c84fa94-04c1-424b-9868-57a2d4851a1d" />
    <TestEntry testId="607a6d1f-01b8-f35e-664d-7bce19c0de7e" executionId="647c8662-57e1-4c59-9ab1-f8aab42adfa3" testListId="8c84fa94-04c1-424b-9868-57a2d4851a1d" />
    <TestEntry testId="47e13314-427e-2ddc-49f3-940cf498ded4" executionId="eb5b0e75-5a87-4409-9ecf-3be77db8a65b" testListId="8c84fa94-04c1-424b-9868-57a2d4851a1d" />
    <TestEntry testId="3ecc3323-afc1-93f4-0484-47e1090adc18" executionId="cafbbec0-00b3-40e1-8544-c252a38e1850" testListId="8c84fa94-04c1-424b-9868-57a2d4851a1d" />
    <TestEntry testId="d728dbea-c73f-a259-c27b-6617b961dcf8" executionId="cd23a898-a1b0-4afc-b2a1-01098281661e" testListId="8c84fa94-04c1-424b-9868-57a2d4851a1d" />
    <TestEntry testId="179625b8-7e29-8b73-9bb4-61655b34e299" executionId="5f760592-15ce-4865-a84e-2c3a0401a823" testListId="8c84fa94-04c1-424b-9868-57a2d4851a1d" />
    <TestEntry testId="ccd8eda3-725e-67ab-ea05-b537707ab910" executionId="4740cd50-793f-4b64-a40f-72d0d631fca4" testListId="8c84fa94-04c1-424b-9868-57a2d4851a1d" />
    <TestEntry testId="a90bd517-3d92-b30c-709c-c97b131d2665" executionId="b2442848-212f-4e12-bde0-2ba3fe0dbbb4" testListId="8c84fa94-04c1-424b-9868-57a2d4851a1d" />
    <TestEntry testId="5672deb5-64d1-7afd-50a1-54c32c8dbeb1" executionId="0d45b6a1-5964-4192-9f22-023aa4516a0d" testListId="8c84fa94-04c1-424b-9868-57a2d4851a1d" />
    <TestEntry testId="ca42bf12-6688-144a-4783-0d7efede3e1a" executionId="33338b72-2f5c-44a5-80a7-627a7da59466" testListId="8c84fa94-04c1-424b-9868-57a2d4851a1d" />
    <TestEntry testId="352e5091-55e6-f049-e252-404b49b0229c" executionId="886f2d1f-6beb-43ea-9929-487c6195430c" testListId="8c84fa94-04c1-424b-9868-57a2d4851a1d" />
    <TestEntry testId="6786cf51-faa5-d191-3040-94f7754539ce" executionId="d3b93862-63cb-49ff-9b75-182ef74499cc" testListId="8c84fa94-04c1-424b-9868-57a2d4851a1d" />
    <TestEntry testId="2e3a106e-9509-8f39-95db-aeda287c9c60" executionId="edc407bc-b8ef-41b6-8135-19b36c404eb8" testListId="8c84fa94-04c1-424b-9868-57a2d4851a1d" />
    <TestEntry testId="6beeac4f-f631-3fb2-6bc3-028899483618" executionId="6b059de1-eaa5-4802-8c74-d29e35dc8eb8" testListId="8c84fa94-04c1-424b-9868-57a2d4851a1d" />
    <TestEntry testId="cb7a64f4-d7fc-a0d5-b259-65d6a2caedb5" executionId="4e56048c-4c84-47b8-8bf8-04988492c143" testListId="8c84fa94-04c1-424b-9868-57a2d4851a1d" />
    <TestEntry testId="96a65cd1-e333-f0c0-da98-f4d34cabc902" executionId="c7b501e1-fb31-4421-a2d7-d76f5f8278b7" testListId="8c84fa94-04c1-424b-9868-57a2d4851a1d" />
    <TestEntry testId="fca67152-8883-2cd1-a8e1-65d62dc3a550" executionId="158134c6-6ffe-4901-8207-bd773d1233a4" testListId="8c84fa94-04c1-424b-9868-57a2d4851a1d" />
    <TestEntry testId="e96ace93-f2e4-1cc8-213f-f3bebbfc4368" executionId="4ccd72fe-cd9c-4b68-8cec-4cd7961608dd" testListId="8c84fa94-04c1-424b-9868-57a2d4851a1d" />
    <TestEntry testId="59ffc6b5-7a92-0e93-7969-c60aa490bb70" executionId="5d2b3cc9-979a-42d4-b45f-1de3f5bb5c3c" testListId="8c84fa94-04c1-424b-9868-57a2d4851a1d" />
    <TestEntry testId="e7a552a7-4893-933f-8e83-941fec5ddef6" executionId="2b68a5e2-5755-4837-a58c-148602f4d2f4" testListId="8c84fa94-04c1-424b-9868-57a2d4851a1d" />
    <TestEntry testId="5af2f66a-3903-7c26-57ab-57a7099fef7e" executionId="a95e67ef-6a17-4c3d-8985-164e330147f8" testListId="8c84fa94-04c1-424b-9868-57a2d4851a1d" />
    <TestEntry testId="3a6f087f-a3d3-b750-328b-e4e75ee74f91" executionId="298b2701-7fa3-4c66-a157-1a01d1546326" testListId="8c84fa94-04c1-424b-9868-57a2d4851a1d" />
    <TestEntry testId="b22611fb-9889-db7b-0399-a9429a33b11c" executionId="94f5566d-4327-4aea-9039-fdd6b3e2926d" testListId="8c84fa94-04c1-424b-9868-57a2d4851a1d" />
    <TestEntry testId="23bce9ab-5bd2-6366-fc8a-744834c66f6d" executionId="194a6283-2c0b-4a57-b4e8-c0763f34bef8" testListId="8c84fa94-04c1-424b-9868-57a2d4851a1d" />
    <TestEntry testId="1cc86785-179a-1935-004c-db5a10c57e44" executionId="524afa84-1b9a-4908-bcf2-631841c96949" testListId="8c84fa94-04c1-424b-9868-57a2d4851a1d" />
    <TestEntry testId="64b75120-4798-85ea-00ac-4b2f95c02021" executionId="a3561cd6-3be2-457d-a87a-a8d20c213829" testListId="8c84fa94-04c1-424b-9868-57a2d4851a1d" />
    <TestEntry testId="3d3fe60c-1cc1-b106-2719-d031363cbb21" executionId="a4fcc988-7d25-40cb-94d0-47a65d2b57c9" testListId="8c84fa94-04c1-424b-9868-57a2d4851a1d" />
    <TestEntry testId="e7d2ea4e-4681-3865-6b74-b2ce8a9a91d1" executionId="f71182e3-0200-41e0-97de-883fe0964b05" testListId="8c84fa94-04c1-424b-9868-57a2d4851a1d" />
    <TestEntry testId="365620f2-3d94-0e30-f5c4-dd0bf520c307" executionId="65c248b0-77df-49af-bbd6-18fc17787f1a" testListId="8c84fa94-04c1-424b-9868-57a2d4851a1d" />
    <TestEntry testId="2212394e-4321-c3ee-4ac1-4465b0448ff8" executionId="3a8c8a29-20e1-4016-a122-ca4868858cd0" testListId="8c84fa94-04c1-424b-9868-57a2d4851a1d" />
  </TestEntries>
  <TestLists>
    <TestList name="Results Not in a List" id="8c84fa94-04c1-424b-9868-57a2d4851a1d" />
    <TestList name="All Loaded Results" id="19431567-8539-422a-85d7-44ee4e166bda" />
  </TestLists>
  <ResultSummary outcome="Failed">
    <Counters total="606" executed="604" passed="598" failed="6" error="0" timeout="0" aborted="0" inconclusive="0" passedButRunAborted="0" notRunnable="0" notExecuted="0" disconnected="0" warning="0" completed="0" inProgress="0" pending="0" />
    <Output>
      <StdOut>NUnit Adapter 4.5.0.0: Test execution started
Running selected tests in /azp/_work/1/s/bin/Debug/net6.0/OdinUiTests.dll
   NUnit3TestExecutor discovered 606 of 606 NUnit test cases using Current Discovery mode, Non-Explicit run
Превью материала: LaTeX отображается как PDF: Данный тест не запускается в режиме headless
Страница материала: проверка отображения LaTeX материала: Данный тест не запускается в режиме headless
Test 'Превью материала: LaTeX отображается как PDF' was skipped in the test run.
Test 'Страница материала: проверка отображения LaTeX материала' was skipped in the test run.
NUnit Adapter 4.5.0.0: Test execution complete
</StdOut>
    </Output>
    <RunInfos>
      <RunInfo computerName="df2fa4c7c641" outcome="Warning" timestamp="2023-11-09T07:44:08.0055852+00:00">
        <Text>Авторизоватся под студентом Smith John
</Text>
      </RunInfo>
      <RunInfo computerName="df2fa4c7c641" outcome="Warning" timestamp="2023-11-09T07:44:33.0095470+00:00">
        <Text>Авторизоватся под преподавателем Дарья Тестовая
Авторизоватся под студентом Smith John
</Text>
      </RunInfo>
      <RunInfo computerName="df2fa4c7c641" outcome="Warning" timestamp="2023-11-09T07:44:49.0248410+00:00">
        <Text>https://test11.odin.study/ru/Activity/Info/1281494
</Text>
      </RunInfo>
      <RunInfo computerName="df2fa4c7c641" outcome="Warning" timestamp="2023-11-09T07:44:49.5924526+00:00">
        <Text>TearDown failed for test fixture OdinUiTests.Tests.Activity.ActivityCreatingTests</Text>
      </RunInfo>
      <RunInfo computerName="df2fa4c7c641" outcome="Warning" timestamp="2023-11-09T07:44:49.5925187+00:00">
        <Text>  Expected: 200
  But was:  404

TearDown : NUnit.Framework.AssertionException :   Expected: 200
  But was:  404

StackTrace:    at OdinUiTests.Services.DisciplineService.RemoveTopicOrModule(String type, String id) in /azp/_work/1/s/Services/DisciplineService.cs:line 143
   at OdinUiTests.Tests.Activity.ActivityCreatingTests.RemoveCreatedEntities() in /azp/_work/1/s/Tests/Activity/ActivityTests.cs:line 94

--TearDown
   at NUnit.Framework.Assert.ReportFailure(String message)
   at NUnit.Framework.Assert.ReportFailure(ConstraintResult result, String message, Object[] args)
   at NUnit.Framework.Assert.That[TActual](TActual actual, IResolveConstraint expression, String message, Object[] args)
   at NUnit.Framework.Assert.AreEqual(Object expected, Object actual)
   at OdinUiTests.Services.DisciplineService.RemoveTopicOrModule(String type, String id) in /azp/_work/1/s/Services/DisciplineService.cs:line 143
   at OdinUiTests.Tests.Activity.ActivityCreatingTests.RemoveCreatedEntities() in /azp/_work/1/s/Tests/Activity/ActivityTests.cs:line 94</Text>
      </RunInfo>
      <RunInfo computerName="df2fa4c7c641" outcome="Warning" timestamp="2023-11-09T07:44:55.7195800+00:00">
        <Text>Авторизоватся под студентом Иван Тестовый Иванович
</Text>
      </RunInfo>
      <RunInfo computerName="df2fa4c7c641" outcome="Warning" timestamp="2023-11-09T07:45:01.6162058+00:00">
        <Text>Авторизоватся под преподавателем Дарья Тестовая
Авторизоватся под студентом Smith John
</Text>
      </RunInfo>
      <RunInfo computerName="df2fa4c7c641" outcome="Warning" timestamp="2023-11-09T07:45:12.2014911+00:00">
        <Text>https://test11.odin.study/ru/ActivityPlan/Info/1340
</Text>
      </RunInfo>
      <RunInfo computerName="df2fa4c7c641" outcome="Warning" timestamp="2023-11-09T07:45:31.4808996+00:00">
        <Text>https://test11.odin.study/ru/ActivityPlan/Info/861
</Text>
      </RunInfo>
      <RunInfo computerName="df2fa4c7c641" outcome="Warning" timestamp="2023-11-09T07:45:37.0294659+00:00">
        <Text>Авторизоватся под преподавателем Дарья Тестовая
</Text>
      </RunInfo>
      <RunInfo computerName="df2fa4c7c641" outcome="Warning" timestamp="2023-11-09T07:46:17.2250860+00:00">
        <Text>https://test11.odin.study/ru/ActivityPlan/Info/1340
</Text>
      </RunInfo>
      <RunInfo computerName="df2fa4c7c641" outcome="Warning" timestamp="2023-11-09T07:47:22.7253053+00:00">
        <Text>Cannot assign requested address (localhost:37925)
Cannot assign requested address (localhost:37925)
Cannot assign requested address (localhost:37925)
Cannot assign requested address (localhost:37925)
Cannot assign requested address (localhost:37925)
Cannot assign requested address (localhost:37925)
Авторизоватся под студентом Doe John
</Text>
      </RunInfo>
      <RunInfo computerName="df2fa4c7c641" outcome="Warning" timestamp="2023-11-09T07:48:15.8579497+00:00">
        <Text>https://test11.odin.study/ru/Chat/419345
</Text>
      </RunInfo>
      <RunInfo computerName="df2fa4c7c641" outcome="Warning" timestamp="2023-11-09T07:48:36.5761205+00:00">
        <Text>Авторизоватся под студентом Smith John
</Text>
      </RunInfo>
      <RunInfo computerName="df2fa4c7c641" outcome="Warning" timestamp="2023-11-09T07:48:43.9353727+00:00">
        <Text>Авторизоватся под студентом Smith John
</Text>
      </RunInfo>
      <RunInfo computerName="df2fa4c7c641" outcome="Warning" timestamp="2023-11-09T07:48:49.6778263+00:00">
        <Text>Авторизоватся под студентом Smith John
</Text>
      </RunInfo>
      <RunInfo computerName="df2fa4c7c641" outcome="Warning" timestamp="2023-11-09T07:48:55.4941020+00:00">
        <Text>Авторизоватся под студентом Smith John
</Text>
      </RunInfo>
      <RunInfo computerName="df2fa4c7c641" outcome="Warning" timestamp="2023-11-09T07:48:56.0263619+00:00">
        <Text>Авторизоватся под студентом Smith John
</Text>
      </RunInfo>
      <RunInfo computerName="df2fa4c7c641" outcome="Warning" timestamp="2023-11-09T07:48:59.4415803+00:00">
        <Text>Авторизоватся под преподавателем Семен Смирнов
</Text>
      </RunInfo>
      <RunInfo computerName="df2fa4c7c641" outcome="Warning" timestamp="2023-11-09T07:49:03.3412539+00:00">
        <Text>Авторизоватся под администратором программы Кира Корзинкина
</Text>
      </RunInfo>
      <RunInfo computerName="df2fa4c7c641" outcome="Warning" timestamp="2023-11-09T07:49:07.9291929+00:00">
        <Text>Авторизоватся под администратором программы Мария Сергеевна
</Text>
      </RunInfo>
      <RunInfo computerName="df2fa4c7c641" outcome="Warning" timestamp="2023-11-09T07:49:11.0120521+00:00">
        <Text>Авторизоватся под преподавателем Дарья Тестовая
</Text>
      </RunInfo>
      <RunInfo computerName="df2fa4c7c641" outcome="Warning" timestamp="2023-11-09T07:49:11.6610668+00:00">
        <Text>Авторизоватся под администратором подразделении Лариса Семеновна
</Text>
      </RunInfo>
      <RunInfo computerName="df2fa4c7c641" outcome="Warning" timestamp="2023-11-09T07:49:16.9740719+00:00">
        <Text>Авторизоватся под администратором подразделении Антон Антонов
</Text>
      </RunInfo>
      <RunInfo computerName="df2fa4c7c641" outcome="Warning" timestamp="2023-11-09T07:49:19.3429920+00:00">
        <Text>Авторизоватся под преподавателем Дарья Тестовая
</Text>
      </RunInfo>
      <RunInfo computerName="df2fa4c7c641" outcome="Warning" timestamp="2023-11-09T07:49:21.5936203+00:00">
        <Text>Авторизоватся под администратором организации Петр Петрович
</Text>
      </RunInfo>
      <RunInfo computerName="df2fa4c7c641" outcome="Warning" timestamp="2023-11-09T07:49:28.4957407+00:00">
        <Text>Авторизоватся под администратором организации Василиса Васильева
</Text>
      </RunInfo>
      <RunInfo computerName="df2fa4c7c641" outcome="Warning" timestamp="2023-11-09T07:49:33.6076809+00:00">
        <Text>Авторизоватся под суперадминистратором Алейсей Кутовой
</Text>
      </RunInfo>
      <RunInfo computerName="df2fa4c7c641" outcome="Warning" timestamp="2023-11-09T07:49:36.1303097+00:00">
        <Text>https://test11.odin.study/ru/Chat/1776
</Text>
      </RunInfo>
      <RunInfo computerName="df2fa4c7c641" outcome="Warning" timestamp="2023-11-09T07:49:59.8217216+00:00">
        <Text>Авторизоватся под администратором программы Мария Сергеевна
</Text>
      </RunInfo>
      <RunInfo computerName="df2fa4c7c641" outcome="Warning" timestamp="2023-11-09T07:50:26.9864127+00:00">
        <Text>Авторизоватся под администратором программы Мария Сергеевна
</Text>
      </RunInfo>
      <RunInfo computerName="df2fa4c7c641" outcome="Warning" timestamp="2023-11-09T07:51:06.9363326+00:00">
        <Text>https://test11.odin.study/ru/Content/Library/18927
</Text>
      </RunInfo>
      <RunInfo computerName="df2fa4c7c641" outcome="Warning" timestamp="2023-11-09T07:51:07.4624660+00:00">
        <Text>https://test11.odin.study/ru/Content/Library/18927
</Text>
      </RunInfo>
      <RunInfo computerName="df2fa4c7c641" outcome="Warning" timestamp="2023-11-09T07:51:11.5218449+00:00">
        <Text>Авторизоватся под суперадминистратором Алейсей Кутовой
</Text>
      </RunInfo>
      <RunInfo computerName="df2fa4c7c641" outcome="Warning" timestamp="2023-11-09T07:53:12.0181242+00:00">
        <Text>Авторизоватся под пользователь с ролью аудитор
</Text>
      </RunInfo>
      <RunInfo computerName="df2fa4c7c641" outcome="Warning" timestamp="2023-11-09T07:53:16.4160461+00:00">
        <Text>Авторизоватся под администратором организации Василиса Васильева
</Text>
      </RunInfo>
      <RunInfo computerName="df2fa4c7c641" outcome="Warning" timestamp="2023-11-09T07:53:30.6827749+00:00">
        <Text>Авторизоватся под администратором программы Мария Сергеевна
</Text>
      </RunInfo>
      <RunInfo computerName="df2fa4c7c641" outcome="Warning" timestamp="2023-11-09T07:53:34.4965027+00:00">
        <Text>Авторизоватся под студентом Smith John
</Text>
      </RunInfo>
      <RunInfo computerName="df2fa4c7c641" outcome="Warning" timestamp="2023-11-09T07:53:40.0547249+00:00">
        <Text>Авторизоватся под студентом Smith John
</Text>
      </RunInfo>
      <RunInfo computerName="df2fa4c7c641" outcome="Warning" timestamp="2023-11-09T07:54:02.1985907+00:00">
        <Text>Авторизоватся под пользователем с ролями Студент и Преподаватель Иван Иванов Иванович
</Text>
      </RunInfo>
      <RunInfo computerName="df2fa4c7c641" outcome="Warning" timestamp="2023-11-09T07:54:09.0504088+00:00">
        <Text>Авторизоватся под студентом Иван Тестовый Иванович
</Text>
      </RunInfo>
      <RunInfo computerName="df2fa4c7c641" outcome="Warning" timestamp="2023-11-09T07:54:12.9262882+00:00">
        <Text>Авторизоватся под преподавателем Дарья Тестовая
</Text>
      </RunInfo>
    </RunInfos>
  </ResultSummary>
</TestRun>